2022-12-19 22:00:59.425 WARN  [main]o.s.b.a.s.servlet.UserDetailsServiceAutoConfiguration.getOrDeducePassword:88 -

Using generated security password: 96c1dfda-872c-4aa4-a634-df9cd7e6ccb6

This generated password is for development use only. Your security configuration must be updated before running your application in production.

2022-12-19 22:00:59.674 WARN  [main]o.s.c.l.c.LoadBalancerCacheAutoConfiguration$LoadBalancerCaffeineWarnLogger.logWarning:82 -Spring Cloud LoadBalancer is currently working with the default cache. While this cache implementation is useful for development and tests, it's recommended to use Caffeine cache in production.You can switch to using Caffeine cache, by adding it and org.springframework.cache.caffeine.CaffeineCacheManager to the classpath.
2022-12-19 22:00:59.749 WARN  [main]o.s.c.s.oauth2.SpringCloudSecurityAutoConfiguration.<init>:38 -All Spring Cloud Security modules and starters are deprecated. They will be moved to individual projects in the next major release.
2022-12-19 22:03:22.578 WARN  [http-nio-8001-exec-3]com.alibaba.druid.pool.DruidAbstractDataSource.testConnectionInternal:1489 -discard long time none received connection. , jdbcUrl : jdbc:mysql://119.91.236.24:3306/code_generator_user?serverTimezone=GMT%2B8&useUnicode=true&characterEncoding=UTF-8&autoReconnect=true, version : 1.2.4, lastPacketReceivedIdleMillis : 117921
2022-12-19 22:03:22.596 WARN  [http-nio-8001-exec-3]com.alibaba.druid.pool.DruidAbstractDataSource.testConnectionInternal:1489 -discard long time none received connection. , jdbcUrl : jdbc:mysql://119.91.236.24:3306/code_generator_user?serverTimezone=GMT%2B8&useUnicode=true&characterEncoding=UTF-8&autoReconnect=true, version : 1.2.4, lastPacketReceivedIdleMillis : 144875
2022-12-19 22:03:22.634 WARN  [http-nio-8001-exec-3]com.alibaba.druid.pool.DruidAbstractDataSource.testConnectionInternal:1489 -discard long time none received connection. , jdbcUrl : jdbc:mysql://119.91.236.24:3306/code_generator_user?serverTimezone=GMT%2B8&useUnicode=true&characterEncoding=UTF-8&autoReconnect=true, version : 1.2.4, lastPacketReceivedIdleMillis : 145161
2022-12-19 22:03:22.659 WARN  [http-nio-8001-exec-3]com.alibaba.druid.pool.DruidAbstractDataSource.testConnectionInternal:1489 -discard long time none received connection. , jdbcUrl : jdbc:mysql://119.91.236.24:3306/code_generator_user?serverTimezone=GMT%2B8&useUnicode=true&characterEncoding=UTF-8&autoReconnect=true, version : 1.2.4, lastPacketReceivedIdleMillis : 145519
2022-12-19 22:03:22.685 WARN  [http-nio-8001-exec-3]com.alibaba.druid.pool.DruidAbstractDataSource.testConnectionInternal:1489 -discard long time none received connection. , jdbcUrl : jdbc:mysql://119.91.236.24:3306/code_generator_user?serverTimezone=GMT%2B8&useUnicode=true&characterEncoding=UTF-8&autoReconnect=true, version : 1.2.4, lastPacketReceivedIdleMillis : 145892
2022-12-19 22:04:52.325 WARN  [Thread-15]com.alibaba.nacos.common.http.HttpClientBeanHolder.shutdown:108 -[HttpClientBeanHolder] Start destroying common HttpClient
2022-12-19 22:04:52.326 WARN  [Thread-21]com.alibaba.nacos.common.notify.NotifyCenter.shutdown:145 -[NotifyCenter] Start destroying Publisher
2022-12-19 22:04:52.327 WARN  [Thread-21]com.alibaba.nacos.common.notify.NotifyCenter.shutdown:162 -[NotifyCenter] Destruction of the end
2022-12-19 22:04:52.327 WARN  [Thread-15]com.alibaba.nacos.common.http.HttpClientBeanHolder.shutdown:114 -[HttpClientBeanHolder] Destruction of the end
2022-12-19 22:04:58.534 WARN  [SpringApplicationShutdownHook]o.s.beans.factory.support.DisposableBeanAdapter.invokeCustomDestroyMethod:329 -Custom destroy method 'close' on bean with name 'nacosServiceRegistry' threw an exception: java.lang.NullPointerException
2022-12-19 22:05:10.556 WARN  [main]o.s.b.a.s.servlet.UserDetailsServiceAutoConfiguration.getOrDeducePassword:88 -

Using generated security password: 94eac14f-479d-42b1-a375-5ff5548cd373

This generated password is for development use only. Your security configuration must be updated before running your application in production.

2022-12-19 22:05:11.208 WARN  [main]o.s.c.l.c.LoadBalancerCacheAutoConfiguration$LoadBalancerCaffeineWarnLogger.logWarning:82 -Spring Cloud LoadBalancer is currently working with the default cache. While this cache implementation is useful for development and tests, it's recommended to use Caffeine cache in production.You can switch to using Caffeine cache, by adding it and org.springframework.cache.caffeine.CaffeineCacheManager to the classpath.
2022-12-19 22:05:11.296 WARN  [main]o.s.c.s.oauth2.SpringCloudSecurityAutoConfiguration.<init>:38 -All Spring Cloud Security modules and starters are deprecated. They will be moved to individual projects in the next major release.
2022-12-19 22:07:02.715 WARN  [Thread-16]com.alibaba.nacos.common.http.HttpClientBeanHolder.shutdown:108 -[HttpClientBeanHolder] Start destroying common HttpClient
2022-12-19 22:07:02.715 WARN  [Thread-23]com.alibaba.nacos.common.notify.NotifyCenter.shutdown:145 -[NotifyCenter] Start destroying Publisher
2022-12-19 22:07:02.716 WARN  [Thread-23]com.alibaba.nacos.common.notify.NotifyCenter.shutdown:162 -[NotifyCenter] Destruction of the end
2022-12-19 22:07:02.716 WARN  [Thread-16]com.alibaba.nacos.common.http.HttpClientBeanHolder.shutdown:114 -[HttpClientBeanHolder] Destruction of the end
2022-12-19 22:07:06.760 WARN  [SpringApplicationShutdownHook]o.s.beans.factory.support.DisposableBeanAdapter.invokeCustomDestroyMethod:329 -Custom destroy method 'close' on bean with name 'nacosServiceRegistry' threw an exception: java.lang.NullPointerException
2022-12-19 22:07:17.377 WARN  [main]o.s.b.a.s.servlet.UserDetailsServiceAutoConfiguration.getOrDeducePassword:88 -

Using generated security password: 980bdad1-dcbe-4f03-9ebd-d7f62a218756

This generated password is for development use only. Your security configuration must be updated before running your application in production.

2022-12-19 22:07:17.724 WARN  [main]o.s.c.l.c.LoadBalancerCacheAutoConfiguration$LoadBalancerCaffeineWarnLogger.logWarning:82 -Spring Cloud LoadBalancer is currently working with the default cache. While this cache implementation is useful for development and tests, it's recommended to use Caffeine cache in production.You can switch to using Caffeine cache, by adding it and org.springframework.cache.caffeine.CaffeineCacheManager to the classpath.
2022-12-19 22:07:17.809 WARN  [main]o.s.c.s.oauth2.SpringCloudSecurityAutoConfiguration.<init>:38 -All Spring Cloud Security modules and starters are deprecated. They will be moved to individual projects in the next major release.
2022-12-19 22:09:17.955 WARN  [Thread-15]com.alibaba.nacos.common.http.HttpClientBeanHolder.shutdown:108 -[HttpClientBeanHolder] Start destroying common HttpClient
2022-12-19 22:09:17.955 WARN  [Thread-22]com.alibaba.nacos.common.notify.NotifyCenter.shutdown:145 -[NotifyCenter] Start destroying Publisher
2022-12-19 22:09:17.956 WARN  [Thread-15]com.alibaba.nacos.common.http.HttpClientBeanHolder.shutdown:114 -[HttpClientBeanHolder] Destruction of the end
2022-12-19 22:09:17.956 WARN  [Thread-22]com.alibaba.nacos.common.notify.NotifyCenter.shutdown:162 -[NotifyCenter] Destruction of the end
2022-12-19 22:09:25.295 WARN  [SpringApplicationShutdownHook]o.s.beans.factory.support.DisposableBeanAdapter.invokeCustomDestroyMethod:329 -Custom destroy method 'close' on bean with name 'nacosServiceRegistry' threw an exception: java.lang.NullPointerException
2022-12-19 22:10:14.840 WARN  [main]o.s.b.a.s.servlet.UserDetailsServiceAutoConfiguration.getOrDeducePassword:88 -

Using generated security password: 459c7957-4896-440f-9a1f-e1978f31bd5a

This generated password is for development use only. Your security configuration must be updated before running your application in production.

2022-12-19 22:10:15.080 WARN  [main]o.s.c.l.c.LoadBalancerCacheAutoConfiguration$LoadBalancerCaffeineWarnLogger.logWarning:82 -Spring Cloud LoadBalancer is currently working with the default cache. While this cache implementation is useful for development and tests, it's recommended to use Caffeine cache in production.You can switch to using Caffeine cache, by adding it and org.springframework.cache.caffeine.CaffeineCacheManager to the classpath.
2022-12-19 22:10:15.144 WARN  [main]o.s.c.s.oauth2.SpringCloudSecurityAutoConfiguration.<init>:38 -All Spring Cloud Security modules and starters are deprecated. They will be moved to individual projects in the next major release.
2022-12-19 22:27:11.133 WARN  [http-nio-8001-exec-5]com.alibaba.druid.pool.DruidAbstractDataSource.testConnectionInternal:1489 -discard long time none received connection. , jdbcUrl : jdbc:mysql://119.91.236.24:3306/code_generator_user?serverTimezone=GMT%2B8&useUnicode=true&characterEncoding=UTF-8&autoReconnect=true, version : 1.2.4, lastPacketReceivedIdleMillis : 221019
2022-12-19 22:27:11.157 WARN  [http-nio-8001-exec-5]com.alibaba.druid.pool.DruidAbstractDataSource.testConnectionInternal:1489 -discard long time none received connection. , jdbcUrl : jdbc:mysql://119.91.236.24:3306/code_generator_user?serverTimezone=GMT%2B8&useUnicode=true&characterEncoding=UTF-8&autoReconnect=true, version : 1.2.4, lastPacketReceivedIdleMillis : 221318
2022-12-19 22:36:28.730 WARN  [http-nio-8001-exec-7]com.alibaba.druid.pool.DruidAbstractDataSource.testConnectionInternal:1489 -discard long time none received connection. , jdbcUrl : jdbc:mysql://119.91.236.24:3306/code_generator_user?serverTimezone=GMT%2B8&useUnicode=true&characterEncoding=UTF-8&autoReconnect=true, version : 1.2.4, lastPacketReceivedIdleMillis : 556339
2022-12-19 22:36:28.759 WARN  [http-nio-8001-exec-7]com.alibaba.druid.pool.DruidAbstractDataSource.testConnectionInternal:1489 -discard long time none received connection. , jdbcUrl : jdbc:mysql://119.91.236.24:3306/code_generator_user?serverTimezone=GMT%2B8&useUnicode=true&characterEncoding=UTF-8&autoReconnect=true, version : 1.2.4, lastPacketReceivedIdleMillis : 556567
2022-12-19 22:36:50.170 WARN  [Thread-15]com.alibaba.nacos.common.http.HttpClientBeanHolder.shutdown:108 -[HttpClientBeanHolder] Start destroying common HttpClient
2022-12-19 22:36:50.170 WARN  [Thread-22]com.alibaba.nacos.common.notify.NotifyCenter.shutdown:145 -[NotifyCenter] Start destroying Publisher
2022-12-19 22:36:50.171 WARN  [Thread-22]com.alibaba.nacos.common.notify.NotifyCenter.shutdown:162 -[NotifyCenter] Destruction of the end
2022-12-19 22:36:50.172 WARN  [Thread-15]com.alibaba.nacos.common.http.HttpClientBeanHolder.shutdown:114 -[HttpClientBeanHolder] Destruction of the end
2022-12-19 22:37:40.524 WARN  [main]o.s.b.a.s.servlet.UserDetailsServiceAutoConfiguration.getOrDeducePassword:88 -

Using generated security password: ad1fcc3d-4269-42b5-b8ef-0af39eaaa644

This generated password is for development use only. Your security configuration must be updated before running your application in production.

2022-12-19 22:37:40.749 WARN  [main]o.s.c.l.c.LoadBalancerCacheAutoConfiguration$LoadBalancerCaffeineWarnLogger.logWarning:82 -Spring Cloud LoadBalancer is currently working with the default cache. While this cache implementation is useful for development and tests, it's recommended to use Caffeine cache in production.You can switch to using Caffeine cache, by adding it and org.springframework.cache.caffeine.CaffeineCacheManager to the classpath.
2022-12-19 22:37:40.823 WARN  [main]o.s.c.s.oauth2.SpringCloudSecurityAutoConfiguration.<init>:38 -All Spring Cloud Security modules and starters are deprecated. They will be moved to individual projects in the next major release.
2022-12-19 23:02:59.094 WARN  [Thread-19]com.alibaba.nacos.common.notify.NotifyCenter.shutdown:145 -[NotifyCenter] Start destroying Publisher
2022-12-19 23:02:59.094 WARN  [Thread-12]com.alibaba.nacos.common.http.HttpClientBeanHolder.shutdown:108 -[HttpClientBeanHolder] Start destroying common HttpClient
2022-12-19 23:02:59.096 WARN  [Thread-19]com.alibaba.nacos.common.notify.NotifyCenter.shutdown:162 -[NotifyCenter] Destruction of the end
2022-12-19 23:02:59.096 WARN  [Thread-12]com.alibaba.nacos.common.http.HttpClientBeanHolder.shutdown:114 -[HttpClientBeanHolder] Destruction of the end
2022-12-19 23:03:07.801 WARN  [SpringApplicationShutdownHook]o.s.beans.factory.support.DisposableBeanAdapter.invokeCustomDestroyMethod:329 -Custom destroy method 'close' on bean with name 'nacosServiceRegistry' threw an exception: java.lang.NullPointerException
2022-12-19 23:04:35.647 WARN  [main]o.s.b.a.s.servlet.UserDetailsServiceAutoConfiguration.getOrDeducePassword:88 -

Using generated security password: 965eab64-2c56-4f0a-9119-31ee8e49e4b7

This generated password is for development use only. Your security configuration must be updated before running your application in production.

2022-12-19 23:04:35.894 WARN  [main]o.s.c.l.c.LoadBalancerCacheAutoConfiguration$LoadBalancerCaffeineWarnLogger.logWarning:82 -Spring Cloud LoadBalancer is currently working with the default cache. While this cache implementation is useful for development and tests, it's recommended to use Caffeine cache in production.You can switch to using Caffeine cache, by adding it and org.springframework.cache.caffeine.CaffeineCacheManager to the classpath.
2022-12-19 23:04:35.967 WARN  [main]o.s.c.s.oauth2.SpringCloudSecurityAutoConfiguration.<init>:38 -All Spring Cloud Security modules and starters are deprecated. They will be moved to individual projects in the next major release.
2022-12-19 23:21:12.149 WARN  [Thread-14]com.alibaba.nacos.common.http.HttpClientBeanHolder.shutdown:108 -[HttpClientBeanHolder] Start destroying common HttpClient
2022-12-19 23:21:12.149 WARN  [Thread-21]com.alibaba.nacos.common.notify.NotifyCenter.shutdown:145 -[NotifyCenter] Start destroying Publisher
2022-12-19 23:21:12.152 WARN  [Thread-21]com.alibaba.nacos.common.notify.NotifyCenter.shutdown:162 -[NotifyCenter] Destruction of the end
2022-12-19 23:21:12.153 WARN  [Thread-14]com.alibaba.nacos.common.http.HttpClientBeanHolder.shutdown:114 -[HttpClientBeanHolder] Destruction of the end
2022-12-19 23:21:19.569 WARN  [SpringApplicationShutdownHook]o.s.beans.factory.support.DisposableBeanAdapter.invokeCustomDestroyMethod:329 -Custom destroy method 'close' on bean with name 'nacosServiceRegistry' threw an exception: java.lang.NullPointerException
2022-12-19 23:22:16.568 WARN  [main]o.s.b.a.s.servlet.UserDetailsServiceAutoConfiguration.getOrDeducePassword:88 -

Using generated security password: c1fc65ca-6575-434e-b7b3-102164b741b5

This generated password is for development use only. Your security configuration must be updated before running your application in production.

2022-12-19 23:22:18.021 WARN  [main]o.s.c.l.c.LoadBalancerCacheAutoConfiguration$LoadBalancerCaffeineWarnLogger.logWarning:82 -Spring Cloud LoadBalancer is currently working with the default cache. While this cache implementation is useful for development and tests, it's recommended to use Caffeine cache in production.You can switch to using Caffeine cache, by adding it and org.springframework.cache.caffeine.CaffeineCacheManager to the classpath.
2022-12-19 23:22:18.148 WARN  [main]o.s.c.s.oauth2.SpringCloudSecurityAutoConfiguration.<init>:38 -All Spring Cloud Security modules and starters are deprecated. They will be moved to individual projects in the next major release.
2022-12-19 23:24:22.845 WARN  [http-nio-8001-exec-3]com.alibaba.druid.pool.DruidAbstractDataSource.testConnectionInternal:1489 -discard long time none received connection. , jdbcUrl : jdbc:mysql://119.91.236.24:3306/code_generator_user?serverTimezone=GMT%2B8&useUnicode=true&characterEncoding=UTF-8&autoReconnect=true, version : 1.2.4, lastPacketReceivedIdleMillis : 116624
2022-12-19 23:24:22.884 WARN  [http-nio-8001-exec-3]com.alibaba.druid.pool.DruidAbstractDataSource.testConnectionInternal:1489 -discard long time none received connection. , jdbcUrl : jdbc:mysql://119.91.236.24:3306/code_generator_user?serverTimezone=GMT%2B8&useUnicode=true&characterEncoding=UTF-8&autoReconnect=true, version : 1.2.4, lastPacketReceivedIdleMillis : 129070
2022-12-19 23:24:22.945 WARN  [http-nio-8001-exec-3]com.alibaba.druid.pool.DruidAbstractDataSource.testConnectionInternal:1489 -discard long time none received connection. , jdbcUrl : jdbc:mysql://119.91.236.24:3306/code_generator_user?serverTimezone=GMT%2B8&useUnicode=true&characterEncoding=UTF-8&autoReconnect=true, version : 1.2.4, lastPacketReceivedIdleMillis : 129493
2022-12-19 23:24:22.970 WARN  [http-nio-8001-exec-3]com.alibaba.druid.pool.DruidAbstractDataSource.testConnectionInternal:1489 -discard long time none received connection. , jdbcUrl : jdbc:mysql://119.91.236.24:3306/code_generator_user?serverTimezone=GMT%2B8&useUnicode=true&characterEncoding=UTF-8&autoReconnect=true, version : 1.2.4, lastPacketReceivedIdleMillis : 129883
2022-12-19 23:24:23.028 WARN  [http-nio-8001-exec-3]com.alibaba.druid.pool.DruidAbstractDataSource.testConnectionInternal:1489 -discard long time none received connection. , jdbcUrl : jdbc:mysql://119.91.236.24:3306/code_generator_user?serverTimezone=GMT%2B8&useUnicode=true&characterEncoding=UTF-8&autoReconnect=true, version : 1.2.4, lastPacketReceivedIdleMillis : 130404
2022-12-19 23:31:54.660 WARN  [Thread-26]com.alibaba.nacos.common.notify.NotifyCenter.shutdown:145 -[NotifyCenter] Start destroying Publisher
2022-12-19 23:31:54.662 WARN  [Thread-19]com.alibaba.nacos.common.http.HttpClientBeanHolder.shutdown:108 -[HttpClientBeanHolder] Start destroying common HttpClient
2022-12-19 23:31:54.663 WARN  [Thread-26]com.alibaba.nacos.common.notify.NotifyCenter.shutdown:162 -[NotifyCenter] Destruction of the end
2022-12-19 23:31:54.663 WARN  [Thread-19]com.alibaba.nacos.common.http.HttpClientBeanHolder.shutdown:114 -[HttpClientBeanHolder] Destruction of the end
2022-12-19 23:32:03.801 WARN  [SpringApplicationShutdownHook]o.s.beans.factory.support.DisposableBeanAdapter.invokeCustomDestroyMethod:329 -Custom destroy method 'close' on bean with name 'nacosServiceRegistry' threw an exception: java.lang.NullPointerException
2022-12-19 23:32:19.999 WARN  [main]o.s.b.a.s.servlet.UserDetailsServiceAutoConfiguration.getOrDeducePassword:88 -

Using generated security password: b03ada6c-f071-4d58-b852-7633a7bfb206

This generated password is for development use only. Your security configuration must be updated before running your application in production.

2022-12-19 23:32:21.227 WARN  [main]o.s.c.l.c.LoadBalancerCacheAutoConfiguration$LoadBalancerCaffeineWarnLogger.logWarning:82 -Spring Cloud LoadBalancer is currently working with the default cache. While this cache implementation is useful for development and tests, it's recommended to use Caffeine cache in production.You can switch to using Caffeine cache, by adding it and org.springframework.cache.caffeine.CaffeineCacheManager to the classpath.
2022-12-19 23:32:21.286 WARN  [main]o.s.c.s.oauth2.SpringCloudSecurityAutoConfiguration.<init>:38 -All Spring Cloud Security modules and starters are deprecated. They will be moved to individual projects in the next major release.
2022-12-19 23:32:25.235 WARN  [RMI TCP Connection(5)-127.0.0.1]o.s.boot.actuate.redis.RedisHealthIndicator.logExceptionIfPresent:94 -Redis health check failed
org.springframework.data.redis.RedisConnectionFailureException: Cannot get Jedis connection; nested exception is redis.clients.jedis.exceptions.JedisConnectionException: Could not get a resource from the pool
	at org.springframework.data.redis.connection.jedis.JedisConnectionFactory.fetchJedisConnector(JedisConnectionFactory.java:292)
	at org.springframework.data.redis.connection.jedis.JedisConnectionFactory.getConnection(JedisConnectionFactory.java:515)
	at org.springframework.data.redis.core.RedisConnectionUtils.fetchConnection(RedisConnectionUtils.java:193)
	at org.springframework.data.redis.core.RedisConnectionUtils.doGetConnection(RedisConnectionUtils.java:144)
	at org.springframework.data.redis.core.RedisConnectionUtils.getConnection(RedisConnectionUtils.java:105)
	at org.springframework.data.redis.core.RedisConnectionUtils.getConnection(RedisConnectionUtils.java:92)
	at org.springframework.boot.actuate.redis.RedisHealthIndicator.doHealthCheck(RedisHealthIndicator.java:49)
	at org.springframework.boot.actuate.health.AbstractHealthIndicator.health(AbstractHealthIndicator.java:82)
	at org.springframework.boot.actuate.health.HealthIndicator.getHealth(HealthIndicator.java:37)
	at org.springframework.boot.actuate.health.HealthEndpoint.getHealth(HealthEndpoint.java:77)
	at org.springframework.boot.actuate.health.HealthEndpoint.getHealth(HealthEndpoint.java:40)
	at org.springframework.boot.actuate.health.HealthEndpointSupport.getContribution(HealthEndpointSupport.java:130)
	at org.springframework.boot.actuate.health.HealthEndpointSupport.getAggregateContribution(HealthEndpointSupport.java:141)
	at org.springframework.boot.actuate.health.HealthEndpointSupport.getContribution(HealthEndpointSupport.java:126)
	at org.springframework.boot.actuate.health.HealthEndpointSupport.getHealth(HealthEndpointSupport.java:95)
	at org.springframework.boot.actuate.health.HealthEndpointSupport.getHealth(HealthEndpointSupport.java:66)
	at org.springframework.boot.actuate.health.HealthEndpoint.health(HealthEndpoint.java:71)
	at org.springframework.boot.actuate.health.HealthEndpoint.health(HealthEndpoint.java:61)
	at sun.reflect.NativeMethodAccessorImpl.invoke0(Native Method)
	at sun.reflect.NativeMethodAccessorImpl.invoke(NativeMethodAccessorImpl.java:62)
	at sun.reflect.DelegatingMethodAccessorImpl.invoke(DelegatingMethodAccessorImpl.java:43)
	at java.lang.reflect.Method.invoke(Method.java:498)
	at org.springframework.util.ReflectionUtils.invokeMethod(ReflectionUtils.java:282)
	at org.springframework.boot.actuate.endpoint.invoke.reflect.ReflectiveOperationInvoker.invoke(ReflectiveOperationInvoker.java:74)
	at org.springframework.boot.actuate.endpoint.annotation.AbstractDiscoveredOperation.invoke(AbstractDiscoveredOperation.java:60)
	at org.springframework.boot.actuate.endpoint.jmx.EndpointMBean.invoke(EndpointMBean.java:122)
	at org.springframework.boot.actuate.endpoint.jmx.EndpointMBean.invoke(EndpointMBean.java:97)
	at com.sun.jmx.interceptor.DefaultMBeanServerInterceptor.invoke(DefaultMBeanServerInterceptor.java:819)
	at com.sun.jmx.mbeanserver.JmxMBeanServer.invoke(JmxMBeanServer.java:801)
	at javax.management.remote.rmi.RMIConnectionImpl.doOperation(RMIConnectionImpl.java:1468)
	at javax.management.remote.rmi.RMIConnectionImpl.access$300(RMIConnectionImpl.java:76)
	at javax.management.remote.rmi.RMIConnectionImpl$PrivilegedOperation.run(RMIConnectionImpl.java:1309)
	at javax.management.remote.rmi.RMIConnectionImpl.doPrivilegedOperation(RMIConnectionImpl.java:1401)
	at javax.management.remote.rmi.RMIConnectionImpl.invoke(RMIConnectionImpl.java:829)
	at sun.reflect.GeneratedMethodAccessor90.invoke(Unknown Source)
	at sun.reflect.DelegatingMethodAccessorImpl.invoke(DelegatingMethodAccessorImpl.java:43)
	at java.lang.reflect.Method.invoke(Method.java:498)
	at sun.rmi.server.UnicastServerRef.dispatch(UnicastServerRef.java:357)
	at sun.rmi.transport.Transport$1.run(Transport.java:200)
	at sun.rmi.transport.Transport$1.run(Transport.java:197)
	at java.security.AccessController.doPrivileged(Native Method)
	at sun.rmi.transport.Transport.serviceCall(Transport.java:196)
	at sun.rmi.transport.tcp.TCPTransport.handleMessages(TCPTransport.java:573)
	at sun.rmi.transport.tcp.TCPTransport$ConnectionHandler.run0(TCPTransport.java:834)
	at sun.rmi.transport.tcp.TCPTransport$ConnectionHandler.lambda$run$0(TCPTransport.java:688)
	at java.security.AccessController.doPrivileged(Native Method)
	at sun.rmi.transport.tcp.TCPTransport$ConnectionHandler.run(TCPTransport.java:687)
	at java.util.concurrent.ThreadPoolExecutor.runWorker(ThreadPoolExecutor.java:1149)
	at java.util.concurrent.ThreadPoolExecutor$Worker.run(ThreadPoolExecutor.java:624)
	at java.lang.Thread.run(Thread.java:748)
Caused by: redis.clients.jedis.exceptions.JedisConnectionException: Could not get a resource from the pool
	at redis.clients.jedis.util.Pool.getResource(Pool.java:84)
	at redis.clients.jedis.JedisPool.getResource(JedisPool.java:377)
	at redis.clients.jedis.JedisPool.getResource(JedisPool.java:15)
	at org.springframework.data.redis.connection.jedis.JedisConnectionFactory.fetchJedisConnector(JedisConnectionFactory.java:283)
	... 49 common frames omitted
Caused by: redis.clients.jedis.exceptions.JedisConnectionException: Failed to create socket.
	at redis.clients.jedis.DefaultJedisSocketFactory.createSocket(DefaultJedisSocketFactory.java:110)
	at redis.clients.jedis.Connection.connect(Connection.java:226)
	at redis.clients.jedis.BinaryClient.connect(BinaryClient.java:144)
	at redis.clients.jedis.BinaryJedis.connect(BinaryJedis.java:314)
	at redis.clients.jedis.BinaryJedis.initializeFromClientConfig(BinaryJedis.java:92)
	at redis.clients.jedis.BinaryJedis.<init>(BinaryJedis.java:297)
	at redis.clients.jedis.Jedis.<init>(Jedis.java:169)
	at redis.clients.jedis.JedisFactory.makeObject(JedisFactory.java:177)
	at org.apache.commons.pool2.impl.GenericObjectPool.create(GenericObjectPool.java:571)
	at org.apache.commons.pool2.impl.GenericObjectPool.borrowObject(GenericObjectPool.java:298)
	at org.apache.commons.pool2.impl.GenericObjectPool.borrowObject(GenericObjectPool.java:223)
	at redis.clients.jedis.util.Pool.getResource(Pool.java:75)
	... 52 common frames omitted
Caused by: java.net.SocketTimeoutException: connect timed out
	at java.net.PlainSocketImpl.socketConnect(Native Method)
	at java.net.AbstractPlainSocketImpl.doConnect(AbstractPlainSocketImpl.java:350)
	at java.net.AbstractPlainSocketImpl.connectToAddress(AbstractPlainSocketImpl.java:206)
	at java.net.AbstractPlainSocketImpl.connect(AbstractPlainSocketImpl.java:188)
	at java.net.SocksSocketImpl.connect(SocksSocketImpl.java:392)
	at java.net.Socket.connect(Socket.java:607)
	at redis.clients.jedis.DefaultJedisSocketFactory.createSocket(DefaultJedisSocketFactory.java:80)
	... 63 common frames omitted
2022-12-19 23:36:56.737 WARN  [Thread-23]com.alibaba.nacos.common.http.HttpClientBeanHolder.shutdown:108 -[HttpClientBeanHolder] Start destroying common HttpClient
2022-12-19 23:36:56.738 WARN  [Thread-29]com.alibaba.nacos.common.notify.NotifyCenter.shutdown:145 -[NotifyCenter] Start destroying Publisher
2022-12-19 23:36:56.740 WARN  [Thread-29]com.alibaba.nacos.common.notify.NotifyCenter.shutdown:162 -[NotifyCenter] Destruction of the end
2022-12-19 23:36:56.740 WARN  [Thread-23]com.alibaba.nacos.common.http.HttpClientBeanHolder.shutdown:114 -[HttpClientBeanHolder] Destruction of the end
2022-12-19 23:38:22.017 WARN  [main]o.s.b.a.s.servlet.UserDetailsServiceAutoConfiguration.getOrDeducePassword:88 -

Using generated security password: 8518aa91-8f99-4547-928d-952dbbbd3808

This generated password is for development use only. Your security configuration must be updated before running your application in production.

2022-12-19 23:38:23.280 WARN  [main]o.s.c.l.c.LoadBalancerCacheAutoConfiguration$LoadBalancerCaffeineWarnLogger.logWarning:82 -Spring Cloud LoadBalancer is currently working with the default cache. While this cache implementation is useful for development and tests, it's recommended to use Caffeine cache in production.You can switch to using Caffeine cache, by adding it and org.springframework.cache.caffeine.CaffeineCacheManager to the classpath.
2022-12-19 23:38:23.341 WARN  [main]o.s.c.s.oauth2.SpringCloudSecurityAutoConfiguration.<init>:38 -All Spring Cloud Security modules and starters are deprecated. They will be moved to individual projects in the next major release.
2022-12-19 23:38:27.310 WARN  [RMI TCP Connection(5)-127.0.0.1]o.s.boot.actuate.redis.RedisHealthIndicator.logExceptionIfPresent:94 -Redis health check failed
org.springframework.data.redis.RedisConnectionFailureException: Cannot get Jedis connection; nested exception is redis.clients.jedis.exceptions.JedisConnectionException: Could not get a resource from the pool
	at org.springframework.data.redis.connection.jedis.JedisConnectionFactory.fetchJedisConnector(JedisConnectionFactory.java:292)
	at org.springframework.data.redis.connection.jedis.JedisConnectionFactory.getConnection(JedisConnectionFactory.java:515)
	at org.springframework.data.redis.core.RedisConnectionUtils.fetchConnection(RedisConnectionUtils.java:193)
	at org.springframework.data.redis.core.RedisConnectionUtils.doGetConnection(RedisConnectionUtils.java:144)
	at org.springframework.data.redis.core.RedisConnectionUtils.getConnection(RedisConnectionUtils.java:105)
	at org.springframework.data.redis.core.RedisConnectionUtils.getConnection(RedisConnectionUtils.java:92)
	at org.springframework.boot.actuate.redis.RedisHealthIndicator.doHealthCheck(RedisHealthIndicator.java:49)
	at org.springframework.boot.actuate.health.AbstractHealthIndicator.health(AbstractHealthIndicator.java:82)
	at org.springframework.boot.actuate.health.HealthIndicator.getHealth(HealthIndicator.java:37)
	at org.springframework.boot.actuate.health.HealthEndpoint.getHealth(HealthEndpoint.java:77)
	at org.springframework.boot.actuate.health.HealthEndpoint.getHealth(HealthEndpoint.java:40)
	at org.springframework.boot.actuate.health.HealthEndpointSupport.getContribution(HealthEndpointSupport.java:130)
	at org.springframework.boot.actuate.health.HealthEndpointSupport.getAggregateContribution(HealthEndpointSupport.java:141)
	at org.springframework.boot.actuate.health.HealthEndpointSupport.getContribution(HealthEndpointSupport.java:126)
	at org.springframework.boot.actuate.health.HealthEndpointSupport.getHealth(HealthEndpointSupport.java:95)
	at org.springframework.boot.actuate.health.HealthEndpointSupport.getHealth(HealthEndpointSupport.java:66)
	at org.springframework.boot.actuate.health.HealthEndpoint.health(HealthEndpoint.java:71)
	at org.springframework.boot.actuate.health.HealthEndpoint.health(HealthEndpoint.java:61)
	at sun.reflect.NativeMethodAccessorImpl.invoke0(Native Method)
	at sun.reflect.NativeMethodAccessorImpl.invoke(NativeMethodAccessorImpl.java:62)
	at sun.reflect.DelegatingMethodAccessorImpl.invoke(DelegatingMethodAccessorImpl.java:43)
	at java.lang.reflect.Method.invoke(Method.java:498)
	at org.springframework.util.ReflectionUtils.invokeMethod(ReflectionUtils.java:282)
	at org.springframework.boot.actuate.endpoint.invoke.reflect.ReflectiveOperationInvoker.invoke(ReflectiveOperationInvoker.java:74)
	at org.springframework.boot.actuate.endpoint.annotation.AbstractDiscoveredOperation.invoke(AbstractDiscoveredOperation.java:60)
	at org.springframework.boot.actuate.endpoint.jmx.EndpointMBean.invoke(EndpointMBean.java:122)
	at org.springframework.boot.actuate.endpoint.jmx.EndpointMBean.invoke(EndpointMBean.java:97)
	at com.sun.jmx.interceptor.DefaultMBeanServerInterceptor.invoke(DefaultMBeanServerInterceptor.java:819)
	at com.sun.jmx.mbeanserver.JmxMBeanServer.invoke(JmxMBeanServer.java:801)
	at javax.management.remote.rmi.RMIConnectionImpl.doOperation(RMIConnectionImpl.java:1468)
	at javax.management.remote.rmi.RMIConnectionImpl.access$300(RMIConnectionImpl.java:76)
	at javax.management.remote.rmi.RMIConnectionImpl$PrivilegedOperation.run(RMIConnectionImpl.java:1309)
	at javax.management.remote.rmi.RMIConnectionImpl.doPrivilegedOperation(RMIConnectionImpl.java:1401)
	at javax.management.remote.rmi.RMIConnectionImpl.invoke(RMIConnectionImpl.java:829)
	at sun.reflect.GeneratedMethodAccessor90.invoke(Unknown Source)
	at sun.reflect.DelegatingMethodAccessorImpl.invoke(DelegatingMethodAccessorImpl.java:43)
	at java.lang.reflect.Method.invoke(Method.java:498)
	at sun.rmi.server.UnicastServerRef.dispatch(UnicastServerRef.java:357)
	at sun.rmi.transport.Transport$1.run(Transport.java:200)
	at sun.rmi.transport.Transport$1.run(Transport.java:197)
	at java.security.AccessController.doPrivileged(Native Method)
	at sun.rmi.transport.Transport.serviceCall(Transport.java:196)
	at sun.rmi.transport.tcp.TCPTransport.handleMessages(TCPTransport.java:573)
	at sun.rmi.transport.tcp.TCPTransport$ConnectionHandler.run0(TCPTransport.java:834)
	at sun.rmi.transport.tcp.TCPTransport$ConnectionHandler.lambda$run$0(TCPTransport.java:688)
	at java.security.AccessController.doPrivileged(Native Method)
	at sun.rmi.transport.tcp.TCPTransport$ConnectionHandler.run(TCPTransport.java:687)
	at java.util.concurrent.ThreadPoolExecutor.runWorker(ThreadPoolExecutor.java:1149)
	at java.util.concurrent.ThreadPoolExecutor$Worker.run(ThreadPoolExecutor.java:624)
	at java.lang.Thread.run(Thread.java:748)
Caused by: redis.clients.jedis.exceptions.JedisConnectionException: Could not get a resource from the pool
	at redis.clients.jedis.util.Pool.getResource(Pool.java:84)
	at redis.clients.jedis.JedisPool.getResource(JedisPool.java:377)
	at redis.clients.jedis.JedisPool.getResource(JedisPool.java:15)
	at org.springframework.data.redis.connection.jedis.JedisConnectionFactory.fetchJedisConnector(JedisConnectionFactory.java:283)
	... 49 common frames omitted
Caused by: redis.clients.jedis.exceptions.JedisConnectionException: Failed to create socket.
	at redis.clients.jedis.DefaultJedisSocketFactory.createSocket(DefaultJedisSocketFactory.java:110)
	at redis.clients.jedis.Connection.connect(Connection.java:226)
	at redis.clients.jedis.BinaryClient.connect(BinaryClient.java:144)
	at redis.clients.jedis.BinaryJedis.connect(BinaryJedis.java:314)
	at redis.clients.jedis.BinaryJedis.initializeFromClientConfig(BinaryJedis.java:92)
	at redis.clients.jedis.BinaryJedis.<init>(BinaryJedis.java:297)
	at redis.clients.jedis.Jedis.<init>(Jedis.java:169)
	at redis.clients.jedis.JedisFactory.makeObject(JedisFactory.java:177)
	at org.apache.commons.pool2.impl.GenericObjectPool.create(GenericObjectPool.java:571)
	at org.apache.commons.pool2.impl.GenericObjectPool.borrowObject(GenericObjectPool.java:298)
	at org.apache.commons.pool2.impl.GenericObjectPool.borrowObject(GenericObjectPool.java:223)
	at redis.clients.jedis.util.Pool.getResource(Pool.java:75)
	... 52 common frames omitted
Caused by: java.net.SocketTimeoutException: connect timed out
	at java.net.PlainSocketImpl.socketConnect(Native Method)
	at java.net.AbstractPlainSocketImpl.doConnect(AbstractPlainSocketImpl.java:350)
	at java.net.AbstractPlainSocketImpl.connectToAddress(AbstractPlainSocketImpl.java:206)
	at java.net.AbstractPlainSocketImpl.connect(AbstractPlainSocketImpl.java:188)
	at java.net.SocksSocketImpl.connect(SocksSocketImpl.java:392)
	at java.net.Socket.connect(Socket.java:607)
	at redis.clients.jedis.DefaultJedisSocketFactory.createSocket(DefaultJedisSocketFactory.java:80)
	... 63 common frames omitted
2022-12-19 23:40:34.751 WARN  [Thread-21]com.alibaba.nacos.common.http.HttpClientBeanHolder.shutdown:108 -[HttpClientBeanHolder] Start destroying common HttpClient
2022-12-19 23:40:34.751 WARN  [Thread-28]com.alibaba.nacos.common.notify.NotifyCenter.shutdown:145 -[NotifyCenter] Start destroying Publisher
2022-12-19 23:40:34.752 WARN  [Thread-28]com.alibaba.nacos.common.notify.NotifyCenter.shutdown:162 -[NotifyCenter] Destruction of the end
2022-12-19 23:40:34.752 WARN  [Thread-21]com.alibaba.nacos.common.http.HttpClientBeanHolder.shutdown:114 -[HttpClientBeanHolder] Destruction of the end
2022-12-19 23:40:39.723 WARN  [SpringApplicationShutdownHook]o.s.beans.factory.support.DisposableBeanAdapter.invokeCustomDestroyMethod:329 -Custom destroy method 'close' on bean with name 'nacosServiceRegistry' threw an exception: java.lang.NullPointerException
2022-12-19 23:40:53.184 WARN  [main]o.s.b.a.s.servlet.UserDetailsServiceAutoConfiguration.getOrDeducePassword:88 -

Using generated security password: 91c4b21c-f042-4ec3-95d5-6dfd01a7eaf4

This generated password is for development use only. Your security configuration must be updated before running your application in production.

2022-12-19 23:40:54.462 WARN  [main]o.s.c.l.c.LoadBalancerCacheAutoConfiguration$LoadBalancerCaffeineWarnLogger.logWarning:82 -Spring Cloud LoadBalancer is currently working with the default cache. While this cache implementation is useful for development and tests, it's recommended to use Caffeine cache in production.You can switch to using Caffeine cache, by adding it and org.springframework.cache.caffeine.CaffeineCacheManager to the classpath.
2022-12-19 23:40:54.546 WARN  [main]o.s.c.s.oauth2.SpringCloudSecurityAutoConfiguration.<init>:38 -All Spring Cloud Security modules and starters are deprecated. They will be moved to individual projects in the next major release.
2022-12-19 23:40:58.322 WARN  [RMI TCP Connection(3)-127.0.0.1]o.s.boot.actuate.redis.RedisHealthIndicator.logExceptionIfPresent:94 -Redis health check failed
org.springframework.data.redis.RedisConnectionFailureException: Cannot get Jedis connection; nested exception is redis.clients.jedis.exceptions.JedisConnectionException: Could not get a resource from the pool
	at org.springframework.data.redis.connection.jedis.JedisConnectionFactory.fetchJedisConnector(JedisConnectionFactory.java:292)
	at org.springframework.data.redis.connection.jedis.JedisConnectionFactory.getConnection(JedisConnectionFactory.java:515)
	at org.springframework.data.redis.core.RedisConnectionUtils.fetchConnection(RedisConnectionUtils.java:193)
	at org.springframework.data.redis.core.RedisConnectionUtils.doGetConnection(RedisConnectionUtils.java:144)
	at org.springframework.data.redis.core.RedisConnectionUtils.getConnection(RedisConnectionUtils.java:105)
	at org.springframework.data.redis.core.RedisConnectionUtils.getConnection(RedisConnectionUtils.java:92)
	at org.springframework.boot.actuate.redis.RedisHealthIndicator.doHealthCheck(RedisHealthIndicator.java:49)
	at org.springframework.boot.actuate.health.AbstractHealthIndicator.health(AbstractHealthIndicator.java:82)
	at org.springframework.boot.actuate.health.HealthIndicator.getHealth(HealthIndicator.java:37)
	at org.springframework.boot.actuate.health.HealthEndpoint.getHealth(HealthEndpoint.java:77)
	at org.springframework.boot.actuate.health.HealthEndpoint.getHealth(HealthEndpoint.java:40)
	at org.springframework.boot.actuate.health.HealthEndpointSupport.getContribution(HealthEndpointSupport.java:130)
	at org.springframework.boot.actuate.health.HealthEndpointSupport.getAggregateContribution(HealthEndpointSupport.java:141)
	at org.springframework.boot.actuate.health.HealthEndpointSupport.getContribution(HealthEndpointSupport.java:126)
	at org.springframework.boot.actuate.health.HealthEndpointSupport.getHealth(HealthEndpointSupport.java:95)
	at org.springframework.boot.actuate.health.HealthEndpointSupport.getHealth(HealthEndpointSupport.java:66)
	at org.springframework.boot.actuate.health.HealthEndpoint.health(HealthEndpoint.java:71)
	at org.springframework.boot.actuate.health.HealthEndpoint.health(HealthEndpoint.java:61)
	at sun.reflect.NativeMethodAccessorImpl.invoke0(Native Method)
	at sun.reflect.NativeMethodAccessorImpl.invoke(NativeMethodAccessorImpl.java:62)
	at sun.reflect.DelegatingMethodAccessorImpl.invoke(DelegatingMethodAccessorImpl.java:43)
	at java.lang.reflect.Method.invoke(Method.java:498)
	at org.springframework.util.ReflectionUtils.invokeMethod(ReflectionUtils.java:282)
	at org.springframework.boot.actuate.endpoint.invoke.reflect.ReflectiveOperationInvoker.invoke(ReflectiveOperationInvoker.java:74)
	at org.springframework.boot.actuate.endpoint.annotation.AbstractDiscoveredOperation.invoke(AbstractDiscoveredOperation.java:60)
	at org.springframework.boot.actuate.endpoint.jmx.EndpointMBean.invoke(EndpointMBean.java:122)
	at org.springframework.boot.actuate.endpoint.jmx.EndpointMBean.invoke(EndpointMBean.java:97)
	at com.sun.jmx.interceptor.DefaultMBeanServerInterceptor.invoke(DefaultMBeanServerInterceptor.java:819)
	at com.sun.jmx.mbeanserver.JmxMBeanServer.invoke(JmxMBeanServer.java:801)
	at javax.management.remote.rmi.RMIConnectionImpl.doOperation(RMIConnectionImpl.java:1468)
	at javax.management.remote.rmi.RMIConnectionImpl.access$300(RMIConnectionImpl.java:76)
	at javax.management.remote.rmi.RMIConnectionImpl$PrivilegedOperation.run(RMIConnectionImpl.java:1309)
	at javax.management.remote.rmi.RMIConnectionImpl.doPrivilegedOperation(RMIConnectionImpl.java:1401)
	at javax.management.remote.rmi.RMIConnectionImpl.invoke(RMIConnectionImpl.java:829)
	at sun.reflect.GeneratedMethodAccessor90.invoke(Unknown Source)
	at sun.reflect.DelegatingMethodAccessorImpl.invoke(DelegatingMethodAccessorImpl.java:43)
	at java.lang.reflect.Method.invoke(Method.java:498)
	at sun.rmi.server.UnicastServerRef.dispatch(UnicastServerRef.java:357)
	at sun.rmi.transport.Transport$1.run(Transport.java:200)
	at sun.rmi.transport.Transport$1.run(Transport.java:197)
	at java.security.AccessController.doPrivileged(Native Method)
	at sun.rmi.transport.Transport.serviceCall(Transport.java:196)
	at sun.rmi.transport.tcp.TCPTransport.handleMessages(TCPTransport.java:573)
	at sun.rmi.transport.tcp.TCPTransport$ConnectionHandler.run0(TCPTransport.java:834)
	at sun.rmi.transport.tcp.TCPTransport$ConnectionHandler.lambda$run$0(TCPTransport.java:688)
	at java.security.AccessController.doPrivileged(Native Method)
	at sun.rmi.transport.tcp.TCPTransport$ConnectionHandler.run(TCPTransport.java:687)
	at java.util.concurrent.ThreadPoolExecutor.runWorker(ThreadPoolExecutor.java:1149)
	at java.util.concurrent.ThreadPoolExecutor$Worker.run(ThreadPoolExecutor.java:624)
	at java.lang.Thread.run(Thread.java:748)
Caused by: redis.clients.jedis.exceptions.JedisConnectionException: Could not get a resource from the pool
	at redis.clients.jedis.util.Pool.getResource(Pool.java:84)
	at redis.clients.jedis.JedisPool.getResource(JedisPool.java:377)
	at redis.clients.jedis.JedisPool.getResource(JedisPool.java:15)
	at org.springframework.data.redis.connection.jedis.JedisConnectionFactory.fetchJedisConnector(JedisConnectionFactory.java:283)
	... 49 common frames omitted
Caused by: redis.clients.jedis.exceptions.JedisConnectionException: Failed to create socket.
	at redis.clients.jedis.DefaultJedisSocketFactory.createSocket(DefaultJedisSocketFactory.java:110)
	at redis.clients.jedis.Connection.connect(Connection.java:226)
	at redis.clients.jedis.BinaryClient.connect(BinaryClient.java:144)
	at redis.clients.jedis.BinaryJedis.connect(BinaryJedis.java:314)
	at redis.clients.jedis.BinaryJedis.initializeFromClientConfig(BinaryJedis.java:92)
	at redis.clients.jedis.BinaryJedis.<init>(BinaryJedis.java:297)
	at redis.clients.jedis.Jedis.<init>(Jedis.java:169)
	at redis.clients.jedis.JedisFactory.makeObject(JedisFactory.java:177)
	at org.apache.commons.pool2.impl.GenericObjectPool.create(GenericObjectPool.java:571)
	at org.apache.commons.pool2.impl.GenericObjectPool.borrowObject(GenericObjectPool.java:298)
	at org.apache.commons.pool2.impl.GenericObjectPool.borrowObject(GenericObjectPool.java:223)
	at redis.clients.jedis.util.Pool.getResource(Pool.java:75)
	... 52 common frames omitted
Caused by: java.net.SocketTimeoutException: connect timed out
	at java.net.PlainSocketImpl.socketConnect(Native Method)
	at java.net.AbstractPlainSocketImpl.doConnect(AbstractPlainSocketImpl.java:350)
	at java.net.AbstractPlainSocketImpl.connectToAddress(AbstractPlainSocketImpl.java:206)
	at java.net.AbstractPlainSocketImpl.connect(AbstractPlainSocketImpl.java:188)
	at java.net.SocksSocketImpl.connect(SocksSocketImpl.java:392)
	at java.net.Socket.connect(Socket.java:607)
	at redis.clients.jedis.DefaultJedisSocketFactory.createSocket(DefaultJedisSocketFactory.java:80)
	... 63 common frames omitted
2022-12-19 23:42:54.092 WARN  [Thread-27]com.alibaba.nacos.common.notify.NotifyCenter.shutdown:145 -[NotifyCenter] Start destroying Publisher
2022-12-19 23:42:54.093 WARN  [Thread-20]com.alibaba.nacos.common.http.HttpClientBeanHolder.shutdown:108 -[HttpClientBeanHolder] Start destroying common HttpClient
2022-12-19 23:42:54.094 WARN  [Thread-27]com.alibaba.nacos.common.notify.NotifyCenter.shutdown:162 -[NotifyCenter] Destruction of the end
2022-12-19 23:42:54.095 WARN  [Thread-20]com.alibaba.nacos.common.http.HttpClientBeanHolder.shutdown:114 -[HttpClientBeanHolder] Destruction of the end
2022-12-19 23:43:00.009 WARN  [SpringApplicationShutdownHook]o.s.beans.factory.support.DisposableBeanAdapter.invokeCustomDestroyMethod:329 -Custom destroy method 'close' on bean with name 'nacosServiceRegistry' threw an exception: java.lang.NullPointerException
2022-12-19 23:44:27.334 WARN  [main]o.s.b.a.s.servlet.UserDetailsServiceAutoConfiguration.getOrDeducePassword:88 -

Using generated security password: 965257bf-56c9-4f03-bd62-362426d234ef

This generated password is for development use only. Your security configuration must be updated before running your application in production.

2022-12-19 23:44:28.574 WARN  [main]o.s.c.l.c.LoadBalancerCacheAutoConfiguration$LoadBalancerCaffeineWarnLogger.logWarning:82 -Spring Cloud LoadBalancer is currently working with the default cache. While this cache implementation is useful for development and tests, it's recommended to use Caffeine cache in production.You can switch to using Caffeine cache, by adding it and org.springframework.cache.caffeine.CaffeineCacheManager to the classpath.
2022-12-19 23:44:28.644 WARN  [main]o.s.c.s.oauth2.SpringCloudSecurityAutoConfiguration.<init>:38 -All Spring Cloud Security modules and starters are deprecated. They will be moved to individual projects in the next major release.
2022-12-19 23:44:32.499 WARN  [RMI TCP Connection(6)-127.0.0.1]o.s.boot.actuate.redis.RedisHealthIndicator.logExceptionIfPresent:94 -Redis health check failed
org.springframework.data.redis.RedisConnectionFailureException: Cannot get Jedis connection; nested exception is redis.clients.jedis.exceptions.JedisConnectionException: Could not get a resource from the pool
	at org.springframework.data.redis.connection.jedis.JedisConnectionFactory.fetchJedisConnector(JedisConnectionFactory.java:292)
	at org.springframework.data.redis.connection.jedis.JedisConnectionFactory.getConnection(JedisConnectionFactory.java:515)
	at org.springframework.data.redis.core.RedisConnectionUtils.fetchConnection(RedisConnectionUtils.java:193)
	at org.springframework.data.redis.core.RedisConnectionUtils.doGetConnection(RedisConnectionUtils.java:144)
	at org.springframework.data.redis.core.RedisConnectionUtils.getConnection(RedisConnectionUtils.java:105)
	at org.springframework.data.redis.core.RedisConnectionUtils.getConnection(RedisConnectionUtils.java:92)
	at org.springframework.boot.actuate.redis.RedisHealthIndicator.doHealthCheck(RedisHealthIndicator.java:49)
	at org.springframework.boot.actuate.health.AbstractHealthIndicator.health(AbstractHealthIndicator.java:82)
	at org.springframework.boot.actuate.health.HealthIndicator.getHealth(HealthIndicator.java:37)
	at org.springframework.boot.actuate.health.HealthEndpoint.getHealth(HealthEndpoint.java:77)
	at org.springframework.boot.actuate.health.HealthEndpoint.getHealth(HealthEndpoint.java:40)
	at org.springframework.boot.actuate.health.HealthEndpointSupport.getContribution(HealthEndpointSupport.java:130)
	at org.springframework.boot.actuate.health.HealthEndpointSupport.getAggregateContribution(HealthEndpointSupport.java:141)
	at org.springframework.boot.actuate.health.HealthEndpointSupport.getContribution(HealthEndpointSupport.java:126)
	at org.springframework.boot.actuate.health.HealthEndpointSupport.getHealth(HealthEndpointSupport.java:95)
	at org.springframework.boot.actuate.health.HealthEndpointSupport.getHealth(HealthEndpointSupport.java:66)
	at org.springframework.boot.actuate.health.HealthEndpoint.health(HealthEndpoint.java:71)
	at org.springframework.boot.actuate.health.HealthEndpoint.health(HealthEndpoint.java:61)
	at sun.reflect.NativeMethodAccessorImpl.invoke0(Native Method)
	at sun.reflect.NativeMethodAccessorImpl.invoke(NativeMethodAccessorImpl.java:62)
	at sun.reflect.DelegatingMethodAccessorImpl.invoke(DelegatingMethodAccessorImpl.java:43)
	at java.lang.reflect.Method.invoke(Method.java:498)
	at org.springframework.util.ReflectionUtils.invokeMethod(ReflectionUtils.java:282)
	at org.springframework.boot.actuate.endpoint.invoke.reflect.ReflectiveOperationInvoker.invoke(ReflectiveOperationInvoker.java:74)
	at org.springframework.boot.actuate.endpoint.annotation.AbstractDiscoveredOperation.invoke(AbstractDiscoveredOperation.java:60)
	at org.springframework.boot.actuate.endpoint.jmx.EndpointMBean.invoke(EndpointMBean.java:122)
	at org.springframework.boot.actuate.endpoint.jmx.EndpointMBean.invoke(EndpointMBean.java:97)
	at com.sun.jmx.interceptor.DefaultMBeanServerInterceptor.invoke(DefaultMBeanServerInterceptor.java:819)
	at com.sun.jmx.mbeanserver.JmxMBeanServer.invoke(JmxMBeanServer.java:801)
	at javax.management.remote.rmi.RMIConnectionImpl.doOperation(RMIConnectionImpl.java:1468)
	at javax.management.remote.rmi.RMIConnectionImpl.access$300(RMIConnectionImpl.java:76)
	at javax.management.remote.rmi.RMIConnectionImpl$PrivilegedOperation.run(RMIConnectionImpl.java:1309)
	at javax.management.remote.rmi.RMIConnectionImpl.doPrivilegedOperation(RMIConnectionImpl.java:1401)
	at javax.management.remote.rmi.RMIConnectionImpl.invoke(RMIConnectionImpl.java:829)
	at sun.reflect.GeneratedMethodAccessor90.invoke(Unknown Source)
	at sun.reflect.DelegatingMethodAccessorImpl.invoke(DelegatingMethodAccessorImpl.java:43)
	at java.lang.reflect.Method.invoke(Method.java:498)
	at sun.rmi.server.UnicastServerRef.dispatch(UnicastServerRef.java:357)
	at sun.rmi.transport.Transport$1.run(Transport.java:200)
	at sun.rmi.transport.Transport$1.run(Transport.java:197)
	at java.security.AccessController.doPrivileged(Native Method)
	at sun.rmi.transport.Transport.serviceCall(Transport.java:196)
	at sun.rmi.transport.tcp.TCPTransport.handleMessages(TCPTransport.java:573)
	at sun.rmi.transport.tcp.TCPTransport$ConnectionHandler.run0(TCPTransport.java:834)
	at sun.rmi.transport.tcp.TCPTransport$ConnectionHandler.lambda$run$0(TCPTransport.java:688)
	at java.security.AccessController.doPrivileged(Native Method)
	at sun.rmi.transport.tcp.TCPTransport$ConnectionHandler.run(TCPTransport.java:687)
	at java.util.concurrent.ThreadPoolExecutor.runWorker(ThreadPoolExecutor.java:1149)
	at java.util.concurrent.ThreadPoolExecutor$Worker.run(ThreadPoolExecutor.java:624)
	at java.lang.Thread.run(Thread.java:748)
Caused by: redis.clients.jedis.exceptions.JedisConnectionException: Could not get a resource from the pool
	at redis.clients.jedis.util.Pool.getResource(Pool.java:84)
	at redis.clients.jedis.JedisPool.getResource(JedisPool.java:377)
	at redis.clients.jedis.JedisPool.getResource(JedisPool.java:15)
	at org.springframework.data.redis.connection.jedis.JedisConnectionFactory.fetchJedisConnector(JedisConnectionFactory.java:283)
	... 49 common frames omitted
Caused by: redis.clients.jedis.exceptions.JedisConnectionException: Failed to create socket.
	at redis.clients.jedis.DefaultJedisSocketFactory.createSocket(DefaultJedisSocketFactory.java:110)
	at redis.clients.jedis.Connection.connect(Connection.java:226)
	at redis.clients.jedis.BinaryClient.connect(BinaryClient.java:144)
	at redis.clients.jedis.BinaryJedis.connect(BinaryJedis.java:314)
	at redis.clients.jedis.BinaryJedis.initializeFromClientConfig(BinaryJedis.java:92)
	at redis.clients.jedis.BinaryJedis.<init>(BinaryJedis.java:297)
	at redis.clients.jedis.Jedis.<init>(Jedis.java:169)
	at redis.clients.jedis.JedisFactory.makeObject(JedisFactory.java:177)
	at org.apache.commons.pool2.impl.GenericObjectPool.create(GenericObjectPool.java:571)
	at org.apache.commons.pool2.impl.GenericObjectPool.borrowObject(GenericObjectPool.java:298)
	at org.apache.commons.pool2.impl.GenericObjectPool.borrowObject(GenericObjectPool.java:223)
	at redis.clients.jedis.util.Pool.getResource(Pool.java:75)
	... 52 common frames omitted
Caused by: java.net.SocketTimeoutException: connect timed out
	at java.net.PlainSocketImpl.socketConnect(Native Method)
	at java.net.AbstractPlainSocketImpl.doConnect(AbstractPlainSocketImpl.java:350)
	at java.net.AbstractPlainSocketImpl.connectToAddress(AbstractPlainSocketImpl.java:206)
	at java.net.AbstractPlainSocketImpl.connect(AbstractPlainSocketImpl.java:188)
	at java.net.SocksSocketImpl.connect(SocksSocketImpl.java:392)
	at java.net.Socket.connect(Socket.java:607)
	at redis.clients.jedis.DefaultJedisSocketFactory.createSocket(DefaultJedisSocketFactory.java:80)
	... 63 common frames omitted
2022-12-19 23:49:56.884 WARN  [Thread-20]com.alibaba.nacos.common.http.HttpClientBeanHolder.shutdown:108 -[HttpClientBeanHolder] Start destroying common HttpClient
2022-12-19 23:49:56.884 WARN  [Thread-27]com.alibaba.nacos.common.notify.NotifyCenter.shutdown:145 -[NotifyCenter] Start destroying Publisher
2022-12-19 23:49:56.887 WARN  [Thread-27]com.alibaba.nacos.common.notify.NotifyCenter.shutdown:162 -[NotifyCenter] Destruction of the end
2022-12-19 23:49:56.887 WARN  [Thread-20]com.alibaba.nacos.common.http.HttpClientBeanHolder.shutdown:114 -[HttpClientBeanHolder] Destruction of the end
2022-12-19 23:50:05.700 WARN  [SpringApplicationShutdownHook]o.s.beans.factory.support.DisposableBeanAdapter.invokeCustomDestroyMethod:329 -Custom destroy method 'close' on bean with name 'nacosServiceRegistry' threw an exception: java.lang.NullPointerException
2022-12-19 23:50:42.090 WARN  [main]o.s.b.a.s.servlet.UserDetailsServiceAutoConfiguration.getOrDeducePassword:88 -

Using generated security password: 49ebfdbd-353a-432c-b65a-13391c845d8f

This generated password is for development use only. Your security configuration must be updated before running your application in production.

2022-12-19 23:50:43.353 WARN  [main]o.s.c.l.c.LoadBalancerCacheAutoConfiguration$LoadBalancerCaffeineWarnLogger.logWarning:82 -Spring Cloud LoadBalancer is currently working with the default cache. While this cache implementation is useful for development and tests, it's recommended to use Caffeine cache in production.You can switch to using Caffeine cache, by adding it and org.springframework.cache.caffeine.CaffeineCacheManager to the classpath.
2022-12-19 23:50:43.414 WARN  [main]o.s.c.s.oauth2.SpringCloudSecurityAutoConfiguration.<init>:38 -All Spring Cloud Security modules and starters are deprecated. They will be moved to individual projects in the next major release.
2022-12-19 23:50:46.914 WARN  [RMI TCP Connection(5)-127.0.0.1]o.s.boot.actuate.redis.RedisHealthIndicator.logExceptionIfPresent:94 -Redis health check failed
org.springframework.data.redis.RedisConnectionFailureException: Cannot get Jedis connection; nested exception is redis.clients.jedis.exceptions.JedisConnectionException: Could not get a resource from the pool
	at org.springframework.data.redis.connection.jedis.JedisConnectionFactory.fetchJedisConnector(JedisConnectionFactory.java:292)
	at org.springframework.data.redis.connection.jedis.JedisConnectionFactory.getConnection(JedisConnectionFactory.java:515)
	at org.springframework.data.redis.core.RedisConnectionUtils.fetchConnection(RedisConnectionUtils.java:193)
	at org.springframework.data.redis.core.RedisConnectionUtils.doGetConnection(RedisConnectionUtils.java:144)
	at org.springframework.data.redis.core.RedisConnectionUtils.getConnection(RedisConnectionUtils.java:105)
	at org.springframework.data.redis.core.RedisConnectionUtils.getConnection(RedisConnectionUtils.java:92)
	at org.springframework.boot.actuate.redis.RedisHealthIndicator.doHealthCheck(RedisHealthIndicator.java:49)
	at org.springframework.boot.actuate.health.AbstractHealthIndicator.health(AbstractHealthIndicator.java:82)
	at org.springframework.boot.actuate.health.HealthIndicator.getHealth(HealthIndicator.java:37)
	at org.springframework.boot.actuate.health.HealthEndpoint.getHealth(HealthEndpoint.java:77)
	at org.springframework.boot.actuate.health.HealthEndpoint.getHealth(HealthEndpoint.java:40)
	at org.springframework.boot.actuate.health.HealthEndpointSupport.getContribution(HealthEndpointSupport.java:130)
	at org.springframework.boot.actuate.health.HealthEndpointSupport.getAggregateContribution(HealthEndpointSupport.java:141)
	at org.springframework.boot.actuate.health.HealthEndpointSupport.getContribution(HealthEndpointSupport.java:126)
	at org.springframework.boot.actuate.health.HealthEndpointSupport.getHealth(HealthEndpointSupport.java:95)
	at org.springframework.boot.actuate.health.HealthEndpointSupport.getHealth(HealthEndpointSupport.java:66)
	at org.springframework.boot.actuate.health.HealthEndpoint.health(HealthEndpoint.java:71)
	at org.springframework.boot.actuate.health.HealthEndpoint.health(HealthEndpoint.java:61)
	at sun.reflect.NativeMethodAccessorImpl.invoke0(Native Method)
	at sun.reflect.NativeMethodAccessorImpl.invoke(NativeMethodAccessorImpl.java:62)
	at sun.reflect.DelegatingMethodAccessorImpl.invoke(DelegatingMethodAccessorImpl.java:43)
	at java.lang.reflect.Method.invoke(Method.java:498)
	at org.springframework.util.ReflectionUtils.invokeMethod(ReflectionUtils.java:282)
	at org.springframework.boot.actuate.endpoint.invoke.reflect.ReflectiveOperationInvoker.invoke(ReflectiveOperationInvoker.java:74)
	at org.springframework.boot.actuate.endpoint.annotation.AbstractDiscoveredOperation.invoke(AbstractDiscoveredOperation.java:60)
	at org.springframework.boot.actuate.endpoint.jmx.EndpointMBean.invoke(EndpointMBean.java:122)
	at org.springframework.boot.actuate.endpoint.jmx.EndpointMBean.invoke(EndpointMBean.java:97)
	at com.sun.jmx.interceptor.DefaultMBeanServerInterceptor.invoke(DefaultMBeanServerInterceptor.java:819)
	at com.sun.jmx.mbeanserver.JmxMBeanServer.invoke(JmxMBeanServer.java:801)
	at javax.management.remote.rmi.RMIConnectionImpl.doOperation(RMIConnectionImpl.java:1468)
	at javax.management.remote.rmi.RMIConnectionImpl.access$300(RMIConnectionImpl.java:76)
	at javax.management.remote.rmi.RMIConnectionImpl$PrivilegedOperation.run(RMIConnectionImpl.java:1309)
	at javax.management.remote.rmi.RMIConnectionImpl.doPrivilegedOperation(RMIConnectionImpl.java:1401)
	at javax.management.remote.rmi.RMIConnectionImpl.invoke(RMIConnectionImpl.java:829)
	at sun.reflect.GeneratedMethodAccessor87.invoke(Unknown Source)
	at sun.reflect.DelegatingMethodAccessorImpl.invoke(DelegatingMethodAccessorImpl.java:43)
	at java.lang.reflect.Method.invoke(Method.java:498)
	at sun.rmi.server.UnicastServerRef.dispatch(UnicastServerRef.java:357)
	at sun.rmi.transport.Transport$1.run(Transport.java:200)
	at sun.rmi.transport.Transport$1.run(Transport.java:197)
	at java.security.AccessController.doPrivileged(Native Method)
	at sun.rmi.transport.Transport.serviceCall(Transport.java:196)
	at sun.rmi.transport.tcp.TCPTransport.handleMessages(TCPTransport.java:573)
	at sun.rmi.transport.tcp.TCPTransport$ConnectionHandler.run0(TCPTransport.java:834)
	at sun.rmi.transport.tcp.TCPTransport$ConnectionHandler.lambda$run$0(TCPTransport.java:688)
	at java.security.AccessController.doPrivileged(Native Method)
	at sun.rmi.transport.tcp.TCPTransport$ConnectionHandler.run(TCPTransport.java:687)
	at java.util.concurrent.ThreadPoolExecutor.runWorker(ThreadPoolExecutor.java:1149)
	at java.util.concurrent.ThreadPoolExecutor$Worker.run(ThreadPoolExecutor.java:624)
	at java.lang.Thread.run(Thread.java:748)
Caused by: redis.clients.jedis.exceptions.JedisConnectionException: Could not get a resource from the pool
	at redis.clients.jedis.util.Pool.getResource(Pool.java:84)
	at redis.clients.jedis.JedisPool.getResource(JedisPool.java:377)
	at redis.clients.jedis.JedisPool.getResource(JedisPool.java:15)
	at org.springframework.data.redis.connection.jedis.JedisConnectionFactory.fetchJedisConnector(JedisConnectionFactory.java:283)
	... 49 common frames omitted
Caused by: redis.clients.jedis.exceptions.JedisConnectionException: Failed to create socket.
	at redis.clients.jedis.DefaultJedisSocketFactory.createSocket(DefaultJedisSocketFactory.java:110)
	at redis.clients.jedis.Connection.connect(Connection.java:226)
	at redis.clients.jedis.BinaryClient.connect(BinaryClient.java:144)
	at redis.clients.jedis.BinaryJedis.connect(BinaryJedis.java:314)
	at redis.clients.jedis.BinaryJedis.initializeFromClientConfig(BinaryJedis.java:92)
	at redis.clients.jedis.BinaryJedis.<init>(BinaryJedis.java:297)
	at redis.clients.jedis.Jedis.<init>(Jedis.java:169)
	at redis.clients.jedis.JedisFactory.makeObject(JedisFactory.java:177)
	at org.apache.commons.pool2.impl.GenericObjectPool.create(GenericObjectPool.java:571)
	at org.apache.commons.pool2.impl.GenericObjectPool.borrowObject(GenericObjectPool.java:298)
	at org.apache.commons.pool2.impl.GenericObjectPool.borrowObject(GenericObjectPool.java:223)
	at redis.clients.jedis.util.Pool.getResource(Pool.java:75)
	... 52 common frames omitted
Caused by: java.net.SocketTimeoutException: connect timed out
	at java.net.PlainSocketImpl.socketConnect(Native Method)
	at java.net.AbstractPlainSocketImpl.doConnect(AbstractPlainSocketImpl.java:350)
	at java.net.AbstractPlainSocketImpl.connectToAddress(AbstractPlainSocketImpl.java:206)
	at java.net.AbstractPlainSocketImpl.connect(AbstractPlainSocketImpl.java:188)
	at java.net.SocksSocketImpl.connect(SocksSocketImpl.java:392)
	at java.net.Socket.connect(Socket.java:607)
	at redis.clients.jedis.DefaultJedisSocketFactory.createSocket(DefaultJedisSocketFactory.java:80)
	... 63 common frames omitted
2022-12-19 23:55:28.360 WARN  [Thread-19]com.alibaba.nacos.common.http.HttpClientBeanHolder.shutdown:108 -[HttpClientBeanHolder] Start destroying common HttpClient
2022-12-19 23:55:28.362 WARN  [Thread-25]com.alibaba.nacos.common.notify.NotifyCenter.shutdown:145 -[NotifyCenter] Start destroying Publisher
2022-12-19 23:55:28.364 WARN  [Thread-25]com.alibaba.nacos.common.notify.NotifyCenter.shutdown:162 -[NotifyCenter] Destruction of the end
2022-12-19 23:55:28.364 WARN  [Thread-19]com.alibaba.nacos.common.http.HttpClientBeanHolder.shutdown:114 -[HttpClientBeanHolder] Destruction of the end
2022-12-19 23:55:37.481 WARN  [SpringApplicationShutdownHook]o.s.beans.factory.support.DisposableBeanAdapter.invokeCustomDestroyMethod:329 -Custom destroy method 'close' on bean with name 'nacosServiceRegistry' threw an exception: java.lang.NullPointerException
