2022-12-14 09:03:19.033 INFO  [SpringApplicationShutdownHook]com.alibaba.cloud.nacos.registry.NacosServiceRegistry.deregister:90 -De-registering from Nacos Server now...
2022-12-14 09:03:19.090 INFO  [SpringApplicationShutdownHook]com.alibaba.cloud.nacos.registry.NacosServiceRegistry.deregister:110 -De-registration finished.
2022-12-14 09:03:25.345 INFO  [SpringApplicationShutdownHook]com.alibaba.druid.pool.DruidDataSource.close:2032 -{dataSource-1} closing ...
2022-12-14 09:03:25.348 INFO  [SpringApplicationShutdownHook]com.alibaba.druid.pool.DruidDataSource.close:2104 -{dataSource-1} closed
2022-12-14 09:03:30.753 INFO  [main]com.knowledge.user.UserApplication.logStartupProfileInfo:634 -No active profile set, falling back to 1 default profile: "default"
2022-12-14 09:03:31.312 INFO  [main]o.s.d.repository.config.RepositoryConfigurationDelegate.multipleStoresDetected:262 -Multiple Spring Data modules found, entering strict repository configuration mode!
2022-12-14 09:03:31.312 INFO  [main]o.s.d.repository.config.RepositoryConfigurationDelegate.registerRepositoriesIn:132 -Bootstrapping Spring Data Redis repositories in DEFAULT mode.
2022-12-14 09:03:31.323 INFO  [main]o.s.d.repository.config.RepositoryConfigurationDelegate.registerRepositoriesIn:201 -Finished Spring Data repository scanning in 3 ms. Found 0 Redis repository interfaces.
2022-12-14 09:03:31.689 INFO  [main]o.s.d.repository.config.RepositoryConfigurationDelegate.multipleStoresDetected:262 -Multiple Spring Data modules found, entering strict repository configuration mode!
2022-12-14 09:03:31.689 INFO  [main]o.s.d.repository.config.RepositoryConfigurationDelegate.registerRepositoriesIn:132 -Bootstrapping Spring Data Redis repositories in DEFAULT mode.
2022-12-14 09:03:31.708 INFO  [main]o.s.d.repository.config.RepositoryConfigurationDelegate.registerRepositoriesIn:201 -Finished Spring Data repository scanning in 18 ms. Found 0 Redis repository interfaces.
2022-12-14 09:03:32.170 INFO  [main]org.springframework.cloud.context.scope.GenericScope.setSerializationId:283 -BeanFactory id=d5f5f751-e817-3112-9f16-65a573089b72
2022-12-14 09:03:32.900 INFO  [main]o.s.boot.web.embedded.tomcat.TomcatWebServer.initialize:108 -Tomcat initialized with port(s): 8001 (http)
2022-12-14 09:03:32.908 INFO  [main]org.apache.coyote.http11.Http11NioProtocol.log:173 -Initializing ProtocolHandler ["http-nio-8001"]
2022-12-14 09:03:32.908 INFO  [main]org.apache.catalina.core.StandardService.log:173 -Starting service [Tomcat]
2022-12-14 09:03:32.908 INFO  [main]org.apache.catalina.core.StandardEngine.log:173 -Starting Servlet engine: [Apache Tomcat/9.0.63]
2022-12-14 09:03:33.002 INFO  [main]o.a.catalina.core.ContainerBase.[Tomcat].[localhost].[/].log:173 -Initializing Spring embedded WebApplicationContext
2022-12-14 09:03:33.002 INFO  [main]o.s.b.w.s.context.ServletWebServerApplicationContext.prepareWebApplicationContext:292 -Root WebApplicationContext: initialization completed in 2224 ms
2022-12-14 09:03:33.224 INFO  [main]c.a.d.s.boot.autoconfigure.DruidDataSourceAutoConfigure.dataSource:56 -Init DruidDataSource
2022-12-14 09:03:33.709 INFO  [main]com.alibaba.druid.pool.DruidDataSource.init:985 -{dataSource-1} inited
2022-12-14 09:03:35.853 INFO  [main]o.s.security.web.DefaultSecurityFilterChain.<init>:55 -Will secure any request with [org.springframework.security.web.session.DisableEncodeUrlFilter@47797401, org.springframework.security.web.context.request.async.WebAsyncManagerIntegrationFilter@702f4124, org.springframework.security.web.context.SecurityContextPersistenceFilter@38929da, org.springframework.security.web.header.HeaderWriterFilter@5529522f, org.springframework.security.web.authentication.logout.LogoutFilter@7b598d05, org.springframework.security.oauth2.provider.authentication.OAuth2AuthenticationProcessingFilter@574ebdaf, org.springframework.security.web.savedrequest.RequestCacheAwareFilter@7fe87c0e, org.springframework.security.web.servletapi.SecurityContextHolderAwareRequestFilter@7ab1ad9, org.springframework.security.web.authentication.AnonymousAuthenticationFilter@10166230, org.springframework.security.web.session.SessionManagementFilter@789dd6bf, org.springframework.security.web.access.ExceptionTranslationFilter@6c2883b1, org.springframework.security.web.access.intercept.FilterSecurityInterceptor@5432dca2]
2022-12-14 09:03:36.026 INFO  [main]o.s.boot.actuate.endpoint.web.EndpointLinksResolver.<init>:58 -Exposing 1 endpoint(s) beneath base path '/actuator'
2022-12-14 09:03:36.365 INFO  [main]org.apache.coyote.http11.Http11NioProtocol.log:173 -Starting ProtocolHandler ["http-nio-8001"]
2022-12-14 09:03:36.378 INFO  [main]o.s.boot.web.embedded.tomcat.TomcatWebServer.start:220 -Tomcat started on port(s): 8001 (http) with context path ''
2022-12-14 09:03:36.859 INFO  [main]com.alibaba.cloud.nacos.registry.NacosServiceRegistry.register:75 -nacos registry, DEFAULT_GROUP coder-user 10.10.9.9:8001 register finished
2022-12-14 09:03:36.875 INFO  [main]com.knowledge.user.UserApplication.logStarted:61 -Started UserApplication in 6.914 seconds (JVM running for 7.272)
2022-12-14 09:03:37.392 INFO  [RMI TCP Connection(4)-127.0.0.1]o.a.catalina.core.ContainerBase.[Tomcat].[localhost].[/].log:173 -Initializing Spring DispatcherServlet 'dispatcherServlet'
2022-12-14 09:03:37.393 INFO  [RMI TCP Connection(4)-127.0.0.1]org.springframework.web.servlet.DispatcherServlet.initServletBean:525 -Initializing Servlet 'dispatcherServlet'
2022-12-14 09:03:37.395 INFO  [RMI TCP Connection(4)-127.0.0.1]org.springframework.web.servlet.DispatcherServlet.initServletBean:547 -Completed initialization in 2 ms
2022-12-14 09:07:25.688 INFO  [SpringApplicationShutdownHook]com.alibaba.cloud.nacos.registry.NacosServiceRegistry.deregister:90 -De-registering from Nacos Server now...
2022-12-14 09:07:25.724 INFO  [SpringApplicationShutdownHook]com.alibaba.cloud.nacos.registry.NacosServiceRegistry.deregister:110 -De-registration finished.
2022-12-14 09:07:31.865 INFO  [SpringApplicationShutdownHook]com.alibaba.druid.pool.DruidDataSource.close:2032 -{dataSource-1} closing ...
2022-12-14 09:07:31.870 INFO  [SpringApplicationShutdownHook]com.alibaba.druid.pool.DruidDataSource.close:2104 -{dataSource-1} closed
2022-12-14 09:07:36.800 INFO  [main]com.knowledge.user.UserApplication.logStartupProfileInfo:634 -No active profile set, falling back to 1 default profile: "default"
2022-12-14 09:07:37.417 INFO  [main]o.s.d.repository.config.RepositoryConfigurationDelegate.multipleStoresDetected:262 -Multiple Spring Data modules found, entering strict repository configuration mode!
2022-12-14 09:07:37.418 INFO  [main]o.s.d.repository.config.RepositoryConfigurationDelegate.registerRepositoriesIn:132 -Bootstrapping Spring Data Redis repositories in DEFAULT mode.
2022-12-14 09:07:37.440 INFO  [main]o.s.d.repository.config.RepositoryConfigurationDelegate.registerRepositoriesIn:201 -Finished Spring Data repository scanning in 9 ms. Found 0 Redis repository interfaces.
2022-12-14 09:07:37.722 INFO  [main]o.s.d.repository.config.RepositoryConfigurationDelegate.multipleStoresDetected:262 -Multiple Spring Data modules found, entering strict repository configuration mode!
2022-12-14 09:07:37.723 INFO  [main]o.s.d.repository.config.RepositoryConfigurationDelegate.registerRepositoriesIn:132 -Bootstrapping Spring Data Redis repositories in DEFAULT mode.
2022-12-14 09:07:37.729 INFO  [main]o.s.d.repository.config.RepositoryConfigurationDelegate.registerRepositoriesIn:201 -Finished Spring Data repository scanning in 5 ms. Found 0 Redis repository interfaces.
2022-12-14 09:07:37.946 INFO  [main]org.springframework.cloud.context.scope.GenericScope.setSerializationId:283 -BeanFactory id=d5f5f751-e817-3112-9f16-65a573089b72
2022-12-14 09:07:38.292 INFO  [main]o.s.boot.web.embedded.tomcat.TomcatWebServer.initialize:108 -Tomcat initialized with port(s): 8001 (http)
2022-12-14 09:07:38.299 INFO  [main]org.apache.coyote.http11.Http11NioProtocol.log:173 -Initializing ProtocolHandler ["http-nio-8001"]
2022-12-14 09:07:38.299 INFO  [main]org.apache.catalina.core.StandardService.log:173 -Starting service [Tomcat]
2022-12-14 09:07:38.299 INFO  [main]org.apache.catalina.core.StandardEngine.log:173 -Starting Servlet engine: [Apache Tomcat/9.0.63]
2022-12-14 09:07:38.369 INFO  [main]o.a.catalina.core.ContainerBase.[Tomcat].[localhost].[/].log:173 -Initializing Spring embedded WebApplicationContext
2022-12-14 09:07:38.370 INFO  [main]o.s.b.w.s.context.ServletWebServerApplicationContext.prepareWebApplicationContext:292 -Root WebApplicationContext: initialization completed in 1551 ms
2022-12-14 09:07:38.541 INFO  [main]c.a.d.s.boot.autoconfigure.DruidDataSourceAutoConfigure.dataSource:56 -Init DruidDataSource
2022-12-14 09:07:38.900 INFO  [main]com.alibaba.druid.pool.DruidDataSource.init:985 -{dataSource-1} inited
2022-12-14 09:07:40.633 INFO  [main]o.s.security.web.DefaultSecurityFilterChain.<init>:55 -Will secure any request with [org.springframework.security.web.session.DisableEncodeUrlFilter@11228bee, org.springframework.security.web.context.request.async.WebAsyncManagerIntegrationFilter@7d626f2, org.springframework.security.web.context.SecurityContextPersistenceFilter@4f7bb8df, org.springframework.security.web.header.HeaderWriterFilter@63326a3a, org.springframework.security.web.authentication.logout.LogoutFilter@5fe5c68b, org.springframework.security.oauth2.provider.authentication.OAuth2AuthenticationProcessingFilter@51a719e7, org.springframework.security.web.savedrequest.RequestCacheAwareFilter@6de84336, org.springframework.security.web.servletapi.SecurityContextHolderAwareRequestFilter@7717b4a0, org.springframework.security.web.authentication.AnonymousAuthenticationFilter@460f1cdb, org.springframework.security.web.session.SessionManagementFilter@4df0d9f8, org.springframework.security.web.access.ExceptionTranslationFilter@55d1f065, org.springframework.security.web.access.intercept.FilterSecurityInterceptor@33f349ae]
2022-12-14 09:07:40.902 INFO  [main]o.s.boot.actuate.endpoint.web.EndpointLinksResolver.<init>:58 -Exposing 1 endpoint(s) beneath base path '/actuator'
2022-12-14 09:07:41.150 INFO  [main]org.apache.coyote.http11.Http11NioProtocol.log:173 -Starting ProtocolHandler ["http-nio-8001"]
2022-12-14 09:07:41.162 INFO  [main]o.s.boot.web.embedded.tomcat.TomcatWebServer.start:220 -Tomcat started on port(s): 8001 (http) with context path ''
2022-12-14 09:07:41.291 INFO  [main]com.alibaba.cloud.nacos.registry.NacosServiceRegistry.register:75 -nacos registry, DEFAULT_GROUP coder-user 10.10.9.9:8001 register finished
2022-12-14 09:07:41.307 INFO  [main]com.knowledge.user.UserApplication.logStarted:61 -Started UserApplication in 5.304 seconds (JVM running for 5.702)
2022-12-14 09:07:41.563 INFO  [RMI TCP Connection(2)-127.0.0.1]o.a.catalina.core.ContainerBase.[Tomcat].[localhost].[/].log:173 -Initializing Spring DispatcherServlet 'dispatcherServlet'
2022-12-14 09:07:41.564 INFO  [RMI TCP Connection(2)-127.0.0.1]org.springframework.web.servlet.DispatcherServlet.initServletBean:525 -Initializing Servlet 'dispatcherServlet'
2022-12-14 09:07:41.565 INFO  [RMI TCP Connection(2)-127.0.0.1]org.springframework.web.servlet.DispatcherServlet.initServletBean:547 -Completed initialization in 1 ms
2022-12-14 12:59:26.458 INFO  [SpringApplicationShutdownHook]com.alibaba.cloud.nacos.registry.NacosServiceRegistry.deregister:90 -De-registering from Nacos Server now...
2022-12-14 12:59:26.669 INFO  [SpringApplicationShutdownHook]com.alibaba.cloud.nacos.registry.NacosServiceRegistry.deregister:110 -De-registration finished.
2022-12-14 12:59:35.721 INFO  [SpringApplicationShutdownHook]com.alibaba.druid.pool.DruidDataSource.close:2032 -{dataSource-1} closing ...
2022-12-14 12:59:35.740 INFO  [SpringApplicationShutdownHook]com.alibaba.druid.pool.DruidDataSource.close:2104 -{dataSource-1} closed
2022-12-14 20:30:37.593 INFO  [main]com.knowledge.user.UserApplication.logStartupProfileInfo:634 -No active profile set, falling back to 1 default profile: "default"
2022-12-14 20:30:38.106 INFO  [main]o.s.d.repository.config.RepositoryConfigurationDelegate.multipleStoresDetected:262 -Multiple Spring Data modules found, entering strict repository configuration mode!
2022-12-14 20:30:38.106 INFO  [main]o.s.d.repository.config.RepositoryConfigurationDelegate.registerRepositoriesIn:132 -Bootstrapping Spring Data Redis repositories in DEFAULT mode.
2022-12-14 20:30:38.120 INFO  [main]o.s.d.repository.config.RepositoryConfigurationDelegate.registerRepositoriesIn:201 -Finished Spring Data repository scanning in 4 ms. Found 0 Redis repository interfaces.
2022-12-14 20:30:38.431 INFO  [main]o.s.d.repository.config.RepositoryConfigurationDelegate.multipleStoresDetected:262 -Multiple Spring Data modules found, entering strict repository configuration mode!
2022-12-14 20:30:38.432 INFO  [main]o.s.d.repository.config.RepositoryConfigurationDelegate.registerRepositoriesIn:132 -Bootstrapping Spring Data Redis repositories in DEFAULT mode.
2022-12-14 20:30:38.435 INFO  [main]o.s.d.repository.config.RepositoryConfigurationDelegate.registerRepositoriesIn:201 -Finished Spring Data repository scanning in 3 ms. Found 0 Redis repository interfaces.
2022-12-14 20:30:38.678 INFO  [main]org.springframework.cloud.context.scope.GenericScope.setSerializationId:283 -BeanFactory id=d5f5f751-e817-3112-9f16-65a573089b72
2022-12-14 20:30:39.176 INFO  [main]o.s.boot.web.embedded.tomcat.TomcatWebServer.initialize:108 -Tomcat initialized with port(s): 8001 (http)
2022-12-14 20:30:39.183 INFO  [main]org.apache.coyote.http11.Http11NioProtocol.log:173 -Initializing ProtocolHandler ["http-nio-8001"]
2022-12-14 20:30:39.183 INFO  [main]org.apache.catalina.core.StandardService.log:173 -Starting service [Tomcat]
2022-12-14 20:30:39.183 INFO  [main]org.apache.catalina.core.StandardEngine.log:173 -Starting Servlet engine: [Apache Tomcat/9.0.63]
2022-12-14 20:30:39.268 INFO  [main]o.a.catalina.core.ContainerBase.[Tomcat].[localhost].[/].log:173 -Initializing Spring embedded WebApplicationContext
2022-12-14 20:30:39.268 INFO  [main]o.s.b.w.s.context.ServletWebServerApplicationContext.prepareWebApplicationContext:292 -Root WebApplicationContext: initialization completed in 1661 ms
2022-12-14 20:30:39.465 INFO  [main]c.a.d.s.boot.autoconfigure.DruidDataSourceAutoConfigure.dataSource:56 -Init DruidDataSource
2022-12-14 20:30:40.971 INFO  [main]com.alibaba.druid.pool.DruidDataSource.init:985 -{dataSource-1} inited
2022-12-14 20:30:42.265 INFO  [main]o.s.security.web.DefaultSecurityFilterChain.<init>:55 -Will secure any request with [org.springframework.security.web.session.DisableEncodeUrlFilter@e7b0bec, org.springframework.security.web.context.request.async.WebAsyncManagerIntegrationFilter@1e5aacd9, org.springframework.security.web.context.SecurityContextPersistenceFilter@44aeae34, org.springframework.security.web.header.HeaderWriterFilter@6e7e0259, org.springframework.security.web.authentication.logout.LogoutFilter@7d626f2, org.springframework.security.oauth2.provider.authentication.OAuth2AuthenticationProcessingFilter@61993d18, org.springframework.security.web.savedrequest.RequestCacheAwareFilter@40a8a26f, org.springframework.security.web.servletapi.SecurityContextHolderAwareRequestFilter@5560b64d, org.springframework.security.web.authentication.AnonymousAuthenticationFilter@7d90644f, org.springframework.security.web.session.SessionManagementFilter@478530cb, org.springframework.security.web.access.ExceptionTranslationFilter@4404a6b, org.springframework.security.web.access.intercept.FilterSecurityInterceptor@1ad1b737]
2022-12-14 20:30:42.416 INFO  [main]o.s.boot.actuate.endpoint.web.EndpointLinksResolver.<init>:58 -Exposing 1 endpoint(s) beneath base path '/actuator'
2022-12-14 20:30:42.575 INFO  [main]org.apache.coyote.http11.Http11NioProtocol.log:173 -Starting ProtocolHandler ["http-nio-8001"]
2022-12-14 20:30:42.585 INFO  [main]o.s.boot.web.embedded.tomcat.TomcatWebServer.start:220 -Tomcat started on port(s): 8001 (http) with context path ''
2022-12-14 20:30:42.628 INFO  [main]com.alibaba.cloud.nacos.registry.NacosServiceRegistry.register:75 -nacos registry, DEFAULT_GROUP coder-user 192.168.0.106:8001 register finished
2022-12-14 20:30:42.642 INFO  [main]com.knowledge.user.UserApplication.logStarted:61 -Started UserApplication in 5.58 seconds (JVM running for 5.883)
2022-12-14 20:30:43.020 INFO  [RMI TCP Connection(5)-192.168.0.106]o.a.catalina.core.ContainerBase.[Tomcat].[localhost].[/].log:173 -Initializing Spring DispatcherServlet 'dispatcherServlet'
2022-12-14 20:30:43.020 INFO  [RMI TCP Connection(5)-192.168.0.106]org.springframework.web.servlet.DispatcherServlet.initServletBean:525 -Initializing Servlet 'dispatcherServlet'
2022-12-14 20:30:43.023 INFO  [RMI TCP Connection(5)-192.168.0.106]org.springframework.web.servlet.DispatcherServlet.initServletBean:547 -Completed initialization in 3 ms
