2022-12-20 11:35:44.480 INFO  [main]com.knowledge.user.UserApplication.logStartupProfileInfo:634 -No active profile set, falling back to 1 default profile: "default"
2022-12-20 11:35:45.014 INFO  [main]o.s.d.repository.config.RepositoryConfigurationDelegate.multipleStoresDetected:262 -Multiple Spring Data modules found, entering strict repository configuration mode!
2022-12-20 11:35:45.015 INFO  [main]o.s.d.repository.config.RepositoryConfigurationDelegate.registerRepositoriesIn:132 -Bootstrapping Spring Data Redis repositories in DEFAULT mode.
2022-12-20 11:35:45.029 INFO  [main]o.s.d.repository.config.RepositoryConfigurationDelegate.registerRepositoriesIn:201 -Finished Spring Data repository scanning in 5 ms. Found 0 Redis repository interfaces.
2022-12-20 11:35:45.270 INFO  [main]o.s.d.repository.config.RepositoryConfigurationDelegate.multipleStoresDetected:262 -Multiple Spring Data modules found, entering strict repository configuration mode!
2022-12-20 11:35:45.271 INFO  [main]o.s.d.repository.config.RepositoryConfigurationDelegate.registerRepositoriesIn:132 -Bootstrapping Spring Data Redis repositories in DEFAULT mode.
2022-12-20 11:35:45.275 INFO  [main]o.s.d.repository.config.RepositoryConfigurationDelegate.registerRepositoriesIn:201 -Finished Spring Data repository scanning in 4 ms. Found 0 Redis repository interfaces.
2022-12-20 11:35:45.472 INFO  [main]org.springframework.cloud.context.scope.GenericScope.setSerializationId:283 -BeanFactory id=d5f5f751-e817-3112-9f16-65a573089b72
2022-12-20 11:35:45.858 INFO  [main]o.s.boot.web.embedded.tomcat.TomcatWebServer.initialize:108 -Tomcat initialized with port(s): 8001 (http)
2022-12-20 11:35:45.863 INFO  [main]org.apache.coyote.http11.Http11NioProtocol.log:173 -Initializing ProtocolHandler ["http-nio-8001"]
2022-12-20 11:35:45.863 INFO  [main]org.apache.catalina.core.StandardService.log:173 -Starting service [Tomcat]
2022-12-20 11:35:45.864 INFO  [main]org.apache.catalina.core.StandardEngine.log:173 -Starting Servlet engine: [Apache Tomcat/9.0.63]
2022-12-20 11:35:45.936 INFO  [main]o.a.catalina.core.ContainerBase.[Tomcat].[localhost].[/].log:173 -Initializing Spring embedded WebApplicationContext
2022-12-20 11:35:45.937 INFO  [main]o.s.b.w.s.context.ServletWebServerApplicationContext.prepareWebApplicationContext:292 -Root WebApplicationContext: initialization completed in 1443 ms
2022-12-20 11:35:46.114 INFO  [main]c.a.d.s.boot.autoconfigure.DruidDataSourceAutoConfigure.dataSource:56 -Init DruidDataSource
2022-12-20 11:35:47.811 INFO  [main]com.alibaba.druid.pool.DruidDataSource.init:985 -{dataSource-1} inited
2022-12-20 11:35:49.067 WARN  [main]o.s.b.a.s.servlet.UserDetailsServiceAutoConfiguration.getOrDeducePassword:88 -

Using generated security password: 774659e7-ea31-4c41-ac51-df3044e7d9a7

This generated password is for development use only. Your security configuration must be updated before running your application in production.

2022-12-20 11:35:49.214 INFO  [main]o.s.security.web.DefaultSecurityFilterChain.<init>:55 -Will secure any request with [org.springframework.security.web.session.DisableEncodeUrlFilter@5432dca2, org.springframework.security.web.context.request.async.WebAsyncManagerIntegrationFilter@12670e55, org.springframework.security.web.context.SecurityContextPersistenceFilter@517a46f3, org.springframework.security.web.header.HeaderWriterFilter@87aec6a, org.springframework.security.web.authentication.logout.LogoutFilter@671da0f9, org.springframework.security.oauth2.provider.authentication.OAuth2AuthenticationProcessingFilter@61ad30f6, org.springframework.security.web.savedrequest.RequestCacheAwareFilter@152e7703, org.springframework.security.web.servletapi.SecurityContextHolderAwareRequestFilter@69d667a5, org.springframework.security.web.authentication.AnonymousAuthenticationFilter@43fd77d8, org.springframework.security.web.session.SessionManagementFilter@fd4459b, org.springframework.security.web.access.ExceptionTranslationFilter@48106381, org.springframework.security.web.access.intercept.FilterSecurityInterceptor@1fa9692b]
2022-12-20 11:35:49.306 WARN  [main]o.s.c.l.c.LoadBalancerCacheAutoConfiguration$LoadBalancerCaffeineWarnLogger.logWarning:82 -Spring Cloud LoadBalancer is currently working with the default cache. While this cache implementation is useful for development and tests, it's recommended to use Caffeine cache in production.You can switch to using Caffeine cache, by adding it and org.springframework.cache.caffeine.CaffeineCacheManager to the classpath.
2022-12-20 11:35:49.373 WARN  [main]o.s.c.s.oauth2.SpringCloudSecurityAutoConfiguration.<init>:38 -All Spring Cloud Security modules and starters are deprecated. They will be moved to individual projects in the next major release.
2022-12-20 11:35:49.378 INFO  [main]o.s.boot.actuate.endpoint.web.EndpointLinksResolver.<init>:58 -Exposing 1 endpoint(s) beneath base path '/actuator'
2022-12-20 11:35:49.547 INFO  [main]org.apache.coyote.http11.Http11NioProtocol.log:173 -Starting ProtocolHandler ["http-nio-8001"]
2022-12-20 11:35:49.559 INFO  [main]o.s.boot.web.embedded.tomcat.TomcatWebServer.start:220 -Tomcat started on port(s): 8001 (http) with context path ''
2022-12-20 11:35:49.610 INFO  [main]com.alibaba.cloud.nacos.registry.NacosServiceRegistry.register:75 -nacos registry, DEFAULT_GROUP coder-user 192.168.0.103:8001 register finished
2022-12-20 11:35:49.625 INFO  [main]com.knowledge.user.UserApplication.logStarted:61 -Started UserApplication in 5.643 seconds (JVM running for 5.94)
2022-12-20 11:35:49.866 INFO  [RMI TCP Connection(3)-127.0.0.1]o.a.catalina.core.ContainerBase.[Tomcat].[localhost].[/].log:173 -Initializing Spring DispatcherServlet 'dispatcherServlet'
2022-12-20 11:35:49.867 INFO  [RMI TCP Connection(3)-127.0.0.1]org.springframework.web.servlet.DispatcherServlet.initServletBean:525 -Initializing Servlet 'dispatcherServlet'
2022-12-20 11:35:49.868 INFO  [RMI TCP Connection(3)-127.0.0.1]org.springframework.web.servlet.DispatcherServlet.initServletBean:547 -Completed initialization in 1 ms
2022-12-20 11:38:30.959 WARN  [http-nio-8001-exec-5]com.alibaba.druid.pool.DruidAbstractDataSource.testConnectionInternal:1489 -discard long time none received connection. , jdbcUrl : jdbc:mysql://119.91.236.24:3306/code_generator_user?serverTimezone=GMT%2B8&useUnicode=true&characterEncoding=UTF-8&autoReconnect=true, version : 1.2.4, lastPacketReceivedIdleMillis : 128831
2022-12-20 11:38:30.982 WARN  [http-nio-8001-exec-5]com.alibaba.druid.pool.DruidAbstractDataSource.testConnectionInternal:1489 -discard long time none received connection. , jdbcUrl : jdbc:mysql://119.91.236.24:3306/code_generator_user?serverTimezone=GMT%2B8&useUnicode=true&characterEncoding=UTF-8&autoReconnect=true, version : 1.2.4, lastPacketReceivedIdleMillis : 163592
2022-12-20 11:38:31.005 WARN  [http-nio-8001-exec-5]com.alibaba.druid.pool.DruidAbstractDataSource.testConnectionInternal:1489 -discard long time none received connection. , jdbcUrl : jdbc:mysql://119.91.236.24:3306/code_generator_user?serverTimezone=GMT%2B8&useUnicode=true&characterEncoding=UTF-8&autoReconnect=true, version : 1.2.4, lastPacketReceivedIdleMillis : 163866
2022-12-20 11:38:31.027 WARN  [http-nio-8001-exec-5]com.alibaba.druid.pool.DruidAbstractDataSource.testConnectionInternal:1489 -discard long time none received connection. , jdbcUrl : jdbc:mysql://119.91.236.24:3306/code_generator_user?serverTimezone=GMT%2B8&useUnicode=true&characterEncoding=UTF-8&autoReconnect=true, version : 1.2.4, lastPacketReceivedIdleMillis : 164157
2022-12-20 11:38:31.049 WARN  [http-nio-8001-exec-5]com.alibaba.druid.pool.DruidAbstractDataSource.testConnectionInternal:1489 -discard long time none received connection. , jdbcUrl : jdbc:mysql://119.91.236.24:3306/code_generator_user?serverTimezone=GMT%2B8&useUnicode=true&characterEncoding=UTF-8&autoReconnect=true, version : 1.2.4, lastPacketReceivedIdleMillis : 164446
2022-12-20 11:41:24.848 WARN  [Thread-19]com.alibaba.nacos.common.notify.NotifyCenter.shutdown:145 -[NotifyCenter] Start destroying Publisher
2022-12-20 11:41:24.848 WARN  [Thread-13]com.alibaba.nacos.common.http.HttpClientBeanHolder.shutdown:108 -[HttpClientBeanHolder] Start destroying common HttpClient
2022-12-20 11:41:24.849 WARN  [Thread-19]com.alibaba.nacos.common.notify.NotifyCenter.shutdown:162 -[NotifyCenter] Destruction of the end
2022-12-20 11:41:24.850 WARN  [Thread-13]com.alibaba.nacos.common.http.HttpClientBeanHolder.shutdown:114 -[HttpClientBeanHolder] Destruction of the end
2022-12-20 11:41:24.868 INFO  [SpringApplicationShutdownHook]com.alibaba.cloud.nacos.registry.NacosServiceRegistry.deregister:90 -De-registering from Nacos Server now...
2022-12-20 11:41:24.914 INFO  [SpringApplicationShutdownHook]com.alibaba.cloud.nacos.registry.NacosServiceRegistry.deregister:110 -De-registration finished.
2022-12-20 11:41:33.073 WARN  [SpringApplicationShutdownHook]o.s.beans.factory.support.DisposableBeanAdapter.invokeCustomDestroyMethod:329 -Custom destroy method 'close' on bean with name 'nacosServiceRegistry' threw an exception: java.lang.NullPointerException
2022-12-20 11:41:33.078 INFO  [SpringApplicationShutdownHook]com.alibaba.druid.pool.DruidDataSource.close:2032 -{dataSource-1} closing ...
2022-12-20 11:41:33.081 INFO  [SpringApplicationShutdownHook]com.alibaba.druid.pool.DruidDataSource.close:2104 -{dataSource-1} closed
2022-12-20 11:42:23.362 INFO  [main]com.knowledge.user.UserApplication.logStartupProfileInfo:634 -No active profile set, falling back to 1 default profile: "default"
2022-12-20 11:42:23.721 INFO  [main]o.s.d.repository.config.RepositoryConfigurationDelegate.multipleStoresDetected:262 -Multiple Spring Data modules found, entering strict repository configuration mode!
2022-12-20 11:42:23.722 INFO  [main]o.s.d.repository.config.RepositoryConfigurationDelegate.registerRepositoriesIn:132 -Bootstrapping Spring Data Redis repositories in DEFAULT mode.
2022-12-20 11:42:23.730 INFO  [main]o.s.d.repository.config.RepositoryConfigurationDelegate.registerRepositoriesIn:201 -Finished Spring Data repository scanning in 2 ms. Found 0 Redis repository interfaces.
2022-12-20 11:42:23.895 INFO  [main]o.s.d.repository.config.RepositoryConfigurationDelegate.multipleStoresDetected:262 -Multiple Spring Data modules found, entering strict repository configuration mode!
2022-12-20 11:42:23.896 INFO  [main]o.s.d.repository.config.RepositoryConfigurationDelegate.registerRepositoriesIn:132 -Bootstrapping Spring Data Redis repositories in DEFAULT mode.
2022-12-20 11:42:23.899 INFO  [main]o.s.d.repository.config.RepositoryConfigurationDelegate.registerRepositoriesIn:201 -Finished Spring Data repository scanning in 3 ms. Found 0 Redis repository interfaces.
2022-12-20 11:42:24.061 INFO  [main]org.springframework.cloud.context.scope.GenericScope.setSerializationId:283 -BeanFactory id=f8a8ba56-6a49-31be-992d-a33313b003b7
2022-12-20 11:42:24.327 INFO  [main]o.s.boot.web.embedded.tomcat.TomcatWebServer.initialize:108 -Tomcat initialized with port(s): 8001 (http)
2022-12-20 11:42:24.332 INFO  [main]org.apache.coyote.http11.Http11NioProtocol.log:173 -Initializing ProtocolHandler ["http-nio-8001"]
2022-12-20 11:42:24.333 INFO  [main]org.apache.catalina.core.StandardService.log:173 -Starting service [Tomcat]
2022-12-20 11:42:24.333 INFO  [main]org.apache.catalina.core.StandardEngine.log:173 -Starting Servlet engine: [Apache Tomcat/9.0.63]
2022-12-20 11:42:24.389 INFO  [main]o.a.catalina.core.ContainerBase.[Tomcat].[localhost].[/].log:173 -Initializing Spring embedded WebApplicationContext
2022-12-20 11:42:24.390 INFO  [main]o.s.b.w.s.context.ServletWebServerApplicationContext.prepareWebApplicationContext:292 -Root WebApplicationContext: initialization completed in 1015 ms
2022-12-20 11:42:24.510 INFO  [main]c.a.d.s.boot.autoconfigure.DruidDataSourceAutoConfigure.dataSource:56 -Init DruidDataSource
2022-12-20 11:42:26.261 INFO  [main]com.alibaba.druid.pool.DruidDataSource.init:985 -{dataSource-1} inited
2022-12-20 11:42:27.432 WARN  [main]o.s.b.a.s.servlet.UserDetailsServiceAutoConfiguration.getOrDeducePassword:88 -

Using generated security password: 847813e9-0f8a-49d2-8451-6903f67794f8

This generated password is for development use only. Your security configuration must be updated before running your application in production.

2022-12-20 11:42:27.587 INFO  [main]o.s.security.web.DefaultSecurityFilterChain.<init>:55 -Will secure any request with [org.springframework.security.web.session.DisableEncodeUrlFilter@538aa83f, org.springframework.security.web.context.request.async.WebAsyncManagerIntegrationFilter@63e70bf9, org.springframework.security.web.context.SecurityContextPersistenceFilter@1c4057f9, org.springframework.security.web.header.HeaderWriterFilter@74bdfa0b, org.springframework.security.web.authentication.logout.LogoutFilter@21abda60, org.springframework.security.oauth2.provider.authentication.OAuth2AuthenticationProcessingFilter@26101efc, org.springframework.security.web.savedrequest.RequestCacheAwareFilter@5c1c9881, org.springframework.security.web.servletapi.SecurityContextHolderAwareRequestFilter@485c84d7, org.springframework.security.web.authentication.AnonymousAuthenticationFilter@402a69f, org.springframework.security.web.session.SessionManagementFilter@18db3b3c, org.springframework.security.web.access.ExceptionTranslationFilter@147c00aa, org.springframework.security.web.access.intercept.FilterSecurityInterceptor@5fe5c68b]
2022-12-20 11:42:27.691 WARN  [main]o.s.c.l.c.LoadBalancerCacheAutoConfiguration$LoadBalancerCaffeineWarnLogger.logWarning:82 -Spring Cloud LoadBalancer is currently working with the default cache. While this cache implementation is useful for development and tests, it's recommended to use Caffeine cache in production.You can switch to using Caffeine cache, by adding it and org.springframework.cache.caffeine.CaffeineCacheManager to the classpath.
2022-12-20 11:42:27.762 WARN  [main]o.s.c.s.oauth2.SpringCloudSecurityAutoConfiguration.<init>:38 -All Spring Cloud Security modules and starters are deprecated. They will be moved to individual projects in the next major release.
2022-12-20 11:42:27.766 INFO  [main]o.s.boot.actuate.endpoint.web.EndpointLinksResolver.<init>:58 -Exposing 1 endpoint(s) beneath base path '/actuator'
2022-12-20 11:42:27.998 INFO  [main]org.apache.coyote.http11.Http11NioProtocol.log:173 -Starting ProtocolHandler ["http-nio-8001"]
2022-12-20 11:42:28.010 INFO  [main]o.s.boot.web.embedded.tomcat.TomcatWebServer.start:220 -Tomcat started on port(s): 8001 (http) with context path ''
2022-12-20 11:42:28.081 INFO  [main]com.alibaba.cloud.nacos.registry.NacosServiceRegistry.register:75 -nacos registry, DEFAULT_GROUP coder-user 192.168.0.103:8001 register finished
2022-12-20 11:42:28.097 INFO  [main]com.knowledge.user.UserApplication.logStarted:61 -Started UserApplication in 5.618 seconds (JVM running for 5.994)
2022-12-20 11:42:28.273 INFO  [RMI TCP Connection(3)-127.0.0.1]o.a.catalina.core.ContainerBase.[Tomcat].[localhost].[/].log:173 -Initializing Spring DispatcherServlet 'dispatcherServlet'
2022-12-20 11:42:28.274 INFO  [RMI TCP Connection(3)-127.0.0.1]org.springframework.web.servlet.DispatcherServlet.initServletBean:525 -Initializing Servlet 'dispatcherServlet'
2022-12-20 11:42:28.275 INFO  [RMI TCP Connection(3)-127.0.0.1]org.springframework.web.servlet.DispatcherServlet.initServletBean:547 -Completed initialization in 1 ms
2022-12-20 12:40:36.633 WARN  [Thread-19]com.alibaba.nacos.common.notify.NotifyCenter.shutdown:145 -[NotifyCenter] Start destroying Publisher
2022-12-20 12:40:36.634 WARN  [Thread-13]com.alibaba.nacos.common.http.HttpClientBeanHolder.shutdown:108 -[HttpClientBeanHolder] Start destroying common HttpClient
2022-12-20 12:40:36.635 WARN  [Thread-19]com.alibaba.nacos.common.notify.NotifyCenter.shutdown:162 -[NotifyCenter] Destruction of the end
2022-12-20 12:40:36.636 WARN  [Thread-13]com.alibaba.nacos.common.http.HttpClientBeanHolder.shutdown:114 -[HttpClientBeanHolder] Destruction of the end
2022-12-20 12:40:36.685 INFO  [SpringApplicationShutdownHook]com.alibaba.cloud.nacos.registry.NacosServiceRegistry.deregister:90 -De-registering from Nacos Server now...
2022-12-20 12:40:37.087 INFO  [SpringApplicationShutdownHook]com.alibaba.cloud.nacos.registry.NacosServiceRegistry.deregister:110 -De-registration finished.
2022-12-20 12:40:46.123 WARN  [SpringApplicationShutdownHook]o.s.beans.factory.support.DisposableBeanAdapter.invokeCustomDestroyMethod:329 -Custom destroy method 'close' on bean with name 'nacosServiceRegistry' threw an exception: java.lang.NullPointerException
2022-12-20 12:40:46.126 INFO  [SpringApplicationShutdownHook]com.alibaba.druid.pool.DruidDataSource.close:2032 -{dataSource-1} closing ...
2022-12-20 12:40:46.129 INFO  [SpringApplicationShutdownHook]com.alibaba.druid.pool.DruidDataSource.close:2104 -{dataSource-1} closed
2022-12-20 23:44:35.869 INFO  [main]com.knowledge.user.UserApplication.logStartupProfileInfo:634 -No active profile set, falling back to 1 default profile: "default"
2022-12-20 23:44:36.220 INFO  [main]o.s.d.repository.config.RepositoryConfigurationDelegate.multipleStoresDetected:262 -Multiple Spring Data modules found, entering strict repository configuration mode!
2022-12-20 23:44:36.220 INFO  [main]o.s.d.repository.config.RepositoryConfigurationDelegate.registerRepositoriesIn:132 -Bootstrapping Spring Data Redis repositories in DEFAULT mode.
2022-12-20 23:44:36.228 INFO  [main]o.s.d.repository.config.RepositoryConfigurationDelegate.registerRepositoriesIn:201 -Finished Spring Data repository scanning in 2 ms. Found 0 Redis repository interfaces.
2022-12-20 23:44:36.384 INFO  [main]o.s.d.repository.config.RepositoryConfigurationDelegate.multipleStoresDetected:262 -Multiple Spring Data modules found, entering strict repository configuration mode!
2022-12-20 23:44:36.384 INFO  [main]o.s.d.repository.config.RepositoryConfigurationDelegate.registerRepositoriesIn:132 -Bootstrapping Spring Data Redis repositories in DEFAULT mode.
2022-12-20 23:44:36.387 INFO  [main]o.s.d.repository.config.RepositoryConfigurationDelegate.registerRepositoriesIn:201 -Finished Spring Data repository scanning in 2 ms. Found 0 Redis repository interfaces.
2022-12-20 23:44:36.582 INFO  [main]org.springframework.cloud.context.scope.GenericScope.setSerializationId:283 -BeanFactory id=d5f5f751-e817-3112-9f16-65a573089b72
2022-12-20 23:44:36.946 INFO  [main]o.s.boot.web.embedded.tomcat.TomcatWebServer.initialize:108 -Tomcat initialized with port(s): 8001 (http)
2022-12-20 23:44:36.951 INFO  [main]org.apache.coyote.http11.Http11NioProtocol.log:173 -Initializing ProtocolHandler ["http-nio-8001"]
2022-12-20 23:44:36.952 INFO  [main]org.apache.catalina.core.StandardService.log:173 -Starting service [Tomcat]
2022-12-20 23:44:36.952 INFO  [main]org.apache.catalina.core.StandardEngine.log:173 -Starting Servlet engine: [Apache Tomcat/9.0.63]
2022-12-20 23:44:37.021 INFO  [main]o.a.catalina.core.ContainerBase.[Tomcat].[localhost].[/].log:173 -Initializing Spring embedded WebApplicationContext
2022-12-20 23:44:37.021 INFO  [main]o.s.b.w.s.context.ServletWebServerApplicationContext.prepareWebApplicationContext:292 -Root WebApplicationContext: initialization completed in 1143 ms
2022-12-20 23:44:37.151 INFO  [main]c.a.d.s.boot.autoconfigure.DruidDataSourceAutoConfigure.dataSource:56 -Init DruidDataSource
2022-12-20 23:44:39.485 INFO  [main]com.alibaba.druid.pool.DruidDataSource.init:985 -{dataSource-1} inited
2022-12-20 23:44:40.931 WARN  [main]o.s.b.a.s.servlet.UserDetailsServiceAutoConfiguration.getOrDeducePassword:88 -

Using generated security password: b2823988-fbeb-46d9-8843-859e56a40f4d

This generated password is for development use only. Your security configuration must be updated before running your application in production.

2022-12-20 23:44:41.148 INFO  [main]o.s.security.web.DefaultSecurityFilterChain.<init>:55 -Will secure any request with [org.springframework.security.web.session.DisableEncodeUrlFilter@3cdfbbef, org.springframework.security.web.context.request.async.WebAsyncManagerIntegrationFilter@7a1ddbf1, org.springframework.security.web.context.SecurityContextPersistenceFilter@69b37f5c, org.springframework.security.web.header.HeaderWriterFilter@21f91efa, org.springframework.security.web.authentication.logout.LogoutFilter@402a69f, org.springframework.security.oauth2.provider.authentication.OAuth2AuthenticationProcessingFilter@1e6d30c0, org.springframework.security.web.savedrequest.RequestCacheAwareFilter@34b2d51a, org.springframework.security.web.servletapi.SecurityContextHolderAwareRequestFilter@191e654, org.springframework.security.web.authentication.AnonymousAuthenticationFilter@1e606f64, org.springframework.security.web.session.SessionManagementFilter@26f75d9c, org.springframework.security.web.access.ExceptionTranslationFilter@1533338c, org.springframework.security.web.access.intercept.FilterSecurityInterceptor@460f1cdb]
2022-12-20 23:44:41.298 WARN  [main]o.s.c.l.c.LoadBalancerCacheAutoConfiguration$LoadBalancerCaffeineWarnLogger.logWarning:82 -Spring Cloud LoadBalancer is currently working with the default cache. While this cache implementation is useful for development and tests, it's recommended to use Caffeine cache in production.You can switch to using Caffeine cache, by adding it and org.springframework.cache.caffeine.CaffeineCacheManager to the classpath.
2022-12-20 23:44:41.374 WARN  [main]o.s.c.s.oauth2.SpringCloudSecurityAutoConfiguration.<init>:38 -All Spring Cloud Security modules and starters are deprecated. They will be moved to individual projects in the next major release.
2022-12-20 23:44:41.380 INFO  [main]o.s.boot.actuate.endpoint.web.EndpointLinksResolver.<init>:58 -Exposing 1 endpoint(s) beneath base path '/actuator'
2022-12-20 23:44:41.595 INFO  [main]org.apache.coyote.http11.Http11NioProtocol.log:173 -Starting ProtocolHandler ["http-nio-8001"]
2022-12-20 23:44:41.616 INFO  [main]o.s.boot.web.embedded.tomcat.TomcatWebServer.start:220 -Tomcat started on port(s): 8001 (http) with context path ''
2022-12-20 23:44:41.685 INFO  [main]com.alibaba.cloud.nacos.registry.NacosServiceRegistry.register:75 -nacos registry, DEFAULT_GROUP coder-user 192.168.0.103:8001 register finished
2022-12-20 23:44:41.699 INFO  [main]com.knowledge.user.UserApplication.logStarted:61 -Started UserApplication in 6.428 seconds (JVM running for 6.719)
2022-12-20 23:44:42.149 INFO  [RMI TCP Connection(3)-127.0.0.1]o.a.catalina.core.ContainerBase.[Tomcat].[localhost].[/].log:173 -Initializing Spring DispatcherServlet 'dispatcherServlet'
2022-12-20 23:44:42.149 INFO  [RMI TCP Connection(3)-127.0.0.1]org.springframework.web.servlet.DispatcherServlet.initServletBean:525 -Initializing Servlet 'dispatcherServlet'
2022-12-20 23:44:42.151 INFO  [RMI TCP Connection(3)-127.0.0.1]org.springframework.web.servlet.DispatcherServlet.initServletBean:547 -Completed initialization in 1 ms
2022-12-20 23:51:59.684 WARN  [Thread-14]com.alibaba.nacos.common.http.HttpClientBeanHolder.shutdown:108 -[HttpClientBeanHolder] Start destroying common HttpClient
2022-12-20 23:51:59.684 WARN  [Thread-21]com.alibaba.nacos.common.notify.NotifyCenter.shutdown:145 -[NotifyCenter] Start destroying Publisher
2022-12-20 23:51:59.685 WARN  [Thread-21]com.alibaba.nacos.common.notify.NotifyCenter.shutdown:162 -[NotifyCenter] Destruction of the end
2022-12-20 23:51:59.685 WARN  [Thread-14]com.alibaba.nacos.common.http.HttpClientBeanHolder.shutdown:114 -[HttpClientBeanHolder] Destruction of the end
2022-12-20 23:51:59.702 INFO  [SpringApplicationShutdownHook]com.alibaba.cloud.nacos.registry.NacosServiceRegistry.deregister:90 -De-registering from Nacos Server now...
2022-12-20 23:51:59.747 INFO  [SpringApplicationShutdownHook]com.alibaba.cloud.nacos.registry.NacosServiceRegistry.deregister:110 -De-registration finished.
2022-12-20 23:52:06.530 WARN  [SpringApplicationShutdownHook]o.s.beans.factory.support.DisposableBeanAdapter.invokeCustomDestroyMethod:329 -Custom destroy method 'close' on bean with name 'nacosServiceRegistry' threw an exception: java.lang.NullPointerException
2022-12-20 23:52:06.535 INFO  [SpringApplicationShutdownHook]com.alibaba.druid.pool.DruidDataSource.close:2032 -{dataSource-1} closing ...
2022-12-20 23:52:06.539 INFO  [SpringApplicationShutdownHook]com.alibaba.druid.pool.DruidDataSource.close:2104 -{dataSource-1} closed
2022-12-20 23:52:11.874 INFO  [main]com.knowledge.user.UserApplication.logStartupProfileInfo:634 -No active profile set, falling back to 1 default profile: "default"
2022-12-20 23:52:12.472 INFO  [main]o.s.d.repository.config.RepositoryConfigurationDelegate.multipleStoresDetected:262 -Multiple Spring Data modules found, entering strict repository configuration mode!
2022-12-20 23:52:12.472 INFO  [main]o.s.d.repository.config.RepositoryConfigurationDelegate.registerRepositoriesIn:132 -Bootstrapping Spring Data Redis repositories in DEFAULT mode.
2022-12-20 23:52:12.484 INFO  [main]o.s.d.repository.config.RepositoryConfigurationDelegate.registerRepositoriesIn:201 -Finished Spring Data repository scanning in 3 ms. Found 0 Redis repository interfaces.
2022-12-20 23:52:12.807 INFO  [main]o.s.d.repository.config.RepositoryConfigurationDelegate.multipleStoresDetected:262 -Multiple Spring Data modules found, entering strict repository configuration mode!
2022-12-20 23:52:12.808 INFO  [main]o.s.d.repository.config.RepositoryConfigurationDelegate.registerRepositoriesIn:132 -Bootstrapping Spring Data Redis repositories in DEFAULT mode.
2022-12-20 23:52:12.817 INFO  [main]o.s.d.repository.config.RepositoryConfigurationDelegate.registerRepositoriesIn:201 -Finished Spring Data repository scanning in 3 ms. Found 0 Redis repository interfaces.
2022-12-20 23:52:13.157 INFO  [main]org.springframework.cloud.context.scope.GenericScope.setSerializationId:283 -BeanFactory id=d5f5f751-e817-3112-9f16-65a573089b72
2022-12-20 23:52:13.557 INFO  [main]o.s.boot.web.embedded.tomcat.TomcatWebServer.initialize:108 -Tomcat initialized with port(s): 8001 (http)
2022-12-20 23:52:13.563 INFO  [main]org.apache.coyote.http11.Http11NioProtocol.log:173 -Initializing ProtocolHandler ["http-nio-8001"]
2022-12-20 23:52:13.563 INFO  [main]org.apache.catalina.core.StandardService.log:173 -Starting service [Tomcat]
2022-12-20 23:52:13.563 INFO  [main]org.apache.catalina.core.StandardEngine.log:173 -Starting Servlet engine: [Apache Tomcat/9.0.63]
2022-12-20 23:52:13.630 INFO  [main]o.a.catalina.core.ContainerBase.[Tomcat].[localhost].[/].log:173 -Initializing Spring embedded WebApplicationContext
2022-12-20 23:52:13.630 INFO  [main]o.s.b.w.s.context.ServletWebServerApplicationContext.prepareWebApplicationContext:292 -Root WebApplicationContext: initialization completed in 1720 ms
2022-12-20 23:52:13.883 INFO  [main]c.a.d.s.boot.autoconfigure.DruidDataSourceAutoConfigure.dataSource:56 -Init DruidDataSource
2022-12-20 23:52:17.043 INFO  [main]com.alibaba.druid.pool.DruidDataSource.init:985 -{dataSource-1} inited
2022-12-20 23:52:19.044 WARN  [main]o.s.b.a.s.servlet.UserDetailsServiceAutoConfiguration.getOrDeducePassword:88 -

Using generated security password: abe8b48c-5d52-4389-8071-df39eba35acc

This generated password is for development use only. Your security configuration must be updated before running your application in production.

2022-12-20 23:52:19.221 INFO  [main]o.s.security.web.DefaultSecurityFilterChain.<init>:55 -Will secure any request with [org.springframework.security.web.session.DisableEncodeUrlFilter@d1f23a0, org.springframework.security.web.context.request.async.WebAsyncManagerIntegrationFilter@2976ca51, org.springframework.security.web.context.SecurityContextPersistenceFilter@2ecdf528, org.springframework.security.web.header.HeaderWriterFilter@17d816b3, org.springframework.security.web.authentication.logout.LogoutFilter@20a47036, org.springframework.security.oauth2.provider.authentication.OAuth2AuthenticationProcessingFilter@c82d925, org.springframework.security.web.savedrequest.RequestCacheAwareFilter@33f349ae, org.springframework.security.web.servletapi.SecurityContextHolderAwareRequestFilter@123ca460, org.springframework.security.web.authentication.AnonymousAuthenticationFilter@6b091a92, org.springframework.security.web.session.SessionManagementFilter@5aa7cfdf, org.springframework.security.web.access.ExceptionTranslationFilter@2ec5cc14, org.springframework.security.web.access.intercept.FilterSecurityInterceptor@333a44f2]
2022-12-20 23:52:19.342 WARN  [main]o.s.c.l.c.LoadBalancerCacheAutoConfiguration$LoadBalancerCaffeineWarnLogger.logWarning:82 -Spring Cloud LoadBalancer is currently working with the default cache. While this cache implementation is useful for development and tests, it's recommended to use Caffeine cache in production.You can switch to using Caffeine cache, by adding it and org.springframework.cache.caffeine.CaffeineCacheManager to the classpath.
2022-12-20 23:52:19.437 WARN  [main]o.s.c.s.oauth2.SpringCloudSecurityAutoConfiguration.<init>:38 -All Spring Cloud Security modules and starters are deprecated. They will be moved to individual projects in the next major release.
2022-12-20 23:52:19.442 INFO  [main]o.s.boot.actuate.endpoint.web.EndpointLinksResolver.<init>:58 -Exposing 1 endpoint(s) beneath base path '/actuator'
2022-12-20 23:52:19.629 INFO  [main]org.apache.coyote.http11.Http11NioProtocol.log:173 -Starting ProtocolHandler ["http-nio-8001"]
2022-12-20 23:52:19.640 INFO  [main]o.s.boot.web.embedded.tomcat.TomcatWebServer.start:220 -Tomcat started on port(s): 8001 (http) with context path ''
2022-12-20 23:52:19.702 INFO  [main]com.alibaba.cloud.nacos.registry.NacosServiceRegistry.register:75 -nacos registry, DEFAULT_GROUP coder-user 192.168.0.103:8001 register finished
2022-12-20 23:52:19.718 INFO  [main]com.knowledge.user.UserApplication.logStarted:61 -Started UserApplication in 8.886 seconds (JVM running for 9.211)
2022-12-20 23:52:19.796 INFO  [RMI TCP Connection(7)-127.0.0.1]o.a.catalina.core.ContainerBase.[Tomcat].[localhost].[/].log:173 -Initializing Spring DispatcherServlet 'dispatcherServlet'
2022-12-20 23:52:19.796 INFO  [RMI TCP Connection(7)-127.0.0.1]org.springframework.web.servlet.DispatcherServlet.initServletBean:525 -Initializing Servlet 'dispatcherServlet'
2022-12-20 23:52:19.798 INFO  [RMI TCP Connection(7)-127.0.0.1]org.springframework.web.servlet.DispatcherServlet.initServletBean:547 -Completed initialization in 2 ms
2022-12-20 23:58:29.788 WARN  [Thread-18]com.alibaba.nacos.common.http.HttpClientBeanHolder.shutdown:108 -[HttpClientBeanHolder] Start destroying common HttpClient
2022-12-20 23:58:29.788 WARN  [Thread-25]com.alibaba.nacos.common.notify.NotifyCenter.shutdown:145 -[NotifyCenter] Start destroying Publisher
2022-12-20 23:58:29.789 WARN  [Thread-25]com.alibaba.nacos.common.notify.NotifyCenter.shutdown:162 -[NotifyCenter] Destruction of the end
2022-12-20 23:58:29.789 WARN  [Thread-18]com.alibaba.nacos.common.http.HttpClientBeanHolder.shutdown:114 -[HttpClientBeanHolder] Destruction of the end
2022-12-20 23:58:29.827 INFO  [SpringApplicationShutdownHook]com.alibaba.cloud.nacos.registry.NacosServiceRegistry.deregister:90 -De-registering from Nacos Server now...
2022-12-20 23:58:29.889 INFO  [SpringApplicationShutdownHook]com.alibaba.cloud.nacos.registry.NacosServiceRegistry.deregister:110 -De-registration finished.
2022-12-20 23:58:36.795 WARN  [SpringApplicationShutdownHook]o.s.beans.factory.support.DisposableBeanAdapter.invokeCustomDestroyMethod:329 -Custom destroy method 'close' on bean with name 'nacosServiceRegistry' threw an exception: java.lang.NullPointerException
2022-12-20 23:58:36.805 INFO  [SpringApplicationShutdownHook]com.alibaba.druid.pool.DruidDataSource.close:2032 -{dataSource-1} closing ...
2022-12-20 23:58:36.814 INFO  [SpringApplicationShutdownHook]com.alibaba.druid.pool.DruidDataSource.close:2104 -{dataSource-1} closed
2022-12-20 23:58:41.622 INFO  [main]com.knowledge.user.UserApplication.logStartupProfileInfo:634 -No active profile set, falling back to 1 default profile: "default"
2022-12-20 23:58:42.046 INFO  [main]o.s.d.repository.config.RepositoryConfigurationDelegate.multipleStoresDetected:262 -Multiple Spring Data modules found, entering strict repository configuration mode!
2022-12-20 23:58:42.046 INFO  [main]o.s.d.repository.config.RepositoryConfigurationDelegate.registerRepositoriesIn:132 -Bootstrapping Spring Data Redis repositories in DEFAULT mode.
2022-12-20 23:58:42.058 INFO  [main]o.s.d.repository.config.RepositoryConfigurationDelegate.registerRepositoriesIn:201 -Finished Spring Data repository scanning in 3 ms. Found 0 Redis repository interfaces.
2022-12-20 23:58:42.241 INFO  [main]o.s.d.repository.config.RepositoryConfigurationDelegate.multipleStoresDetected:262 -Multiple Spring Data modules found, entering strict repository configuration mode!
2022-12-20 23:58:42.242 INFO  [main]o.s.d.repository.config.RepositoryConfigurationDelegate.registerRepositoriesIn:132 -Bootstrapping Spring Data Redis repositories in DEFAULT mode.
2022-12-20 23:58:42.245 INFO  [main]o.s.d.repository.config.RepositoryConfigurationDelegate.registerRepositoriesIn:201 -Finished Spring Data repository scanning in 3 ms. Found 0 Redis repository interfaces.
2022-12-20 23:58:42.401 INFO  [main]org.springframework.cloud.context.scope.GenericScope.setSerializationId:283 -BeanFactory id=d5f5f751-e817-3112-9f16-65a573089b72
2022-12-20 23:58:42.743 INFO  [main]o.s.boot.web.embedded.tomcat.TomcatWebServer.initialize:108 -Tomcat initialized with port(s): 8001 (http)
2022-12-20 23:58:42.749 INFO  [main]org.apache.coyote.http11.Http11NioProtocol.log:173 -Initializing ProtocolHandler ["http-nio-8001"]
2022-12-20 23:58:42.749 INFO  [main]org.apache.catalina.core.StandardService.log:173 -Starting service [Tomcat]
2022-12-20 23:58:42.749 INFO  [main]org.apache.catalina.core.StandardEngine.log:173 -Starting Servlet engine: [Apache Tomcat/9.0.63]
2022-12-20 23:58:42.821 INFO  [main]o.a.catalina.core.ContainerBase.[Tomcat].[localhost].[/].log:173 -Initializing Spring embedded WebApplicationContext
2022-12-20 23:58:42.822 INFO  [main]o.s.b.w.s.context.ServletWebServerApplicationContext.prepareWebApplicationContext:292 -Root WebApplicationContext: initialization completed in 1189 ms
2022-12-20 23:58:42.957 INFO  [main]c.a.d.s.boot.autoconfigure.DruidDataSourceAutoConfigure.dataSource:56 -Init DruidDataSource
2022-12-20 23:58:46.854 INFO  [main]com.alibaba.druid.pool.DruidDataSource.init:985 -{dataSource-1} inited
2022-12-20 23:58:48.169 WARN  [main]o.s.b.a.s.servlet.UserDetailsServiceAutoConfiguration.getOrDeducePassword:88 -

Using generated security password: ea26b95c-fa9e-449c-ae5a-2ded60259af4

This generated password is for development use only. Your security configuration must be updated before running your application in production.

2022-12-20 23:58:48.327 INFO  [main]o.s.security.web.DefaultSecurityFilterChain.<init>:55 -Will secure any request with [org.springframework.security.web.session.DisableEncodeUrlFilter@20a47036, org.springframework.security.web.context.request.async.WebAsyncManagerIntegrationFilter@70c205bf, org.springframework.security.web.context.SecurityContextPersistenceFilter@3a6556b6, org.springframework.security.web.header.HeaderWriterFilter@1a5b7394, org.springframework.security.web.authentication.logout.LogoutFilter@213012a0, org.springframework.security.oauth2.provider.authentication.OAuth2AuthenticationProcessingFilter@7ab1ad9, org.springframework.security.web.savedrequest.RequestCacheAwareFilter@6141647f, org.springframework.security.web.servletapi.SecurityContextHolderAwareRequestFilter@250a946, org.springframework.security.web.authentication.AnonymousAuthenticationFilter@43ab9ae9, org.springframework.security.web.session.SessionManagementFilter@580ffea, org.springframework.security.web.access.ExceptionTranslationFilter@6de84336, org.springframework.security.web.access.intercept.FilterSecurityInterceptor@1e606f64]
2022-12-20 23:58:48.416 WARN  [main]o.s.c.l.c.LoadBalancerCacheAutoConfiguration$LoadBalancerCaffeineWarnLogger.logWarning:82 -Spring Cloud LoadBalancer is currently working with the default cache. While this cache implementation is useful for development and tests, it's recommended to use Caffeine cache in production.You can switch to using Caffeine cache, by adding it and org.springframework.cache.caffeine.CaffeineCacheManager to the classpath.
2022-12-20 23:58:48.518 WARN  [main]o.s.c.s.oauth2.SpringCloudSecurityAutoConfiguration.<init>:38 -All Spring Cloud Security modules and starters are deprecated. They will be moved to individual projects in the next major release.
2022-12-20 23:58:48.521 INFO  [main]o.s.boot.actuate.endpoint.web.EndpointLinksResolver.<init>:58 -Exposing 1 endpoint(s) beneath base path '/actuator'
2022-12-20 23:58:48.995 INFO  [main]org.apache.coyote.http11.Http11NioProtocol.log:173 -Starting ProtocolHandler ["http-nio-8001"]
2022-12-20 23:58:49.008 INFO  [main]o.s.boot.web.embedded.tomcat.TomcatWebServer.start:220 -Tomcat started on port(s): 8001 (http) with context path ''
2022-12-20 23:58:49.075 INFO  [main]com.alibaba.cloud.nacos.registry.NacosServiceRegistry.register:75 -nacos registry, DEFAULT_GROUP coder-user 192.168.0.103:8001 register finished
2022-12-20 23:58:49.089 INFO  [main]com.knowledge.user.UserApplication.logStarted:61 -Started UserApplication in 8.163 seconds (JVM running for 8.485)
2022-12-20 23:58:49.182 INFO  [RMI TCP Connection(7)-127.0.0.1]o.a.catalina.core.ContainerBase.[Tomcat].[localhost].[/].log:173 -Initializing Spring DispatcherServlet 'dispatcherServlet'
2022-12-20 23:58:49.182 INFO  [RMI TCP Connection(7)-127.0.0.1]org.springframework.web.servlet.DispatcherServlet.initServletBean:525 -Initializing Servlet 'dispatcherServlet'
2022-12-20 23:58:49.184 INFO  [RMI TCP Connection(7)-127.0.0.1]org.springframework.web.servlet.DispatcherServlet.initServletBean:547 -Completed initialization in 2 ms
