2022-12-21 00:03:27.994 INFO  [SpringApplicationShutdownHook]com.alibaba.cloud.nacos.registry.NacosServiceRegistry.deregister:90 -De-registering from Nacos Server now...
2022-12-21 00:03:28.050 INFO  [SpringApplicationShutdownHook]com.alibaba.cloud.nacos.registry.NacosServiceRegistry.deregister:110 -De-registration finished.
2022-12-21 00:03:44.681 INFO  [main]com.knowledge.gateway.GatewayApplication.logStartupProfileInfo:634 -No active profile set, falling back to 1 default profile: "default"
2022-12-21 00:03:44.876 INFO  [main]o.s.d.repository.config.RepositoryConfigurationDelegate.multipleStoresDetected:262 -Multiple Spring Data modules found, entering strict repository configuration mode!
2022-12-21 00:03:44.876 INFO  [main]o.s.d.repository.config.RepositoryConfigurationDelegate.registerRepositoriesIn:132 -Bootstrapping Spring Data Redis repositories in DEFAULT mode.
2022-12-21 00:03:44.889 INFO  [main]o.s.d.repository.config.RepositoryConfigurationDelegate.registerRepositoriesIn:201 -Finished Spring Data repository scanning in 5 ms. Found 0 Redis repository interfaces.
2022-12-21 00:03:45.030 INFO  [main]o.s.d.repository.config.RepositoryConfigurationDelegate.multipleStoresDetected:262 -Multiple Spring Data modules found, entering strict repository configuration mode!
2022-12-21 00:03:45.030 INFO  [main]o.s.d.repository.config.RepositoryConfigurationDelegate.registerRepositoriesIn:132 -Bootstrapping Spring Data Redis repositories in DEFAULT mode.
2022-12-21 00:03:45.033 INFO  [main]o.s.d.repository.config.RepositoryConfigurationDelegate.registerRepositoriesIn:201 -Finished Spring Data repository scanning in 1 ms. Found 0 Redis repository interfaces.
2022-12-21 00:03:45.151 INFO  [main]org.springframework.cloud.context.scope.GenericScope.setSerializationId:283 -BeanFactory id=d021922b-eb4e-34da-8c2a-c51eb0880cef
2022-12-21 00:03:45.219 INFO  [main]o.s.c.s.PostProcessorRegistrationDelegate$BeanPostProcessorChecker.postProcessAfterInitialization:376 -Bean 'org.springframework.cloud.client.loadbalancer.reactive.LoadBalancerBeanPostProcessorAutoConfiguration' of type [org.springframework.cloud.client.loadbalancer.reactive.LoadBalancerBeanPostProcessorAutoConfiguration] is not eligible for getting processed by all BeanPostProcessors (for example: not eligible for auto-proxying)
2022-12-21 00:03:45.221 INFO  [main]o.s.c.s.PostProcessorRegistrationDelegate$BeanPostProcessorChecker.postProcessAfterInitialization:376 -Bean 'org.springframework.cloud.client.loadbalancer.reactive.LoadBalancerBeanPostProcessorAutoConfiguration$ReactorDeferringLoadBalancerFilterConfig' of type [org.springframework.cloud.client.loadbalancer.reactive.LoadBalancerBeanPostProcessorAutoConfiguration$ReactorDeferringLoadBalancerFilterConfig] is not eligible for getting processed by all BeanPostProcessors (for example: not eligible for auto-proxying)
2022-12-21 00:03:45.223 INFO  [main]o.s.c.s.PostProcessorRegistrationDelegate$BeanPostProcessorChecker.postProcessAfterInitialization:376 -Bean 'reactorDeferringLoadBalancerExchangeFilterFunction' of type [org.springframework.cloud.client.loadbalancer.reactive.DeferringLoadBalancerExchangeFilterFunction] is not eligible for getting processed by all BeanPostProcessors (for example: not eligible for auto-proxying)
2022-12-21 00:03:46.552 INFO  [main]o.s.cloud.gateway.route.RouteDefinitionRouteLocator.lambda$initFactories$1:88 -Loaded RoutePredicateFactory [After]
2022-12-21 00:03:46.555 INFO  [main]o.s.cloud.gateway.route.RouteDefinitionRouteLocator.lambda$initFactories$1:88 -Loaded RoutePredicateFactory [Before]
2022-12-21 00:03:46.556 INFO  [main]o.s.cloud.gateway.route.RouteDefinitionRouteLocator.lambda$initFactories$1:88 -Loaded RoutePredicateFactory [Between]
2022-12-21 00:03:46.556 INFO  [main]o.s.cloud.gateway.route.RouteDefinitionRouteLocator.lambda$initFactories$1:88 -Loaded RoutePredicateFactory [Cookie]
2022-12-21 00:03:46.556 INFO  [main]o.s.cloud.gateway.route.RouteDefinitionRouteLocator.lambda$initFactories$1:88 -Loaded RoutePredicateFactory [Header]
2022-12-21 00:03:46.560 INFO  [main]o.s.cloud.gateway.route.RouteDefinitionRouteLocator.lambda$initFactories$1:88 -Loaded RoutePredicateFactory [Host]
2022-12-21 00:03:46.560 INFO  [main]o.s.cloud.gateway.route.RouteDefinitionRouteLocator.lambda$initFactories$1:88 -Loaded RoutePredicateFactory [Method]
2022-12-21 00:03:46.560 INFO  [main]o.s.cloud.gateway.route.RouteDefinitionRouteLocator.lambda$initFactories$1:88 -Loaded RoutePredicateFactory [Path]
2022-12-21 00:03:46.560 INFO  [main]o.s.cloud.gateway.route.RouteDefinitionRouteLocator.lambda$initFactories$1:88 -Loaded RoutePredicateFactory [Query]
2022-12-21 00:03:46.560 INFO  [main]o.s.cloud.gateway.route.RouteDefinitionRouteLocator.lambda$initFactories$1:88 -Loaded RoutePredicateFactory [ReadBody]
2022-12-21 00:03:46.560 INFO  [main]o.s.cloud.gateway.route.RouteDefinitionRouteLocator.lambda$initFactories$1:88 -Loaded RoutePredicateFactory [RemoteAddr]
2022-12-21 00:03:46.561 INFO  [main]o.s.cloud.gateway.route.RouteDefinitionRouteLocator.lambda$initFactories$1:88 -Loaded RoutePredicateFactory [XForwardedRemoteAddr]
2022-12-21 00:03:46.561 INFO  [main]o.s.cloud.gateway.route.RouteDefinitionRouteLocator.lambda$initFactories$1:88 -Loaded RoutePredicateFactory [Weight]
2022-12-21 00:03:46.561 INFO  [main]o.s.cloud.gateway.route.RouteDefinitionRouteLocator.lambda$initFactories$1:88 -Loaded RoutePredicateFactory [CloudFoundryRouteService]
2022-12-21 00:03:46.705 INFO  [main]o.s.b.a.s.r.ReactiveUserDetailsServiceAutoConfiguration.getOrDeducePassword:87 -

Using generated security password: 3f5982ed-73b9-4265-9cbd-a808eab5989d

2022-12-21 00:03:47.288 INFO  [main]o.springframework.boot.web.embedded.netty.NettyWebServer.start:111 -Netty started on port 8000
2022-12-21 00:03:47.517 INFO  [main]com.alibaba.cloud.nacos.registry.NacosServiceRegistry.register:75 -nacos registry, DEFAULT_GROUP coder-gateway 192.168.0.103:8000 register finished
2022-12-21 00:03:47.530 INFO  [main]com.knowledge.gateway.GatewayApplication.logStarted:61 -Started GatewayApplication in 3.464 seconds (JVM running for 3.81)
2022-12-21 00:07:49.015 INFO  [SpringApplicationShutdownHook]com.alibaba.cloud.nacos.registry.NacosServiceRegistry.deregister:90 -De-registering from Nacos Server now...
2022-12-21 00:07:49.091 INFO  [SpringApplicationShutdownHook]com.alibaba.cloud.nacos.registry.NacosServiceRegistry.deregister:110 -De-registration finished.
2022-12-21 00:08:04.345 INFO  [main]com.knowledge.gateway.GatewayApplication.logStartupProfileInfo:634 -No active profile set, falling back to 1 default profile: "default"
2022-12-21 00:08:04.500 INFO  [main]o.s.d.repository.config.RepositoryConfigurationDelegate.multipleStoresDetected:262 -Multiple Spring Data modules found, entering strict repository configuration mode!
2022-12-21 00:08:04.501 INFO  [main]o.s.d.repository.config.RepositoryConfigurationDelegate.registerRepositoriesIn:132 -Bootstrapping Spring Data Redis repositories in DEFAULT mode.
2022-12-21 00:08:04.509 INFO  [main]o.s.d.repository.config.RepositoryConfigurationDelegate.registerRepositoriesIn:201 -Finished Spring Data repository scanning in 2 ms. Found 0 Redis repository interfaces.
2022-12-21 00:08:04.597 INFO  [main]o.s.d.repository.config.RepositoryConfigurationDelegate.multipleStoresDetected:262 -Multiple Spring Data modules found, entering strict repository configuration mode!
2022-12-21 00:08:04.597 INFO  [main]o.s.d.repository.config.RepositoryConfigurationDelegate.registerRepositoriesIn:132 -Bootstrapping Spring Data Redis repositories in DEFAULT mode.
2022-12-21 00:08:04.599 INFO  [main]o.s.d.repository.config.RepositoryConfigurationDelegate.registerRepositoriesIn:201 -Finished Spring Data repository scanning in 1 ms. Found 0 Redis repository interfaces.
2022-12-21 00:08:04.685 INFO  [main]org.springframework.cloud.context.scope.GenericScope.setSerializationId:283 -BeanFactory id=d021922b-eb4e-34da-8c2a-c51eb0880cef
2022-12-21 00:08:04.710 INFO  [main]o.s.c.s.PostProcessorRegistrationDelegate$BeanPostProcessorChecker.postProcessAfterInitialization:376 -Bean 'org.springframework.cloud.client.loadbalancer.reactive.LoadBalancerBeanPostProcessorAutoConfiguration' of type [org.springframework.cloud.client.loadbalancer.reactive.LoadBalancerBeanPostProcessorAutoConfiguration] is not eligible for getting processed by all BeanPostProcessors (for example: not eligible for auto-proxying)
2022-12-21 00:08:04.710 INFO  [main]o.s.c.s.PostProcessorRegistrationDelegate$BeanPostProcessorChecker.postProcessAfterInitialization:376 -Bean 'org.springframework.cloud.client.loadbalancer.reactive.LoadBalancerBeanPostProcessorAutoConfiguration$ReactorDeferringLoadBalancerFilterConfig' of type [org.springframework.cloud.client.loadbalancer.reactive.LoadBalancerBeanPostProcessorAutoConfiguration$ReactorDeferringLoadBalancerFilterConfig] is not eligible for getting processed by all BeanPostProcessors (for example: not eligible for auto-proxying)
2022-12-21 00:08:04.711 INFO  [main]o.s.c.s.PostProcessorRegistrationDelegate$BeanPostProcessorChecker.postProcessAfterInitialization:376 -Bean 'reactorDeferringLoadBalancerExchangeFilterFunction' of type [org.springframework.cloud.client.loadbalancer.reactive.DeferringLoadBalancerExchangeFilterFunction] is not eligible for getting processed by all BeanPostProcessors (for example: not eligible for auto-proxying)
2022-12-21 00:08:05.199 INFO  [main]o.s.cloud.gateway.route.RouteDefinitionRouteLocator.lambda$initFactories$1:88 -Loaded RoutePredicateFactory [After]
2022-12-21 00:08:05.199 INFO  [main]o.s.cloud.gateway.route.RouteDefinitionRouteLocator.lambda$initFactories$1:88 -Loaded RoutePredicateFactory [Before]
2022-12-21 00:08:05.199 INFO  [main]o.s.cloud.gateway.route.RouteDefinitionRouteLocator.lambda$initFactories$1:88 -Loaded RoutePredicateFactory [Between]
2022-12-21 00:08:05.199 INFO  [main]o.s.cloud.gateway.route.RouteDefinitionRouteLocator.lambda$initFactories$1:88 -Loaded RoutePredicateFactory [Cookie]
2022-12-21 00:08:05.199 INFO  [main]o.s.cloud.gateway.route.RouteDefinitionRouteLocator.lambda$initFactories$1:88 -Loaded RoutePredicateFactory [Header]
2022-12-21 00:08:05.199 INFO  [main]o.s.cloud.gateway.route.RouteDefinitionRouteLocator.lambda$initFactories$1:88 -Loaded RoutePredicateFactory [Host]
2022-12-21 00:08:05.199 INFO  [main]o.s.cloud.gateway.route.RouteDefinitionRouteLocator.lambda$initFactories$1:88 -Loaded RoutePredicateFactory [Method]
2022-12-21 00:08:05.200 INFO  [main]o.s.cloud.gateway.route.RouteDefinitionRouteLocator.lambda$initFactories$1:88 -Loaded RoutePredicateFactory [Path]
2022-12-21 00:08:05.200 INFO  [main]o.s.cloud.gateway.route.RouteDefinitionRouteLocator.lambda$initFactories$1:88 -Loaded RoutePredicateFactory [Query]
2022-12-21 00:08:05.200 INFO  [main]o.s.cloud.gateway.route.RouteDefinitionRouteLocator.lambda$initFactories$1:88 -Loaded RoutePredicateFactory [ReadBody]
2022-12-21 00:08:05.200 INFO  [main]o.s.cloud.gateway.route.RouteDefinitionRouteLocator.lambda$initFactories$1:88 -Loaded RoutePredicateFactory [RemoteAddr]
2022-12-21 00:08:05.200 INFO  [main]o.s.cloud.gateway.route.RouteDefinitionRouteLocator.lambda$initFactories$1:88 -Loaded RoutePredicateFactory [XForwardedRemoteAddr]
2022-12-21 00:08:05.200 INFO  [main]o.s.cloud.gateway.route.RouteDefinitionRouteLocator.lambda$initFactories$1:88 -Loaded RoutePredicateFactory [Weight]
2022-12-21 00:08:05.200 INFO  [main]o.s.cloud.gateway.route.RouteDefinitionRouteLocator.lambda$initFactories$1:88 -Loaded RoutePredicateFactory [CloudFoundryRouteService]
2022-12-21 00:08:05.283 INFO  [main]o.s.b.a.s.r.ReactiveUserDetailsServiceAutoConfiguration.getOrDeducePassword:87 -

Using generated security password: 78c284e2-4e40-4860-a004-5244298ad1ab

2022-12-21 00:08:05.750 INFO  [main]o.springframework.boot.web.embedded.netty.NettyWebServer.start:111 -Netty started on port 8000
2022-12-21 00:08:05.848 INFO  [main]com.alibaba.cloud.nacos.registry.NacosServiceRegistry.register:75 -nacos registry, DEFAULT_GROUP coder-gateway 192.168.0.103:8000 register finished
2022-12-21 00:08:05.858 INFO  [main]com.knowledge.gateway.GatewayApplication.logStarted:61 -Started GatewayApplication in 1.988 seconds (JVM running for 2.274)
2022-12-21 00:09:58.371 INFO  [SpringApplicationShutdownHook]com.alibaba.cloud.nacos.registry.NacosServiceRegistry.deregister:90 -De-registering from Nacos Server now...
2022-12-21 09:30:40.299 INFO  [main]com.knowledge.gateway.GatewayApplication.logStartupProfileInfo:634 -No active profile set, falling back to 1 default profile: "default"
2022-12-21 09:30:40.618 INFO  [main]o.s.d.repository.config.RepositoryConfigurationDelegate.multipleStoresDetected:262 -Multiple Spring Data modules found, entering strict repository configuration mode!
2022-12-21 09:30:40.619 INFO  [main]o.s.d.repository.config.RepositoryConfigurationDelegate.registerRepositoriesIn:132 -Bootstrapping Spring Data Redis repositories in DEFAULT mode.
2022-12-21 09:30:40.635 INFO  [main]o.s.d.repository.config.RepositoryConfigurationDelegate.registerRepositoriesIn:201 -Finished Spring Data repository scanning in 4 ms. Found 0 Redis repository interfaces.
2022-12-21 09:30:40.742 INFO  [main]o.s.d.repository.config.RepositoryConfigurationDelegate.multipleStoresDetected:262 -Multiple Spring Data modules found, entering strict repository configuration mode!
2022-12-21 09:30:40.743 INFO  [main]o.s.d.repository.config.RepositoryConfigurationDelegate.registerRepositoriesIn:132 -Bootstrapping Spring Data Redis repositories in DEFAULT mode.
2022-12-21 09:30:40.744 INFO  [main]o.s.d.repository.config.RepositoryConfigurationDelegate.registerRepositoriesIn:201 -Finished Spring Data repository scanning in 1 ms. Found 0 Redis repository interfaces.
2022-12-21 09:30:40.857 INFO  [main]org.springframework.cloud.context.scope.GenericScope.setSerializationId:283 -BeanFactory id=d021922b-eb4e-34da-8c2a-c51eb0880cef
2022-12-21 09:30:40.907 INFO  [main]o.s.c.s.PostProcessorRegistrationDelegate$BeanPostProcessorChecker.postProcessAfterInitialization:376 -Bean 'org.springframework.cloud.client.loadbalancer.reactive.LoadBalancerBeanPostProcessorAutoConfiguration' of type [org.springframework.cloud.client.loadbalancer.reactive.LoadBalancerBeanPostProcessorAutoConfiguration] is not eligible for getting processed by all BeanPostProcessors (for example: not eligible for auto-proxying)
2022-12-21 09:30:40.908 INFO  [main]o.s.c.s.PostProcessorRegistrationDelegate$BeanPostProcessorChecker.postProcessAfterInitialization:376 -Bean 'org.springframework.cloud.client.loadbalancer.reactive.LoadBalancerBeanPostProcessorAutoConfiguration$ReactorDeferringLoadBalancerFilterConfig' of type [org.springframework.cloud.client.loadbalancer.reactive.LoadBalancerBeanPostProcessorAutoConfiguration$ReactorDeferringLoadBalancerFilterConfig] is not eligible for getting processed by all BeanPostProcessors (for example: not eligible for auto-proxying)
2022-12-21 09:30:40.909 INFO  [main]o.s.c.s.PostProcessorRegistrationDelegate$BeanPostProcessorChecker.postProcessAfterInitialization:376 -Bean 'reactorDeferringLoadBalancerExchangeFilterFunction' of type [org.springframework.cloud.client.loadbalancer.reactive.DeferringLoadBalancerExchangeFilterFunction] is not eligible for getting processed by all BeanPostProcessors (for example: not eligible for auto-proxying)
2022-12-21 09:30:41.832 INFO  [main]o.s.cloud.gateway.route.RouteDefinitionRouteLocator.lambda$initFactories$1:88 -Loaded RoutePredicateFactory [After]
2022-12-21 09:30:41.832 INFO  [main]o.s.cloud.gateway.route.RouteDefinitionRouteLocator.lambda$initFactories$1:88 -Loaded RoutePredicateFactory [Before]
2022-12-21 09:30:41.832 INFO  [main]o.s.cloud.gateway.route.RouteDefinitionRouteLocator.lambda$initFactories$1:88 -Loaded RoutePredicateFactory [Between]
2022-12-21 09:30:41.832 INFO  [main]o.s.cloud.gateway.route.RouteDefinitionRouteLocator.lambda$initFactories$1:88 -Loaded RoutePredicateFactory [Cookie]
2022-12-21 09:30:41.832 INFO  [main]o.s.cloud.gateway.route.RouteDefinitionRouteLocator.lambda$initFactories$1:88 -Loaded RoutePredicateFactory [Header]
2022-12-21 09:30:41.832 INFO  [main]o.s.cloud.gateway.route.RouteDefinitionRouteLocator.lambda$initFactories$1:88 -Loaded RoutePredicateFactory [Host]
2022-12-21 09:30:41.832 INFO  [main]o.s.cloud.gateway.route.RouteDefinitionRouteLocator.lambda$initFactories$1:88 -Loaded RoutePredicateFactory [Method]
2022-12-21 09:30:41.833 INFO  [main]o.s.cloud.gateway.route.RouteDefinitionRouteLocator.lambda$initFactories$1:88 -Loaded RoutePredicateFactory [Path]
2022-12-21 09:30:41.833 INFO  [main]o.s.cloud.gateway.route.RouteDefinitionRouteLocator.lambda$initFactories$1:88 -Loaded RoutePredicateFactory [Query]
2022-12-21 09:30:41.833 INFO  [main]o.s.cloud.gateway.route.RouteDefinitionRouteLocator.lambda$initFactories$1:88 -Loaded RoutePredicateFactory [ReadBody]
2022-12-21 09:30:41.833 INFO  [main]o.s.cloud.gateway.route.RouteDefinitionRouteLocator.lambda$initFactories$1:88 -Loaded RoutePredicateFactory [RemoteAddr]
2022-12-21 09:30:41.833 INFO  [main]o.s.cloud.gateway.route.RouteDefinitionRouteLocator.lambda$initFactories$1:88 -Loaded RoutePredicateFactory [XForwardedRemoteAddr]
2022-12-21 09:30:41.833 INFO  [main]o.s.cloud.gateway.route.RouteDefinitionRouteLocator.lambda$initFactories$1:88 -Loaded RoutePredicateFactory [Weight]
2022-12-21 09:30:41.833 INFO  [main]o.s.cloud.gateway.route.RouteDefinitionRouteLocator.lambda$initFactories$1:88 -Loaded RoutePredicateFactory [CloudFoundryRouteService]
2022-12-21 09:30:41.940 INFO  [main]o.s.b.a.s.r.ReactiveUserDetailsServiceAutoConfiguration.getOrDeducePassword:87 -

Using generated security password: 39e2a7f6-c05e-46d7-aafd-8a82c80fda63

2022-12-21 09:30:42.529 INFO  [main]o.springframework.boot.web.embedded.netty.NettyWebServer.start:111 -Netty started on port 8000
2022-12-21 09:30:42.633 INFO  [main]com.alibaba.cloud.nacos.registry.NacosServiceRegistry.register:75 -nacos registry, DEFAULT_GROUP coder-gateway 192.168.0.106:8000 register finished
2022-12-21 09:30:42.647 INFO  [main]com.knowledge.gateway.GatewayApplication.logStarted:61 -Started GatewayApplication in 3.372 seconds (JVM running for 3.838)
2022-12-21 09:31:42.668 INFO  [SpringApplicationShutdownHook]com.alibaba.cloud.nacos.registry.NacosServiceRegistry.deregister:90 -De-registering from Nacos Server now...
2022-12-21 09:31:42.726 INFO  [SpringApplicationShutdownHook]com.alibaba.cloud.nacos.registry.NacosServiceRegistry.deregister:110 -De-registration finished.
2022-12-21 09:32:49.361 INFO  [main]com.knowledge.gateway.GatewayApplication.logStartupProfileInfo:634 -No active profile set, falling back to 1 default profile: "default"
2022-12-21 09:32:49.614 INFO  [main]o.s.d.repository.config.RepositoryConfigurationDelegate.multipleStoresDetected:262 -Multiple Spring Data modules found, entering strict repository configuration mode!
2022-12-21 09:32:49.615 INFO  [main]o.s.d.repository.config.RepositoryConfigurationDelegate.registerRepositoriesIn:132 -Bootstrapping Spring Data Redis repositories in DEFAULT mode.
2022-12-21 09:32:49.638 INFO  [main]o.s.d.repository.config.RepositoryConfigurationDelegate.registerRepositoriesIn:201 -Finished Spring Data repository scanning in 4 ms. Found 0 Redis repository interfaces.
2022-12-21 09:32:49.819 INFO  [main]o.s.d.repository.config.RepositoryConfigurationDelegate.multipleStoresDetected:262 -Multiple Spring Data modules found, entering strict repository configuration mode!
2022-12-21 09:32:49.820 INFO  [main]o.s.d.repository.config.RepositoryConfigurationDelegate.registerRepositoriesIn:132 -Bootstrapping Spring Data Redis repositories in DEFAULT mode.
2022-12-21 09:32:49.823 INFO  [main]o.s.d.repository.config.RepositoryConfigurationDelegate.registerRepositoriesIn:201 -Finished Spring Data repository scanning in 2 ms. Found 0 Redis repository interfaces.
2022-12-21 09:32:49.981 INFO  [main]org.springframework.cloud.context.scope.GenericScope.setSerializationId:283 -BeanFactory id=d021922b-eb4e-34da-8c2a-c51eb0880cef
2022-12-21 09:32:50.036 INFO  [main]o.s.c.s.PostProcessorRegistrationDelegate$BeanPostProcessorChecker.postProcessAfterInitialization:376 -Bean 'org.springframework.cloud.client.loadbalancer.reactive.LoadBalancerBeanPostProcessorAutoConfiguration' of type [org.springframework.cloud.client.loadbalancer.reactive.LoadBalancerBeanPostProcessorAutoConfiguration] is not eligible for getting processed by all BeanPostProcessors (for example: not eligible for auto-proxying)
2022-12-21 09:32:50.036 INFO  [main]o.s.c.s.PostProcessorRegistrationDelegate$BeanPostProcessorChecker.postProcessAfterInitialization:376 -Bean 'org.springframework.cloud.client.loadbalancer.reactive.LoadBalancerBeanPostProcessorAutoConfiguration$ReactorDeferringLoadBalancerFilterConfig' of type [org.springframework.cloud.client.loadbalancer.reactive.LoadBalancerBeanPostProcessorAutoConfiguration$ReactorDeferringLoadBalancerFilterConfig] is not eligible for getting processed by all BeanPostProcessors (for example: not eligible for auto-proxying)
2022-12-21 09:32:50.037 INFO  [main]o.s.c.s.PostProcessorRegistrationDelegate$BeanPostProcessorChecker.postProcessAfterInitialization:376 -Bean 'reactorDeferringLoadBalancerExchangeFilterFunction' of type [org.springframework.cloud.client.loadbalancer.reactive.DeferringLoadBalancerExchangeFilterFunction] is not eligible for getting processed by all BeanPostProcessors (for example: not eligible for auto-proxying)
2022-12-21 09:32:50.960 INFO  [main]o.s.cloud.gateway.route.RouteDefinitionRouteLocator.lambda$initFactories$1:88 -Loaded RoutePredicateFactory [After]
2022-12-21 09:32:50.961 INFO  [main]o.s.cloud.gateway.route.RouteDefinitionRouteLocator.lambda$initFactories$1:88 -Loaded RoutePredicateFactory [Before]
2022-12-21 09:32:50.961 INFO  [main]o.s.cloud.gateway.route.RouteDefinitionRouteLocator.lambda$initFactories$1:88 -Loaded RoutePredicateFactory [Between]
2022-12-21 09:32:50.961 INFO  [main]o.s.cloud.gateway.route.RouteDefinitionRouteLocator.lambda$initFactories$1:88 -Loaded RoutePredicateFactory [Cookie]
2022-12-21 09:32:50.961 INFO  [main]o.s.cloud.gateway.route.RouteDefinitionRouteLocator.lambda$initFactories$1:88 -Loaded RoutePredicateFactory [Header]
2022-12-21 09:32:50.961 INFO  [main]o.s.cloud.gateway.route.RouteDefinitionRouteLocator.lambda$initFactories$1:88 -Loaded RoutePredicateFactory [Host]
2022-12-21 09:32:50.961 INFO  [main]o.s.cloud.gateway.route.RouteDefinitionRouteLocator.lambda$initFactories$1:88 -Loaded RoutePredicateFactory [Method]
2022-12-21 09:32:50.961 INFO  [main]o.s.cloud.gateway.route.RouteDefinitionRouteLocator.lambda$initFactories$1:88 -Loaded RoutePredicateFactory [Path]
2022-12-21 09:32:50.961 INFO  [main]o.s.cloud.gateway.route.RouteDefinitionRouteLocator.lambda$initFactories$1:88 -Loaded RoutePredicateFactory [Query]
2022-12-21 09:32:50.962 INFO  [main]o.s.cloud.gateway.route.RouteDefinitionRouteLocator.lambda$initFactories$1:88 -Loaded RoutePredicateFactory [ReadBody]
2022-12-21 09:32:50.962 INFO  [main]o.s.cloud.gateway.route.RouteDefinitionRouteLocator.lambda$initFactories$1:88 -Loaded RoutePredicateFactory [RemoteAddr]
2022-12-21 09:32:50.962 INFO  [main]o.s.cloud.gateway.route.RouteDefinitionRouteLocator.lambda$initFactories$1:88 -Loaded RoutePredicateFactory [XForwardedRemoteAddr]
2022-12-21 09:32:50.962 INFO  [main]o.s.cloud.gateway.route.RouteDefinitionRouteLocator.lambda$initFactories$1:88 -Loaded RoutePredicateFactory [Weight]
2022-12-21 09:32:50.962 INFO  [main]o.s.cloud.gateway.route.RouteDefinitionRouteLocator.lambda$initFactories$1:88 -Loaded RoutePredicateFactory [CloudFoundryRouteService]
2022-12-21 09:32:51.066 INFO  [main]o.s.b.a.s.r.ReactiveUserDetailsServiceAutoConfiguration.getOrDeducePassword:87 -

Using generated security password: 8b47bf17-7dc0-4ad9-bd61-a109cbe91401

2022-12-21 09:32:51.856 INFO  [main]o.springframework.boot.web.embedded.netty.NettyWebServer.start:111 -Netty started on port 8000
2022-12-21 09:32:52.051 INFO  [main]com.alibaba.cloud.nacos.registry.NacosServiceRegistry.register:75 -nacos registry, DEFAULT_GROUP coder-gateway 192.168.0.106:8000 register finished
2022-12-21 09:32:52.061 INFO  [main]com.knowledge.gateway.GatewayApplication.logStarted:61 -Started GatewayApplication in 3.52 seconds (JVM running for 3.924)
2022-12-21 10:07:26.703 INFO  [SpringApplicationShutdownHook]com.alibaba.cloud.nacos.registry.NacosServiceRegistry.deregister:90 -De-registering from Nacos Server now...
2022-12-21 10:07:26.767 INFO  [SpringApplicationShutdownHook]com.alibaba.cloud.nacos.registry.NacosServiceRegistry.deregister:110 -De-registration finished.
2022-12-21 12:25:58.991 INFO  [main]com.knowledge.gateway.GatewayApplication.logStartupProfileInfo:634 -No active profile set, falling back to 1 default profile: "default"
2022-12-21 12:25:59.254 INFO  [main]o.s.d.repository.config.RepositoryConfigurationDelegate.multipleStoresDetected:262 -Multiple Spring Data modules found, entering strict repository configuration mode!
2022-12-21 12:25:59.254 INFO  [main]o.s.d.repository.config.RepositoryConfigurationDelegate.registerRepositoriesIn:132 -Bootstrapping Spring Data Redis repositories in DEFAULT mode.
2022-12-21 12:25:59.272 INFO  [main]o.s.d.repository.config.RepositoryConfigurationDelegate.registerRepositoriesIn:201 -Finished Spring Data repository scanning in 3 ms. Found 0 Redis repository interfaces.
2022-12-21 12:25:59.386 INFO  [main]o.s.d.repository.config.RepositoryConfigurationDelegate.multipleStoresDetected:262 -Multiple Spring Data modules found, entering strict repository configuration mode!
2022-12-21 12:25:59.386 INFO  [main]o.s.d.repository.config.RepositoryConfigurationDelegate.registerRepositoriesIn:132 -Bootstrapping Spring Data Redis repositories in DEFAULT mode.
2022-12-21 12:25:59.388 INFO  [main]o.s.d.repository.config.RepositoryConfigurationDelegate.registerRepositoriesIn:201 -Finished Spring Data repository scanning in 1 ms. Found 0 Redis repository interfaces.
2022-12-21 12:25:59.500 INFO  [main]org.springframework.cloud.context.scope.GenericScope.setSerializationId:283 -BeanFactory id=d021922b-eb4e-34da-8c2a-c51eb0880cef
2022-12-21 12:25:59.552 INFO  [main]o.s.c.s.PostProcessorRegistrationDelegate$BeanPostProcessorChecker.postProcessAfterInitialization:376 -Bean 'org.springframework.cloud.client.loadbalancer.reactive.LoadBalancerBeanPostProcessorAutoConfiguration' of type [org.springframework.cloud.client.loadbalancer.reactive.LoadBalancerBeanPostProcessorAutoConfiguration] is not eligible for getting processed by all BeanPostProcessors (for example: not eligible for auto-proxying)
2022-12-21 12:25:59.553 INFO  [main]o.s.c.s.PostProcessorRegistrationDelegate$BeanPostProcessorChecker.postProcessAfterInitialization:376 -Bean 'org.springframework.cloud.client.loadbalancer.reactive.LoadBalancerBeanPostProcessorAutoConfiguration$ReactorDeferringLoadBalancerFilterConfig' of type [org.springframework.cloud.client.loadbalancer.reactive.LoadBalancerBeanPostProcessorAutoConfiguration$ReactorDeferringLoadBalancerFilterConfig] is not eligible for getting processed by all BeanPostProcessors (for example: not eligible for auto-proxying)
2022-12-21 12:25:59.555 INFO  [main]o.s.c.s.PostProcessorRegistrationDelegate$BeanPostProcessorChecker.postProcessAfterInitialization:376 -Bean 'reactorDeferringLoadBalancerExchangeFilterFunction' of type [org.springframework.cloud.client.loadbalancer.reactive.DeferringLoadBalancerExchangeFilterFunction] is not eligible for getting processed by all BeanPostProcessors (for example: not eligible for auto-proxying)
2022-12-21 12:26:00.389 INFO  [main]o.s.cloud.gateway.route.RouteDefinitionRouteLocator.lambda$initFactories$1:88 -Loaded RoutePredicateFactory [After]
2022-12-21 12:26:00.389 INFO  [main]o.s.cloud.gateway.route.RouteDefinitionRouteLocator.lambda$initFactories$1:88 -Loaded RoutePredicateFactory [Before]
2022-12-21 12:26:00.390 INFO  [main]o.s.cloud.gateway.route.RouteDefinitionRouteLocator.lambda$initFactories$1:88 -Loaded RoutePredicateFactory [Between]
2022-12-21 12:26:00.390 INFO  [main]o.s.cloud.gateway.route.RouteDefinitionRouteLocator.lambda$initFactories$1:88 -Loaded RoutePredicateFactory [Cookie]
2022-12-21 12:26:00.390 INFO  [main]o.s.cloud.gateway.route.RouteDefinitionRouteLocator.lambda$initFactories$1:88 -Loaded RoutePredicateFactory [Header]
2022-12-21 12:26:00.390 INFO  [main]o.s.cloud.gateway.route.RouteDefinitionRouteLocator.lambda$initFactories$1:88 -Loaded RoutePredicateFactory [Host]
2022-12-21 12:26:00.390 INFO  [main]o.s.cloud.gateway.route.RouteDefinitionRouteLocator.lambda$initFactories$1:88 -Loaded RoutePredicateFactory [Method]
2022-12-21 12:26:00.390 INFO  [main]o.s.cloud.gateway.route.RouteDefinitionRouteLocator.lambda$initFactories$1:88 -Loaded RoutePredicateFactory [Path]
2022-12-21 12:26:00.390 INFO  [main]o.s.cloud.gateway.route.RouteDefinitionRouteLocator.lambda$initFactories$1:88 -Loaded RoutePredicateFactory [Query]
2022-12-21 12:26:00.391 INFO  [main]o.s.cloud.gateway.route.RouteDefinitionRouteLocator.lambda$initFactories$1:88 -Loaded RoutePredicateFactory [ReadBody]
2022-12-21 12:26:00.391 INFO  [main]o.s.cloud.gateway.route.RouteDefinitionRouteLocator.lambda$initFactories$1:88 -Loaded RoutePredicateFactory [RemoteAddr]
2022-12-21 12:26:00.391 INFO  [main]o.s.cloud.gateway.route.RouteDefinitionRouteLocator.lambda$initFactories$1:88 -Loaded RoutePredicateFactory [XForwardedRemoteAddr]
2022-12-21 12:26:00.391 INFO  [main]o.s.cloud.gateway.route.RouteDefinitionRouteLocator.lambda$initFactories$1:88 -Loaded RoutePredicateFactory [Weight]
2022-12-21 12:26:00.391 INFO  [main]o.s.cloud.gateway.route.RouteDefinitionRouteLocator.lambda$initFactories$1:88 -Loaded RoutePredicateFactory [CloudFoundryRouteService]
2022-12-21 12:26:00.525 INFO  [main]o.s.b.a.s.r.ReactiveUserDetailsServiceAutoConfiguration.getOrDeducePassword:87 -

Using generated security password: 25f86bf9-afb2-4e03-9637-e0380569333d

2022-12-21 12:26:01.248 INFO  [main]o.springframework.boot.web.embedded.netty.NettyWebServer.start:111 -Netty started on port 8000
2022-12-21 12:26:01.335 INFO  [main]com.alibaba.cloud.nacos.registry.NacosServiceRegistry.register:75 -nacos registry, DEFAULT_GROUP coder-gateway 192.168.0.106:8000 register finished
2022-12-21 12:26:01.350 INFO  [main]com.knowledge.gateway.GatewayApplication.logStarted:61 -Started GatewayApplication in 3.17 seconds (JVM running for 3.561)
2022-12-21 12:29:26.095 INFO  [reactor-http-nio-3]com.knowledge.gateway.filter.AccessTokenFilter.filter:65 -令牌已过期 eyJhbGciOiJSUzI1NiIsInR5cCI6IkpXVCJ9.eyJ1c2VySW5mbyI6eyJpZCI6MTU4NjI2NzI4NjY3NDg0NTY5NiwidXNlcm5hbWUiOiJ0ZXN0In0sInVzZXJfbmFtZSI6InRlc3QiLCJzY29wZSI6WyJhbGwiXSwiZXhwIjoxNjcxNjMzMDg0LCJhdXRob3JpdGllcyI6WyJhZG1pbiJdLCJqdGkiOiJjNzg4ODgwNS1jZjFiLTRiNmMtODAxMS0zNDhlOWUzY2NiMmEiLCJjbGllbnRfaWQiOiJjb2RlLWdlbmVyYXRvciJ9.E5HorZEFJUSsLkvXtpyww3Mp6RMfFIy9tXSy_AUIeeGzI2wLuQmc2TyvDXaQXpjKyDhNxZS1kpyo6IMd5OlcLzoPnT12mXoJ9wRpcZrsgeNFvwpXEp0lCUor-5_Etsc-FmeC4T6lViu314ZadzgMH_meAkJMAUHUSg8U4XbellnhIlnyUSiu-DC6Lb7gd6enzpeZaixcB26FBvZvkt4H8tvBuNhPAaCSh0-L5ZH4CFFkL0sP0jGIfMyDIRCvLNXkKA3ugi2nX7L70ac_wIl2Z0EoZdFCB5ewwhptGai1VxCzvDiQwy3p6VvxOsQEnvpSUHGwMyv2ZCnHka8FBcyxGg
2022-12-21 12:30:12.711 INFO  [reactor-http-nio-3]com.knowledge.gateway.filter.AccessTokenFilter.filter:65 -令牌已过期 eyJhbGciOiJSUzI1NiIsInR5cCI6IkpXVCJ9.eyJ1c2VySW5mbyI6eyJpZCI6MTU4NjI2NzI4NjY3NDg0NTY5NiwidXNlcm5hbWUiOiJ0ZXN0In0sInVzZXJfbmFtZSI6InRlc3QiLCJzY29wZSI6WyJhbGwiXSwiZXhwIjoxNjcxNjQwMTk2LCJhdXRob3JpdGllcyI6WyJhZG1pbiJdLCJqdGkiOiJmNGRmMzIyMC04YzEzLTRkODktOWQyZi1lMDRiNjU5N2VjNWQiLCJjbGllbnRfaWQiOiJjb2RlLWdlbmVyYXRvciJ9.S-JfhjesPXSTAVaSbz5BuPwNO-3giUhRQQF0rdVnYA8ZeUoKw2qO5rYV0d4W5DA36EpQ3_j0Sy0la1thqTnx63lNtX6T9nXcWCazrdtuKZG_rjG4OoQTzgpdyWFyfn5cj7fwaZEkg1dv-j6bIKck-CjS2GC_KtArB-DL77kMww9x8W5roruRNcX2zTpCBBEDgKi8w2h-rT3dDYooWB4zw32hABv6sJtP3f17GOtQ13XNTF1-s9LX3u6O5MDtY1BYGF06UhsuhpB3dTg1TCxzUw7r9-Q7DfR6jtg5iOxvBfhXy9UlCv_T5PmKW4YrCdkfSuU95Thq-rfotLMe896lkQ
2022-12-21 12:30:15.946 INFO  [reactor-http-nio-3]com.knowledge.gateway.filter.AccessTokenFilter.filter:65 -令牌已过期 eyJhbGciOiJSUzI1NiIsInR5cCI6IkpXVCJ9.eyJ1c2VySW5mbyI6eyJpZCI6MTU4NjI2NzI4NjY3NDg0NTY5NiwidXNlcm5hbWUiOiJ0ZXN0In0sInVzZXJfbmFtZSI6InRlc3QiLCJzY29wZSI6WyJhbGwiXSwiZXhwIjoxNjcxNjQwMTk2LCJhdXRob3JpdGllcyI6WyJhZG1pbiJdLCJqdGkiOiJmNGRmMzIyMC04YzEzLTRkODktOWQyZi1lMDRiNjU5N2VjNWQiLCJjbGllbnRfaWQiOiJjb2RlLWdlbmVyYXRvciJ9.S-JfhjesPXSTAVaSbz5BuPwNO-3giUhRQQF0rdVnYA8ZeUoKw2qO5rYV0d4W5DA36EpQ3_j0Sy0la1thqTnx63lNtX6T9nXcWCazrdtuKZG_rjG4OoQTzgpdyWFyfn5cj7fwaZEkg1dv-j6bIKck-CjS2GC_KtArB-DL77kMww9x8W5roruRNcX2zTpCBBEDgKi8w2h-rT3dDYooWB4zw32hABv6sJtP3f17GOtQ13XNTF1-s9LX3u6O5MDtY1BYGF06UhsuhpB3dTg1TCxzUw7r9-Q7DfR6jtg5iOxvBfhXy9UlCv_T5PmKW4YrCdkfSuU95Thq-rfotLMe896lkQ
2022-12-21 12:32:50.066 INFO  [SpringApplicationShutdownHook]com.alibaba.cloud.nacos.registry.NacosServiceRegistry.deregister:90 -De-registering from Nacos Server now...
2022-12-21 12:32:50.149 INFO  [SpringApplicationShutdownHook]com.alibaba.cloud.nacos.registry.NacosServiceRegistry.deregister:110 -De-registration finished.
2022-12-21 12:33:51.963 INFO  [main]com.knowledge.gateway.GatewayApplication.logStartupProfileInfo:634 -No active profile set, falling back to 1 default profile: "default"
2022-12-21 12:33:52.244 INFO  [main]o.s.d.repository.config.RepositoryConfigurationDelegate.multipleStoresDetected:262 -Multiple Spring Data modules found, entering strict repository configuration mode!
2022-12-21 12:33:52.244 INFO  [main]o.s.d.repository.config.RepositoryConfigurationDelegate.registerRepositoriesIn:132 -Bootstrapping Spring Data Redis repositories in DEFAULT mode.
2022-12-21 12:33:52.272 INFO  [main]o.s.d.repository.config.RepositoryConfigurationDelegate.registerRepositoriesIn:201 -Finished Spring Data repository scanning in 7 ms. Found 0 Redis repository interfaces.
2022-12-21 12:33:52.397 INFO  [main]o.s.d.repository.config.RepositoryConfigurationDelegate.multipleStoresDetected:262 -Multiple Spring Data modules found, entering strict repository configuration mode!
2022-12-21 12:33:52.398 INFO  [main]o.s.d.repository.config.RepositoryConfigurationDelegate.registerRepositoriesIn:132 -Bootstrapping Spring Data Redis repositories in DEFAULT mode.
2022-12-21 12:33:52.402 INFO  [main]o.s.d.repository.config.RepositoryConfigurationDelegate.registerRepositoriesIn:201 -Finished Spring Data repository scanning in 3 ms. Found 0 Redis repository interfaces.
2022-12-21 12:33:52.498 INFO  [main]org.springframework.cloud.context.scope.GenericScope.setSerializationId:283 -BeanFactory id=d021922b-eb4e-34da-8c2a-c51eb0880cef
2022-12-21 12:33:52.537 INFO  [main]o.s.c.s.PostProcessorRegistrationDelegate$BeanPostProcessorChecker.postProcessAfterInitialization:376 -Bean 'org.springframework.cloud.client.loadbalancer.reactive.LoadBalancerBeanPostProcessorAutoConfiguration' of type [org.springframework.cloud.client.loadbalancer.reactive.LoadBalancerBeanPostProcessorAutoConfiguration] is not eligible for getting processed by all BeanPostProcessors (for example: not eligible for auto-proxying)
2022-12-21 12:33:52.538 INFO  [main]o.s.c.s.PostProcessorRegistrationDelegate$BeanPostProcessorChecker.postProcessAfterInitialization:376 -Bean 'org.springframework.cloud.client.loadbalancer.reactive.LoadBalancerBeanPostProcessorAutoConfiguration$ReactorDeferringLoadBalancerFilterConfig' of type [org.springframework.cloud.client.loadbalancer.reactive.LoadBalancerBeanPostProcessorAutoConfiguration$ReactorDeferringLoadBalancerFilterConfig] is not eligible for getting processed by all BeanPostProcessors (for example: not eligible for auto-proxying)
2022-12-21 12:33:52.539 INFO  [main]o.s.c.s.PostProcessorRegistrationDelegate$BeanPostProcessorChecker.postProcessAfterInitialization:376 -Bean 'reactorDeferringLoadBalancerExchangeFilterFunction' of type [org.springframework.cloud.client.loadbalancer.reactive.DeferringLoadBalancerExchangeFilterFunction] is not eligible for getting processed by all BeanPostProcessors (for example: not eligible for auto-proxying)
2022-12-21 12:33:53.279 INFO  [main]o.s.cloud.gateway.route.RouteDefinitionRouteLocator.lambda$initFactories$1:88 -Loaded RoutePredicateFactory [After]
2022-12-21 12:33:53.280 INFO  [main]o.s.cloud.gateway.route.RouteDefinitionRouteLocator.lambda$initFactories$1:88 -Loaded RoutePredicateFactory [Before]
2022-12-21 12:33:53.281 INFO  [main]o.s.cloud.gateway.route.RouteDefinitionRouteLocator.lambda$initFactories$1:88 -Loaded RoutePredicateFactory [Between]
2022-12-21 12:33:53.281 INFO  [main]o.s.cloud.gateway.route.RouteDefinitionRouteLocator.lambda$initFactories$1:88 -Loaded RoutePredicateFactory [Cookie]
2022-12-21 12:33:53.282 INFO  [main]o.s.cloud.gateway.route.RouteDefinitionRouteLocator.lambda$initFactories$1:88 -Loaded RoutePredicateFactory [Header]
2022-12-21 12:33:53.282 INFO  [main]o.s.cloud.gateway.route.RouteDefinitionRouteLocator.lambda$initFactories$1:88 -Loaded RoutePredicateFactory [Host]
2022-12-21 12:33:53.282 INFO  [main]o.s.cloud.gateway.route.RouteDefinitionRouteLocator.lambda$initFactories$1:88 -Loaded RoutePredicateFactory [Method]
2022-12-21 12:33:53.282 INFO  [main]o.s.cloud.gateway.route.RouteDefinitionRouteLocator.lambda$initFactories$1:88 -Loaded RoutePredicateFactory [Path]
2022-12-21 12:33:53.282 INFO  [main]o.s.cloud.gateway.route.RouteDefinitionRouteLocator.lambda$initFactories$1:88 -Loaded RoutePredicateFactory [Query]
2022-12-21 12:33:53.282 INFO  [main]o.s.cloud.gateway.route.RouteDefinitionRouteLocator.lambda$initFactories$1:88 -Loaded RoutePredicateFactory [ReadBody]
2022-12-21 12:33:53.283 INFO  [main]o.s.cloud.gateway.route.RouteDefinitionRouteLocator.lambda$initFactories$1:88 -Loaded RoutePredicateFactory [RemoteAddr]
2022-12-21 12:33:53.283 INFO  [main]o.s.cloud.gateway.route.RouteDefinitionRouteLocator.lambda$initFactories$1:88 -Loaded RoutePredicateFactory [XForwardedRemoteAddr]
2022-12-21 12:33:53.283 INFO  [main]o.s.cloud.gateway.route.RouteDefinitionRouteLocator.lambda$initFactories$1:88 -Loaded RoutePredicateFactory [Weight]
2022-12-21 12:33:53.283 INFO  [main]o.s.cloud.gateway.route.RouteDefinitionRouteLocator.lambda$initFactories$1:88 -Loaded RoutePredicateFactory [CloudFoundryRouteService]
2022-12-21 12:33:53.437 INFO  [main]o.s.b.a.s.r.ReactiveUserDetailsServiceAutoConfiguration.getOrDeducePassword:87 -

Using generated security password: 81590071-bc5e-405a-926f-919b40698631

2022-12-21 12:33:54.132 INFO  [main]o.springframework.boot.web.embedded.netty.NettyWebServer.start:111 -Netty started on port 8000
2022-12-21 12:33:54.461 INFO  [main]com.alibaba.cloud.nacos.registry.NacosServiceRegistry.register:75 -nacos registry, DEFAULT_GROUP coder-gateway 192.168.0.106:8000 register finished
2022-12-21 12:33:54.480 INFO  [main]com.knowledge.gateway.GatewayApplication.logStarted:61 -Started GatewayApplication in 3.287 seconds (JVM running for 3.638)
2022-12-21 12:57:43.936 INFO  [SpringApplicationShutdownHook]com.alibaba.cloud.nacos.registry.NacosServiceRegistry.deregister:90 -De-registering from Nacos Server now...
2022-12-21 12:57:43.995 INFO  [SpringApplicationShutdownHook]com.alibaba.cloud.nacos.registry.NacosServiceRegistry.deregister:110 -De-registration finished.
2022-12-21 13:21:39.506 INFO  [main]com.knowledge.gateway.GatewayApplication.logStartupProfileInfo:634 -No active profile set, falling back to 1 default profile: "default"
2022-12-21 13:21:39.784 INFO  [main]o.s.d.repository.config.RepositoryConfigurationDelegate.multipleStoresDetected:262 -Multiple Spring Data modules found, entering strict repository configuration mode!
2022-12-21 13:21:39.790 INFO  [main]o.s.d.repository.config.RepositoryConfigurationDelegate.registerRepositoriesIn:132 -Bootstrapping Spring Data Redis repositories in DEFAULT mode.
2022-12-21 13:21:39.806 INFO  [main]o.s.d.repository.config.RepositoryConfigurationDelegate.registerRepositoriesIn:201 -Finished Spring Data repository scanning in 5 ms. Found 0 Redis repository interfaces.
2022-12-21 13:21:39.975 INFO  [main]o.s.d.repository.config.RepositoryConfigurationDelegate.multipleStoresDetected:262 -Multiple Spring Data modules found, entering strict repository configuration mode!
2022-12-21 13:21:39.975 INFO  [main]o.s.d.repository.config.RepositoryConfigurationDelegate.registerRepositoriesIn:132 -Bootstrapping Spring Data Redis repositories in DEFAULT mode.
2022-12-21 13:21:39.977 INFO  [main]o.s.d.repository.config.RepositoryConfigurationDelegate.registerRepositoriesIn:201 -Finished Spring Data repository scanning in 1 ms. Found 0 Redis repository interfaces.
2022-12-21 13:21:40.085 INFO  [main]org.springframework.cloud.context.scope.GenericScope.setSerializationId:283 -BeanFactory id=d021922b-eb4e-34da-8c2a-c51eb0880cef
2022-12-21 13:21:40.130 INFO  [main]o.s.c.s.PostProcessorRegistrationDelegate$BeanPostProcessorChecker.postProcessAfterInitialization:376 -Bean 'org.springframework.cloud.client.loadbalancer.reactive.LoadBalancerBeanPostProcessorAutoConfiguration' of type [org.springframework.cloud.client.loadbalancer.reactive.LoadBalancerBeanPostProcessorAutoConfiguration] is not eligible for getting processed by all BeanPostProcessors (for example: not eligible for auto-proxying)
2022-12-21 13:21:40.131 INFO  [main]o.s.c.s.PostProcessorRegistrationDelegate$BeanPostProcessorChecker.postProcessAfterInitialization:376 -Bean 'org.springframework.cloud.client.loadbalancer.reactive.LoadBalancerBeanPostProcessorAutoConfiguration$ReactorDeferringLoadBalancerFilterConfig' of type [org.springframework.cloud.client.loadbalancer.reactive.LoadBalancerBeanPostProcessorAutoConfiguration$ReactorDeferringLoadBalancerFilterConfig] is not eligible for getting processed by all BeanPostProcessors (for example: not eligible for auto-proxying)
2022-12-21 13:21:40.132 INFO  [main]o.s.c.s.PostProcessorRegistrationDelegate$BeanPostProcessorChecker.postProcessAfterInitialization:376 -Bean 'reactorDeferringLoadBalancerExchangeFilterFunction' of type [org.springframework.cloud.client.loadbalancer.reactive.DeferringLoadBalancerExchangeFilterFunction] is not eligible for getting processed by all BeanPostProcessors (for example: not eligible for auto-proxying)
2022-12-21 13:21:40.895 INFO  [main]o.s.cloud.gateway.route.RouteDefinitionRouteLocator.lambda$initFactories$1:88 -Loaded RoutePredicateFactory [After]
2022-12-21 13:21:40.895 INFO  [main]o.s.cloud.gateway.route.RouteDefinitionRouteLocator.lambda$initFactories$1:88 -Loaded RoutePredicateFactory [Before]
2022-12-21 13:21:40.895 INFO  [main]o.s.cloud.gateway.route.RouteDefinitionRouteLocator.lambda$initFactories$1:88 -Loaded RoutePredicateFactory [Between]
2022-12-21 13:21:40.895 INFO  [main]o.s.cloud.gateway.route.RouteDefinitionRouteLocator.lambda$initFactories$1:88 -Loaded RoutePredicateFactory [Cookie]
2022-12-21 13:21:40.895 INFO  [main]o.s.cloud.gateway.route.RouteDefinitionRouteLocator.lambda$initFactories$1:88 -Loaded RoutePredicateFactory [Header]
2022-12-21 13:21:40.895 INFO  [main]o.s.cloud.gateway.route.RouteDefinitionRouteLocator.lambda$initFactories$1:88 -Loaded RoutePredicateFactory [Host]
2022-12-21 13:21:40.895 INFO  [main]o.s.cloud.gateway.route.RouteDefinitionRouteLocator.lambda$initFactories$1:88 -Loaded RoutePredicateFactory [Method]
2022-12-21 13:21:40.895 INFO  [main]o.s.cloud.gateway.route.RouteDefinitionRouteLocator.lambda$initFactories$1:88 -Loaded RoutePredicateFactory [Path]
2022-12-21 13:21:40.895 INFO  [main]o.s.cloud.gateway.route.RouteDefinitionRouteLocator.lambda$initFactories$1:88 -Loaded RoutePredicateFactory [Query]
2022-12-21 13:21:40.895 INFO  [main]o.s.cloud.gateway.route.RouteDefinitionRouteLocator.lambda$initFactories$1:88 -Loaded RoutePredicateFactory [ReadBody]
2022-12-21 13:21:40.896 INFO  [main]o.s.cloud.gateway.route.RouteDefinitionRouteLocator.lambda$initFactories$1:88 -Loaded RoutePredicateFactory [RemoteAddr]
2022-12-21 13:21:40.896 INFO  [main]o.s.cloud.gateway.route.RouteDefinitionRouteLocator.lambda$initFactories$1:88 -Loaded RoutePredicateFactory [XForwardedRemoteAddr]
2022-12-21 13:21:40.896 INFO  [main]o.s.cloud.gateway.route.RouteDefinitionRouteLocator.lambda$initFactories$1:88 -Loaded RoutePredicateFactory [Weight]
2022-12-21 13:21:40.896 INFO  [main]o.s.cloud.gateway.route.RouteDefinitionRouteLocator.lambda$initFactories$1:88 -Loaded RoutePredicateFactory [CloudFoundryRouteService]
2022-12-21 13:21:40.997 INFO  [main]o.s.b.a.s.r.ReactiveUserDetailsServiceAutoConfiguration.getOrDeducePassword:87 -

Using generated security password: c55e0a3e-1306-4c20-a9a4-c6784126c36b

2022-12-21 13:21:41.778 INFO  [main]o.springframework.boot.web.embedded.netty.NettyWebServer.start:111 -Netty started on port 8000
2022-12-21 13:21:41.979 INFO  [main]com.alibaba.cloud.nacos.registry.NacosServiceRegistry.register:75 -nacos registry, DEFAULT_GROUP coder-gateway 192.168.0.106:8000 register finished
2022-12-21 13:21:41.991 INFO  [main]com.knowledge.gateway.GatewayApplication.logStarted:61 -Started GatewayApplication in 3.234 seconds (JVM running for 3.584)
2022-12-21 13:29:03.845 INFO  [SpringApplicationShutdownHook]com.alibaba.cloud.nacos.registry.NacosServiceRegistry.deregister:90 -De-registering from Nacos Server now...
2022-12-21 13:29:03.908 INFO  [SpringApplicationShutdownHook]com.alibaba.cloud.nacos.registry.NacosServiceRegistry.deregister:110 -De-registration finished.
2022-12-21 13:29:22.153 INFO  [main]com.knowledge.gateway.GatewayApplication.logStartupProfileInfo:634 -No active profile set, falling back to 1 default profile: "default"
2022-12-21 13:29:22.416 INFO  [main]o.s.d.repository.config.RepositoryConfigurationDelegate.multipleStoresDetected:262 -Multiple Spring Data modules found, entering strict repository configuration mode!
2022-12-21 13:29:22.417 INFO  [main]o.s.d.repository.config.RepositoryConfigurationDelegate.registerRepositoriesIn:132 -Bootstrapping Spring Data Redis repositories in DEFAULT mode.
2022-12-21 13:29:22.428 INFO  [main]o.s.d.repository.config.RepositoryConfigurationDelegate.registerRepositoriesIn:201 -Finished Spring Data repository scanning in 3 ms. Found 0 Redis repository interfaces.
2022-12-21 13:29:22.526 INFO  [main]o.s.d.repository.config.RepositoryConfigurationDelegate.multipleStoresDetected:262 -Multiple Spring Data modules found, entering strict repository configuration mode!
2022-12-21 13:29:22.526 INFO  [main]o.s.d.repository.config.RepositoryConfigurationDelegate.registerRepositoriesIn:132 -Bootstrapping Spring Data Redis repositories in DEFAULT mode.
2022-12-21 13:29:22.528 INFO  [main]o.s.d.repository.config.RepositoryConfigurationDelegate.registerRepositoriesIn:201 -Finished Spring Data repository scanning in 1 ms. Found 0 Redis repository interfaces.
2022-12-21 13:29:22.610 INFO  [main]org.springframework.cloud.context.scope.GenericScope.setSerializationId:283 -BeanFactory id=d021922b-eb4e-34da-8c2a-c51eb0880cef
2022-12-21 13:29:22.647 INFO  [main]o.s.c.s.PostProcessorRegistrationDelegate$BeanPostProcessorChecker.postProcessAfterInitialization:376 -Bean 'org.springframework.cloud.client.loadbalancer.reactive.LoadBalancerBeanPostProcessorAutoConfiguration' of type [org.springframework.cloud.client.loadbalancer.reactive.LoadBalancerBeanPostProcessorAutoConfiguration] is not eligible for getting processed by all BeanPostProcessors (for example: not eligible for auto-proxying)
2022-12-21 13:29:22.649 INFO  [main]o.s.c.s.PostProcessorRegistrationDelegate$BeanPostProcessorChecker.postProcessAfterInitialization:376 -Bean 'org.springframework.cloud.client.loadbalancer.reactive.LoadBalancerBeanPostProcessorAutoConfiguration$ReactorDeferringLoadBalancerFilterConfig' of type [org.springframework.cloud.client.loadbalancer.reactive.LoadBalancerBeanPostProcessorAutoConfiguration$ReactorDeferringLoadBalancerFilterConfig] is not eligible for getting processed by all BeanPostProcessors (for example: not eligible for auto-proxying)
2022-12-21 13:29:22.650 INFO  [main]o.s.c.s.PostProcessorRegistrationDelegate$BeanPostProcessorChecker.postProcessAfterInitialization:376 -Bean 'reactorDeferringLoadBalancerExchangeFilterFunction' of type [org.springframework.cloud.client.loadbalancer.reactive.DeferringLoadBalancerExchangeFilterFunction] is not eligible for getting processed by all BeanPostProcessors (for example: not eligible for auto-proxying)
2022-12-21 13:29:23.656 INFO  [main]o.s.cloud.gateway.route.RouteDefinitionRouteLocator.lambda$initFactories$1:88 -Loaded RoutePredicateFactory [After]
2022-12-21 13:29:23.656 INFO  [main]o.s.cloud.gateway.route.RouteDefinitionRouteLocator.lambda$initFactories$1:88 -Loaded RoutePredicateFactory [Before]
2022-12-21 13:29:23.656 INFO  [main]o.s.cloud.gateway.route.RouteDefinitionRouteLocator.lambda$initFactories$1:88 -Loaded RoutePredicateFactory [Between]
2022-12-21 13:29:23.657 INFO  [main]o.s.cloud.gateway.route.RouteDefinitionRouteLocator.lambda$initFactories$1:88 -Loaded RoutePredicateFactory [Cookie]
2022-12-21 13:29:23.657 INFO  [main]o.s.cloud.gateway.route.RouteDefinitionRouteLocator.lambda$initFactories$1:88 -Loaded RoutePredicateFactory [Header]
2022-12-21 13:29:23.657 INFO  [main]o.s.cloud.gateway.route.RouteDefinitionRouteLocator.lambda$initFactories$1:88 -Loaded RoutePredicateFactory [Host]
2022-12-21 13:29:23.657 INFO  [main]o.s.cloud.gateway.route.RouteDefinitionRouteLocator.lambda$initFactories$1:88 -Loaded RoutePredicateFactory [Method]
2022-12-21 13:29:23.657 INFO  [main]o.s.cloud.gateway.route.RouteDefinitionRouteLocator.lambda$initFactories$1:88 -Loaded RoutePredicateFactory [Path]
2022-12-21 13:29:23.657 INFO  [main]o.s.cloud.gateway.route.RouteDefinitionRouteLocator.lambda$initFactories$1:88 -Loaded RoutePredicateFactory [Query]
2022-12-21 13:29:23.657 INFO  [main]o.s.cloud.gateway.route.RouteDefinitionRouteLocator.lambda$initFactories$1:88 -Loaded RoutePredicateFactory [ReadBody]
2022-12-21 13:29:23.657 INFO  [main]o.s.cloud.gateway.route.RouteDefinitionRouteLocator.lambda$initFactories$1:88 -Loaded RoutePredicateFactory [RemoteAddr]
2022-12-21 13:29:23.657 INFO  [main]o.s.cloud.gateway.route.RouteDefinitionRouteLocator.lambda$initFactories$1:88 -Loaded RoutePredicateFactory [XForwardedRemoteAddr]
2022-12-21 13:29:23.657 INFO  [main]o.s.cloud.gateway.route.RouteDefinitionRouteLocator.lambda$initFactories$1:88 -Loaded RoutePredicateFactory [Weight]
2022-12-21 13:29:23.657 INFO  [main]o.s.cloud.gateway.route.RouteDefinitionRouteLocator.lambda$initFactories$1:88 -Loaded RoutePredicateFactory [CloudFoundryRouteService]
2022-12-21 13:29:23.774 INFO  [main]o.s.b.a.s.r.ReactiveUserDetailsServiceAutoConfiguration.getOrDeducePassword:87 -

Using generated security password: 4da4134a-3a15-4467-acf3-8545c651a84f

2022-12-21 13:29:24.455 INFO  [main]o.springframework.boot.web.embedded.netty.NettyWebServer.start:111 -Netty started on port 8000
2022-12-21 13:29:25.519 INFO  [main]com.alibaba.cloud.nacos.registry.NacosServiceRegistry.register:75 -nacos registry, DEFAULT_GROUP coder-gateway 192.168.0.106:8000 register finished
2022-12-21 13:29:25.529 INFO  [main]com.knowledge.gateway.GatewayApplication.logStarted:61 -Started GatewayApplication in 4.333 seconds (JVM running for 4.716)
2022-12-21 17:16:51.324 INFO  [SpringApplicationShutdownHook]com.alibaba.cloud.nacos.registry.NacosServiceRegistry.deregister:90 -De-registering from Nacos Server now...
2022-12-21 17:16:51.389 INFO  [SpringApplicationShutdownHook]com.alibaba.cloud.nacos.registry.NacosServiceRegistry.deregister:110 -De-registration finished.
2022-12-21 17:51:22.890 INFO  [main]com.knowledge.gateway.GatewayApplication.logStartupProfileInfo:634 -No active profile set, falling back to 1 default profile: "default"
2022-12-21 17:51:23.130 INFO  [main]o.s.d.repository.config.RepositoryConfigurationDelegate.multipleStoresDetected:262 -Multiple Spring Data modules found, entering strict repository configuration mode!
2022-12-21 17:51:23.131 INFO  [main]o.s.d.repository.config.RepositoryConfigurationDelegate.registerRepositoriesIn:132 -Bootstrapping Spring Data Redis repositories in DEFAULT mode.
2022-12-21 17:51:23.149 INFO  [main]o.s.d.repository.config.RepositoryConfigurationDelegate.registerRepositoriesIn:201 -Finished Spring Data repository scanning in 2 ms. Found 0 Redis repository interfaces.
2022-12-21 17:51:23.280 INFO  [main]o.s.d.repository.config.RepositoryConfigurationDelegate.multipleStoresDetected:262 -Multiple Spring Data modules found, entering strict repository configuration mode!
2022-12-21 17:51:23.280 INFO  [main]o.s.d.repository.config.RepositoryConfigurationDelegate.registerRepositoriesIn:132 -Bootstrapping Spring Data Redis repositories in DEFAULT mode.
2022-12-21 17:51:23.284 INFO  [main]o.s.d.repository.config.RepositoryConfigurationDelegate.registerRepositoriesIn:201 -Finished Spring Data repository scanning in 2 ms. Found 0 Redis repository interfaces.
2022-12-21 17:51:23.374 INFO  [main]org.springframework.cloud.context.scope.GenericScope.setSerializationId:283 -BeanFactory id=d021922b-eb4e-34da-8c2a-c51eb0880cef
2022-12-21 17:51:23.410 INFO  [main]o.s.c.s.PostProcessorRegistrationDelegate$BeanPostProcessorChecker.postProcessAfterInitialization:376 -Bean 'org.springframework.cloud.client.loadbalancer.reactive.LoadBalancerBeanPostProcessorAutoConfiguration' of type [org.springframework.cloud.client.loadbalancer.reactive.LoadBalancerBeanPostProcessorAutoConfiguration] is not eligible for getting processed by all BeanPostProcessors (for example: not eligible for auto-proxying)
2022-12-21 17:51:23.411 INFO  [main]o.s.c.s.PostProcessorRegistrationDelegate$BeanPostProcessorChecker.postProcessAfterInitialization:376 -Bean 'org.springframework.cloud.client.loadbalancer.reactive.LoadBalancerBeanPostProcessorAutoConfiguration$ReactorDeferringLoadBalancerFilterConfig' of type [org.springframework.cloud.client.loadbalancer.reactive.LoadBalancerBeanPostProcessorAutoConfiguration$ReactorDeferringLoadBalancerFilterConfig] is not eligible for getting processed by all BeanPostProcessors (for example: not eligible for auto-proxying)
2022-12-21 17:51:23.412 INFO  [main]o.s.c.s.PostProcessorRegistrationDelegate$BeanPostProcessorChecker.postProcessAfterInitialization:376 -Bean 'reactorDeferringLoadBalancerExchangeFilterFunction' of type [org.springframework.cloud.client.loadbalancer.reactive.DeferringLoadBalancerExchangeFilterFunction] is not eligible for getting processed by all BeanPostProcessors (for example: not eligible for auto-proxying)
2022-12-21 17:51:24.104 INFO  [main]o.s.cloud.gateway.route.RouteDefinitionRouteLocator.lambda$initFactories$1:88 -Loaded RoutePredicateFactory [After]
2022-12-21 17:51:24.104 INFO  [main]o.s.cloud.gateway.route.RouteDefinitionRouteLocator.lambda$initFactories$1:88 -Loaded RoutePredicateFactory [Before]
2022-12-21 17:51:24.104 INFO  [main]o.s.cloud.gateway.route.RouteDefinitionRouteLocator.lambda$initFactories$1:88 -Loaded RoutePredicateFactory [Between]
2022-12-21 17:51:24.105 INFO  [main]o.s.cloud.gateway.route.RouteDefinitionRouteLocator.lambda$initFactories$1:88 -Loaded RoutePredicateFactory [Cookie]
2022-12-21 17:51:24.105 INFO  [main]o.s.cloud.gateway.route.RouteDefinitionRouteLocator.lambda$initFactories$1:88 -Loaded RoutePredicateFactory [Header]
2022-12-21 17:51:24.105 INFO  [main]o.s.cloud.gateway.route.RouteDefinitionRouteLocator.lambda$initFactories$1:88 -Loaded RoutePredicateFactory [Host]
2022-12-21 17:51:24.105 INFO  [main]o.s.cloud.gateway.route.RouteDefinitionRouteLocator.lambda$initFactories$1:88 -Loaded RoutePredicateFactory [Method]
2022-12-21 17:51:24.105 INFO  [main]o.s.cloud.gateway.route.RouteDefinitionRouteLocator.lambda$initFactories$1:88 -Loaded RoutePredicateFactory [Path]
2022-12-21 17:51:24.105 INFO  [main]o.s.cloud.gateway.route.RouteDefinitionRouteLocator.lambda$initFactories$1:88 -Loaded RoutePredicateFactory [Query]
2022-12-21 17:51:24.105 INFO  [main]o.s.cloud.gateway.route.RouteDefinitionRouteLocator.lambda$initFactories$1:88 -Loaded RoutePredicateFactory [ReadBody]
2022-12-21 17:51:24.105 INFO  [main]o.s.cloud.gateway.route.RouteDefinitionRouteLocator.lambda$initFactories$1:88 -Loaded RoutePredicateFactory [RemoteAddr]
2022-12-21 17:51:24.105 INFO  [main]o.s.cloud.gateway.route.RouteDefinitionRouteLocator.lambda$initFactories$1:88 -Loaded RoutePredicateFactory [XForwardedRemoteAddr]
2022-12-21 17:51:24.105 INFO  [main]o.s.cloud.gateway.route.RouteDefinitionRouteLocator.lambda$initFactories$1:88 -Loaded RoutePredicateFactory [Weight]
2022-12-21 17:51:24.106 INFO  [main]o.s.cloud.gateway.route.RouteDefinitionRouteLocator.lambda$initFactories$1:88 -Loaded RoutePredicateFactory [CloudFoundryRouteService]
2022-12-21 17:51:24.217 INFO  [main]o.s.b.a.s.r.ReactiveUserDetailsServiceAutoConfiguration.getOrDeducePassword:87 -

Using generated security password: d664b1cd-ed9d-468b-8342-82a9e93753c7

2022-12-21 17:51:25.000 INFO  [main]o.springframework.boot.web.embedded.netty.NettyWebServer.start:111 -Netty started on port 8000
2022-12-21 17:51:25.358 INFO  [main]com.alibaba.cloud.nacos.registry.NacosServiceRegistry.register:75 -nacos registry, DEFAULT_GROUP coder-gateway 101.200.218.54:8000 register finished
2022-12-21 17:51:25.392 INFO  [main]com.knowledge.gateway.GatewayApplication.logStarted:61 -Started GatewayApplication in 3.405 seconds (JVM running for 3.715)
2022-12-21 17:51:34.673 INFO  [SpringApplicationShutdownHook]com.alibaba.cloud.nacos.registry.NacosServiceRegistry.deregister:90 -De-registering from Nacos Server now...
2022-12-21 17:51:34.722 INFO  [SpringApplicationShutdownHook]com.alibaba.cloud.nacos.registry.NacosServiceRegistry.deregister:110 -De-registration finished.
2022-12-21 17:53:26.375 INFO  [main]com.knowledge.gateway.GatewayApplication.logStartupProfileInfo:634 -No active profile set, falling back to 1 default profile: "default"
2022-12-21 17:53:26.613 INFO  [main]o.s.d.repository.config.RepositoryConfigurationDelegate.multipleStoresDetected:262 -Multiple Spring Data modules found, entering strict repository configuration mode!
2022-12-21 17:53:26.614 INFO  [main]o.s.d.repository.config.RepositoryConfigurationDelegate.registerRepositoriesIn:132 -Bootstrapping Spring Data Redis repositories in DEFAULT mode.
2022-12-21 17:53:26.629 INFO  [main]o.s.d.repository.config.RepositoryConfigurationDelegate.registerRepositoriesIn:201 -Finished Spring Data repository scanning in 4 ms. Found 0 Redis repository interfaces.
2022-12-21 17:53:26.747 INFO  [main]o.s.d.repository.config.RepositoryConfigurationDelegate.multipleStoresDetected:262 -Multiple Spring Data modules found, entering strict repository configuration mode!
2022-12-21 17:53:26.747 INFO  [main]o.s.d.repository.config.RepositoryConfigurationDelegate.registerRepositoriesIn:132 -Bootstrapping Spring Data Redis repositories in DEFAULT mode.
2022-12-21 17:53:26.749 INFO  [main]o.s.d.repository.config.RepositoryConfigurationDelegate.registerRepositoriesIn:201 -Finished Spring Data repository scanning in 1 ms. Found 0 Redis repository interfaces.
2022-12-21 17:53:26.843 INFO  [main]org.springframework.cloud.context.scope.GenericScope.setSerializationId:283 -BeanFactory id=d021922b-eb4e-34da-8c2a-c51eb0880cef
2022-12-21 17:53:26.891 INFO  [main]o.s.c.s.PostProcessorRegistrationDelegate$BeanPostProcessorChecker.postProcessAfterInitialization:376 -Bean 'org.springframework.cloud.client.loadbalancer.reactive.LoadBalancerBeanPostProcessorAutoConfiguration' of type [org.springframework.cloud.client.loadbalancer.reactive.LoadBalancerBeanPostProcessorAutoConfiguration] is not eligible for getting processed by all BeanPostProcessors (for example: not eligible for auto-proxying)
2022-12-21 17:53:26.892 INFO  [main]o.s.c.s.PostProcessorRegistrationDelegate$BeanPostProcessorChecker.postProcessAfterInitialization:376 -Bean 'org.springframework.cloud.client.loadbalancer.reactive.LoadBalancerBeanPostProcessorAutoConfiguration$ReactorDeferringLoadBalancerFilterConfig' of type [org.springframework.cloud.client.loadbalancer.reactive.LoadBalancerBeanPostProcessorAutoConfiguration$ReactorDeferringLoadBalancerFilterConfig] is not eligible for getting processed by all BeanPostProcessors (for example: not eligible for auto-proxying)
2022-12-21 17:53:26.894 INFO  [main]o.s.c.s.PostProcessorRegistrationDelegate$BeanPostProcessorChecker.postProcessAfterInitialization:376 -Bean 'reactorDeferringLoadBalancerExchangeFilterFunction' of type [org.springframework.cloud.client.loadbalancer.reactive.DeferringLoadBalancerExchangeFilterFunction] is not eligible for getting processed by all BeanPostProcessors (for example: not eligible for auto-proxying)
2022-12-21 17:53:27.607 INFO  [main]o.s.cloud.gateway.route.RouteDefinitionRouteLocator.lambda$initFactories$1:88 -Loaded RoutePredicateFactory [After]
2022-12-21 17:53:27.608 INFO  [main]o.s.cloud.gateway.route.RouteDefinitionRouteLocator.lambda$initFactories$1:88 -Loaded RoutePredicateFactory [Before]
2022-12-21 17:53:27.609 INFO  [main]o.s.cloud.gateway.route.RouteDefinitionRouteLocator.lambda$initFactories$1:88 -Loaded RoutePredicateFactory [Between]
2022-12-21 17:53:27.609 INFO  [main]o.s.cloud.gateway.route.RouteDefinitionRouteLocator.lambda$initFactories$1:88 -Loaded RoutePredicateFactory [Cookie]
2022-12-21 17:53:27.609 INFO  [main]o.s.cloud.gateway.route.RouteDefinitionRouteLocator.lambda$initFactories$1:88 -Loaded RoutePredicateFactory [Header]
2022-12-21 17:53:27.609 INFO  [main]o.s.cloud.gateway.route.RouteDefinitionRouteLocator.lambda$initFactories$1:88 -Loaded RoutePredicateFactory [Host]
2022-12-21 17:53:27.609 INFO  [main]o.s.cloud.gateway.route.RouteDefinitionRouteLocator.lambda$initFactories$1:88 -Loaded RoutePredicateFactory [Method]
2022-12-21 17:53:27.609 INFO  [main]o.s.cloud.gateway.route.RouteDefinitionRouteLocator.lambda$initFactories$1:88 -Loaded RoutePredicateFactory [Path]
2022-12-21 17:53:27.609 INFO  [main]o.s.cloud.gateway.route.RouteDefinitionRouteLocator.lambda$initFactories$1:88 -Loaded RoutePredicateFactory [Query]
2022-12-21 17:53:27.609 INFO  [main]o.s.cloud.gateway.route.RouteDefinitionRouteLocator.lambda$initFactories$1:88 -Loaded RoutePredicateFactory [ReadBody]
2022-12-21 17:53:27.609 INFO  [main]o.s.cloud.gateway.route.RouteDefinitionRouteLocator.lambda$initFactories$1:88 -Loaded RoutePredicateFactory [RemoteAddr]
2022-12-21 17:53:27.609 INFO  [main]o.s.cloud.gateway.route.RouteDefinitionRouteLocator.lambda$initFactories$1:88 -Loaded RoutePredicateFactory [XForwardedRemoteAddr]
2022-12-21 17:53:27.610 INFO  [main]o.s.cloud.gateway.route.RouteDefinitionRouteLocator.lambda$initFactories$1:88 -Loaded RoutePredicateFactory [Weight]
2022-12-21 17:53:27.610 INFO  [main]o.s.cloud.gateway.route.RouteDefinitionRouteLocator.lambda$initFactories$1:88 -Loaded RoutePredicateFactory [CloudFoundryRouteService]
2022-12-21 17:53:27.761 INFO  [main]o.s.b.a.s.r.ReactiveUserDetailsServiceAutoConfiguration.getOrDeducePassword:87 -

Using generated security password: 0d07acee-766b-4c1a-a855-cbbaa71de428

2022-12-21 17:53:28.841 INFO  [main]o.springframework.boot.web.embedded.netty.NettyWebServer.start:111 -Netty started on port 8000
2022-12-21 17:53:29.012 INFO  [main]com.alibaba.cloud.nacos.registry.NacosServiceRegistry.register:75 -nacos registry, DEFAULT_GROUP coder-gateway 192.168.0.106:8000 register finished
2022-12-21 17:53:29.024 INFO  [main]com.knowledge.gateway.GatewayApplication.logStarted:61 -Started GatewayApplication in 3.42 seconds (JVM running for 3.752)
2022-12-21 20:25:57.062 INFO  [SpringApplicationShutdownHook]com.alibaba.cloud.nacos.registry.NacosServiceRegistry.deregister:90 -De-registering from Nacos Server now...
2022-12-21 20:25:57.132 INFO  [SpringApplicationShutdownHook]com.alibaba.cloud.nacos.registry.NacosServiceRegistry.deregister:110 -De-registration finished.
2022-12-21 20:26:16.801 INFO  [main]com.knowledge.gateway.GatewayApplication.logStartupProfileInfo:634 -No active profile set, falling back to 1 default profile: "default"
2022-12-21 20:26:16.962 INFO  [main]o.s.d.repository.config.RepositoryConfigurationDelegate.multipleStoresDetected:262 -Multiple Spring Data modules found, entering strict repository configuration mode!
2022-12-21 20:26:16.963 INFO  [main]o.s.d.repository.config.RepositoryConfigurationDelegate.registerRepositoriesIn:132 -Bootstrapping Spring Data Redis repositories in DEFAULT mode.
2022-12-21 20:26:16.974 INFO  [main]o.s.d.repository.config.RepositoryConfigurationDelegate.registerRepositoriesIn:201 -Finished Spring Data repository scanning in 3 ms. Found 0 Redis repository interfaces.
2022-12-21 20:26:17.067 INFO  [main]o.s.d.repository.config.RepositoryConfigurationDelegate.multipleStoresDetected:262 -Multiple Spring Data modules found, entering strict repository configuration mode!
2022-12-21 20:26:17.067 INFO  [main]o.s.d.repository.config.RepositoryConfigurationDelegate.registerRepositoriesIn:132 -Bootstrapping Spring Data Redis repositories in DEFAULT mode.
2022-12-21 20:26:17.069 INFO  [main]o.s.d.repository.config.RepositoryConfigurationDelegate.registerRepositoriesIn:201 -Finished Spring Data repository scanning in 1 ms. Found 0 Redis repository interfaces.
2022-12-21 20:26:17.152 INFO  [main]org.springframework.cloud.context.scope.GenericScope.setSerializationId:283 -BeanFactory id=d021922b-eb4e-34da-8c2a-c51eb0880cef
2022-12-21 20:26:17.180 INFO  [main]o.s.c.s.PostProcessorRegistrationDelegate$BeanPostProcessorChecker.postProcessAfterInitialization:376 -Bean 'org.springframework.cloud.client.loadbalancer.reactive.LoadBalancerBeanPostProcessorAutoConfiguration' of type [org.springframework.cloud.client.loadbalancer.reactive.LoadBalancerBeanPostProcessorAutoConfiguration] is not eligible for getting processed by all BeanPostProcessors (for example: not eligible for auto-proxying)
2022-12-21 20:26:17.181 INFO  [main]o.s.c.s.PostProcessorRegistrationDelegate$BeanPostProcessorChecker.postProcessAfterInitialization:376 -Bean 'org.springframework.cloud.client.loadbalancer.reactive.LoadBalancerBeanPostProcessorAutoConfiguration$ReactorDeferringLoadBalancerFilterConfig' of type [org.springframework.cloud.client.loadbalancer.reactive.LoadBalancerBeanPostProcessorAutoConfiguration$ReactorDeferringLoadBalancerFilterConfig] is not eligible for getting processed by all BeanPostProcessors (for example: not eligible for auto-proxying)
2022-12-21 20:26:17.182 INFO  [main]o.s.c.s.PostProcessorRegistrationDelegate$BeanPostProcessorChecker.postProcessAfterInitialization:376 -Bean 'reactorDeferringLoadBalancerExchangeFilterFunction' of type [org.springframework.cloud.client.loadbalancer.reactive.DeferringLoadBalancerExchangeFilterFunction] is not eligible for getting processed by all BeanPostProcessors (for example: not eligible for auto-proxying)
2022-12-21 20:26:17.702 INFO  [main]o.s.cloud.gateway.route.RouteDefinitionRouteLocator.lambda$initFactories$1:88 -Loaded RoutePredicateFactory [After]
2022-12-21 20:26:17.703 INFO  [main]o.s.cloud.gateway.route.RouteDefinitionRouteLocator.lambda$initFactories$1:88 -Loaded RoutePredicateFactory [Before]
2022-12-21 20:26:17.703 INFO  [main]o.s.cloud.gateway.route.RouteDefinitionRouteLocator.lambda$initFactories$1:88 -Loaded RoutePredicateFactory [Between]
2022-12-21 20:26:17.703 INFO  [main]o.s.cloud.gateway.route.RouteDefinitionRouteLocator.lambda$initFactories$1:88 -Loaded RoutePredicateFactory [Cookie]
2022-12-21 20:26:17.703 INFO  [main]o.s.cloud.gateway.route.RouteDefinitionRouteLocator.lambda$initFactories$1:88 -Loaded RoutePredicateFactory [Header]
2022-12-21 20:26:17.703 INFO  [main]o.s.cloud.gateway.route.RouteDefinitionRouteLocator.lambda$initFactories$1:88 -Loaded RoutePredicateFactory [Host]
2022-12-21 20:26:17.703 INFO  [main]o.s.cloud.gateway.route.RouteDefinitionRouteLocator.lambda$initFactories$1:88 -Loaded RoutePredicateFactory [Method]
2022-12-21 20:26:17.703 INFO  [main]o.s.cloud.gateway.route.RouteDefinitionRouteLocator.lambda$initFactories$1:88 -Loaded RoutePredicateFactory [Path]
2022-12-21 20:26:17.703 INFO  [main]o.s.cloud.gateway.route.RouteDefinitionRouteLocator.lambda$initFactories$1:88 -Loaded RoutePredicateFactory [Query]
2022-12-21 20:26:17.703 INFO  [main]o.s.cloud.gateway.route.RouteDefinitionRouteLocator.lambda$initFactories$1:88 -Loaded RoutePredicateFactory [ReadBody]
2022-12-21 20:26:17.703 INFO  [main]o.s.cloud.gateway.route.RouteDefinitionRouteLocator.lambda$initFactories$1:88 -Loaded RoutePredicateFactory [RemoteAddr]
2022-12-21 20:26:17.704 INFO  [main]o.s.cloud.gateway.route.RouteDefinitionRouteLocator.lambda$initFactories$1:88 -Loaded RoutePredicateFactory [XForwardedRemoteAddr]
2022-12-21 20:26:17.704 INFO  [main]o.s.cloud.gateway.route.RouteDefinitionRouteLocator.lambda$initFactories$1:88 -Loaded RoutePredicateFactory [Weight]
2022-12-21 20:26:17.704 INFO  [main]o.s.cloud.gateway.route.RouteDefinitionRouteLocator.lambda$initFactories$1:88 -Loaded RoutePredicateFactory [CloudFoundryRouteService]
2022-12-21 20:26:17.779 INFO  [main]o.s.b.a.s.r.ReactiveUserDetailsServiceAutoConfiguration.getOrDeducePassword:87 -

Using generated security password: 371d18b3-a6ae-474c-b5cd-c7ebc618c966

2022-12-21 20:26:18.255 INFO  [main]o.springframework.boot.web.embedded.netty.NettyWebServer.start:111 -Netty started on port 8000
2022-12-21 20:26:18.358 INFO  [main]com.alibaba.cloud.nacos.registry.NacosServiceRegistry.register:75 -nacos registry, DEFAULT_GROUP coder-gateway 192.168.0.106:8000 register finished
2022-12-21 20:26:18.366 INFO  [main]com.knowledge.gateway.GatewayApplication.logStarted:61 -Started GatewayApplication in 2.03 seconds (JVM running for 2.281)
2022-12-21 21:15:59.966 INFO  [SpringApplicationShutdownHook]com.alibaba.cloud.nacos.registry.NacosServiceRegistry.deregister:90 -De-registering from Nacos Server now...
2022-12-21 21:16:00.029 INFO  [SpringApplicationShutdownHook]com.alibaba.cloud.nacos.registry.NacosServiceRegistry.deregister:110 -De-registration finished.
2022-12-21 21:16:16.968 INFO  [main]com.knowledge.gateway.GatewayApplication.logStartupProfileInfo:634 -No active profile set, falling back to 1 default profile: "default"
2022-12-21 21:16:17.256 INFO  [main]o.s.d.repository.config.RepositoryConfigurationDelegate.multipleStoresDetected:262 -Multiple Spring Data modules found, entering strict repository configuration mode!
2022-12-21 21:16:17.257 INFO  [main]o.s.d.repository.config.RepositoryConfigurationDelegate.registerRepositoriesIn:132 -Bootstrapping Spring Data Redis repositories in DEFAULT mode.
2022-12-21 21:16:17.267 INFO  [main]o.s.d.repository.config.RepositoryConfigurationDelegate.registerRepositoriesIn:201 -Finished Spring Data repository scanning in 3 ms. Found 0 Redis repository interfaces.
2022-12-21 21:16:17.388 INFO  [main]o.s.d.repository.config.RepositoryConfigurationDelegate.multipleStoresDetected:262 -Multiple Spring Data modules found, entering strict repository configuration mode!
2022-12-21 21:16:17.389 INFO  [main]o.s.d.repository.config.RepositoryConfigurationDelegate.registerRepositoriesIn:132 -Bootstrapping Spring Data Redis repositories in DEFAULT mode.
2022-12-21 21:16:17.391 INFO  [main]o.s.d.repository.config.RepositoryConfigurationDelegate.registerRepositoriesIn:201 -Finished Spring Data repository scanning in 1 ms. Found 0 Redis repository interfaces.
2022-12-21 21:16:17.493 INFO  [main]org.springframework.cloud.context.scope.GenericScope.setSerializationId:283 -BeanFactory id=d021922b-eb4e-34da-8c2a-c51eb0880cef
2022-12-21 21:16:17.537 INFO  [main]o.s.c.s.PostProcessorRegistrationDelegate$BeanPostProcessorChecker.postProcessAfterInitialization:376 -Bean 'org.springframework.cloud.client.loadbalancer.reactive.LoadBalancerBeanPostProcessorAutoConfiguration' of type [org.springframework.cloud.client.loadbalancer.reactive.LoadBalancerBeanPostProcessorAutoConfiguration] is not eligible for getting processed by all BeanPostProcessors (for example: not eligible for auto-proxying)
2022-12-21 21:16:17.539 INFO  [main]o.s.c.s.PostProcessorRegistrationDelegate$BeanPostProcessorChecker.postProcessAfterInitialization:376 -Bean 'org.springframework.cloud.client.loadbalancer.reactive.LoadBalancerBeanPostProcessorAutoConfiguration$ReactorDeferringLoadBalancerFilterConfig' of type [org.springframework.cloud.client.loadbalancer.reactive.LoadBalancerBeanPostProcessorAutoConfiguration$ReactorDeferringLoadBalancerFilterConfig] is not eligible for getting processed by all BeanPostProcessors (for example: not eligible for auto-proxying)
2022-12-21 21:16:17.540 INFO  [main]o.s.c.s.PostProcessorRegistrationDelegate$BeanPostProcessorChecker.postProcessAfterInitialization:376 -Bean 'reactorDeferringLoadBalancerExchangeFilterFunction' of type [org.springframework.cloud.client.loadbalancer.reactive.DeferringLoadBalancerExchangeFilterFunction] is not eligible for getting processed by all BeanPostProcessors (for example: not eligible for auto-proxying)
2022-12-21 21:16:18.194 INFO  [main]o.s.cloud.gateway.route.RouteDefinitionRouteLocator.lambda$initFactories$1:88 -Loaded RoutePredicateFactory [After]
2022-12-21 21:16:18.195 INFO  [main]o.s.cloud.gateway.route.RouteDefinitionRouteLocator.lambda$initFactories$1:88 -Loaded RoutePredicateFactory [Before]
2022-12-21 21:16:18.195 INFO  [main]o.s.cloud.gateway.route.RouteDefinitionRouteLocator.lambda$initFactories$1:88 -Loaded RoutePredicateFactory [Between]
2022-12-21 21:16:18.195 INFO  [main]o.s.cloud.gateway.route.RouteDefinitionRouteLocator.lambda$initFactories$1:88 -Loaded RoutePredicateFactory [Cookie]
2022-12-21 21:16:18.195 INFO  [main]o.s.cloud.gateway.route.RouteDefinitionRouteLocator.lambda$initFactories$1:88 -Loaded RoutePredicateFactory [Header]
2022-12-21 21:16:18.195 INFO  [main]o.s.cloud.gateway.route.RouteDefinitionRouteLocator.lambda$initFactories$1:88 -Loaded RoutePredicateFactory [Host]
2022-12-21 21:16:18.195 INFO  [main]o.s.cloud.gateway.route.RouteDefinitionRouteLocator.lambda$initFactories$1:88 -Loaded RoutePredicateFactory [Method]
2022-12-21 21:16:18.195 INFO  [main]o.s.cloud.gateway.route.RouteDefinitionRouteLocator.lambda$initFactories$1:88 -Loaded RoutePredicateFactory [Path]
2022-12-21 21:16:18.195 INFO  [main]o.s.cloud.gateway.route.RouteDefinitionRouteLocator.lambda$initFactories$1:88 -Loaded RoutePredicateFactory [Query]
2022-12-21 21:16:18.195 INFO  [main]o.s.cloud.gateway.route.RouteDefinitionRouteLocator.lambda$initFactories$1:88 -Loaded RoutePredicateFactory [ReadBody]
2022-12-21 21:16:18.195 INFO  [main]o.s.cloud.gateway.route.RouteDefinitionRouteLocator.lambda$initFactories$1:88 -Loaded RoutePredicateFactory [RemoteAddr]
2022-12-21 21:16:18.196 INFO  [main]o.s.cloud.gateway.route.RouteDefinitionRouteLocator.lambda$initFactories$1:88 -Loaded RoutePredicateFactory [XForwardedRemoteAddr]
2022-12-21 21:16:18.196 INFO  [main]o.s.cloud.gateway.route.RouteDefinitionRouteLocator.lambda$initFactories$1:88 -Loaded RoutePredicateFactory [Weight]
2022-12-21 21:16:18.196 INFO  [main]o.s.cloud.gateway.route.RouteDefinitionRouteLocator.lambda$initFactories$1:88 -Loaded RoutePredicateFactory [CloudFoundryRouteService]
2022-12-21 21:16:18.295 INFO  [main]o.s.b.a.s.r.ReactiveUserDetailsServiceAutoConfiguration.getOrDeducePassword:87 -

Using generated security password: 5bcf8856-6f09-4888-9234-75d60d584c23

2022-12-21 21:16:18.863 INFO  [main]o.springframework.boot.web.embedded.netty.NettyWebServer.start:111 -Netty started on port 8000
2022-12-21 21:16:18.946 INFO  [main]com.alibaba.cloud.nacos.registry.NacosServiceRegistry.register:75 -nacos registry, DEFAULT_GROUP coder-gateway 192.168.0.106:8000 register finished
2022-12-21 21:16:18.956 INFO  [main]com.knowledge.gateway.GatewayApplication.logStarted:61 -Started GatewayApplication in 2.86 seconds (JVM running for 3.26)
2022-12-21 22:10:32.910 INFO  [SpringApplicationShutdownHook]com.alibaba.cloud.nacos.registry.NacosServiceRegistry.deregister:90 -De-registering from Nacos Server now...
2022-12-21 22:10:32.975 INFO  [SpringApplicationShutdownHook]com.alibaba.cloud.nacos.registry.NacosServiceRegistry.deregister:110 -De-registration finished.
2022-12-21 22:10:51.726 INFO  [main]com.knowledge.gateway.GatewayApplication.logStartupProfileInfo:634 -No active profile set, falling back to 1 default profile: "default"
2022-12-21 22:10:51.982 INFO  [main]o.s.d.repository.config.RepositoryConfigurationDelegate.multipleStoresDetected:262 -Multiple Spring Data modules found, entering strict repository configuration mode!
2022-12-21 22:10:51.984 INFO  [main]o.s.d.repository.config.RepositoryConfigurationDelegate.registerRepositoriesIn:132 -Bootstrapping Spring Data Redis repositories in DEFAULT mode.
2022-12-21 22:10:52.005 INFO  [main]o.s.d.repository.config.RepositoryConfigurationDelegate.registerRepositoriesIn:201 -Finished Spring Data repository scanning in 9 ms. Found 0 Redis repository interfaces.
2022-12-21 22:10:52.242 INFO  [main]o.s.d.repository.config.RepositoryConfigurationDelegate.multipleStoresDetected:262 -Multiple Spring Data modules found, entering strict repository configuration mode!
2022-12-21 22:10:52.243 INFO  [main]o.s.d.repository.config.RepositoryConfigurationDelegate.registerRepositoriesIn:132 -Bootstrapping Spring Data Redis repositories in DEFAULT mode.
2022-12-21 22:10:52.245 INFO  [main]o.s.d.repository.config.RepositoryConfigurationDelegate.registerRepositoriesIn:201 -Finished Spring Data repository scanning in 2 ms. Found 0 Redis repository interfaces.
2022-12-21 22:10:52.360 INFO  [main]org.springframework.cloud.context.scope.GenericScope.setSerializationId:283 -BeanFactory id=d021922b-eb4e-34da-8c2a-c51eb0880cef
2022-12-21 22:10:52.398 INFO  [main]o.s.c.s.PostProcessorRegistrationDelegate$BeanPostProcessorChecker.postProcessAfterInitialization:376 -Bean 'org.springframework.cloud.client.loadbalancer.reactive.LoadBalancerBeanPostProcessorAutoConfiguration' of type [org.springframework.cloud.client.loadbalancer.reactive.LoadBalancerBeanPostProcessorAutoConfiguration] is not eligible for getting processed by all BeanPostProcessors (for example: not eligible for auto-proxying)
2022-12-21 22:10:52.399 INFO  [main]o.s.c.s.PostProcessorRegistrationDelegate$BeanPostProcessorChecker.postProcessAfterInitialization:376 -Bean 'org.springframework.cloud.client.loadbalancer.reactive.LoadBalancerBeanPostProcessorAutoConfiguration$ReactorDeferringLoadBalancerFilterConfig' of type [org.springframework.cloud.client.loadbalancer.reactive.LoadBalancerBeanPostProcessorAutoConfiguration$ReactorDeferringLoadBalancerFilterConfig] is not eligible for getting processed by all BeanPostProcessors (for example: not eligible for auto-proxying)
2022-12-21 22:10:52.400 INFO  [main]o.s.c.s.PostProcessorRegistrationDelegate$BeanPostProcessorChecker.postProcessAfterInitialization:376 -Bean 'reactorDeferringLoadBalancerExchangeFilterFunction' of type [org.springframework.cloud.client.loadbalancer.reactive.DeferringLoadBalancerExchangeFilterFunction] is not eligible for getting processed by all BeanPostProcessors (for example: not eligible for auto-proxying)
2022-12-21 22:10:53.137 INFO  [main]o.s.cloud.gateway.route.RouteDefinitionRouteLocator.lambda$initFactories$1:88 -Loaded RoutePredicateFactory [After]
2022-12-21 22:10:53.137 INFO  [main]o.s.cloud.gateway.route.RouteDefinitionRouteLocator.lambda$initFactories$1:88 -Loaded RoutePredicateFactory [Before]
2022-12-21 22:10:53.137 INFO  [main]o.s.cloud.gateway.route.RouteDefinitionRouteLocator.lambda$initFactories$1:88 -Loaded RoutePredicateFactory [Between]
2022-12-21 22:10:53.138 INFO  [main]o.s.cloud.gateway.route.RouteDefinitionRouteLocator.lambda$initFactories$1:88 -Loaded RoutePredicateFactory [Cookie]
2022-12-21 22:10:53.138 INFO  [main]o.s.cloud.gateway.route.RouteDefinitionRouteLocator.lambda$initFactories$1:88 -Loaded RoutePredicateFactory [Header]
2022-12-21 22:10:53.138 INFO  [main]o.s.cloud.gateway.route.RouteDefinitionRouteLocator.lambda$initFactories$1:88 -Loaded RoutePredicateFactory [Host]
2022-12-21 22:10:53.138 INFO  [main]o.s.cloud.gateway.route.RouteDefinitionRouteLocator.lambda$initFactories$1:88 -Loaded RoutePredicateFactory [Method]
2022-12-21 22:10:53.138 INFO  [main]o.s.cloud.gateway.route.RouteDefinitionRouteLocator.lambda$initFactories$1:88 -Loaded RoutePredicateFactory [Path]
2022-12-21 22:10:53.138 INFO  [main]o.s.cloud.gateway.route.RouteDefinitionRouteLocator.lambda$initFactories$1:88 -Loaded RoutePredicateFactory [Query]
2022-12-21 22:10:53.138 INFO  [main]o.s.cloud.gateway.route.RouteDefinitionRouteLocator.lambda$initFactories$1:88 -Loaded RoutePredicateFactory [ReadBody]
2022-12-21 22:10:53.138 INFO  [main]o.s.cloud.gateway.route.RouteDefinitionRouteLocator.lambda$initFactories$1:88 -Loaded RoutePredicateFactory [RemoteAddr]
2022-12-21 22:10:53.138 INFO  [main]o.s.cloud.gateway.route.RouteDefinitionRouteLocator.lambda$initFactories$1:88 -Loaded RoutePredicateFactory [XForwardedRemoteAddr]
2022-12-21 22:10:53.138 INFO  [main]o.s.cloud.gateway.route.RouteDefinitionRouteLocator.lambda$initFactories$1:88 -Loaded RoutePredicateFactory [Weight]
2022-12-21 22:10:53.138 INFO  [main]o.s.cloud.gateway.route.RouteDefinitionRouteLocator.lambda$initFactories$1:88 -Loaded RoutePredicateFactory [CloudFoundryRouteService]
2022-12-21 22:10:53.235 INFO  [main]o.s.b.a.s.r.ReactiveUserDetailsServiceAutoConfiguration.getOrDeducePassword:87 -

Using generated security password: 368453b4-e870-4d86-8ce4-311f6515f042

2022-12-21 22:10:53.898 INFO  [main]o.springframework.boot.web.embedded.netty.NettyWebServer.start:111 -Netty started on port 8000
2022-12-21 22:10:53.969 INFO  [main]com.alibaba.cloud.nacos.registry.NacosServiceRegistry.register:75 -nacos registry, DEFAULT_GROUP coder-gateway 192.168.0.106:8000 register finished
2022-12-21 22:10:53.983 INFO  [main]com.knowledge.gateway.GatewayApplication.logStarted:61 -Started GatewayApplication in 3.045 seconds (JVM running for 3.481)
2022-12-21 22:57:33.657 INFO  [SpringApplicationShutdownHook]com.alibaba.cloud.nacos.registry.NacosServiceRegistry.deregister:90 -De-registering from Nacos Server now...
2022-12-21 22:57:33.725 INFO  [SpringApplicationShutdownHook]com.alibaba.cloud.nacos.registry.NacosServiceRegistry.deregister:110 -De-registration finished.
2022-12-21 22:57:49.610 INFO  [main]com.knowledge.gateway.GatewayApplication.logStartupProfileInfo:634 -No active profile set, falling back to 1 default profile: "default"
2022-12-21 22:57:49.878 INFO  [main]o.s.d.repository.config.RepositoryConfigurationDelegate.multipleStoresDetected:262 -Multiple Spring Data modules found, entering strict repository configuration mode!
2022-12-21 22:57:49.879 INFO  [main]o.s.d.repository.config.RepositoryConfigurationDelegate.registerRepositoriesIn:132 -Bootstrapping Spring Data Redis repositories in DEFAULT mode.
2022-12-21 22:57:49.899 INFO  [main]o.s.d.repository.config.RepositoryConfigurationDelegate.registerRepositoriesIn:201 -Finished Spring Data repository scanning in 3 ms. Found 0 Redis repository interfaces.
2022-12-21 22:57:50.031 INFO  [main]o.s.d.repository.config.RepositoryConfigurationDelegate.multipleStoresDetected:262 -Multiple Spring Data modules found, entering strict repository configuration mode!
2022-12-21 22:57:50.031 INFO  [main]o.s.d.repository.config.RepositoryConfigurationDelegate.registerRepositoriesIn:132 -Bootstrapping Spring Data Redis repositories in DEFAULT mode.
2022-12-21 22:57:50.033 INFO  [main]o.s.d.repository.config.RepositoryConfigurationDelegate.registerRepositoriesIn:201 -Finished Spring Data repository scanning in 1 ms. Found 0 Redis repository interfaces.
2022-12-21 22:57:50.128 INFO  [main]org.springframework.cloud.context.scope.GenericScope.setSerializationId:283 -BeanFactory id=d021922b-eb4e-34da-8c2a-c51eb0880cef
2022-12-21 22:57:50.169 INFO  [main]o.s.c.s.PostProcessorRegistrationDelegate$BeanPostProcessorChecker.postProcessAfterInitialization:376 -Bean 'org.springframework.cloud.client.loadbalancer.reactive.LoadBalancerBeanPostProcessorAutoConfiguration' of type [org.springframework.cloud.client.loadbalancer.reactive.LoadBalancerBeanPostProcessorAutoConfiguration] is not eligible for getting processed by all BeanPostProcessors (for example: not eligible for auto-proxying)
2022-12-21 22:57:50.170 INFO  [main]o.s.c.s.PostProcessorRegistrationDelegate$BeanPostProcessorChecker.postProcessAfterInitialization:376 -Bean 'org.springframework.cloud.client.loadbalancer.reactive.LoadBalancerBeanPostProcessorAutoConfiguration$ReactorDeferringLoadBalancerFilterConfig' of type [org.springframework.cloud.client.loadbalancer.reactive.LoadBalancerBeanPostProcessorAutoConfiguration$ReactorDeferringLoadBalancerFilterConfig] is not eligible for getting processed by all BeanPostProcessors (for example: not eligible for auto-proxying)
2022-12-21 22:57:50.171 INFO  [main]o.s.c.s.PostProcessorRegistrationDelegate$BeanPostProcessorChecker.postProcessAfterInitialization:376 -Bean 'reactorDeferringLoadBalancerExchangeFilterFunction' of type [org.springframework.cloud.client.loadbalancer.reactive.DeferringLoadBalancerExchangeFilterFunction] is not eligible for getting processed by all BeanPostProcessors (for example: not eligible for auto-proxying)
2022-12-21 22:57:50.933 INFO  [main]o.s.cloud.gateway.route.RouteDefinitionRouteLocator.lambda$initFactories$1:88 -Loaded RoutePredicateFactory [After]
2022-12-21 22:57:50.934 INFO  [main]o.s.cloud.gateway.route.RouteDefinitionRouteLocator.lambda$initFactories$1:88 -Loaded RoutePredicateFactory [Before]
2022-12-21 22:57:50.934 INFO  [main]o.s.cloud.gateway.route.RouteDefinitionRouteLocator.lambda$initFactories$1:88 -Loaded RoutePredicateFactory [Between]
2022-12-21 22:57:50.934 INFO  [main]o.s.cloud.gateway.route.RouteDefinitionRouteLocator.lambda$initFactories$1:88 -Loaded RoutePredicateFactory [Cookie]
2022-12-21 22:57:50.934 INFO  [main]o.s.cloud.gateway.route.RouteDefinitionRouteLocator.lambda$initFactories$1:88 -Loaded RoutePredicateFactory [Header]
2022-12-21 22:57:50.934 INFO  [main]o.s.cloud.gateway.route.RouteDefinitionRouteLocator.lambda$initFactories$1:88 -Loaded RoutePredicateFactory [Host]
2022-12-21 22:57:50.934 INFO  [main]o.s.cloud.gateway.route.RouteDefinitionRouteLocator.lambda$initFactories$1:88 -Loaded RoutePredicateFactory [Method]
2022-12-21 22:57:50.934 INFO  [main]o.s.cloud.gateway.route.RouteDefinitionRouteLocator.lambda$initFactories$1:88 -Loaded RoutePredicateFactory [Path]
2022-12-21 22:57:50.934 INFO  [main]o.s.cloud.gateway.route.RouteDefinitionRouteLocator.lambda$initFactories$1:88 -Loaded RoutePredicateFactory [Query]
2022-12-21 22:57:50.934 INFO  [main]o.s.cloud.gateway.route.RouteDefinitionRouteLocator.lambda$initFactories$1:88 -Loaded RoutePredicateFactory [ReadBody]
2022-12-21 22:57:50.934 INFO  [main]o.s.cloud.gateway.route.RouteDefinitionRouteLocator.lambda$initFactories$1:88 -Loaded RoutePredicateFactory [RemoteAddr]
2022-12-21 22:57:50.934 INFO  [main]o.s.cloud.gateway.route.RouteDefinitionRouteLocator.lambda$initFactories$1:88 -Loaded RoutePredicateFactory [XForwardedRemoteAddr]
2022-12-21 22:57:50.935 INFO  [main]o.s.cloud.gateway.route.RouteDefinitionRouteLocator.lambda$initFactories$1:88 -Loaded RoutePredicateFactory [Weight]
2022-12-21 22:57:50.935 INFO  [main]o.s.cloud.gateway.route.RouteDefinitionRouteLocator.lambda$initFactories$1:88 -Loaded RoutePredicateFactory [CloudFoundryRouteService]
2022-12-21 22:57:51.086 INFO  [main]o.s.b.a.s.r.ReactiveUserDetailsServiceAutoConfiguration.getOrDeducePassword:87 -

Using generated security password: adb5b241-efd1-4592-a533-a50bbb96e116

2022-12-21 22:57:51.738 INFO  [main]o.springframework.boot.web.embedded.netty.NettyWebServer.start:111 -Netty started on port 8000
2022-12-21 22:57:51.918 INFO  [main]com.alibaba.cloud.nacos.registry.NacosServiceRegistry.register:75 -nacos registry, DEFAULT_GROUP coder-gateway 192.168.0.106:8000 register finished
2022-12-21 22:57:51.931 INFO  [main]com.knowledge.gateway.GatewayApplication.logStarted:61 -Started GatewayApplication in 3.137 seconds (JVM running for 3.481)
2022-12-21 23:02:06.126 INFO  [SpringApplicationShutdownHook]com.alibaba.cloud.nacos.registry.NacosServiceRegistry.deregister:90 -De-registering from Nacos Server now...
2022-12-21 23:02:06.174 INFO  [SpringApplicationShutdownHook]com.alibaba.cloud.nacos.registry.NacosServiceRegistry.deregister:110 -De-registration finished.
2022-12-21 23:02:20.825 INFO  [main]com.knowledge.gateway.GatewayApplication.logStartupProfileInfo:634 -No active profile set, falling back to 1 default profile: "default"
2022-12-21 23:02:21.063 INFO  [main]o.s.d.repository.config.RepositoryConfigurationDelegate.multipleStoresDetected:262 -Multiple Spring Data modules found, entering strict repository configuration mode!
2022-12-21 23:02:21.064 INFO  [main]o.s.d.repository.config.RepositoryConfigurationDelegate.registerRepositoriesIn:132 -Bootstrapping Spring Data Redis repositories in DEFAULT mode.
2022-12-21 23:02:21.080 INFO  [main]o.s.d.repository.config.RepositoryConfigurationDelegate.registerRepositoriesIn:201 -Finished Spring Data repository scanning in 6 ms. Found 0 Redis repository interfaces.
2022-12-21 23:02:21.207 INFO  [main]o.s.d.repository.config.RepositoryConfigurationDelegate.multipleStoresDetected:262 -Multiple Spring Data modules found, entering strict repository configuration mode!
2022-12-21 23:02:21.208 INFO  [main]o.s.d.repository.config.RepositoryConfigurationDelegate.registerRepositoriesIn:132 -Bootstrapping Spring Data Redis repositories in DEFAULT mode.
2022-12-21 23:02:21.210 INFO  [main]o.s.d.repository.config.RepositoryConfigurationDelegate.registerRepositoriesIn:201 -Finished Spring Data repository scanning in 1 ms. Found 0 Redis repository interfaces.
2022-12-21 23:02:21.307 INFO  [main]org.springframework.cloud.context.scope.GenericScope.setSerializationId:283 -BeanFactory id=d021922b-eb4e-34da-8c2a-c51eb0880cef
2022-12-21 23:02:21.352 INFO  [main]o.s.c.s.PostProcessorRegistrationDelegate$BeanPostProcessorChecker.postProcessAfterInitialization:376 -Bean 'org.springframework.cloud.client.loadbalancer.reactive.LoadBalancerBeanPostProcessorAutoConfiguration' of type [org.springframework.cloud.client.loadbalancer.reactive.LoadBalancerBeanPostProcessorAutoConfiguration] is not eligible for getting processed by all BeanPostProcessors (for example: not eligible for auto-proxying)
2022-12-21 23:02:21.353 INFO  [main]o.s.c.s.PostProcessorRegistrationDelegate$BeanPostProcessorChecker.postProcessAfterInitialization:376 -Bean 'org.springframework.cloud.client.loadbalancer.reactive.LoadBalancerBeanPostProcessorAutoConfiguration$ReactorDeferringLoadBalancerFilterConfig' of type [org.springframework.cloud.client.loadbalancer.reactive.LoadBalancerBeanPostProcessorAutoConfiguration$ReactorDeferringLoadBalancerFilterConfig] is not eligible for getting processed by all BeanPostProcessors (for example: not eligible for auto-proxying)
2022-12-21 23:02:21.354 INFO  [main]o.s.c.s.PostProcessorRegistrationDelegate$BeanPostProcessorChecker.postProcessAfterInitialization:376 -Bean 'reactorDeferringLoadBalancerExchangeFilterFunction' of type [org.springframework.cloud.client.loadbalancer.reactive.DeferringLoadBalancerExchangeFilterFunction] is not eligible for getting processed by all BeanPostProcessors (for example: not eligible for auto-proxying)
2022-12-21 23:02:22.065 INFO  [main]o.s.cloud.gateway.route.RouteDefinitionRouteLocator.lambda$initFactories$1:88 -Loaded RoutePredicateFactory [After]
2022-12-21 23:02:22.066 INFO  [main]o.s.cloud.gateway.route.RouteDefinitionRouteLocator.lambda$initFactories$1:88 -Loaded RoutePredicateFactory [Before]
2022-12-21 23:02:22.066 INFO  [main]o.s.cloud.gateway.route.RouteDefinitionRouteLocator.lambda$initFactories$1:88 -Loaded RoutePredicateFactory [Between]
2022-12-21 23:02:22.066 INFO  [main]o.s.cloud.gateway.route.RouteDefinitionRouteLocator.lambda$initFactories$1:88 -Loaded RoutePredicateFactory [Cookie]
2022-12-21 23:02:22.066 INFO  [main]o.s.cloud.gateway.route.RouteDefinitionRouteLocator.lambda$initFactories$1:88 -Loaded RoutePredicateFactory [Header]
2022-12-21 23:02:22.066 INFO  [main]o.s.cloud.gateway.route.RouteDefinitionRouteLocator.lambda$initFactories$1:88 -Loaded RoutePredicateFactory [Host]
2022-12-21 23:02:22.066 INFO  [main]o.s.cloud.gateway.route.RouteDefinitionRouteLocator.lambda$initFactories$1:88 -Loaded RoutePredicateFactory [Method]
2022-12-21 23:02:22.066 INFO  [main]o.s.cloud.gateway.route.RouteDefinitionRouteLocator.lambda$initFactories$1:88 -Loaded RoutePredicateFactory [Path]
2022-12-21 23:02:22.066 INFO  [main]o.s.cloud.gateway.route.RouteDefinitionRouteLocator.lambda$initFactories$1:88 -Loaded RoutePredicateFactory [Query]
2022-12-21 23:02:22.066 INFO  [main]o.s.cloud.gateway.route.RouteDefinitionRouteLocator.lambda$initFactories$1:88 -Loaded RoutePredicateFactory [ReadBody]
2022-12-21 23:02:22.066 INFO  [main]o.s.cloud.gateway.route.RouteDefinitionRouteLocator.lambda$initFactories$1:88 -Loaded RoutePredicateFactory [RemoteAddr]
2022-12-21 23:02:22.066 INFO  [main]o.s.cloud.gateway.route.RouteDefinitionRouteLocator.lambda$initFactories$1:88 -Loaded RoutePredicateFactory [XForwardedRemoteAddr]
2022-12-21 23:02:22.067 INFO  [main]o.s.cloud.gateway.route.RouteDefinitionRouteLocator.lambda$initFactories$1:88 -Loaded RoutePredicateFactory [Weight]
2022-12-21 23:02:22.067 INFO  [main]o.s.cloud.gateway.route.RouteDefinitionRouteLocator.lambda$initFactories$1:88 -Loaded RoutePredicateFactory [CloudFoundryRouteService]
2022-12-21 23:02:22.222 INFO  [main]o.s.b.a.s.r.ReactiveUserDetailsServiceAutoConfiguration.getOrDeducePassword:87 -

Using generated security password: 78b0cd62-a8d0-4404-9952-a3c8956eac76

2022-12-21 23:02:22.877 INFO  [main]o.springframework.boot.web.embedded.netty.NettyWebServer.start:111 -Netty started on port 8000
2022-12-21 23:02:23.097 INFO  [main]com.alibaba.cloud.nacos.registry.NacosServiceRegistry.register:75 -nacos registry, DEFAULT_GROUP coder-gateway 192.168.0.106:8000 register finished
2022-12-21 23:02:23.107 INFO  [main]com.knowledge.gateway.GatewayApplication.logStarted:61 -Started GatewayApplication in 3.052 seconds (JVM running for 3.404)
2022-12-21 23:02:34.164 INFO  [reactor-http-nio-3]com.knowledge.gateway.filter.AccessTokenFilter.filter:65 -令牌已过期 eyJhbGciOiJSUzI1NiIsInR5cCI6IkpXVCJ9.eyJ1c2VySW5mbyI6eyJpZCI6MTU4NjI2NzI4NjY3NDg0NTY5NiwidXNlcm5hbWUiOiJ0ZXN0In0sInVzZXJfbmFtZSI6InRlc3QiLCJzY29wZSI6WyJhbGwiXSwiZXhwIjoxNjcxNjU4Njc0LCJhdXRob3JpdGllcyI6WyJhZG1pbiJdLCJqdGkiOiIxZjQzYTgxNS1mYWE0LTQ0ZGYtOThkNy04M2UyNzY0ZTJkZDkiLCJjbGllbnRfaWQiOiJjb2RlLWdlbmVyYXRvciJ9.QIy6nc2UuS_gVzIjUCHgJLdupzfbmlbEp_GI_smHkF0t50FD1AxICQwvABrGRZa-MnRBj_9WMVbg8NhCwlk8JDr7rc8zcJLPdbykwd7CyeTTcP2yzX0OWcKND5HHif1Fq_shB0j7hFKrhpSwuiUoMuL21mKtQXA2YOcuBPXhqxr7jwvTG6H-kg5XSqaNiFi6EdiIQH0AgGHzl3UUwmSpF9uOJEZJ_r_lipNE6ZmiiVtCq_kJ_4kcOIWqAJM5USCz404A7VARt04wWoJ5klMaq7B266kdvwQt23hP3Bc19_RHh4cymAhd5rUypq4tKJOUCtKWD5tfEDM9Mg-05BTcDQ
