2022-12-13 22:04:51.274 INFO  [main]com.knowledge.gateway.GatewayApplication.logStartupProfileInfo:634 -No active profile set, falling back to 1 default profile: "default"
2022-12-13 22:04:51.882 INFO  [main]o.s.d.repository.config.RepositoryConfigurationDelegate.multipleStoresDetected:262 -Multiple Spring Data modules found, entering strict repository configuration mode!
2022-12-13 22:04:51.884 INFO  [main]o.s.d.repository.config.RepositoryConfigurationDelegate.registerRepositoriesIn:132 -Bootstrapping Spring Data Redis repositories in DEFAULT mode.
2022-12-13 22:04:51.896 INFO  [main]o.s.d.repository.config.RepositoryConfigurationDelegate.registerRepositoriesIn:201 -Finished Spring Data repository scanning in 3 ms. Found 0 Redis repository interfaces.
2022-12-13 22:04:52.000 INFO  [main]org.springframework.cloud.context.scope.GenericScope.setSerializationId:283 -BeanFactory id=5ff4adb5-362f-3963-b7a8-2879590c7c24
2022-12-13 22:04:52.034 INFO  [main]o.s.c.s.PostProcessorRegistrationDelegate$BeanPostProcessorChecker.postProcessAfterInitialization:376 -Bean 'org.springframework.cloud.client.loadbalancer.reactive.LoadBalancerBeanPostProcessorAutoConfiguration' of type [org.springframework.cloud.client.loadbalancer.reactive.LoadBalancerBeanPostProcessorAutoConfiguration] is not eligible for getting processed by all BeanPostProcessors (for example: not eligible for auto-proxying)
2022-12-13 22:04:52.035 INFO  [main]o.s.c.s.PostProcessorRegistrationDelegate$BeanPostProcessorChecker.postProcessAfterInitialization:376 -Bean 'org.springframework.cloud.client.loadbalancer.reactive.LoadBalancerBeanPostProcessorAutoConfiguration$ReactorDeferringLoadBalancerFilterConfig' of type [org.springframework.cloud.client.loadbalancer.reactive.LoadBalancerBeanPostProcessorAutoConfiguration$ReactorDeferringLoadBalancerFilterConfig] is not eligible for getting processed by all BeanPostProcessors (for example: not eligible for auto-proxying)
2022-12-13 22:04:52.036 INFO  [main]o.s.c.s.PostProcessorRegistrationDelegate$BeanPostProcessorChecker.postProcessAfterInitialization:376 -Bean 'reactorDeferringLoadBalancerExchangeFilterFunction' of type [org.springframework.cloud.client.loadbalancer.reactive.DeferringLoadBalancerExchangeFilterFunction] is not eligible for getting processed by all BeanPostProcessors (for example: not eligible for auto-proxying)
2022-12-13 22:04:52.595 INFO  [main]o.s.cloud.gateway.route.RouteDefinitionRouteLocator.lambda$initFactories$1:88 -Loaded RoutePredicateFactory [After]
2022-12-13 22:04:52.596 INFO  [main]o.s.cloud.gateway.route.RouteDefinitionRouteLocator.lambda$initFactories$1:88 -Loaded RoutePredicateFactory [Before]
2022-12-13 22:04:52.596 INFO  [main]o.s.cloud.gateway.route.RouteDefinitionRouteLocator.lambda$initFactories$1:88 -Loaded RoutePredicateFactory [Between]
2022-12-13 22:04:52.596 INFO  [main]o.s.cloud.gateway.route.RouteDefinitionRouteLocator.lambda$initFactories$1:88 -Loaded RoutePredicateFactory [Cookie]
2022-12-13 22:04:52.596 INFO  [main]o.s.cloud.gateway.route.RouteDefinitionRouteLocator.lambda$initFactories$1:88 -Loaded RoutePredicateFactory [Header]
2022-12-13 22:04:52.596 INFO  [main]o.s.cloud.gateway.route.RouteDefinitionRouteLocator.lambda$initFactories$1:88 -Loaded RoutePredicateFactory [Host]
2022-12-13 22:04:52.596 INFO  [main]o.s.cloud.gateway.route.RouteDefinitionRouteLocator.lambda$initFactories$1:88 -Loaded RoutePredicateFactory [Method]
2022-12-13 22:04:52.596 INFO  [main]o.s.cloud.gateway.route.RouteDefinitionRouteLocator.lambda$initFactories$1:88 -Loaded RoutePredicateFactory [Path]
2022-12-13 22:04:52.596 INFO  [main]o.s.cloud.gateway.route.RouteDefinitionRouteLocator.lambda$initFactories$1:88 -Loaded RoutePredicateFactory [Query]
2022-12-13 22:04:52.596 INFO  [main]o.s.cloud.gateway.route.RouteDefinitionRouteLocator.lambda$initFactories$1:88 -Loaded RoutePredicateFactory [ReadBody]
2022-12-13 22:04:52.596 INFO  [main]o.s.cloud.gateway.route.RouteDefinitionRouteLocator.lambda$initFactories$1:88 -Loaded RoutePredicateFactory [RemoteAddr]
2022-12-13 22:04:52.597 INFO  [main]o.s.cloud.gateway.route.RouteDefinitionRouteLocator.lambda$initFactories$1:88 -Loaded RoutePredicateFactory [XForwardedRemoteAddr]
2022-12-13 22:04:52.597 INFO  [main]o.s.cloud.gateway.route.RouteDefinitionRouteLocator.lambda$initFactories$1:88 -Loaded RoutePredicateFactory [Weight]
2022-12-13 22:04:52.597 INFO  [main]o.s.cloud.gateway.route.RouteDefinitionRouteLocator.lambda$initFactories$1:88 -Loaded RoutePredicateFactory [CloudFoundryRouteService]
2022-12-13 22:04:52.688 INFO  [main]o.s.b.a.s.r.ReactiveUserDetailsServiceAutoConfiguration.getOrDeducePassword:87 -

Using generated security password: 908b4563-9c58-435c-8f6d-fe28b2509e2e

2022-12-13 22:04:53.209 INFO  [main]o.springframework.boot.web.embedded.netty.NettyWebServer.start:111 -Netty started on port 8000
2022-12-13 22:04:53.322 INFO  [main]com.alibaba.cloud.nacos.registry.NacosServiceRegistry.register:75 -nacos registry, DEFAULT_GROUP coder-gateway 192.168.0.107:8000 register finished
2022-12-13 22:04:53.333 INFO  [main]com.knowledge.gateway.GatewayApplication.logStarted:61 -Started GatewayApplication in 2.674 seconds (JVM running for 3.029)
2022-12-13 22:21:58.844 INFO  [SpringApplicationShutdownHook]com.alibaba.cloud.nacos.registry.NacosServiceRegistry.deregister:90 -De-registering from Nacos Server now...
2022-12-13 22:21:58.910 INFO  [SpringApplicationShutdownHook]com.alibaba.cloud.nacos.registry.NacosServiceRegistry.deregister:110 -De-registration finished.
2022-12-13 22:29:26.985 INFO  [main]com.knowledge.gateway.GatewayApplication.logStartupProfileInfo:634 -No active profile set, falling back to 1 default profile: "default"
2022-12-13 22:29:27.315 INFO  [main]o.s.d.repository.config.RepositoryConfigurationDelegate.multipleStoresDetected:262 -Multiple Spring Data modules found, entering strict repository configuration mode!
2022-12-13 22:29:27.316 INFO  [main]o.s.d.repository.config.RepositoryConfigurationDelegate.registerRepositoriesIn:132 -Bootstrapping Spring Data Redis repositories in DEFAULT mode.
2022-12-13 22:29:27.332 INFO  [main]o.s.d.repository.config.RepositoryConfigurationDelegate.registerRepositoriesIn:201 -Finished Spring Data repository scanning in 5 ms. Found 0 Redis repository interfaces.
2022-12-13 22:29:27.418 INFO  [main]org.springframework.cloud.context.scope.GenericScope.setSerializationId:283 -BeanFactory id=5ff4adb5-362f-3963-b7a8-2879590c7c24
2022-12-13 22:29:27.469 INFO  [main]o.s.c.s.PostProcessorRegistrationDelegate$BeanPostProcessorChecker.postProcessAfterInitialization:376 -Bean 'org.springframework.cloud.client.loadbalancer.reactive.LoadBalancerBeanPostProcessorAutoConfiguration' of type [org.springframework.cloud.client.loadbalancer.reactive.LoadBalancerBeanPostProcessorAutoConfiguration] is not eligible for getting processed by all BeanPostProcessors (for example: not eligible for auto-proxying)
2022-12-13 22:29:27.472 INFO  [main]o.s.c.s.PostProcessorRegistrationDelegate$BeanPostProcessorChecker.postProcessAfterInitialization:376 -Bean 'org.springframework.cloud.client.loadbalancer.reactive.LoadBalancerBeanPostProcessorAutoConfiguration$ReactorDeferringLoadBalancerFilterConfig' of type [org.springframework.cloud.client.loadbalancer.reactive.LoadBalancerBeanPostProcessorAutoConfiguration$ReactorDeferringLoadBalancerFilterConfig] is not eligible for getting processed by all BeanPostProcessors (for example: not eligible for auto-proxying)
2022-12-13 22:29:27.473 INFO  [main]o.s.c.s.PostProcessorRegistrationDelegate$BeanPostProcessorChecker.postProcessAfterInitialization:376 -Bean 'reactorDeferringLoadBalancerExchangeFilterFunction' of type [org.springframework.cloud.client.loadbalancer.reactive.DeferringLoadBalancerExchangeFilterFunction] is not eligible for getting processed by all BeanPostProcessors (for example: not eligible for auto-proxying)
2022-12-13 22:29:28.208 INFO  [main]o.s.cloud.gateway.route.RouteDefinitionRouteLocator.lambda$initFactories$1:88 -Loaded RoutePredicateFactory [After]
2022-12-13 22:29:28.209 INFO  [main]o.s.cloud.gateway.route.RouteDefinitionRouteLocator.lambda$initFactories$1:88 -Loaded RoutePredicateFactory [Before]
2022-12-13 22:29:28.209 INFO  [main]o.s.cloud.gateway.route.RouteDefinitionRouteLocator.lambda$initFactories$1:88 -Loaded RoutePredicateFactory [Between]
2022-12-13 22:29:28.209 INFO  [main]o.s.cloud.gateway.route.RouteDefinitionRouteLocator.lambda$initFactories$1:88 -Loaded RoutePredicateFactory [Cookie]
2022-12-13 22:29:28.209 INFO  [main]o.s.cloud.gateway.route.RouteDefinitionRouteLocator.lambda$initFactories$1:88 -Loaded RoutePredicateFactory [Header]
2022-12-13 22:29:28.209 INFO  [main]o.s.cloud.gateway.route.RouteDefinitionRouteLocator.lambda$initFactories$1:88 -Loaded RoutePredicateFactory [Host]
2022-12-13 22:29:28.209 INFO  [main]o.s.cloud.gateway.route.RouteDefinitionRouteLocator.lambda$initFactories$1:88 -Loaded RoutePredicateFactory [Method]
2022-12-13 22:29:28.209 INFO  [main]o.s.cloud.gateway.route.RouteDefinitionRouteLocator.lambda$initFactories$1:88 -Loaded RoutePredicateFactory [Path]
2022-12-13 22:29:28.209 INFO  [main]o.s.cloud.gateway.route.RouteDefinitionRouteLocator.lambda$initFactories$1:88 -Loaded RoutePredicateFactory [Query]
2022-12-13 22:29:28.210 INFO  [main]o.s.cloud.gateway.route.RouteDefinitionRouteLocator.lambda$initFactories$1:88 -Loaded RoutePredicateFactory [ReadBody]
2022-12-13 22:29:28.210 INFO  [main]o.s.cloud.gateway.route.RouteDefinitionRouteLocator.lambda$initFactories$1:88 -Loaded RoutePredicateFactory [RemoteAddr]
2022-12-13 22:29:28.210 INFO  [main]o.s.cloud.gateway.route.RouteDefinitionRouteLocator.lambda$initFactories$1:88 -Loaded RoutePredicateFactory [XForwardedRemoteAddr]
2022-12-13 22:29:28.210 INFO  [main]o.s.cloud.gateway.route.RouteDefinitionRouteLocator.lambda$initFactories$1:88 -Loaded RoutePredicateFactory [Weight]
2022-12-13 22:29:28.210 INFO  [main]o.s.cloud.gateway.route.RouteDefinitionRouteLocator.lambda$initFactories$1:88 -Loaded RoutePredicateFactory [CloudFoundryRouteService]
2022-12-13 22:29:28.367 INFO  [main]o.s.b.a.s.r.ReactiveUserDetailsServiceAutoConfiguration.getOrDeducePassword:87 -

Using generated security password: 8bbbf571-aaf2-408f-8001-44588bfc8463

2022-12-13 22:29:29.288 INFO  [main]o.springframework.boot.web.embedded.netty.NettyWebServer.start:111 -Netty started on port 8000
2022-12-13 22:29:29.425 INFO  [main]com.alibaba.cloud.nacos.registry.NacosServiceRegistry.register:75 -nacos registry, DEFAULT_GROUP coder-gateway 192.168.0.107:8000 register finished
2022-12-13 22:29:29.437 INFO  [main]com.knowledge.gateway.GatewayApplication.logStarted:61 -Started GatewayApplication in 3.245 seconds (JVM running for 3.595)
2022-12-13 22:31:42.939 INFO  [SpringApplicationShutdownHook]com.alibaba.cloud.nacos.registry.NacosServiceRegistry.deregister:90 -De-registering from Nacos Server now...
2022-12-13 22:31:42.992 INFO  [SpringApplicationShutdownHook]com.alibaba.cloud.nacos.registry.NacosServiceRegistry.deregister:110 -De-registration finished.
2022-12-13 22:31:59.497 INFO  [main]com.knowledge.gateway.GatewayApplication.logStartupProfileInfo:634 -No active profile set, falling back to 1 default profile: "default"
2022-12-13 22:31:59.805 INFO  [main]o.s.d.repository.config.RepositoryConfigurationDelegate.multipleStoresDetected:262 -Multiple Spring Data modules found, entering strict repository configuration mode!
2022-12-13 22:31:59.808 INFO  [main]o.s.d.repository.config.RepositoryConfigurationDelegate.registerRepositoriesIn:132 -Bootstrapping Spring Data Redis repositories in DEFAULT mode.
2022-12-13 22:31:59.820 INFO  [main]o.s.d.repository.config.RepositoryConfigurationDelegate.registerRepositoriesIn:201 -Finished Spring Data repository scanning in 4 ms. Found 0 Redis repository interfaces.
2022-12-13 22:31:59.916 INFO  [main]org.springframework.cloud.context.scope.GenericScope.setSerializationId:283 -BeanFactory id=5ff4adb5-362f-3963-b7a8-2879590c7c24
2022-12-13 22:31:59.947 INFO  [main]o.s.c.s.PostProcessorRegistrationDelegate$BeanPostProcessorChecker.postProcessAfterInitialization:376 -Bean 'org.springframework.cloud.client.loadbalancer.reactive.LoadBalancerBeanPostProcessorAutoConfiguration' of type [org.springframework.cloud.client.loadbalancer.reactive.LoadBalancerBeanPostProcessorAutoConfiguration] is not eligible for getting processed by all BeanPostProcessors (for example: not eligible for auto-proxying)
2022-12-13 22:31:59.948 INFO  [main]o.s.c.s.PostProcessorRegistrationDelegate$BeanPostProcessorChecker.postProcessAfterInitialization:376 -Bean 'org.springframework.cloud.client.loadbalancer.reactive.LoadBalancerBeanPostProcessorAutoConfiguration$ReactorDeferringLoadBalancerFilterConfig' of type [org.springframework.cloud.client.loadbalancer.reactive.LoadBalancerBeanPostProcessorAutoConfiguration$ReactorDeferringLoadBalancerFilterConfig] is not eligible for getting processed by all BeanPostProcessors (for example: not eligible for auto-proxying)
2022-12-13 22:31:59.950 INFO  [main]o.s.c.s.PostProcessorRegistrationDelegate$BeanPostProcessorChecker.postProcessAfterInitialization:376 -Bean 'reactorDeferringLoadBalancerExchangeFilterFunction' of type [org.springframework.cloud.client.loadbalancer.reactive.DeferringLoadBalancerExchangeFilterFunction] is not eligible for getting processed by all BeanPostProcessors (for example: not eligible for auto-proxying)
2022-12-13 22:32:00.550 INFO  [main]o.s.cloud.gateway.route.RouteDefinitionRouteLocator.lambda$initFactories$1:88 -Loaded RoutePredicateFactory [After]
2022-12-13 22:32:00.550 INFO  [main]o.s.cloud.gateway.route.RouteDefinitionRouteLocator.lambda$initFactories$1:88 -Loaded RoutePredicateFactory [Before]
2022-12-13 22:32:00.550 INFO  [main]o.s.cloud.gateway.route.RouteDefinitionRouteLocator.lambda$initFactories$1:88 -Loaded RoutePredicateFactory [Between]
2022-12-13 22:32:00.550 INFO  [main]o.s.cloud.gateway.route.RouteDefinitionRouteLocator.lambda$initFactories$1:88 -Loaded RoutePredicateFactory [Cookie]
2022-12-13 22:32:00.551 INFO  [main]o.s.cloud.gateway.route.RouteDefinitionRouteLocator.lambda$initFactories$1:88 -Loaded RoutePredicateFactory [Header]
2022-12-13 22:32:00.551 INFO  [main]o.s.cloud.gateway.route.RouteDefinitionRouteLocator.lambda$initFactories$1:88 -Loaded RoutePredicateFactory [Host]
2022-12-13 22:32:00.551 INFO  [main]o.s.cloud.gateway.route.RouteDefinitionRouteLocator.lambda$initFactories$1:88 -Loaded RoutePredicateFactory [Method]
2022-12-13 22:32:00.551 INFO  [main]o.s.cloud.gateway.route.RouteDefinitionRouteLocator.lambda$initFactories$1:88 -Loaded RoutePredicateFactory [Path]
2022-12-13 22:32:00.551 INFO  [main]o.s.cloud.gateway.route.RouteDefinitionRouteLocator.lambda$initFactories$1:88 -Loaded RoutePredicateFactory [Query]
2022-12-13 22:32:00.551 INFO  [main]o.s.cloud.gateway.route.RouteDefinitionRouteLocator.lambda$initFactories$1:88 -Loaded RoutePredicateFactory [ReadBody]
2022-12-13 22:32:00.551 INFO  [main]o.s.cloud.gateway.route.RouteDefinitionRouteLocator.lambda$initFactories$1:88 -Loaded RoutePredicateFactory [RemoteAddr]
2022-12-13 22:32:00.551 INFO  [main]o.s.cloud.gateway.route.RouteDefinitionRouteLocator.lambda$initFactories$1:88 -Loaded RoutePredicateFactory [XForwardedRemoteAddr]
2022-12-13 22:32:00.551 INFO  [main]o.s.cloud.gateway.route.RouteDefinitionRouteLocator.lambda$initFactories$1:88 -Loaded RoutePredicateFactory [Weight]
2022-12-13 22:32:00.551 INFO  [main]o.s.cloud.gateway.route.RouteDefinitionRouteLocator.lambda$initFactories$1:88 -Loaded RoutePredicateFactory [CloudFoundryRouteService]
2022-12-13 22:32:00.658 INFO  [main]o.s.b.a.s.r.ReactiveUserDetailsServiceAutoConfiguration.getOrDeducePassword:87 -

Using generated security password: 36f36c77-da40-4767-8a78-e86d2912a00b

2022-12-13 22:32:01.219 INFO  [main]o.springframework.boot.web.embedded.netty.NettyWebServer.start:111 -Netty started on port 8000
2022-12-13 22:32:01.313 INFO  [main]com.alibaba.cloud.nacos.registry.NacosServiceRegistry.register:75 -nacos registry, DEFAULT_GROUP coder-gateway 192.168.0.107:8000 register finished
2022-12-13 22:32:01.322 INFO  [main]com.knowledge.gateway.GatewayApplication.logStarted:61 -Started GatewayApplication in 2.657 seconds (JVM running for 3.046)
2022-12-13 22:34:55.302 INFO  [SpringApplicationShutdownHook]com.alibaba.cloud.nacos.registry.NacosServiceRegistry.deregister:90 -De-registering from Nacos Server now...
2022-12-13 22:34:55.491 INFO  [SpringApplicationShutdownHook]com.alibaba.cloud.nacos.registry.NacosServiceRegistry.deregister:110 -De-registration finished.
2022-12-13 22:51:45.993 INFO  [main]com.knowledge.gateway.GatewayApplication.logStartupProfileInfo:634 -No active profile set, falling back to 1 default profile: "default"
2022-12-13 22:51:46.438 INFO  [main]o.s.d.repository.config.RepositoryConfigurationDelegate.multipleStoresDetected:262 -Multiple Spring Data modules found, entering strict repository configuration mode!
2022-12-13 22:51:46.439 INFO  [main]o.s.d.repository.config.RepositoryConfigurationDelegate.registerRepositoriesIn:132 -Bootstrapping Spring Data Redis repositories in DEFAULT mode.
2022-12-13 22:51:46.456 INFO  [main]o.s.d.repository.config.RepositoryConfigurationDelegate.registerRepositoriesIn:201 -Finished Spring Data repository scanning in 9 ms. Found 0 Redis repository interfaces.
2022-12-13 22:51:46.590 INFO  [main]org.springframework.cloud.context.scope.GenericScope.setSerializationId:283 -BeanFactory id=5ff4adb5-362f-3963-b7a8-2879590c7c24
2022-12-13 22:51:46.648 INFO  [main]o.s.c.s.PostProcessorRegistrationDelegate$BeanPostProcessorChecker.postProcessAfterInitialization:376 -Bean 'org.springframework.cloud.client.loadbalancer.reactive.LoadBalancerBeanPostProcessorAutoConfiguration' of type [org.springframework.cloud.client.loadbalancer.reactive.LoadBalancerBeanPostProcessorAutoConfiguration] is not eligible for getting processed by all BeanPostProcessors (for example: not eligible for auto-proxying)
2022-12-13 22:51:46.651 INFO  [main]o.s.c.s.PostProcessorRegistrationDelegate$BeanPostProcessorChecker.postProcessAfterInitialization:376 -Bean 'org.springframework.cloud.client.loadbalancer.reactive.LoadBalancerBeanPostProcessorAutoConfiguration$ReactorDeferringLoadBalancerFilterConfig' of type [org.springframework.cloud.client.loadbalancer.reactive.LoadBalancerBeanPostProcessorAutoConfiguration$ReactorDeferringLoadBalancerFilterConfig] is not eligible for getting processed by all BeanPostProcessors (for example: not eligible for auto-proxying)
2022-12-13 22:51:46.652 INFO  [main]o.s.c.s.PostProcessorRegistrationDelegate$BeanPostProcessorChecker.postProcessAfterInitialization:376 -Bean 'reactorDeferringLoadBalancerExchangeFilterFunction' of type [org.springframework.cloud.client.loadbalancer.reactive.DeferringLoadBalancerExchangeFilterFunction] is not eligible for getting processed by all BeanPostProcessors (for example: not eligible for auto-proxying)
2022-12-13 22:51:47.491 INFO  [main]o.s.cloud.gateway.route.RouteDefinitionRouteLocator.lambda$initFactories$1:88 -Loaded RoutePredicateFactory [After]
2022-12-13 22:51:47.491 INFO  [main]o.s.cloud.gateway.route.RouteDefinitionRouteLocator.lambda$initFactories$1:88 -Loaded RoutePredicateFactory [Before]
2022-12-13 22:51:47.491 INFO  [main]o.s.cloud.gateway.route.RouteDefinitionRouteLocator.lambda$initFactories$1:88 -Loaded RoutePredicateFactory [Between]
2022-12-13 22:51:47.491 INFO  [main]o.s.cloud.gateway.route.RouteDefinitionRouteLocator.lambda$initFactories$1:88 -Loaded RoutePredicateFactory [Cookie]
2022-12-13 22:51:47.491 INFO  [main]o.s.cloud.gateway.route.RouteDefinitionRouteLocator.lambda$initFactories$1:88 -Loaded RoutePredicateFactory [Header]
2022-12-13 22:51:47.492 INFO  [main]o.s.cloud.gateway.route.RouteDefinitionRouteLocator.lambda$initFactories$1:88 -Loaded RoutePredicateFactory [Host]
2022-12-13 22:51:47.492 INFO  [main]o.s.cloud.gateway.route.RouteDefinitionRouteLocator.lambda$initFactories$1:88 -Loaded RoutePredicateFactory [Method]
2022-12-13 22:51:47.492 INFO  [main]o.s.cloud.gateway.route.RouteDefinitionRouteLocator.lambda$initFactories$1:88 -Loaded RoutePredicateFactory [Path]
2022-12-13 22:51:47.492 INFO  [main]o.s.cloud.gateway.route.RouteDefinitionRouteLocator.lambda$initFactories$1:88 -Loaded RoutePredicateFactory [Query]
2022-12-13 22:51:47.492 INFO  [main]o.s.cloud.gateway.route.RouteDefinitionRouteLocator.lambda$initFactories$1:88 -Loaded RoutePredicateFactory [ReadBody]
2022-12-13 22:51:47.492 INFO  [main]o.s.cloud.gateway.route.RouteDefinitionRouteLocator.lambda$initFactories$1:88 -Loaded RoutePredicateFactory [RemoteAddr]
2022-12-13 22:51:47.492 INFO  [main]o.s.cloud.gateway.route.RouteDefinitionRouteLocator.lambda$initFactories$1:88 -Loaded RoutePredicateFactory [XForwardedRemoteAddr]
2022-12-13 22:51:47.492 INFO  [main]o.s.cloud.gateway.route.RouteDefinitionRouteLocator.lambda$initFactories$1:88 -Loaded RoutePredicateFactory [Weight]
2022-12-13 22:51:47.492 INFO  [main]o.s.cloud.gateway.route.RouteDefinitionRouteLocator.lambda$initFactories$1:88 -Loaded RoutePredicateFactory [CloudFoundryRouteService]
2022-12-13 22:51:47.702 INFO  [main]o.s.b.a.s.r.ReactiveUserDetailsServiceAutoConfiguration.getOrDeducePassword:87 -

Using generated security password: ab617623-6924-4e8a-ab61-d9fbed810aa8

2022-12-13 22:51:48.463 INFO  [main]o.springframework.boot.web.embedded.netty.NettyWebServer.start:111 -Netty started on port 8000
2022-12-13 22:51:48.775 INFO  [main]com.alibaba.cloud.nacos.registry.NacosServiceRegistry.register:75 -nacos registry, DEFAULT_GROUP coder-gateway 192.168.0.107:8000 register finished
2022-12-13 22:51:48.792 INFO  [main]com.knowledge.gateway.GatewayApplication.logStarted:61 -Started GatewayApplication in 3.658 seconds (JVM running for 4.13)
2022-12-13 23:11:17.657 INFO  [SpringApplicationShutdownHook]com.alibaba.cloud.nacos.registry.NacosServiceRegistry.deregister:90 -De-registering from Nacos Server now...
2022-12-13 23:11:17.747 INFO  [SpringApplicationShutdownHook]com.alibaba.cloud.nacos.registry.NacosServiceRegistry.deregister:110 -De-registration finished.
2022-12-13 23:11:28.994 INFO  [main]com.knowledge.gateway.GatewayApplication.logStartupProfileInfo:634 -No active profile set, falling back to 1 default profile: "default"
2022-12-13 23:11:29.226 INFO  [main]o.s.d.repository.config.RepositoryConfigurationDelegate.multipleStoresDetected:262 -Multiple Spring Data modules found, entering strict repository configuration mode!
2022-12-13 23:11:29.227 INFO  [main]o.s.d.repository.config.RepositoryConfigurationDelegate.registerRepositoriesIn:132 -Bootstrapping Spring Data Redis repositories in DEFAULT mode.
2022-12-13 23:11:29.236 INFO  [main]o.s.d.repository.config.RepositoryConfigurationDelegate.registerRepositoriesIn:201 -Finished Spring Data repository scanning in 3 ms. Found 0 Redis repository interfaces.
2022-12-13 23:11:29.313 INFO  [main]org.springframework.cloud.context.scope.GenericScope.setSerializationId:283 -BeanFactory id=5ff4adb5-362f-3963-b7a8-2879590c7c24
2022-12-13 23:11:29.337 INFO  [main]o.s.c.s.PostProcessorRegistrationDelegate$BeanPostProcessorChecker.postProcessAfterInitialization:376 -Bean 'org.springframework.cloud.client.loadbalancer.reactive.LoadBalancerBeanPostProcessorAutoConfiguration' of type [org.springframework.cloud.client.loadbalancer.reactive.LoadBalancerBeanPostProcessorAutoConfiguration] is not eligible for getting processed by all BeanPostProcessors (for example: not eligible for auto-proxying)
2022-12-13 23:11:29.338 INFO  [main]o.s.c.s.PostProcessorRegistrationDelegate$BeanPostProcessorChecker.postProcessAfterInitialization:376 -Bean 'org.springframework.cloud.client.loadbalancer.reactive.LoadBalancerBeanPostProcessorAutoConfiguration$ReactorDeferringLoadBalancerFilterConfig' of type [org.springframework.cloud.client.loadbalancer.reactive.LoadBalancerBeanPostProcessorAutoConfiguration$ReactorDeferringLoadBalancerFilterConfig] is not eligible for getting processed by all BeanPostProcessors (for example: not eligible for auto-proxying)
2022-12-13 23:11:29.339 INFO  [main]o.s.c.s.PostProcessorRegistrationDelegate$BeanPostProcessorChecker.postProcessAfterInitialization:376 -Bean 'reactorDeferringLoadBalancerExchangeFilterFunction' of type [org.springframework.cloud.client.loadbalancer.reactive.DeferringLoadBalancerExchangeFilterFunction] is not eligible for getting processed by all BeanPostProcessors (for example: not eligible for auto-proxying)
2022-12-13 23:11:29.788 INFO  [main]o.s.cloud.gateway.route.RouteDefinitionRouteLocator.lambda$initFactories$1:88 -Loaded RoutePredicateFactory [After]
2022-12-13 23:11:29.788 INFO  [main]o.s.cloud.gateway.route.RouteDefinitionRouteLocator.lambda$initFactories$1:88 -Loaded RoutePredicateFactory [Before]
2022-12-13 23:11:29.788 INFO  [main]o.s.cloud.gateway.route.RouteDefinitionRouteLocator.lambda$initFactories$1:88 -Loaded RoutePredicateFactory [Between]
2022-12-13 23:11:29.788 INFO  [main]o.s.cloud.gateway.route.RouteDefinitionRouteLocator.lambda$initFactories$1:88 -Loaded RoutePredicateFactory [Cookie]
2022-12-13 23:11:29.788 INFO  [main]o.s.cloud.gateway.route.RouteDefinitionRouteLocator.lambda$initFactories$1:88 -Loaded RoutePredicateFactory [Header]
2022-12-13 23:11:29.788 INFO  [main]o.s.cloud.gateway.route.RouteDefinitionRouteLocator.lambda$initFactories$1:88 -Loaded RoutePredicateFactory [Host]
2022-12-13 23:11:29.788 INFO  [main]o.s.cloud.gateway.route.RouteDefinitionRouteLocator.lambda$initFactories$1:88 -Loaded RoutePredicateFactory [Method]
2022-12-13 23:11:29.788 INFO  [main]o.s.cloud.gateway.route.RouteDefinitionRouteLocator.lambda$initFactories$1:88 -Loaded RoutePredicateFactory [Path]
2022-12-13 23:11:29.788 INFO  [main]o.s.cloud.gateway.route.RouteDefinitionRouteLocator.lambda$initFactories$1:88 -Loaded RoutePredicateFactory [Query]
2022-12-13 23:11:29.789 INFO  [main]o.s.cloud.gateway.route.RouteDefinitionRouteLocator.lambda$initFactories$1:88 -Loaded RoutePredicateFactory [ReadBody]
2022-12-13 23:11:29.789 INFO  [main]o.s.cloud.gateway.route.RouteDefinitionRouteLocator.lambda$initFactories$1:88 -Loaded RoutePredicateFactory [RemoteAddr]
2022-12-13 23:11:29.789 INFO  [main]o.s.cloud.gateway.route.RouteDefinitionRouteLocator.lambda$initFactories$1:88 -Loaded RoutePredicateFactory [XForwardedRemoteAddr]
2022-12-13 23:11:29.789 INFO  [main]o.s.cloud.gateway.route.RouteDefinitionRouteLocator.lambda$initFactories$1:88 -Loaded RoutePredicateFactory [Weight]
2022-12-13 23:11:29.789 INFO  [main]o.s.cloud.gateway.route.RouteDefinitionRouteLocator.lambda$initFactories$1:88 -Loaded RoutePredicateFactory [CloudFoundryRouteService]
2022-12-13 23:11:29.883 INFO  [main]o.s.b.a.s.r.ReactiveUserDetailsServiceAutoConfiguration.getOrDeducePassword:87 -

Using generated security password: fb5150e1-0071-4af3-8691-635daea073e3

2022-12-13 23:11:30.490 INFO  [main]o.springframework.boot.web.embedded.netty.NettyWebServer.start:111 -Netty started on port 8000
2022-12-13 23:11:30.624 INFO  [main]com.alibaba.cloud.nacos.registry.NacosServiceRegistry.register:75 -nacos registry, DEFAULT_GROUP coder-gateway 192.168.0.107:8000 register finished
2022-12-13 23:11:30.636 INFO  [main]com.knowledge.gateway.GatewayApplication.logStarted:61 -Started GatewayApplication in 2.403 seconds (JVM running for 2.796)
2022-12-13 23:11:43.328 INFO  [SpringApplicationShutdownHook]com.alibaba.cloud.nacos.registry.NacosServiceRegistry.deregister:90 -De-registering from Nacos Server now...
2022-12-13 23:11:43.431 INFO  [SpringApplicationShutdownHook]com.alibaba.cloud.nacos.registry.NacosServiceRegistry.deregister:110 -De-registration finished.
2022-12-13 23:11:56.307 INFO  [main]com.knowledge.gateway.GatewayApplication.logStartupProfileInfo:634 -No active profile set, falling back to 1 default profile: "default"
2022-12-13 23:11:56.642 INFO  [main]o.s.d.repository.config.RepositoryConfigurationDelegate.multipleStoresDetected:262 -Multiple Spring Data modules found, entering strict repository configuration mode!
2022-12-13 23:11:56.643 INFO  [main]o.s.d.repository.config.RepositoryConfigurationDelegate.registerRepositoriesIn:132 -Bootstrapping Spring Data Redis repositories in DEFAULT mode.
2022-12-13 23:11:56.657 INFO  [main]o.s.d.repository.config.RepositoryConfigurationDelegate.registerRepositoriesIn:201 -Finished Spring Data repository scanning in 5 ms. Found 0 Redis repository interfaces.
2022-12-13 23:11:56.733 INFO  [main]org.springframework.cloud.context.scope.GenericScope.setSerializationId:283 -BeanFactory id=5ff4adb5-362f-3963-b7a8-2879590c7c24
2022-12-13 23:11:56.762 INFO  [main]o.s.c.s.PostProcessorRegistrationDelegate$BeanPostProcessorChecker.postProcessAfterInitialization:376 -Bean 'org.springframework.cloud.client.loadbalancer.reactive.LoadBalancerBeanPostProcessorAutoConfiguration' of type [org.springframework.cloud.client.loadbalancer.reactive.LoadBalancerBeanPostProcessorAutoConfiguration] is not eligible for getting processed by all BeanPostProcessors (for example: not eligible for auto-proxying)
2022-12-13 23:11:56.763 INFO  [main]o.s.c.s.PostProcessorRegistrationDelegate$BeanPostProcessorChecker.postProcessAfterInitialization:376 -Bean 'org.springframework.cloud.client.loadbalancer.reactive.LoadBalancerBeanPostProcessorAutoConfiguration$ReactorDeferringLoadBalancerFilterConfig' of type [org.springframework.cloud.client.loadbalancer.reactive.LoadBalancerBeanPostProcessorAutoConfiguration$ReactorDeferringLoadBalancerFilterConfig] is not eligible for getting processed by all BeanPostProcessors (for example: not eligible for auto-proxying)
2022-12-13 23:11:56.763 INFO  [main]o.s.c.s.PostProcessorRegistrationDelegate$BeanPostProcessorChecker.postProcessAfterInitialization:376 -Bean 'reactorDeferringLoadBalancerExchangeFilterFunction' of type [org.springframework.cloud.client.loadbalancer.reactive.DeferringLoadBalancerExchangeFilterFunction] is not eligible for getting processed by all BeanPostProcessors (for example: not eligible for auto-proxying)
2022-12-13 23:11:57.279 INFO  [main]o.s.cloud.gateway.route.RouteDefinitionRouteLocator.lambda$initFactories$1:88 -Loaded RoutePredicateFactory [After]
2022-12-13 23:11:57.280 INFO  [main]o.s.cloud.gateway.route.RouteDefinitionRouteLocator.lambda$initFactories$1:88 -Loaded RoutePredicateFactory [Before]
2022-12-13 23:11:57.280 INFO  [main]o.s.cloud.gateway.route.RouteDefinitionRouteLocator.lambda$initFactories$1:88 -Loaded RoutePredicateFactory [Between]
2022-12-13 23:11:57.280 INFO  [main]o.s.cloud.gateway.route.RouteDefinitionRouteLocator.lambda$initFactories$1:88 -Loaded RoutePredicateFactory [Cookie]
2022-12-13 23:11:57.280 INFO  [main]o.s.cloud.gateway.route.RouteDefinitionRouteLocator.lambda$initFactories$1:88 -Loaded RoutePredicateFactory [Header]
2022-12-13 23:11:57.280 INFO  [main]o.s.cloud.gateway.route.RouteDefinitionRouteLocator.lambda$initFactories$1:88 -Loaded RoutePredicateFactory [Host]
2022-12-13 23:11:57.280 INFO  [main]o.s.cloud.gateway.route.RouteDefinitionRouteLocator.lambda$initFactories$1:88 -Loaded RoutePredicateFactory [Method]
2022-12-13 23:11:57.280 INFO  [main]o.s.cloud.gateway.route.RouteDefinitionRouteLocator.lambda$initFactories$1:88 -Loaded RoutePredicateFactory [Path]
2022-12-13 23:11:57.280 INFO  [main]o.s.cloud.gateway.route.RouteDefinitionRouteLocator.lambda$initFactories$1:88 -Loaded RoutePredicateFactory [Query]
2022-12-13 23:11:57.280 INFO  [main]o.s.cloud.gateway.route.RouteDefinitionRouteLocator.lambda$initFactories$1:88 -Loaded RoutePredicateFactory [ReadBody]
2022-12-13 23:11:57.280 INFO  [main]o.s.cloud.gateway.route.RouteDefinitionRouteLocator.lambda$initFactories$1:88 -Loaded RoutePredicateFactory [RemoteAddr]
2022-12-13 23:11:57.280 INFO  [main]o.s.cloud.gateway.route.RouteDefinitionRouteLocator.lambda$initFactories$1:88 -Loaded RoutePredicateFactory [XForwardedRemoteAddr]
2022-12-13 23:11:57.281 INFO  [main]o.s.cloud.gateway.route.RouteDefinitionRouteLocator.lambda$initFactories$1:88 -Loaded RoutePredicateFactory [Weight]
2022-12-13 23:11:57.281 INFO  [main]o.s.cloud.gateway.route.RouteDefinitionRouteLocator.lambda$initFactories$1:88 -Loaded RoutePredicateFactory [CloudFoundryRouteService]
2022-12-13 23:11:57.382 INFO  [main]o.s.b.a.s.r.ReactiveUserDetailsServiceAutoConfiguration.getOrDeducePassword:87 -

Using generated security password: 8538c566-7b09-4598-b29c-209235556bac

2022-12-13 23:11:57.884 INFO  [main]o.springframework.boot.web.embedded.netty.NettyWebServer.start:111 -Netty started on port 8000
2022-12-13 23:11:57.989 INFO  [main]com.alibaba.cloud.nacos.registry.NacosServiceRegistry.register:75 -nacos registry, DEFAULT_GROUP coder-gateway 192.168.0.107:8000 register finished
2022-12-13 23:11:57.998 INFO  [main]com.knowledge.gateway.GatewayApplication.logStarted:61 -Started GatewayApplication in 2.476 seconds (JVM running for 2.838)
2022-12-13 23:18:48.167 INFO  [SpringApplicationShutdownHook]com.alibaba.cloud.nacos.registry.NacosServiceRegistry.deregister:90 -De-registering from Nacos Server now...
2022-12-13 23:18:48.249 INFO  [SpringApplicationShutdownHook]com.alibaba.cloud.nacos.registry.NacosServiceRegistry.deregister:110 -De-registration finished.
2022-12-13 23:19:37.938 INFO  [main]com.knowledge.gateway.GatewayApplication.logStartupProfileInfo:634 -No active profile set, falling back to 1 default profile: "default"
2022-12-13 23:19:38.382 INFO  [main]o.s.d.repository.config.RepositoryConfigurationDelegate.multipleStoresDetected:262 -Multiple Spring Data modules found, entering strict repository configuration mode!
2022-12-13 23:19:38.384 INFO  [main]o.s.d.repository.config.RepositoryConfigurationDelegate.registerRepositoriesIn:132 -Bootstrapping Spring Data Redis repositories in DEFAULT mode.
2022-12-13 23:19:38.395 INFO  [main]o.s.d.repository.config.RepositoryConfigurationDelegate.registerRepositoriesIn:201 -Finished Spring Data repository scanning in 4 ms. Found 0 Redis repository interfaces.
2022-12-13 23:19:38.531 INFO  [main]org.springframework.cloud.context.scope.GenericScope.setSerializationId:283 -BeanFactory id=5ff4adb5-362f-3963-b7a8-2879590c7c24
2022-12-13 23:19:38.574 INFO  [main]o.s.c.s.PostProcessorRegistrationDelegate$BeanPostProcessorChecker.postProcessAfterInitialization:376 -Bean 'org.springframework.cloud.client.loadbalancer.reactive.LoadBalancerBeanPostProcessorAutoConfiguration' of type [org.springframework.cloud.client.loadbalancer.reactive.LoadBalancerBeanPostProcessorAutoConfiguration] is not eligible for getting processed by all BeanPostProcessors (for example: not eligible for auto-proxying)
2022-12-13 23:19:38.576 INFO  [main]o.s.c.s.PostProcessorRegistrationDelegate$BeanPostProcessorChecker.postProcessAfterInitialization:376 -Bean 'org.springframework.cloud.client.loadbalancer.reactive.LoadBalancerBeanPostProcessorAutoConfiguration$ReactorDeferringLoadBalancerFilterConfig' of type [org.springframework.cloud.client.loadbalancer.reactive.LoadBalancerBeanPostProcessorAutoConfiguration$ReactorDeferringLoadBalancerFilterConfig] is not eligible for getting processed by all BeanPostProcessors (for example: not eligible for auto-proxying)
2022-12-13 23:19:38.577 INFO  [main]o.s.c.s.PostProcessorRegistrationDelegate$BeanPostProcessorChecker.postProcessAfterInitialization:376 -Bean 'reactorDeferringLoadBalancerExchangeFilterFunction' of type [org.springframework.cloud.client.loadbalancer.reactive.DeferringLoadBalancerExchangeFilterFunction] is not eligible for getting processed by all BeanPostProcessors (for example: not eligible for auto-proxying)
2022-12-13 23:19:39.519 INFO  [main]o.s.cloud.gateway.route.RouteDefinitionRouteLocator.lambda$initFactories$1:88 -Loaded RoutePredicateFactory [After]
2022-12-13 23:19:39.520 INFO  [main]o.s.cloud.gateway.route.RouteDefinitionRouteLocator.lambda$initFactories$1:88 -Loaded RoutePredicateFactory [Before]
2022-12-13 23:19:39.521 INFO  [main]o.s.cloud.gateway.route.RouteDefinitionRouteLocator.lambda$initFactories$1:88 -Loaded RoutePredicateFactory [Between]
2022-12-13 23:19:39.521 INFO  [main]o.s.cloud.gateway.route.RouteDefinitionRouteLocator.lambda$initFactories$1:88 -Loaded RoutePredicateFactory [Cookie]
2022-12-13 23:19:39.521 INFO  [main]o.s.cloud.gateway.route.RouteDefinitionRouteLocator.lambda$initFactories$1:88 -Loaded RoutePredicateFactory [Header]
2022-12-13 23:19:39.521 INFO  [main]o.s.cloud.gateway.route.RouteDefinitionRouteLocator.lambda$initFactories$1:88 -Loaded RoutePredicateFactory [Host]
2022-12-13 23:19:39.521 INFO  [main]o.s.cloud.gateway.route.RouteDefinitionRouteLocator.lambda$initFactories$1:88 -Loaded RoutePredicateFactory [Method]
2022-12-13 23:19:39.521 INFO  [main]o.s.cloud.gateway.route.RouteDefinitionRouteLocator.lambda$initFactories$1:88 -Loaded RoutePredicateFactory [Path]
2022-12-13 23:19:39.521 INFO  [main]o.s.cloud.gateway.route.RouteDefinitionRouteLocator.lambda$initFactories$1:88 -Loaded RoutePredicateFactory [Query]
2022-12-13 23:19:39.521 INFO  [main]o.s.cloud.gateway.route.RouteDefinitionRouteLocator.lambda$initFactories$1:88 -Loaded RoutePredicateFactory [ReadBody]
2022-12-13 23:19:39.521 INFO  [main]o.s.cloud.gateway.route.RouteDefinitionRouteLocator.lambda$initFactories$1:88 -Loaded RoutePredicateFactory [RemoteAddr]
2022-12-13 23:19:39.521 INFO  [main]o.s.cloud.gateway.route.RouteDefinitionRouteLocator.lambda$initFactories$1:88 -Loaded RoutePredicateFactory [XForwardedRemoteAddr]
2022-12-13 23:19:39.522 INFO  [main]o.s.cloud.gateway.route.RouteDefinitionRouteLocator.lambda$initFactories$1:88 -Loaded RoutePredicateFactory [Weight]
2022-12-13 23:19:39.522 INFO  [main]o.s.cloud.gateway.route.RouteDefinitionRouteLocator.lambda$initFactories$1:88 -Loaded RoutePredicateFactory [CloudFoundryRouteService]
2022-12-13 23:19:39.675 INFO  [main]o.s.b.a.s.r.ReactiveUserDetailsServiceAutoConfiguration.getOrDeducePassword:87 -

Using generated security password: 08070f74-812e-47af-8851-4b4d0bf3d005

2022-12-13 23:19:40.455 INFO  [main]o.springframework.boot.web.embedded.netty.NettyWebServer.start:111 -Netty started on port 8000
2022-12-13 23:19:40.984 INFO  [main]com.alibaba.cloud.nacos.registry.NacosServiceRegistry.register:75 -nacos registry, DEFAULT_GROUP coder-gateway 192.168.0.107:8000 register finished
2022-12-13 23:19:41.006 INFO  [main]com.knowledge.gateway.GatewayApplication.logStarted:61 -Started GatewayApplication in 3.834 seconds (JVM running for 4.188)
2022-12-13 23:21:53.326 INFO  [SpringApplicationShutdownHook]com.alibaba.cloud.nacos.registry.NacosServiceRegistry.deregister:90 -De-registering from Nacos Server now...
2022-12-13 23:21:53.405 INFO  [SpringApplicationShutdownHook]com.alibaba.cloud.nacos.registry.NacosServiceRegistry.deregister:110 -De-registration finished.
2022-12-13 23:22:08.905 INFO  [main]com.knowledge.gateway.GatewayApplication.logStartupProfileInfo:634 -No active profile set, falling back to 1 default profile: "default"
2022-12-13 23:22:09.143 INFO  [main]o.s.d.repository.config.RepositoryConfigurationDelegate.multipleStoresDetected:262 -Multiple Spring Data modules found, entering strict repository configuration mode!
2022-12-13 23:22:09.144 INFO  [main]o.s.d.repository.config.RepositoryConfigurationDelegate.registerRepositoriesIn:132 -Bootstrapping Spring Data Redis repositories in DEFAULT mode.
2022-12-13 23:22:09.154 INFO  [main]o.s.d.repository.config.RepositoryConfigurationDelegate.registerRepositoriesIn:201 -Finished Spring Data repository scanning in 3 ms. Found 0 Redis repository interfaces.
2022-12-13 23:22:09.237 INFO  [main]org.springframework.cloud.context.scope.GenericScope.setSerializationId:283 -BeanFactory id=5ff4adb5-362f-3963-b7a8-2879590c7c24
2022-12-13 23:22:09.270 INFO  [main]o.s.c.s.PostProcessorRegistrationDelegate$BeanPostProcessorChecker.postProcessAfterInitialization:376 -Bean 'org.springframework.cloud.client.loadbalancer.reactive.LoadBalancerBeanPostProcessorAutoConfiguration' of type [org.springframework.cloud.client.loadbalancer.reactive.LoadBalancerBeanPostProcessorAutoConfiguration] is not eligible for getting processed by all BeanPostProcessors (for example: not eligible for auto-proxying)
2022-12-13 23:22:09.271 INFO  [main]o.s.c.s.PostProcessorRegistrationDelegate$BeanPostProcessorChecker.postProcessAfterInitialization:376 -Bean 'org.springframework.cloud.client.loadbalancer.reactive.LoadBalancerBeanPostProcessorAutoConfiguration$ReactorDeferringLoadBalancerFilterConfig' of type [org.springframework.cloud.client.loadbalancer.reactive.LoadBalancerBeanPostProcessorAutoConfiguration$ReactorDeferringLoadBalancerFilterConfig] is not eligible for getting processed by all BeanPostProcessors (for example: not eligible for auto-proxying)
2022-12-13 23:22:09.272 INFO  [main]o.s.c.s.PostProcessorRegistrationDelegate$BeanPostProcessorChecker.postProcessAfterInitialization:376 -Bean 'reactorDeferringLoadBalancerExchangeFilterFunction' of type [org.springframework.cloud.client.loadbalancer.reactive.DeferringLoadBalancerExchangeFilterFunction] is not eligible for getting processed by all BeanPostProcessors (for example: not eligible for auto-proxying)
2022-12-13 23:22:09.800 INFO  [main]o.s.cloud.gateway.route.RouteDefinitionRouteLocator.lambda$initFactories$1:88 -Loaded RoutePredicateFactory [After]
2022-12-13 23:22:09.800 INFO  [main]o.s.cloud.gateway.route.RouteDefinitionRouteLocator.lambda$initFactories$1:88 -Loaded RoutePredicateFactory [Before]
2022-12-13 23:22:09.801 INFO  [main]o.s.cloud.gateway.route.RouteDefinitionRouteLocator.lambda$initFactories$1:88 -Loaded RoutePredicateFactory [Between]
2022-12-13 23:22:09.801 INFO  [main]o.s.cloud.gateway.route.RouteDefinitionRouteLocator.lambda$initFactories$1:88 -Loaded RoutePredicateFactory [Cookie]
2022-12-13 23:22:09.801 INFO  [main]o.s.cloud.gateway.route.RouteDefinitionRouteLocator.lambda$initFactories$1:88 -Loaded RoutePredicateFactory [Header]
2022-12-13 23:22:09.801 INFO  [main]o.s.cloud.gateway.route.RouteDefinitionRouteLocator.lambda$initFactories$1:88 -Loaded RoutePredicateFactory [Host]
2022-12-13 23:22:09.801 INFO  [main]o.s.cloud.gateway.route.RouteDefinitionRouteLocator.lambda$initFactories$1:88 -Loaded RoutePredicateFactory [Method]
2022-12-13 23:22:09.801 INFO  [main]o.s.cloud.gateway.route.RouteDefinitionRouteLocator.lambda$initFactories$1:88 -Loaded RoutePredicateFactory [Path]
2022-12-13 23:22:09.801 INFO  [main]o.s.cloud.gateway.route.RouteDefinitionRouteLocator.lambda$initFactories$1:88 -Loaded RoutePredicateFactory [Query]
2022-12-13 23:22:09.801 INFO  [main]o.s.cloud.gateway.route.RouteDefinitionRouteLocator.lambda$initFactories$1:88 -Loaded RoutePredicateFactory [ReadBody]
2022-12-13 23:22:09.801 INFO  [main]o.s.cloud.gateway.route.RouteDefinitionRouteLocator.lambda$initFactories$1:88 -Loaded RoutePredicateFactory [RemoteAddr]
2022-12-13 23:22:09.802 INFO  [main]o.s.cloud.gateway.route.RouteDefinitionRouteLocator.lambda$initFactories$1:88 -Loaded RoutePredicateFactory [XForwardedRemoteAddr]
2022-12-13 23:22:09.802 INFO  [main]o.s.cloud.gateway.route.RouteDefinitionRouteLocator.lambda$initFactories$1:88 -Loaded RoutePredicateFactory [Weight]
2022-12-13 23:22:09.802 INFO  [main]o.s.cloud.gateway.route.RouteDefinitionRouteLocator.lambda$initFactories$1:88 -Loaded RoutePredicateFactory [CloudFoundryRouteService]
2022-12-13 23:22:09.911 INFO  [main]o.s.b.a.s.r.ReactiveUserDetailsServiceAutoConfiguration.getOrDeducePassword:87 -

Using generated security password: 2ca1f031-a113-42ac-a43a-b9dfd3801e56

2022-12-13 23:22:10.510 INFO  [main]o.springframework.boot.web.embedded.netty.NettyWebServer.start:111 -Netty started on port 8000
2022-12-13 23:22:10.709 INFO  [main]com.alibaba.cloud.nacos.registry.NacosServiceRegistry.register:75 -nacos registry, DEFAULT_GROUP coder-gateway 192.168.0.107:8000 register finished
2022-12-13 23:22:10.726 INFO  [main]com.knowledge.gateway.GatewayApplication.logStarted:61 -Started GatewayApplication in 2.341 seconds (JVM running for 2.768)
2022-12-13 23:23:33.503 INFO  [SpringApplicationShutdownHook]com.alibaba.cloud.nacos.registry.NacosServiceRegistry.deregister:90 -De-registering from Nacos Server now...
2022-12-13 23:23:33.573 INFO  [SpringApplicationShutdownHook]com.alibaba.cloud.nacos.registry.NacosServiceRegistry.deregister:110 -De-registration finished.
2022-12-13 23:23:47.639 INFO  [main]com.knowledge.gateway.GatewayApplication.logStartupProfileInfo:634 -No active profile set, falling back to 1 default profile: "default"
2022-12-13 23:23:47.911 INFO  [main]o.s.d.repository.config.RepositoryConfigurationDelegate.multipleStoresDetected:262 -Multiple Spring Data modules found, entering strict repository configuration mode!
2022-12-13 23:23:47.912 INFO  [main]o.s.d.repository.config.RepositoryConfigurationDelegate.registerRepositoriesIn:132 -Bootstrapping Spring Data Redis repositories in DEFAULT mode.
2022-12-13 23:23:47.928 INFO  [main]o.s.d.repository.config.RepositoryConfigurationDelegate.registerRepositoriesIn:201 -Finished Spring Data repository scanning in 5 ms. Found 0 Redis repository interfaces.
2022-12-13 23:23:48.007 INFO  [main]org.springframework.cloud.context.scope.GenericScope.setSerializationId:283 -BeanFactory id=5ff4adb5-362f-3963-b7a8-2879590c7c24
2022-12-13 23:23:48.038 INFO  [main]o.s.c.s.PostProcessorRegistrationDelegate$BeanPostProcessorChecker.postProcessAfterInitialization:376 -Bean 'org.springframework.cloud.client.loadbalancer.reactive.LoadBalancerBeanPostProcessorAutoConfiguration' of type [org.springframework.cloud.client.loadbalancer.reactive.LoadBalancerBeanPostProcessorAutoConfiguration] is not eligible for getting processed by all BeanPostProcessors (for example: not eligible for auto-proxying)
2022-12-13 23:23:48.038 INFO  [main]o.s.c.s.PostProcessorRegistrationDelegate$BeanPostProcessorChecker.postProcessAfterInitialization:376 -Bean 'org.springframework.cloud.client.loadbalancer.reactive.LoadBalancerBeanPostProcessorAutoConfiguration$ReactorDeferringLoadBalancerFilterConfig' of type [org.springframework.cloud.client.loadbalancer.reactive.LoadBalancerBeanPostProcessorAutoConfiguration$ReactorDeferringLoadBalancerFilterConfig] is not eligible for getting processed by all BeanPostProcessors (for example: not eligible for auto-proxying)
2022-12-13 23:23:48.039 INFO  [main]o.s.c.s.PostProcessorRegistrationDelegate$BeanPostProcessorChecker.postProcessAfterInitialization:376 -Bean 'reactorDeferringLoadBalancerExchangeFilterFunction' of type [org.springframework.cloud.client.loadbalancer.reactive.DeferringLoadBalancerExchangeFilterFunction] is not eligible for getting processed by all BeanPostProcessors (for example: not eligible for auto-proxying)
2022-12-13 23:23:48.582 INFO  [main]o.s.cloud.gateway.route.RouteDefinitionRouteLocator.lambda$initFactories$1:88 -Loaded RoutePredicateFactory [After]
2022-12-13 23:23:48.583 INFO  [main]o.s.cloud.gateway.route.RouteDefinitionRouteLocator.lambda$initFactories$1:88 -Loaded RoutePredicateFactory [Before]
2022-12-13 23:23:48.583 INFO  [main]o.s.cloud.gateway.route.RouteDefinitionRouteLocator.lambda$initFactories$1:88 -Loaded RoutePredicateFactory [Between]
2022-12-13 23:23:48.583 INFO  [main]o.s.cloud.gateway.route.RouteDefinitionRouteLocator.lambda$initFactories$1:88 -Loaded RoutePredicateFactory [Cookie]
2022-12-13 23:23:48.583 INFO  [main]o.s.cloud.gateway.route.RouteDefinitionRouteLocator.lambda$initFactories$1:88 -Loaded RoutePredicateFactory [Header]
2022-12-13 23:23:48.583 INFO  [main]o.s.cloud.gateway.route.RouteDefinitionRouteLocator.lambda$initFactories$1:88 -Loaded RoutePredicateFactory [Host]
2022-12-13 23:23:48.583 INFO  [main]o.s.cloud.gateway.route.RouteDefinitionRouteLocator.lambda$initFactories$1:88 -Loaded RoutePredicateFactory [Method]
2022-12-13 23:23:48.583 INFO  [main]o.s.cloud.gateway.route.RouteDefinitionRouteLocator.lambda$initFactories$1:88 -Loaded RoutePredicateFactory [Path]
2022-12-13 23:23:48.583 INFO  [main]o.s.cloud.gateway.route.RouteDefinitionRouteLocator.lambda$initFactories$1:88 -Loaded RoutePredicateFactory [Query]
2022-12-13 23:23:48.583 INFO  [main]o.s.cloud.gateway.route.RouteDefinitionRouteLocator.lambda$initFactories$1:88 -Loaded RoutePredicateFactory [ReadBody]
2022-12-13 23:23:48.584 INFO  [main]o.s.cloud.gateway.route.RouteDefinitionRouteLocator.lambda$initFactories$1:88 -Loaded RoutePredicateFactory [RemoteAddr]
2022-12-13 23:23:48.584 INFO  [main]o.s.cloud.gateway.route.RouteDefinitionRouteLocator.lambda$initFactories$1:88 -Loaded RoutePredicateFactory [XForwardedRemoteAddr]
2022-12-13 23:23:48.584 INFO  [main]o.s.cloud.gateway.route.RouteDefinitionRouteLocator.lambda$initFactories$1:88 -Loaded RoutePredicateFactory [Weight]
2022-12-13 23:23:48.584 INFO  [main]o.s.cloud.gateway.route.RouteDefinitionRouteLocator.lambda$initFactories$1:88 -Loaded RoutePredicateFactory [CloudFoundryRouteService]
2022-12-13 23:23:48.693 INFO  [main]o.s.b.a.s.r.ReactiveUserDetailsServiceAutoConfiguration.getOrDeducePassword:87 -

Using generated security password: ba16c245-21fb-44ab-92ae-e55d1d2034b3

2022-12-13 23:23:49.200 INFO  [main]o.springframework.boot.web.embedded.netty.NettyWebServer.start:111 -Netty started on port 8000
2022-12-13 23:23:49.374 INFO  [main]com.alibaba.cloud.nacos.registry.NacosServiceRegistry.register:75 -nacos registry, DEFAULT_GROUP coder-gateway 192.168.0.107:8000 register finished
2022-12-13 23:23:49.389 INFO  [main]com.knowledge.gateway.GatewayApplication.logStarted:61 -Started GatewayApplication in 2.656 seconds (JVM running for 3.154)
2022-12-13 23:24:44.265 INFO  [SpringApplicationShutdownHook]com.alibaba.cloud.nacos.registry.NacosServiceRegistry.deregister:90 -De-registering from Nacos Server now...
2022-12-13 23:24:44.538 INFO  [SpringApplicationShutdownHook]com.alibaba.cloud.nacos.registry.NacosServiceRegistry.deregister:110 -De-registration finished.
2022-12-13 23:25:00.373 INFO  [main]com.knowledge.gateway.GatewayApplication.logStartupProfileInfo:634 -No active profile set, falling back to 1 default profile: "default"
2022-12-13 23:25:00.648 INFO  [main]o.s.d.repository.config.RepositoryConfigurationDelegate.multipleStoresDetected:262 -Multiple Spring Data modules found, entering strict repository configuration mode!
2022-12-13 23:25:00.649 INFO  [main]o.s.d.repository.config.RepositoryConfigurationDelegate.registerRepositoriesIn:132 -Bootstrapping Spring Data Redis repositories in DEFAULT mode.
2022-12-13 23:25:00.659 INFO  [main]o.s.d.repository.config.RepositoryConfigurationDelegate.registerRepositoriesIn:201 -Finished Spring Data repository scanning in 3 ms. Found 0 Redis repository interfaces.
2022-12-13 23:25:00.737 INFO  [main]org.springframework.cloud.context.scope.GenericScope.setSerializationId:283 -BeanFactory id=5ff4adb5-362f-3963-b7a8-2879590c7c24
2022-12-13 23:25:00.766 INFO  [main]o.s.c.s.PostProcessorRegistrationDelegate$BeanPostProcessorChecker.postProcessAfterInitialization:376 -Bean 'org.springframework.cloud.client.loadbalancer.reactive.LoadBalancerBeanPostProcessorAutoConfiguration' of type [org.springframework.cloud.client.loadbalancer.reactive.LoadBalancerBeanPostProcessorAutoConfiguration] is not eligible for getting processed by all BeanPostProcessors (for example: not eligible for auto-proxying)
2022-12-13 23:25:00.766 INFO  [main]o.s.c.s.PostProcessorRegistrationDelegate$BeanPostProcessorChecker.postProcessAfterInitialization:376 -Bean 'org.springframework.cloud.client.loadbalancer.reactive.LoadBalancerBeanPostProcessorAutoConfiguration$ReactorDeferringLoadBalancerFilterConfig' of type [org.springframework.cloud.client.loadbalancer.reactive.LoadBalancerBeanPostProcessorAutoConfiguration$ReactorDeferringLoadBalancerFilterConfig] is not eligible for getting processed by all BeanPostProcessors (for example: not eligible for auto-proxying)
2022-12-13 23:25:00.767 INFO  [main]o.s.c.s.PostProcessorRegistrationDelegate$BeanPostProcessorChecker.postProcessAfterInitialization:376 -Bean 'reactorDeferringLoadBalancerExchangeFilterFunction' of type [org.springframework.cloud.client.loadbalancer.reactive.DeferringLoadBalancerExchangeFilterFunction] is not eligible for getting processed by all BeanPostProcessors (for example: not eligible for auto-proxying)
2022-12-13 23:25:01.258 INFO  [main]o.s.cloud.gateway.route.RouteDefinitionRouteLocator.lambda$initFactories$1:88 -Loaded RoutePredicateFactory [After]
2022-12-13 23:25:01.258 INFO  [main]o.s.cloud.gateway.route.RouteDefinitionRouteLocator.lambda$initFactories$1:88 -Loaded RoutePredicateFactory [Before]
2022-12-13 23:25:01.258 INFO  [main]o.s.cloud.gateway.route.RouteDefinitionRouteLocator.lambda$initFactories$1:88 -Loaded RoutePredicateFactory [Between]
2022-12-13 23:25:01.258 INFO  [main]o.s.cloud.gateway.route.RouteDefinitionRouteLocator.lambda$initFactories$1:88 -Loaded RoutePredicateFactory [Cookie]
2022-12-13 23:25:01.258 INFO  [main]o.s.cloud.gateway.route.RouteDefinitionRouteLocator.lambda$initFactories$1:88 -Loaded RoutePredicateFactory [Header]
2022-12-13 23:25:01.258 INFO  [main]o.s.cloud.gateway.route.RouteDefinitionRouteLocator.lambda$initFactories$1:88 -Loaded RoutePredicateFactory [Host]
2022-12-13 23:25:01.258 INFO  [main]o.s.cloud.gateway.route.RouteDefinitionRouteLocator.lambda$initFactories$1:88 -Loaded RoutePredicateFactory [Method]
2022-12-13 23:25:01.259 INFO  [main]o.s.cloud.gateway.route.RouteDefinitionRouteLocator.lambda$initFactories$1:88 -Loaded RoutePredicateFactory [Path]
2022-12-13 23:25:01.259 INFO  [main]o.s.cloud.gateway.route.RouteDefinitionRouteLocator.lambda$initFactories$1:88 -Loaded RoutePredicateFactory [Query]
2022-12-13 23:25:01.259 INFO  [main]o.s.cloud.gateway.route.RouteDefinitionRouteLocator.lambda$initFactories$1:88 -Loaded RoutePredicateFactory [ReadBody]
2022-12-13 23:25:01.259 INFO  [main]o.s.cloud.gateway.route.RouteDefinitionRouteLocator.lambda$initFactories$1:88 -Loaded RoutePredicateFactory [RemoteAddr]
2022-12-13 23:25:01.259 INFO  [main]o.s.cloud.gateway.route.RouteDefinitionRouteLocator.lambda$initFactories$1:88 -Loaded RoutePredicateFactory [XForwardedRemoteAddr]
2022-12-13 23:25:01.259 INFO  [main]o.s.cloud.gateway.route.RouteDefinitionRouteLocator.lambda$initFactories$1:88 -Loaded RoutePredicateFactory [Weight]
2022-12-13 23:25:01.259 INFO  [main]o.s.cloud.gateway.route.RouteDefinitionRouteLocator.lambda$initFactories$1:88 -Loaded RoutePredicateFactory [CloudFoundryRouteService]
2022-12-13 23:25:01.357 INFO  [main]o.s.b.a.s.r.ReactiveUserDetailsServiceAutoConfiguration.getOrDeducePassword:87 -

Using generated security password: 6495ca13-1723-47c0-95f9-d6ca7a4170b7

2022-12-13 23:25:01.983 INFO  [main]o.springframework.boot.web.embedded.netty.NettyWebServer.start:111 -Netty started on port 8000
2022-12-13 23:25:02.199 INFO  [main]com.alibaba.cloud.nacos.registry.NacosServiceRegistry.register:75 -nacos registry, DEFAULT_GROUP coder-gateway 192.168.0.107:8000 register finished
2022-12-13 23:25:02.215 INFO  [main]com.knowledge.gateway.GatewayApplication.logStarted:61 -Started GatewayApplication in 2.696 seconds (JVM running for 3.122)
2022-12-13 23:25:09.664 INFO  [reactor-http-nio-3]com.knowledge.gateway.filter.AccessTokenFilter.filter:68 - eyJhbGciOiJSUzI1NiIsInR5cCI6IkpXVCJ9.eyJ1c2VySW5mbyI6eyJpZCI6MTU4NjI2NzI4NjY3NDg0NTY5NiwidXNlcm5hbWUiOiJ0ZXN0In0sInVzZXJfbmFtZSI6InRlc3QiLCJzY29wZSI6WyJhbGwiXSwiZXhwIjoxNjcwOTg2MzIzLCJhdXRob3JpdGllcyI6WyJhZG1pbiJdLCJqdGkiOiI2NTAxOWQzMi04NDliLTQwMGMtOTJmNy05YTg1ODg1YWM0NzQiLCJjbGllbnRfaWQiOiJjb2RlLWdlbmVyYXRvciJ9.CwwtsfYtUXgy-2kL2fO9obcSc5DTc0leKI_-8Y82DlUy97y8ADj2F-nu3uGW9eSivTM02AYATSY5BqevO29vTPanDqK-VhIWnvKw_kU4M0klKXNZroKx07PS7cDB10bi4peEdYZC7jRU0swwssspdPkrsWOBTgw5Bh9iVB3HpVHvPM54avbsseGKtyC_RGV-AbuneTvTXAoilG68kTk5dTxmM4cDkFfdgaDq2fknZ15h5mW0a9IsxATzTI913aOSa4JMgmRoZvJNOQaoV01VMcWcWoG0venmres_hA-0hob0m16m4cDHV8oVskGnwPVdRcj1DXCo_UP5h5lGxVa55g
