2022-12-23 17:46:05.748 INFO  [main]com.knowledge.auth.AuthServerApplication.logStartupProfileInfo:634 -No active profile set, falling back to 1 default profile: "default"
2022-12-23 17:46:06.170 INFO  [main]o.s.d.repository.config.RepositoryConfigurationDelegate.multipleStoresDetected:262 -Multiple Spring Data modules found, entering strict repository configuration mode!
2022-12-23 17:46:06.171 INFO  [main]o.s.d.repository.config.RepositoryConfigurationDelegate.registerRepositoriesIn:132 -Bootstrapping Spring Data Redis repositories in DEFAULT mode.
2022-12-23 17:46:06.191 INFO  [main]o.s.d.repository.config.RepositoryConfigurationDelegate.registerRepositoriesIn:201 -Finished Spring Data repository scanning in 6 ms. Found 0 Redis repository interfaces.
2022-12-23 17:46:06.466 INFO  [main]o.s.d.repository.config.RepositoryConfigurationDelegate.multipleStoresDetected:262 -Multiple Spring Data modules found, entering strict repository configuration mode!
2022-12-23 17:46:06.466 INFO  [main]o.s.d.repository.config.RepositoryConfigurationDelegate.registerRepositoriesIn:132 -Bootstrapping Spring Data Redis repositories in DEFAULT mode.
2022-12-23 17:46:06.470 INFO  [main]o.s.d.repository.config.RepositoryConfigurationDelegate.registerRepositoriesIn:201 -Finished Spring Data repository scanning in 4 ms. Found 0 Redis repository interfaces.
2022-12-23 17:46:06.740 INFO  [main]org.springframework.cloud.context.scope.GenericScope.setSerializationId:283 -BeanFactory id=fbbdf97c-54f8-3345-a801-8343ba901916
2022-12-23 17:46:07.077 INFO  [main]o.s.boot.web.embedded.tomcat.TomcatWebServer.initialize:108 -Tomcat initialized with port(s): 8002 (http)
2022-12-23 17:46:07.082 INFO  [main]org.apache.coyote.http11.Http11NioProtocol.log:173 -Initializing ProtocolHandler ["http-nio-8002"]
2022-12-23 17:46:07.083 INFO  [main]org.apache.catalina.core.StandardService.log:173 -Starting service [Tomcat]
2022-12-23 17:46:07.083 INFO  [main]org.apache.catalina.core.StandardEngine.log:173 -Starting Servlet engine: [Apache Tomcat/9.0.63]
2022-12-23 17:46:07.151 INFO  [main]o.a.catalina.core.ContainerBase.[Tomcat].[localhost].[/].log:173 -Initializing Spring embedded WebApplicationContext
2022-12-23 17:46:07.152 INFO  [main]o.s.b.w.s.context.ServletWebServerApplicationContext.prepareWebApplicationContext:292 -Root WebApplicationContext: initialization completed in 1395 ms
2022-12-23 17:46:07.397 INFO  [main]o.springframework.cloud.openfeign.FeignClientFactoryBean.getTarget:418 -For 'coder-user' URL not provided. Will try picking an instance via load-balancing.
2022-12-23 17:46:08.208 INFO  [main]o.s.security.web.DefaultSecurityFilterChain.<init>:55 -Will secure Or [Ant [pattern='/oauth/token'], Ant [pattern='/oauth/token_key'], Ant [pattern='/oauth/check_token']] with [org.springframework.security.web.session.DisableEncodeUrlFilter@7d47dfed, org.springframework.security.web.context.request.async.WebAsyncManagerIntegrationFilter@3a38e4dc, org.springframework.security.web.context.SecurityContextPersistenceFilter@727986ad, org.springframework.security.web.header.HeaderWriterFilter@7b3cbe6e, org.springframework.security.web.authentication.logout.LogoutFilter@5618fc1f, org.springframework.security.web.authentication.www.BasicAuthenticationFilter@537b3b2e, org.springframework.security.web.savedrequest.RequestCacheAwareFilter@6b25ef1c, org.springframework.security.web.servletapi.SecurityContextHolderAwareRequestFilter@1491cd6c, org.springframework.security.web.authentication.AnonymousAuthenticationFilter@41fc0084, org.springframework.security.web.session.SessionManagementFilter@41f785e3, org.springframework.security.web.access.ExceptionTranslationFilter@4bf4680c, org.springframework.security.web.access.intercept.FilterSecurityInterceptor@c5e69a5]
2022-12-23 17:46:08.210 INFO  [main]o.s.security.web.DefaultSecurityFilterChain.<init>:55 -Will secure any request with [org.springframework.security.web.session.DisableEncodeUrlFilter@44dd0d38, org.springframework.security.web.context.request.async.WebAsyncManagerIntegrationFilter@7e94e331, org.springframework.security.web.context.SecurityContextPersistenceFilter@161d95c6, org.springframework.security.web.header.HeaderWriterFilter@701c223a, org.springframework.security.web.authentication.logout.LogoutFilter@852ef8d, org.springframework.security.web.savedrequest.RequestCacheAwareFilter@5203c80f, org.springframework.security.web.servletapi.SecurityContextHolderAwareRequestFilter@439f2d87, org.springframework.security.web.authentication.AnonymousAuthenticationFilter@539fc5d1, org.springframework.security.web.session.SessionManagementFilter@550c973e, org.springframework.security.web.access.ExceptionTranslationFilter@7336fd8f]
2022-12-23 17:46:08.940 WARN  [main]o.s.c.l.c.LoadBalancerCacheAutoConfiguration$LoadBalancerCaffeineWarnLogger.logWarning:82 -Spring Cloud LoadBalancer is currently working with the default cache. While this cache implementation is useful for development and tests, it's recommended to use Caffeine cache in production.You can switch to using Caffeine cache, by adding it and org.springframework.cache.caffeine.CaffeineCacheManager to the classpath.
2022-12-23 17:46:08.941 WARN  [main]o.s.c.s.oauth2.SpringCloudSecurityAutoConfiguration.<init>:38 -All Spring Cloud Security modules and starters are deprecated. They will be moved to individual projects in the next major release.
2022-12-23 17:46:08.947 INFO  [main]o.s.boot.actuate.endpoint.web.EndpointLinksResolver.<init>:58 -Exposing 1 endpoint(s) beneath base path '/actuator'
2022-12-23 17:46:09.102 INFO  [main]org.apache.coyote.http11.Http11NioProtocol.log:173 -Starting ProtocolHandler ["http-nio-8002"]
2022-12-23 17:46:09.122 INFO  [main]o.s.boot.web.embedded.tomcat.TomcatWebServer.start:220 -Tomcat started on port(s): 8002 (http) with context path ''
2022-12-23 17:46:09.171 INFO  [main]com.alibaba.cloud.nacos.registry.NacosServiceRegistry.register:75 -nacos registry, DEFAULT_GROUP coder-auth 192.168.0.106:8002 register finished
2022-12-23 17:46:09.185 INFO  [main]com.knowledge.auth.AuthServerApplication.logStarted:61 -Started AuthServerApplication in 4.08 seconds (JVM running for 4.337)
2022-12-23 17:46:09.468 INFO  [RMI TCP Connection(3)-192.168.0.106]o.a.catalina.core.ContainerBase.[Tomcat].[localhost].[/].log:173 -Initializing Spring DispatcherServlet 'dispatcherServlet'
2022-12-23 17:46:09.469 INFO  [RMI TCP Connection(3)-192.168.0.106]org.springframework.web.servlet.DispatcherServlet.initServletBean:525 -Initializing Servlet 'dispatcherServlet'
2022-12-23 17:46:09.470 INFO  [RMI TCP Connection(3)-192.168.0.106]org.springframework.web.servlet.DispatcherServlet.initServletBean:547 -Completed initialization in 1 ms
2022-12-23 17:46:09.489 INFO  [RMI TCP Connection(4)-192.168.0.106]com.zaxxer.hikari.HikariDataSource.getConnection:110 -HikariPool-1 - Starting...
2022-12-23 17:46:10.185 INFO  [RMI TCP Connection(4)-192.168.0.106]com.zaxxer.hikari.HikariDataSource.getConnection:123 -HikariPool-1 - Start completed.
2022-12-23 18:32:44.467 WARN  [Thread-11]com.alibaba.nacos.common.http.HttpClientBeanHolder.shutdown:108 -[HttpClientBeanHolder] Start destroying common HttpClient
2022-12-23 18:32:44.467 WARN  [Thread-17]com.alibaba.nacos.common.notify.NotifyCenter.shutdown:145 -[NotifyCenter] Start destroying Publisher
2022-12-23 18:32:44.470 WARN  [Thread-17]com.alibaba.nacos.common.notify.NotifyCenter.shutdown:162 -[NotifyCenter] Destruction of the end
2022-12-23 18:32:44.470 WARN  [Thread-11]com.alibaba.nacos.common.http.HttpClientBeanHolder.shutdown:114 -[HttpClientBeanHolder] Destruction of the end
2022-12-23 18:32:44.483 INFO  [SpringApplicationShutdownHook]com.alibaba.cloud.nacos.registry.NacosServiceRegistry.deregister:90 -De-registering from Nacos Server now...
2022-12-23 18:32:44.641 INFO  [SpringApplicationShutdownHook]com.alibaba.cloud.nacos.registry.NacosServiceRegistry.deregister:110 -De-registration finished.
2022-12-23 18:32:52.477 WARN  [SpringApplicationShutdownHook]o.s.beans.factory.support.DisposableBeanAdapter.invokeCustomDestroyMethod:329 -Custom destroy method 'close' on bean with name 'nacosServiceRegistry' threw an exception: java.lang.NullPointerException
2022-12-23 18:32:52.510 INFO  [SpringApplicationShutdownHook]com.zaxxer.hikari.HikariDataSource.close:350 -HikariPool-1 - Shutdown initiated...
2022-12-23 18:32:52.527 INFO  [SpringApplicationShutdownHook]com.zaxxer.hikari.HikariDataSource.close:352 -HikariPool-1 - Shutdown completed.
