2022-12-15 09:10:08.565 INFO  [SpringApplicationShutdownHook]com.alibaba.cloud.nacos.registry.NacosServiceRegistry.deregister:90 -De-registering from Nacos Server now...
2022-12-15 09:10:08.827 INFO  [SpringApplicationShutdownHook]com.alibaba.cloud.nacos.registry.NacosServiceRegistry.deregister:110 -De-registration finished.
2022-12-15 09:10:16.775 INFO  [SpringApplicationShutdownHook]com.zaxxer.hikari.HikariDataSource.close:350 -HikariPool-1 - Shutdown initiated...
2022-12-15 09:10:16.788 INFO  [SpringApplicationShutdownHook]com.zaxxer.hikari.HikariDataSource.close:352 -HikariPool-1 - Shutdown completed.
2022-12-15 09:10:22.682 INFO  [main]com.knowledge.auth.AuthServerApplication.logStartupProfileInfo:634 -No active profile set, falling back to 1 default profile: "default"
2022-12-15 09:10:23.498 INFO  [main]o.s.d.repository.config.RepositoryConfigurationDelegate.multipleStoresDetected:262 -Multiple Spring Data modules found, entering strict repository configuration mode!
2022-12-15 09:10:23.498 INFO  [main]o.s.d.repository.config.RepositoryConfigurationDelegate.registerRepositoriesIn:132 -Bootstrapping Spring Data Redis repositories in DEFAULT mode.
2022-12-15 09:10:23.510 INFO  [main]o.s.d.repository.config.RepositoryConfigurationDelegate.registerRepositoriesIn:201 -Finished Spring Data repository scanning in 2 ms. Found 0 Redis repository interfaces.
2022-12-15 09:10:23.858 INFO  [main]o.s.d.repository.config.RepositoryConfigurationDelegate.multipleStoresDetected:262 -Multiple Spring Data modules found, entering strict repository configuration mode!
2022-12-15 09:10:23.858 INFO  [main]o.s.d.repository.config.RepositoryConfigurationDelegate.registerRepositoriesIn:132 -Bootstrapping Spring Data Redis repositories in DEFAULT mode.
2022-12-15 09:10:23.865 INFO  [main]o.s.d.repository.config.RepositoryConfigurationDelegate.registerRepositoriesIn:201 -Finished Spring Data repository scanning in 6 ms. Found 0 Redis repository interfaces.
2022-12-15 09:10:24.265 INFO  [main]org.springframework.cloud.context.scope.GenericScope.setSerializationId:283 -BeanFactory id=fbbdf97c-54f8-3345-a801-8343ba901916
2022-12-15 09:10:24.674 INFO  [main]o.s.boot.web.embedded.tomcat.TomcatWebServer.initialize:108 -Tomcat initialized with port(s): 8002 (http)
2022-12-15 09:10:24.681 INFO  [main]org.apache.coyote.http11.Http11NioProtocol.log:173 -Initializing ProtocolHandler ["http-nio-8002"]
2022-12-15 09:10:24.681 INFO  [main]org.apache.catalina.core.StandardService.log:173 -Starting service [Tomcat]
2022-12-15 09:10:24.681 INFO  [main]org.apache.catalina.core.StandardEngine.log:173 -Starting Servlet engine: [Apache Tomcat/9.0.63]
2022-12-15 09:10:24.741 INFO  [main]o.a.catalina.core.ContainerBase.[Tomcat].[localhost].[/].log:173 -Initializing Spring embedded WebApplicationContext
2022-12-15 09:10:24.741 INFO  [main]o.s.b.w.s.context.ServletWebServerApplicationContext.prepareWebApplicationContext:292 -Root WebApplicationContext: initialization completed in 2049 ms
2022-12-15 09:10:25.024 INFO  [main]o.springframework.cloud.openfeign.FeignClientFactoryBean.getTarget:418 -For 'coder-user' URL not provided. Will try picking an instance via load-balancing.
2022-12-15 09:10:25.915 INFO  [main]o.s.security.web.DefaultSecurityFilterChain.<init>:55 -Will secure Or [Ant [pattern='/oauth/token'], Ant [pattern='/oauth/token_key'], Ant [pattern='/oauth/check_token']] with [org.springframework.security.web.session.DisableEncodeUrlFilter@7d47dfed, org.springframework.security.web.context.request.async.WebAsyncManagerIntegrationFilter@3a38e4dc, org.springframework.security.web.context.SecurityContextPersistenceFilter@727986ad, org.springframework.security.web.header.HeaderWriterFilter@7b3cbe6e, org.springframework.security.web.authentication.logout.LogoutFilter@5618fc1f, org.springframework.security.web.authentication.www.BasicAuthenticationFilter@537b3b2e, org.springframework.security.web.savedrequest.RequestCacheAwareFilter@6b25ef1c, org.springframework.security.web.servletapi.SecurityContextHolderAwareRequestFilter@1491cd6c, org.springframework.security.web.authentication.AnonymousAuthenticationFilter@41fc0084, org.springframework.security.web.session.SessionManagementFilter@41f785e3, org.springframework.security.web.access.ExceptionTranslationFilter@4bf4680c, org.springframework.security.web.access.intercept.FilterSecurityInterceptor@c5e69a5]
2022-12-15 09:10:25.917 INFO  [main]o.s.security.web.DefaultSecurityFilterChain.<init>:55 -Will secure any request with [org.springframework.security.web.session.DisableEncodeUrlFilter@44dd0d38, org.springframework.security.web.context.request.async.WebAsyncManagerIntegrationFilter@7e94e331, org.springframework.security.web.context.SecurityContextPersistenceFilter@161d95c6, org.springframework.security.web.header.HeaderWriterFilter@701c223a, org.springframework.security.web.authentication.logout.LogoutFilter@852ef8d, org.springframework.security.web.savedrequest.RequestCacheAwareFilter@5203c80f, org.springframework.security.web.servletapi.SecurityContextHolderAwareRequestFilter@439f2d87, org.springframework.security.web.authentication.AnonymousAuthenticationFilter@539fc5d1, org.springframework.security.web.session.SessionManagementFilter@550c973e, org.springframework.security.web.access.ExceptionTranslationFilter@7336fd8f]
2022-12-15 09:10:26.884 INFO  [main]o.s.boot.actuate.endpoint.web.EndpointLinksResolver.<init>:58 -Exposing 1 endpoint(s) beneath base path '/actuator'
2022-12-15 09:10:27.242 INFO  [main]org.apache.coyote.http11.Http11NioProtocol.log:173 -Starting ProtocolHandler ["http-nio-8002"]
2022-12-15 09:10:27.406 INFO  [main]o.s.boot.web.embedded.tomcat.TomcatWebServer.start:220 -Tomcat started on port(s): 8002 (http) with context path ''
2022-12-15 09:10:27.532 INFO  [main]com.alibaba.cloud.nacos.registry.NacosServiceRegistry.register:75 -nacos registry, DEFAULT_GROUP coder-auth 10.10.9.9:8002 register finished
2022-12-15 09:10:27.553 INFO  [main]com.knowledge.auth.AuthServerApplication.logStarted:61 -Started AuthServerApplication in 5.602 seconds (JVM running for 5.976)
2022-12-15 09:10:27.965 INFO  [RMI TCP Connection(4)-127.0.0.1]o.a.catalina.core.ContainerBase.[Tomcat].[localhost].[/].log:173 -Initializing Spring DispatcherServlet 'dispatcherServlet'
2022-12-15 09:10:27.965 INFO  [RMI TCP Connection(4)-127.0.0.1]org.springframework.web.servlet.DispatcherServlet.initServletBean:525 -Initializing Servlet 'dispatcherServlet'
2022-12-15 09:10:27.967 INFO  [RMI TCP Connection(4)-127.0.0.1]org.springframework.web.servlet.DispatcherServlet.initServletBean:547 -Completed initialization in 2 ms
2022-12-15 09:10:27.997 INFO  [RMI TCP Connection(5)-127.0.0.1]com.zaxxer.hikari.HikariDataSource.getConnection:110 -HikariPool-1 - Starting...
2022-12-15 09:10:28.612 INFO  [RMI TCP Connection(5)-127.0.0.1]com.zaxxer.hikari.HikariDataSource.getConnection:123 -HikariPool-1 - Start completed.
2022-12-15 13:16:38.845 INFO  [SpringApplicationShutdownHook]com.alibaba.cloud.nacos.registry.NacosServiceRegistry.deregister:90 -De-registering from Nacos Server now...
2022-12-15 13:16:38.897 INFO  [SpringApplicationShutdownHook]com.alibaba.cloud.nacos.registry.NacosServiceRegistry.deregister:110 -De-registration finished.
2022-12-15 13:16:44.625 INFO  [SpringApplicationShutdownHook]com.zaxxer.hikari.HikariDataSource.close:350 -HikariPool-1 - Shutdown initiated...
2022-12-15 13:16:44.631 INFO  [SpringApplicationShutdownHook]com.zaxxer.hikari.HikariDataSource.close:352 -HikariPool-1 - Shutdown completed.
2022-12-15 13:16:48.970 INFO  [main]com.knowledge.auth.AuthServerApplication.logStartupProfileInfo:634 -No active profile set, falling back to 1 default profile: "default"
2022-12-15 13:16:49.565 INFO  [main]o.s.d.repository.config.RepositoryConfigurationDelegate.multipleStoresDetected:262 -Multiple Spring Data modules found, entering strict repository configuration mode!
2022-12-15 13:16:49.566 INFO  [main]o.s.d.repository.config.RepositoryConfigurationDelegate.registerRepositoriesIn:132 -Bootstrapping Spring Data Redis repositories in DEFAULT mode.
2022-12-15 13:16:49.578 INFO  [main]o.s.d.repository.config.RepositoryConfigurationDelegate.registerRepositoriesIn:201 -Finished Spring Data repository scanning in 2 ms. Found 0 Redis repository interfaces.
2022-12-15 13:16:49.791 INFO  [main]o.s.d.repository.config.RepositoryConfigurationDelegate.multipleStoresDetected:262 -Multiple Spring Data modules found, entering strict repository configuration mode!
2022-12-15 13:16:49.792 INFO  [main]o.s.d.repository.config.RepositoryConfigurationDelegate.registerRepositoriesIn:132 -Bootstrapping Spring Data Redis repositories in DEFAULT mode.
2022-12-15 13:16:49.795 INFO  [main]o.s.d.repository.config.RepositoryConfigurationDelegate.registerRepositoriesIn:201 -Finished Spring Data repository scanning in 3 ms. Found 0 Redis repository interfaces.
2022-12-15 13:16:49.982 INFO  [main]org.springframework.cloud.context.scope.GenericScope.setSerializationId:283 -BeanFactory id=fbbdf97c-54f8-3345-a801-8343ba901916
2022-12-15 13:16:50.353 INFO  [main]o.s.boot.web.embedded.tomcat.TomcatWebServer.initialize:108 -Tomcat initialized with port(s): 8002 (http)
2022-12-15 13:16:50.360 INFO  [main]org.apache.coyote.http11.Http11NioProtocol.log:173 -Initializing ProtocolHandler ["http-nio-8002"]
2022-12-15 13:16:50.361 INFO  [main]org.apache.catalina.core.StandardService.log:173 -Starting service [Tomcat]
2022-12-15 13:16:50.361 INFO  [main]org.apache.catalina.core.StandardEngine.log:173 -Starting Servlet engine: [Apache Tomcat/9.0.63]
2022-12-15 13:16:50.457 INFO  [main]o.a.catalina.core.ContainerBase.[Tomcat].[localhost].[/].log:173 -Initializing Spring embedded WebApplicationContext
2022-12-15 13:16:50.458 INFO  [main]o.s.b.w.s.context.ServletWebServerApplicationContext.prepareWebApplicationContext:292 -Root WebApplicationContext: initialization completed in 1470 ms
2022-12-15 13:16:50.791 INFO  [main]o.springframework.cloud.openfeign.FeignClientFactoryBean.getTarget:418 -For 'coder-user' URL not provided. Will try picking an instance via load-balancing.
2022-12-15 13:16:51.632 INFO  [main]o.s.security.web.DefaultSecurityFilterChain.<init>:55 -Will secure Or [Ant [pattern='/oauth/token'], Ant [pattern='/oauth/token_key'], Ant [pattern='/oauth/check_token']] with [org.springframework.security.web.session.DisableEncodeUrlFilter@7d47dfed, org.springframework.security.web.context.request.async.WebAsyncManagerIntegrationFilter@3a38e4dc, org.springframework.security.web.context.SecurityContextPersistenceFilter@727986ad, org.springframework.security.web.header.HeaderWriterFilter@7b3cbe6e, org.springframework.security.web.authentication.logout.LogoutFilter@5618fc1f, org.springframework.security.web.authentication.www.BasicAuthenticationFilter@537b3b2e, org.springframework.security.web.savedrequest.RequestCacheAwareFilter@6b25ef1c, org.springframework.security.web.servletapi.SecurityContextHolderAwareRequestFilter@1491cd6c, org.springframework.security.web.authentication.AnonymousAuthenticationFilter@41fc0084, org.springframework.security.web.session.SessionManagementFilter@41f785e3, org.springframework.security.web.access.ExceptionTranslationFilter@4bf4680c, org.springframework.security.web.access.intercept.FilterSecurityInterceptor@c5e69a5]
2022-12-15 13:16:51.634 INFO  [main]o.s.security.web.DefaultSecurityFilterChain.<init>:55 -Will secure any request with [org.springframework.security.web.session.DisableEncodeUrlFilter@44dd0d38, org.springframework.security.web.context.request.async.WebAsyncManagerIntegrationFilter@7e94e331, org.springframework.security.web.context.SecurityContextPersistenceFilter@161d95c6, org.springframework.security.web.header.HeaderWriterFilter@701c223a, org.springframework.security.web.authentication.logout.LogoutFilter@852ef8d, org.springframework.security.web.savedrequest.RequestCacheAwareFilter@5203c80f, org.springframework.security.web.servletapi.SecurityContextHolderAwareRequestFilter@439f2d87, org.springframework.security.web.authentication.AnonymousAuthenticationFilter@539fc5d1, org.springframework.security.web.session.SessionManagementFilter@550c973e, org.springframework.security.web.access.ExceptionTranslationFilter@7336fd8f]
2022-12-15 13:16:52.489 INFO  [main]o.s.boot.actuate.endpoint.web.EndpointLinksResolver.<init>:58 -Exposing 1 endpoint(s) beneath base path '/actuator'
2022-12-15 13:16:52.739 INFO  [main]org.apache.coyote.http11.Http11NioProtocol.log:173 -Starting ProtocolHandler ["http-nio-8002"]
2022-12-15 13:16:52.893 INFO  [main]o.s.boot.web.embedded.tomcat.TomcatWebServer.start:220 -Tomcat started on port(s): 8002 (http) with context path ''
2022-12-15 13:16:52.966 INFO  [main]com.alibaba.cloud.nacos.registry.NacosServiceRegistry.register:75 -nacos registry, DEFAULT_GROUP coder-auth 192.168.50.210:8002 register finished
2022-12-15 13:16:52.998 INFO  [main]com.knowledge.auth.AuthServerApplication.logStarted:61 -Started AuthServerApplication in 4.773 seconds (JVM running for 5.093)
2022-12-15 13:16:53.391 INFO  [RMI TCP Connection(3)-192.168.50.210]o.a.catalina.core.ContainerBase.[Tomcat].[localhost].[/].log:173 -Initializing Spring DispatcherServlet 'dispatcherServlet'
2022-12-15 13:16:53.391 INFO  [RMI TCP Connection(3)-192.168.50.210]org.springframework.web.servlet.DispatcherServlet.initServletBean:525 -Initializing Servlet 'dispatcherServlet'
2022-12-15 13:16:53.393 INFO  [RMI TCP Connection(3)-192.168.50.210]org.springframework.web.servlet.DispatcherServlet.initServletBean:547 -Completed initialization in 2 ms
2022-12-15 13:16:53.406 INFO  [RMI TCP Connection(5)-192.168.50.210]com.zaxxer.hikari.HikariDataSource.getConnection:110 -HikariPool-1 - Starting...
2022-12-15 13:16:53.796 INFO  [RMI TCP Connection(5)-192.168.50.210]com.zaxxer.hikari.HikariDataSource.getConnection:123 -HikariPool-1 - Start completed.
2022-12-15 17:18:28.663 INFO  [SpringApplicationShutdownHook]com.alibaba.cloud.nacos.registry.NacosServiceRegistry.deregister:90 -De-registering from Nacos Server now...
2022-12-15 17:18:28.869 INFO  [SpringApplicationShutdownHook]com.alibaba.cloud.nacos.registry.NacosServiceRegistry.deregister:110 -De-registration finished.
