2022-12-20 11:35:31.983 INFO  [main]com.knowledge.auth.AuthServerApplication.logStartupProfileInfo:634 -No active profile set, falling back to 1 default profile: "default"
2022-12-20 11:35:32.580 INFO  [main]o.s.d.repository.config.RepositoryConfigurationDelegate.multipleStoresDetected:262 -Multiple Spring Data modules found, entering strict repository configuration mode!
2022-12-20 11:35:32.581 INFO  [main]o.s.d.repository.config.RepositoryConfigurationDelegate.registerRepositoriesIn:132 -Bootstrapping Spring Data Redis repositories in DEFAULT mode.
2022-12-20 11:35:32.593 INFO  [main]o.s.d.repository.config.RepositoryConfigurationDelegate.registerRepositoriesIn:201 -Finished Spring Data repository scanning in 4 ms. Found 0 Redis repository interfaces.
2022-12-20 11:35:32.740 INFO  [main]org.springframework.cloud.context.scope.GenericScope.setSerializationId:283 -BeanFactory id=4ef3392f-c41c-30c0-91e3-2153928a3d96
2022-12-20 11:35:33.001 INFO  [main]o.s.boot.web.embedded.tomcat.TomcatWebServer.initialize:108 -Tomcat initialized with port(s): 8002 (http)
2022-12-20 11:35:33.007 INFO  [main]org.apache.coyote.http11.Http11NioProtocol.log:173 -Initializing ProtocolHandler ["http-nio-8002"]
2022-12-20 11:35:33.007 INFO  [main]org.apache.catalina.core.StandardService.log:173 -Starting service [Tomcat]
2022-12-20 11:35:33.007 INFO  [main]org.apache.catalina.core.StandardEngine.log:173 -Starting Servlet engine: [Apache Tomcat/9.0.63]
2022-12-20 11:35:33.078 INFO  [main]o.a.catalina.core.ContainerBase.[Tomcat].[localhost].[/].log:173 -Initializing Spring embedded WebApplicationContext
2022-12-20 11:35:33.078 INFO  [main]o.s.b.w.s.context.ServletWebServerApplicationContext.prepareWebApplicationContext:292 -Root WebApplicationContext: initialization completed in 1085 ms
2022-12-20 11:35:33.290 INFO  [main]o.springframework.cloud.openfeign.FeignClientFactoryBean.getTarget:418 -For 'coder-user' URL not provided. Will try picking an instance via load-balancing.
2022-12-20 11:35:33.953 INFO  [main]o.s.security.web.DefaultSecurityFilterChain.<init>:55 -Will secure Or [Ant [pattern='/oauth/token'], Ant [pattern='/oauth/token_key'], Ant [pattern='/oauth/check_token']] with [org.springframework.security.web.session.DisableEncodeUrlFilter@6cdbe5ec, org.springframework.security.web.context.request.async.WebAsyncManagerIntegrationFilter@14b8a751, org.springframework.security.web.context.SecurityContextPersistenceFilter@1a88c4f5, org.springframework.security.web.header.HeaderWriterFilter@3ace6346, org.springframework.security.web.authentication.logout.LogoutFilter@5d9d2119, org.springframework.security.web.authentication.www.BasicAuthenticationFilter@7772d266, org.springframework.security.web.savedrequest.RequestCacheAwareFilter@1144a02b, org.springframework.security.web.servletapi.SecurityContextHolderAwareRequestFilter@33d230ce, org.springframework.security.web.authentication.AnonymousAuthenticationFilter@7345f97d, org.springframework.security.web.session.SessionManagementFilter@6c5ca0b6, org.springframework.security.web.access.ExceptionTranslationFilter@7ac48f05, org.springframework.security.web.access.intercept.FilterSecurityInterceptor@28989415]
2022-12-20 11:35:33.955 INFO  [main]o.s.security.web.DefaultSecurityFilterChain.<init>:55 -Will secure any request with [org.springframework.security.web.session.DisableEncodeUrlFilter@177ede17, org.springframework.security.web.context.request.async.WebAsyncManagerIntegrationFilter@17176b18, org.springframework.security.web.context.SecurityContextPersistenceFilter@4bf4680c, org.springframework.security.web.header.HeaderWriterFilter@6615237, org.springframework.security.web.authentication.logout.LogoutFilter@7b3cbe6e, org.springframework.security.web.savedrequest.RequestCacheAwareFilter@6d6039df, org.springframework.security.web.servletapi.SecurityContextHolderAwareRequestFilter@611c3eae, org.springframework.security.web.authentication.AnonymousAuthenticationFilter@4e4395c, org.springframework.security.web.session.SessionManagementFilter@eaf8427, org.springframework.security.web.access.ExceptionTranslationFilter@24a04257]
2022-12-20 11:35:34.591 WARN  [main]o.s.c.l.c.LoadBalancerCacheAutoConfiguration$LoadBalancerCaffeineWarnLogger.logWarning:82 -Spring Cloud LoadBalancer is currently working with the default cache. While this cache implementation is useful for development and tests, it's recommended to use Caffeine cache in production.You can switch to using Caffeine cache, by adding it and org.springframework.cache.caffeine.CaffeineCacheManager to the classpath.
2022-12-20 11:35:34.592 WARN  [main]o.s.c.s.oauth2.SpringCloudSecurityAutoConfiguration.<init>:38 -All Spring Cloud Security modules and starters are deprecated. They will be moved to individual projects in the next major release.
2022-12-20 11:35:34.595 INFO  [main]o.s.boot.actuate.endpoint.web.EndpointLinksResolver.<init>:58 -Exposing 1 endpoint(s) beneath base path '/actuator'
2022-12-20 11:35:34.762 INFO  [main]org.apache.coyote.http11.Http11NioProtocol.log:173 -Starting ProtocolHandler ["http-nio-8002"]
2022-12-20 11:35:34.776 INFO  [main]o.s.boot.web.embedded.tomcat.TomcatWebServer.start:220 -Tomcat started on port(s): 8002 (http) with context path ''
2022-12-20 11:35:34.827 INFO  [main]com.alibaba.cloud.nacos.registry.NacosServiceRegistry.register:75 -nacos registry, DEFAULT_GROUP coder-auth 192.168.0.103:8002 register finished
2022-12-20 11:35:34.843 INFO  [main]com.knowledge.auth.AuthServerApplication.logStarted:61 -Started AuthServerApplication in 3.511 seconds (JVM running for 3.859)
2022-12-20 11:35:35.113 INFO  [RMI TCP Connection(2)-127.0.0.1]o.a.catalina.core.ContainerBase.[Tomcat].[localhost].[/].log:173 -Initializing Spring DispatcherServlet 'dispatcherServlet'
2022-12-20 11:35:35.113 INFO  [RMI TCP Connection(2)-127.0.0.1]org.springframework.web.servlet.DispatcherServlet.initServletBean:525 -Initializing Servlet 'dispatcherServlet'
2022-12-20 11:35:35.115 INFO  [RMI TCP Connection(2)-127.0.0.1]org.springframework.web.servlet.DispatcherServlet.initServletBean:547 -Completed initialization in 1 ms
2022-12-20 11:35:35.148 INFO  [RMI TCP Connection(1)-127.0.0.1]com.zaxxer.hikari.HikariDataSource.getConnection:110 -HikariPool-1 - Starting...
2022-12-20 11:35:35.680 INFO  [RMI TCP Connection(1)-127.0.0.1]com.zaxxer.hikari.HikariDataSource.getConnection:123 -HikariPool-1 - Start completed.
2022-12-20 11:36:22.106 WARN  [http-nio-8002-exec-3]o.s.security.oauth2.provider.endpoint.TokenEndpoint.handleException:169 -Handling error: InternalAuthenticationServiceException, 用户不存在
2022-12-20 11:41:24.735 WARN  [Thread-17]com.alibaba.nacos.common.notify.NotifyCenter.shutdown:145 -[NotifyCenter] Start destroying Publisher
2022-12-20 11:41:24.735 WARN  [Thread-11]com.alibaba.nacos.common.http.HttpClientBeanHolder.shutdown:108 -[HttpClientBeanHolder] Start destroying common HttpClient
2022-12-20 11:41:24.735 WARN  [Thread-17]com.alibaba.nacos.common.notify.NotifyCenter.shutdown:162 -[NotifyCenter] Destruction of the end
2022-12-20 11:41:24.736 WARN  [Thread-11]com.alibaba.nacos.common.http.HttpClientBeanHolder.shutdown:114 -[HttpClientBeanHolder] Destruction of the end
2022-12-20 11:41:24.750 INFO  [SpringApplicationShutdownHook]com.alibaba.cloud.nacos.registry.NacosServiceRegistry.deregister:90 -De-registering from Nacos Server now...
2022-12-20 11:41:24.799 INFO  [SpringApplicationShutdownHook]com.alibaba.cloud.nacos.registry.NacosServiceRegistry.deregister:110 -De-registration finished.
2022-12-20 11:41:33.058 WARN  [SpringApplicationShutdownHook]o.s.beans.factory.support.DisposableBeanAdapter.invokeCustomDestroyMethod:329 -Custom destroy method 'close' on bean with name 'nacosServiceRegistry' threw an exception: java.lang.NullPointerException
2022-12-20 11:41:33.073 INFO  [SpringApplicationShutdownHook]com.zaxxer.hikari.HikariDataSource.close:350 -HikariPool-1 - Shutdown initiated...
2022-12-20 11:41:33.083 INFO  [SpringApplicationShutdownHook]com.zaxxer.hikari.HikariDataSource.close:352 -HikariPool-1 - Shutdown completed.
2022-12-20 11:42:17.181 INFO  [main]com.knowledge.auth.AuthServerApplication.logStartupProfileInfo:634 -No active profile set, falling back to 1 default profile: "default"
2022-12-20 11:42:17.882 INFO  [main]o.s.d.repository.config.RepositoryConfigurationDelegate.multipleStoresDetected:262 -Multiple Spring Data modules found, entering strict repository configuration mode!
2022-12-20 11:42:17.884 INFO  [main]o.s.d.repository.config.RepositoryConfigurationDelegate.registerRepositoriesIn:132 -Bootstrapping Spring Data Redis repositories in DEFAULT mode.
2022-12-20 11:42:17.913 INFO  [main]o.s.d.repository.config.RepositoryConfigurationDelegate.registerRepositoriesIn:201 -Finished Spring Data repository scanning in 14 ms. Found 0 Redis repository interfaces.
2022-12-20 11:42:18.174 INFO  [main]org.springframework.cloud.context.scope.GenericScope.setSerializationId:283 -BeanFactory id=4ef3392f-c41c-30c0-91e3-2153928a3d96
2022-12-20 11:42:18.648 INFO  [main]o.s.boot.web.embedded.tomcat.TomcatWebServer.initialize:108 -Tomcat initialized with port(s): 8002 (http)
2022-12-20 11:42:18.655 INFO  [main]org.apache.coyote.http11.Http11NioProtocol.log:173 -Initializing ProtocolHandler ["http-nio-8002"]
2022-12-20 11:42:18.655 INFO  [main]org.apache.catalina.core.StandardService.log:173 -Starting service [Tomcat]
2022-12-20 11:42:18.655 INFO  [main]org.apache.catalina.core.StandardEngine.log:173 -Starting Servlet engine: [Apache Tomcat/9.0.63]
2022-12-20 11:42:18.730 INFO  [main]o.a.catalina.core.ContainerBase.[Tomcat].[localhost].[/].log:173 -Initializing Spring embedded WebApplicationContext
2022-12-20 11:42:18.730 INFO  [main]o.s.b.w.s.context.ServletWebServerApplicationContext.prepareWebApplicationContext:292 -Root WebApplicationContext: initialization completed in 1532 ms
2022-12-20 11:42:18.994 INFO  [main]o.springframework.cloud.openfeign.FeignClientFactoryBean.getTarget:418 -For 'coder-user' URL not provided. Will try picking an instance via load-balancing.
2022-12-20 11:42:19.842 INFO  [main]o.s.security.web.DefaultSecurityFilterChain.<init>:55 -Will secure Or [Ant [pattern='/oauth/token'], Ant [pattern='/oauth/token_key'], Ant [pattern='/oauth/check_token']] with [org.springframework.security.web.session.DisableEncodeUrlFilter@6cdbe5ec, org.springframework.security.web.context.request.async.WebAsyncManagerIntegrationFilter@14b8a751, org.springframework.security.web.context.SecurityContextPersistenceFilter@1a88c4f5, org.springframework.security.web.header.HeaderWriterFilter@3ace6346, org.springframework.security.web.authentication.logout.LogoutFilter@5d9d2119, org.springframework.security.web.authentication.www.BasicAuthenticationFilter@7772d266, org.springframework.security.web.savedrequest.RequestCacheAwareFilter@1144a02b, org.springframework.security.web.servletapi.SecurityContextHolderAwareRequestFilter@33d230ce, org.springframework.security.web.authentication.AnonymousAuthenticationFilter@7345f97d, org.springframework.security.web.session.SessionManagementFilter@6c5ca0b6, org.springframework.security.web.access.ExceptionTranslationFilter@7ac48f05, org.springframework.security.web.access.intercept.FilterSecurityInterceptor@28989415]
2022-12-20 11:42:19.844 INFO  [main]o.s.security.web.DefaultSecurityFilterChain.<init>:55 -Will secure any request with [org.springframework.security.web.session.DisableEncodeUrlFilter@177ede17, org.springframework.security.web.context.request.async.WebAsyncManagerIntegrationFilter@17176b18, org.springframework.security.web.context.SecurityContextPersistenceFilter@4bf4680c, org.springframework.security.web.header.HeaderWriterFilter@6615237, org.springframework.security.web.authentication.logout.LogoutFilter@7b3cbe6e, org.springframework.security.web.savedrequest.RequestCacheAwareFilter@6d6039df, org.springframework.security.web.servletapi.SecurityContextHolderAwareRequestFilter@611c3eae, org.springframework.security.web.authentication.AnonymousAuthenticationFilter@4e4395c, org.springframework.security.web.session.SessionManagementFilter@eaf8427, org.springframework.security.web.access.ExceptionTranslationFilter@24a04257]
2022-12-20 11:42:20.811 WARN  [main]o.s.c.l.c.LoadBalancerCacheAutoConfiguration$LoadBalancerCaffeineWarnLogger.logWarning:82 -Spring Cloud LoadBalancer is currently working with the default cache. While this cache implementation is useful for development and tests, it's recommended to use Caffeine cache in production.You can switch to using Caffeine cache, by adding it and org.springframework.cache.caffeine.CaffeineCacheManager to the classpath.
2022-12-20 11:42:20.812 WARN  [main]o.s.c.s.oauth2.SpringCloudSecurityAutoConfiguration.<init>:38 -All Spring Cloud Security modules and starters are deprecated. They will be moved to individual projects in the next major release.
2022-12-20 11:42:20.820 INFO  [main]o.s.boot.actuate.endpoint.web.EndpointLinksResolver.<init>:58 -Exposing 1 endpoint(s) beneath base path '/actuator'
2022-12-20 11:42:21.225 INFO  [main]org.apache.coyote.http11.Http11NioProtocol.log:173 -Starting ProtocolHandler ["http-nio-8002"]
2022-12-20 11:42:21.244 INFO  [main]o.s.boot.web.embedded.tomcat.TomcatWebServer.start:220 -Tomcat started on port(s): 8002 (http) with context path ''
2022-12-20 11:42:21.306 INFO  [main]com.alibaba.cloud.nacos.registry.NacosServiceRegistry.register:75 -nacos registry, DEFAULT_GROUP coder-auth 192.168.0.103:8002 register finished
2022-12-20 11:42:21.328 INFO  [main]com.knowledge.auth.AuthServerApplication.logStarted:61 -Started AuthServerApplication in 4.825 seconds (JVM running for 5.219)
2022-12-20 11:42:21.978 INFO  [RMI TCP Connection(5)-127.0.0.1]o.a.catalina.core.ContainerBase.[Tomcat].[localhost].[/].log:173 -Initializing Spring DispatcherServlet 'dispatcherServlet'
2022-12-20 11:42:21.978 INFO  [RMI TCP Connection(5)-127.0.0.1]org.springframework.web.servlet.DispatcherServlet.initServletBean:525 -Initializing Servlet 'dispatcherServlet'
2022-12-20 11:42:21.980 INFO  [RMI TCP Connection(5)-127.0.0.1]org.springframework.web.servlet.DispatcherServlet.initServletBean:547 -Completed initialization in 2 ms
2022-12-20 11:42:22.011 INFO  [RMI TCP Connection(4)-127.0.0.1]com.zaxxer.hikari.HikariDataSource.getConnection:110 -HikariPool-1 - Starting...
2022-12-20 11:42:22.481 INFO  [RMI TCP Connection(4)-127.0.0.1]com.zaxxer.hikari.HikariDataSource.getConnection:123 -HikariPool-1 - Start completed.
2022-12-20 11:42:42.880 WARN  [http-nio-8002-exec-1]o.s.security.oauth2.provider.endpoint.TokenEndpoint.handleException:169 -Handling error: InternalAuthenticationServiceException, 用户不存在
2022-12-20 11:56:26.277 WARN  [http-nio-8002-exec-3]com.zaxxer.hikari.pool.PoolBase.isConnectionAlive:184 -HikariPool-1 - Failed to validate connection com.mysql.cj.jdbc.ConnectionImpl@9b20a61 (No operations allowed after connection closed.). Possibly consider using a shorter maxLifetime value.
2022-12-20 11:56:31.287 WARN  [http-nio-8002-exec-3]com.zaxxer.hikari.pool.PoolBase.isConnectionAlive:184 -HikariPool-1 - Failed to validate connection com.mysql.cj.jdbc.ConnectionImpl@5d560b69 (No operations allowed after connection closed.). Possibly consider using a shorter maxLifetime value.
2022-12-20 11:56:36.293 WARN  [http-nio-8002-exec-3]com.zaxxer.hikari.pool.PoolBase.isConnectionAlive:184 -HikariPool-1 - Failed to validate connection com.mysql.cj.jdbc.ConnectionImpl@57c40be8 (No operations allowed after connection closed.). Possibly consider using a shorter maxLifetime value.
2022-12-20 11:56:41.302 WARN  [http-nio-8002-exec-3]com.zaxxer.hikari.pool.PoolBase.isConnectionAlive:184 -HikariPool-1 - Failed to validate connection com.mysql.cj.jdbc.ConnectionImpl@4b701179 (No operations allowed after connection closed.). Possibly consider using a shorter maxLifetime value.
2022-12-20 11:56:46.315 WARN  [http-nio-8002-exec-3]com.zaxxer.hikari.pool.PoolBase.isConnectionAlive:184 -HikariPool-1 - Failed to validate connection com.mysql.cj.jdbc.ConnectionImpl@f9c97e9 (No operations allowed after connection closed.). Possibly consider using a shorter maxLifetime value.
2022-12-20 11:56:51.323 WARN  [http-nio-8002-exec-3]com.zaxxer.hikari.pool.PoolBase.isConnectionAlive:184 -HikariPool-1 - Failed to validate connection com.mysql.cj.jdbc.ConnectionImpl@60443e16 (No operations allowed after connection closed.). Possibly consider using a shorter maxLifetime value.
2022-12-20 11:57:07.116 WARN  [http-nio-8002-exec-4]com.zaxxer.hikari.pool.PoolBase.isConnectionAlive:184 -HikariPool-1 - Failed to validate connection com.mysql.cj.jdbc.ConnectionImpl@58ee2a30 (No operations allowed after connection closed.). Possibly consider using a shorter maxLifetime value.
2022-12-20 11:57:12.123 WARN  [http-nio-8002-exec-4]com.zaxxer.hikari.pool.PoolBase.isConnectionAlive:184 -HikariPool-1 - Failed to validate connection com.mysql.cj.jdbc.ConnectionImpl@52164140 (No operations allowed after connection closed.). Possibly consider using a shorter maxLifetime value.
2022-12-20 11:57:12.155 WARN  [http-nio-8002-exec-4]com.zaxxer.hikari.pool.PoolBase.isConnectionAlive:184 -HikariPool-1 - Failed to validate connection com.mysql.cj.jdbc.ConnectionImpl@3e82d21e (No operations allowed after connection closed.). Possibly consider using a shorter maxLifetime value.
2022-12-20 11:57:17.162 WARN  [http-nio-8002-exec-4]com.zaxxer.hikari.pool.PoolBase.isConnectionAlive:184 -HikariPool-1 - Failed to validate connection com.mysql.cj.jdbc.ConnectionImpl@26c921a4 (No operations allowed after connection closed.). Possibly consider using a shorter maxLifetime value.
2022-12-20 12:25:01.686 WARN  [http-nio-8002-exec-6]com.zaxxer.hikari.pool.PoolBase.isConnectionAlive:184 -HikariPool-1 - Failed to validate connection com.mysql.cj.jdbc.ConnectionImpl@7e334ca1 (No operations allowed after connection closed.). Possibly consider using a shorter maxLifetime value.
2022-12-20 12:25:06.693 WARN  [http-nio-8002-exec-6]com.zaxxer.hikari.pool.PoolBase.isConnectionAlive:184 -HikariPool-1 - Failed to validate connection com.mysql.cj.jdbc.ConnectionImpl@74cb27d1 (No operations allowed after connection closed.). Possibly consider using a shorter maxLifetime value.
2022-12-20 12:25:11.699 WARN  [http-nio-8002-exec-6]com.zaxxer.hikari.pool.PoolBase.isConnectionAlive:184 -HikariPool-1 - Failed to validate connection com.mysql.cj.jdbc.ConnectionImpl@55fbb3f0 (No operations allowed after connection closed.). Possibly consider using a shorter maxLifetime value.
2022-12-20 12:25:16.704 WARN  [http-nio-8002-exec-6]com.zaxxer.hikari.pool.PoolBase.isConnectionAlive:184 -HikariPool-1 - Failed to validate connection com.mysql.cj.jdbc.ConnectionImpl@2d6a7a25 (No operations allowed after connection closed.). Possibly consider using a shorter maxLifetime value.
2022-12-20 12:25:21.711 WARN  [http-nio-8002-exec-6]com.zaxxer.hikari.pool.PoolBase.isConnectionAlive:184 -HikariPool-1 - Failed to validate connection com.mysql.cj.jdbc.ConnectionImpl@590a159c (No operations allowed after connection closed.). Possibly consider using a shorter maxLifetime value.
2022-12-20 12:25:26.719 WARN  [http-nio-8002-exec-6]com.zaxxer.hikari.pool.PoolBase.isConnectionAlive:184 -HikariPool-1 - Failed to validate connection com.mysql.cj.jdbc.ConnectionImpl@55a8e534 (No operations allowed after connection closed.). Possibly consider using a shorter maxLifetime value.
2022-12-20 12:25:42.932 WARN  [http-nio-8002-exec-7]com.zaxxer.hikari.pool.PoolBase.isConnectionAlive:184 -HikariPool-1 - Failed to validate connection com.mysql.cj.jdbc.ConnectionImpl@4da9e95a (No operations allowed after connection closed.). Possibly consider using a shorter maxLifetime value.
2022-12-20 12:25:47.939 WARN  [http-nio-8002-exec-7]com.zaxxer.hikari.pool.PoolBase.isConnectionAlive:184 -HikariPool-1 - Failed to validate connection com.mysql.cj.jdbc.ConnectionImpl@4751822a (No operations allowed after connection closed.). Possibly consider using a shorter maxLifetime value.
2022-12-20 12:25:52.946 WARN  [http-nio-8002-exec-7]com.zaxxer.hikari.pool.PoolBase.isConnectionAlive:184 -HikariPool-1 - Failed to validate connection com.mysql.cj.jdbc.ConnectionImpl@32de8d (No operations allowed after connection closed.). Possibly consider using a shorter maxLifetime value.
2022-12-20 12:25:57.956 WARN  [http-nio-8002-exec-7]com.zaxxer.hikari.pool.PoolBase.isConnectionAlive:184 -HikariPool-1 - Failed to validate connection com.mysql.cj.jdbc.ConnectionImpl@7890a679 (No operations allowed after connection closed.). Possibly consider using a shorter maxLifetime value.
2022-12-20 12:26:00.275 WARN  [http-nio-8002-exec-7]o.s.security.oauth2.provider.endpoint.TokenEndpoint.handleException:169 -Handling error: InternalAuthenticationServiceException, 用户不存在
2022-12-20 12:40:36.541 WARN  [Thread-19]com.alibaba.nacos.common.notify.NotifyCenter.shutdown:145 -[NotifyCenter] Start destroying Publisher
2022-12-20 12:40:36.542 WARN  [Thread-12]com.alibaba.nacos.common.http.HttpClientBeanHolder.shutdown:108 -[HttpClientBeanHolder] Start destroying common HttpClient
2022-12-20 12:40:36.544 WARN  [Thread-19]com.alibaba.nacos.common.notify.NotifyCenter.shutdown:162 -[NotifyCenter] Destruction of the end
2022-12-20 12:40:36.545 WARN  [Thread-12]com.alibaba.nacos.common.http.HttpClientBeanHolder.shutdown:114 -[HttpClientBeanHolder] Destruction of the end
2022-12-20 12:40:36.562 INFO  [SpringApplicationShutdownHook]com.alibaba.cloud.nacos.registry.NacosServiceRegistry.deregister:90 -De-registering from Nacos Server now...
2022-12-20 12:40:36.608 INFO  [SpringApplicationShutdownHook]com.alibaba.cloud.nacos.registry.NacosServiceRegistry.deregister:110 -De-registration finished.
2022-12-20 12:40:45.651 WARN  [SpringApplicationShutdownHook]o.s.beans.factory.support.DisposableBeanAdapter.invokeCustomDestroyMethod:329 -Custom destroy method 'close' on bean with name 'nacosServiceRegistry' threw an exception: java.lang.NullPointerException
2022-12-20 12:40:45.663 INFO  [SpringApplicationShutdownHook]com.zaxxer.hikari.HikariDataSource.close:350 -HikariPool-1 - Shutdown initiated...
2022-12-20 12:40:45.668 INFO  [SpringApplicationShutdownHook]com.zaxxer.hikari.HikariDataSource.close:352 -HikariPool-1 - Shutdown completed.
2022-12-20 23:44:26.608 INFO  [main]com.knowledge.auth.AuthServerApplication.logStartupProfileInfo:634 -No active profile set, falling back to 1 default profile: "default"
2022-12-20 23:44:27.582 INFO  [main]o.s.d.repository.config.RepositoryConfigurationDelegate.multipleStoresDetected:262 -Multiple Spring Data modules found, entering strict repository configuration mode!
2022-12-20 23:44:27.584 INFO  [main]o.s.d.repository.config.RepositoryConfigurationDelegate.registerRepositoriesIn:132 -Bootstrapping Spring Data Redis repositories in DEFAULT mode.
2022-12-20 23:44:27.599 INFO  [main]o.s.d.repository.config.RepositoryConfigurationDelegate.registerRepositoriesIn:201 -Finished Spring Data repository scanning in 5 ms. Found 0 Redis repository interfaces.
2022-12-20 23:44:27.789 INFO  [main]org.springframework.cloud.context.scope.GenericScope.setSerializationId:283 -BeanFactory id=4ef3392f-c41c-30c0-91e3-2153928a3d96
2022-12-20 23:44:28.118 INFO  [main]o.s.boot.web.embedded.tomcat.TomcatWebServer.initialize:108 -Tomcat initialized with port(s): 8002 (http)
2022-12-20 23:44:28.123 INFO  [main]org.apache.coyote.http11.Http11NioProtocol.log:173 -Initializing ProtocolHandler ["http-nio-8002"]
2022-12-20 23:44:28.123 INFO  [main]org.apache.catalina.core.StandardService.log:173 -Starting service [Tomcat]
2022-12-20 23:44:28.123 INFO  [main]org.apache.catalina.core.StandardEngine.log:173 -Starting Servlet engine: [Apache Tomcat/9.0.63]
2022-12-20 23:44:28.186 INFO  [main]o.a.catalina.core.ContainerBase.[Tomcat].[localhost].[/].log:173 -Initializing Spring embedded WebApplicationContext
2022-12-20 23:44:28.186 INFO  [main]o.s.b.w.s.context.ServletWebServerApplicationContext.prepareWebApplicationContext:292 -Root WebApplicationContext: initialization completed in 1564 ms
2022-12-20 23:44:28.458 INFO  [main]o.springframework.cloud.openfeign.FeignClientFactoryBean.getTarget:418 -For 'coder-user' URL not provided. Will try picking an instance via load-balancing.
2022-12-20 23:44:29.144 INFO  [main]o.s.security.web.DefaultSecurityFilterChain.<init>:55 -Will secure Or [Ant [pattern='/oauth/token'], Ant [pattern='/oauth/token_key'], Ant [pattern='/oauth/check_token']] with [org.springframework.security.web.session.DisableEncodeUrlFilter@6cdbe5ec, org.springframework.security.web.context.request.async.WebAsyncManagerIntegrationFilter@14b8a751, org.springframework.security.web.context.SecurityContextPersistenceFilter@1a88c4f5, org.springframework.security.web.header.HeaderWriterFilter@3ace6346, org.springframework.security.web.authentication.logout.LogoutFilter@5d9d2119, org.springframework.security.web.authentication.www.BasicAuthenticationFilter@7772d266, org.springframework.security.web.savedrequest.RequestCacheAwareFilter@1144a02b, org.springframework.security.web.servletapi.SecurityContextHolderAwareRequestFilter@33d230ce, org.springframework.security.web.authentication.AnonymousAuthenticationFilter@7345f97d, org.springframework.security.web.session.SessionManagementFilter@6c5ca0b6, org.springframework.security.web.access.ExceptionTranslationFilter@7ac48f05, org.springframework.security.web.access.intercept.FilterSecurityInterceptor@28989415]
2022-12-20 23:44:29.146 INFO  [main]o.s.security.web.DefaultSecurityFilterChain.<init>:55 -Will secure any request with [org.springframework.security.web.session.DisableEncodeUrlFilter@177ede17, org.springframework.security.web.context.request.async.WebAsyncManagerIntegrationFilter@17176b18, org.springframework.security.web.context.SecurityContextPersistenceFilter@4bf4680c, org.springframework.security.web.header.HeaderWriterFilter@6615237, org.springframework.security.web.authentication.logout.LogoutFilter@7b3cbe6e, org.springframework.security.web.savedrequest.RequestCacheAwareFilter@6d6039df, org.springframework.security.web.servletapi.SecurityContextHolderAwareRequestFilter@611c3eae, org.springframework.security.web.authentication.AnonymousAuthenticationFilter@4e4395c, org.springframework.security.web.session.SessionManagementFilter@eaf8427, org.springframework.security.web.access.ExceptionTranslationFilter@24a04257]
2022-12-20 23:44:29.965 WARN  [main]o.s.c.l.c.LoadBalancerCacheAutoConfiguration$LoadBalancerCaffeineWarnLogger.logWarning:82 -Spring Cloud LoadBalancer is currently working with the default cache. While this cache implementation is useful for development and tests, it's recommended to use Caffeine cache in production.You can switch to using Caffeine cache, by adding it and org.springframework.cache.caffeine.CaffeineCacheManager to the classpath.
2022-12-20 23:44:29.967 WARN  [main]o.s.c.s.oauth2.SpringCloudSecurityAutoConfiguration.<init>:38 -All Spring Cloud Security modules and starters are deprecated. They will be moved to individual projects in the next major release.
2022-12-20 23:44:29.970 INFO  [main]o.s.boot.actuate.endpoint.web.EndpointLinksResolver.<init>:58 -Exposing 1 endpoint(s) beneath base path '/actuator'
2022-12-20 23:44:30.164 INFO  [main]org.apache.coyote.http11.Http11NioProtocol.log:173 -Starting ProtocolHandler ["http-nio-8002"]
2022-12-20 23:44:30.183 INFO  [main]o.s.boot.web.embedded.tomcat.TomcatWebServer.start:220 -Tomcat started on port(s): 8002 (http) with context path ''
2022-12-20 23:44:30.272 INFO  [main]com.alibaba.cloud.nacos.registry.NacosServiceRegistry.register:75 -nacos registry, DEFAULT_GROUP coder-auth 192.168.0.103:8002 register finished
2022-12-20 23:44:30.301 INFO  [main]com.knowledge.auth.AuthServerApplication.logStarted:61 -Started AuthServerApplication in 4.645 seconds (JVM running for 5.126)
2022-12-20 23:44:30.725 INFO  [RMI TCP Connection(1)-127.0.0.1]o.a.catalina.core.ContainerBase.[Tomcat].[localhost].[/].log:173 -Initializing Spring DispatcherServlet 'dispatcherServlet'
2022-12-20 23:44:30.725 INFO  [RMI TCP Connection(1)-127.0.0.1]org.springframework.web.servlet.DispatcherServlet.initServletBean:525 -Initializing Servlet 'dispatcherServlet'
2022-12-20 23:44:30.729 INFO  [RMI TCP Connection(1)-127.0.0.1]org.springframework.web.servlet.DispatcherServlet.initServletBean:547 -Completed initialization in 3 ms
2022-12-20 23:44:31.155 INFO  [RMI TCP Connection(2)-127.0.0.1]com.zaxxer.hikari.HikariDataSource.getConnection:110 -HikariPool-1 - Starting...
2022-12-20 23:44:32.201 INFO  [RMI TCP Connection(2)-127.0.0.1]com.zaxxer.hikari.HikariDataSource.getConnection:123 -HikariPool-1 - Start completed.
2022-12-20 23:51:59.624 WARN  [Thread-19]com.alibaba.nacos.common.notify.NotifyCenter.shutdown:145 -[NotifyCenter] Start destroying Publisher
2022-12-20 23:51:59.624 WARN  [Thread-12]com.alibaba.nacos.common.http.HttpClientBeanHolder.shutdown:108 -[HttpClientBeanHolder] Start destroying common HttpClient
2022-12-20 23:51:59.625 WARN  [Thread-19]com.alibaba.nacos.common.notify.NotifyCenter.shutdown:162 -[NotifyCenter] Destruction of the end
2022-12-20 23:51:59.625 WARN  [Thread-12]com.alibaba.nacos.common.http.HttpClientBeanHolder.shutdown:114 -[HttpClientBeanHolder] Destruction of the end
2022-12-20 23:51:59.639 INFO  [SpringApplicationShutdownHook]com.alibaba.cloud.nacos.registry.NacosServiceRegistry.deregister:90 -De-registering from Nacos Server now...
2022-12-20 23:51:59.703 INFO  [SpringApplicationShutdownHook]com.alibaba.cloud.nacos.registry.NacosServiceRegistry.deregister:110 -De-registration finished.
2022-12-20 23:52:08.749 WARN  [SpringApplicationShutdownHook]o.s.beans.factory.support.DisposableBeanAdapter.invokeCustomDestroyMethod:329 -Custom destroy method 'close' on bean with name 'nacosServiceRegistry' threw an exception: java.lang.NullPointerException
2022-12-20 23:52:08.764 INFO  [SpringApplicationShutdownHook]com.zaxxer.hikari.HikariDataSource.close:350 -HikariPool-1 - Shutdown initiated...
2022-12-20 23:52:08.777 INFO  [SpringApplicationShutdownHook]com.zaxxer.hikari.HikariDataSource.close:352 -HikariPool-1 - Shutdown completed.
2022-12-20 23:52:13.138 INFO  [main]com.knowledge.auth.AuthServerApplication.logStartupProfileInfo:634 -No active profile set, falling back to 1 default profile: "default"
2022-12-20 23:52:14.032 INFO  [main]o.s.d.repository.config.RepositoryConfigurationDelegate.multipleStoresDetected:262 -Multiple Spring Data modules found, entering strict repository configuration mode!
2022-12-20 23:52:14.036 INFO  [main]o.s.d.repository.config.RepositoryConfigurationDelegate.registerRepositoriesIn:132 -Bootstrapping Spring Data Redis repositories in DEFAULT mode.
2022-12-20 23:52:14.069 INFO  [main]o.s.d.repository.config.RepositoryConfigurationDelegate.registerRepositoriesIn:201 -Finished Spring Data repository scanning in 10 ms. Found 0 Redis repository interfaces.
2022-12-20 23:52:14.390 INFO  [main]org.springframework.cloud.context.scope.GenericScope.setSerializationId:283 -BeanFactory id=4ef3392f-c41c-30c0-91e3-2153928a3d96
2022-12-20 23:52:14.680 INFO  [main]o.s.boot.web.embedded.tomcat.TomcatWebServer.initialize:108 -Tomcat initialized with port(s): 8002 (http)
2022-12-20 23:52:14.686 INFO  [main]org.apache.coyote.http11.Http11NioProtocol.log:173 -Initializing ProtocolHandler ["http-nio-8002"]
2022-12-20 23:52:14.686 INFO  [main]org.apache.catalina.core.StandardService.log:173 -Starting service [Tomcat]
2022-12-20 23:52:14.686 INFO  [main]org.apache.catalina.core.StandardEngine.log:173 -Starting Servlet engine: [Apache Tomcat/9.0.63]
2022-12-20 23:52:14.741 INFO  [main]o.a.catalina.core.ContainerBase.[Tomcat].[localhost].[/].log:173 -Initializing Spring embedded WebApplicationContext
2022-12-20 23:52:14.741 INFO  [main]o.s.b.w.s.context.ServletWebServerApplicationContext.prepareWebApplicationContext:292 -Root WebApplicationContext: initialization completed in 1577 ms
2022-12-20 23:52:14.970 INFO  [main]o.springframework.cloud.openfeign.FeignClientFactoryBean.getTarget:418 -For 'coder-user' URL not provided. Will try picking an instance via load-balancing.
2022-12-20 23:52:15.636 INFO  [main]o.s.security.web.DefaultSecurityFilterChain.<init>:55 -Will secure Or [Ant [pattern='/oauth/token'], Ant [pattern='/oauth/token_key'], Ant [pattern='/oauth/check_token']] with [org.springframework.security.web.session.DisableEncodeUrlFilter@2ee92e7d, org.springframework.security.web.context.request.async.WebAsyncManagerIntegrationFilter@759a678a, org.springframework.security.web.context.SecurityContextPersistenceFilter@6c5ca0b6, org.springframework.security.web.header.HeaderWriterFilter@27ffd9f8, org.springframework.security.web.authentication.logout.LogoutFilter@2eb1c615, org.springframework.security.web.authentication.www.BasicAuthenticationFilter@733f1395, org.springframework.security.web.savedrequest.RequestCacheAwareFilter@1a88c4f5, org.springframework.security.web.servletapi.SecurityContextHolderAwareRequestFilter@7159d601, org.springframework.security.web.authentication.AnonymousAuthenticationFilter@6cdbe5ec, org.springframework.security.web.session.SessionManagementFilter@49cc9b2a, org.springframework.security.web.access.ExceptionTranslationFilter@33bdd01, org.springframework.security.web.access.intercept.FilterSecurityInterceptor@6c8f4bc7]
2022-12-20 23:52:15.638 INFO  [main]o.s.security.web.DefaultSecurityFilterChain.<init>:55 -Will secure any request with [org.springframework.security.web.session.DisableEncodeUrlFilter@13e00016, org.springframework.security.web.context.request.async.WebAsyncManagerIntegrationFilter@7b3cbe6e, org.springframework.security.web.context.SecurityContextPersistenceFilter@6615237, org.springframework.security.web.header.HeaderWriterFilter@55421b8d, org.springframework.security.web.authentication.logout.LogoutFilter@611c3eae, org.springframework.security.web.savedrequest.RequestCacheAwareFilter@eaf8427, org.springframework.security.web.servletapi.SecurityContextHolderAwareRequestFilter@4bf4680c, org.springframework.security.web.authentication.AnonymousAuthenticationFilter@177ede17, org.springframework.security.web.session.SessionManagementFilter@24a04257, org.springframework.security.web.access.ExceptionTranslationFilter@2b44605c]
2022-12-20 23:52:16.464 WARN  [main]o.s.c.l.c.LoadBalancerCacheAutoConfiguration$LoadBalancerCaffeineWarnLogger.logWarning:82 -Spring Cloud LoadBalancer is currently working with the default cache. While this cache implementation is useful for development and tests, it's recommended to use Caffeine cache in production.You can switch to using Caffeine cache, by adding it and org.springframework.cache.caffeine.CaffeineCacheManager to the classpath.
2022-12-20 23:52:16.465 WARN  [main]o.s.c.s.oauth2.SpringCloudSecurityAutoConfiguration.<init>:38 -All Spring Cloud Security modules and starters are deprecated. They will be moved to individual projects in the next major release.
2022-12-20 23:52:16.467 INFO  [main]o.s.boot.actuate.endpoint.web.EndpointLinksResolver.<init>:58 -Exposing 1 endpoint(s) beneath base path '/actuator'
2022-12-20 23:52:16.632 INFO  [main]org.apache.coyote.http11.Http11NioProtocol.log:173 -Starting ProtocolHandler ["http-nio-8002"]
2022-12-20 23:52:16.644 INFO  [main]o.s.boot.web.embedded.tomcat.TomcatWebServer.start:220 -Tomcat started on port(s): 8002 (http) with context path ''
2022-12-20 23:52:16.964 INFO  [main]com.alibaba.cloud.nacos.registry.NacosServiceRegistry.register:75 -nacos registry, DEFAULT_GROUP coder-auth 192.168.0.103:8002 register finished
2022-12-20 23:52:16.978 INFO  [main]com.knowledge.auth.AuthServerApplication.logStarted:61 -Started AuthServerApplication in 4.721 seconds (JVM running for 5.253)
2022-12-20 23:52:17.583 INFO  [RMI TCP Connection(4)-127.0.0.1]o.a.catalina.core.ContainerBase.[Tomcat].[localhost].[/].log:173 -Initializing Spring DispatcherServlet 'dispatcherServlet'
2022-12-20 23:52:17.584 INFO  [RMI TCP Connection(4)-127.0.0.1]org.springframework.web.servlet.DispatcherServlet.initServletBean:525 -Initializing Servlet 'dispatcherServlet'
2022-12-20 23:52:17.586 INFO  [RMI TCP Connection(4)-127.0.0.1]org.springframework.web.servlet.DispatcherServlet.initServletBean:547 -Completed initialization in 2 ms
2022-12-20 23:52:17.699 INFO  [RMI TCP Connection(5)-127.0.0.1]com.zaxxer.hikari.HikariDataSource.getConnection:110 -HikariPool-1 - Starting...
2022-12-20 23:52:18.337 INFO  [RMI TCP Connection(5)-127.0.0.1]com.zaxxer.hikari.HikariDataSource.getConnection:123 -HikariPool-1 - Start completed.
2022-12-20 23:58:29.728 WARN  [Thread-19]com.alibaba.nacos.common.notify.NotifyCenter.shutdown:145 -[NotifyCenter] Start destroying Publisher
2022-12-20 23:58:29.729 WARN  [Thread-12]com.alibaba.nacos.common.http.HttpClientBeanHolder.shutdown:108 -[HttpClientBeanHolder] Start destroying common HttpClient
2022-12-20 23:58:29.730 WARN  [Thread-19]com.alibaba.nacos.common.notify.NotifyCenter.shutdown:162 -[NotifyCenter] Destruction of the end
2022-12-20 23:58:29.731 WARN  [Thread-12]com.alibaba.nacos.common.http.HttpClientBeanHolder.shutdown:114 -[HttpClientBeanHolder] Destruction of the end
2022-12-20 23:58:29.745 INFO  [SpringApplicationShutdownHook]com.alibaba.cloud.nacos.registry.NacosServiceRegistry.deregister:90 -De-registering from Nacos Server now...
2022-12-20 23:58:29.822 INFO  [SpringApplicationShutdownHook]com.alibaba.cloud.nacos.registry.NacosServiceRegistry.deregister:110 -De-registration finished.
2022-12-20 23:58:38.852 WARN  [SpringApplicationShutdownHook]o.s.beans.factory.support.DisposableBeanAdapter.invokeCustomDestroyMethod:329 -Custom destroy method 'close' on bean with name 'nacosServiceRegistry' threw an exception: java.lang.NullPointerException
2022-12-20 23:58:38.861 INFO  [SpringApplicationShutdownHook]com.zaxxer.hikari.HikariDataSource.close:350 -HikariPool-1 - Shutdown initiated...
2022-12-20 23:58:38.872 INFO  [SpringApplicationShutdownHook]com.zaxxer.hikari.HikariDataSource.close:352 -HikariPool-1 - Shutdown completed.
2022-12-20 23:58:44.706 INFO  [main]com.knowledge.auth.AuthServerApplication.logStartupProfileInfo:634 -No active profile set, falling back to 1 default profile: "default"
2022-12-20 23:58:45.445 INFO  [main]o.s.d.repository.config.RepositoryConfigurationDelegate.multipleStoresDetected:262 -Multiple Spring Data modules found, entering strict repository configuration mode!
2022-12-20 23:58:45.447 INFO  [main]o.s.d.repository.config.RepositoryConfigurationDelegate.registerRepositoriesIn:132 -Bootstrapping Spring Data Redis repositories in DEFAULT mode.
2022-12-20 23:58:45.465 INFO  [main]o.s.d.repository.config.RepositoryConfigurationDelegate.registerRepositoriesIn:201 -Finished Spring Data repository scanning in 7 ms. Found 0 Redis repository interfaces.
2022-12-20 23:58:45.674 INFO  [main]org.springframework.cloud.context.scope.GenericScope.setSerializationId:283 -BeanFactory id=4ef3392f-c41c-30c0-91e3-2153928a3d96
2022-12-20 23:58:46.100 INFO  [main]o.s.boot.web.embedded.tomcat.TomcatWebServer.initialize:108 -Tomcat initialized with port(s): 8002 (http)
2022-12-20 23:58:46.106 INFO  [main]org.apache.coyote.http11.Http11NioProtocol.log:173 -Initializing ProtocolHandler ["http-nio-8002"]
2022-12-20 23:58:46.107 INFO  [main]org.apache.catalina.core.StandardService.log:173 -Starting service [Tomcat]
2022-12-20 23:58:46.107 INFO  [main]org.apache.catalina.core.StandardEngine.log:173 -Starting Servlet engine: [Apache Tomcat/9.0.63]
2022-12-20 23:58:46.217 INFO  [main]o.a.catalina.core.ContainerBase.[Tomcat].[localhost].[/].log:173 -Initializing Spring embedded WebApplicationContext
2022-12-20 23:58:46.217 INFO  [main]o.s.b.w.s.context.ServletWebServerApplicationContext.prepareWebApplicationContext:292 -Root WebApplicationContext: initialization completed in 1499 ms
2022-12-20 23:58:46.549 INFO  [main]o.springframework.cloud.openfeign.FeignClientFactoryBean.getTarget:418 -For 'coder-user' URL not provided. Will try picking an instance via load-balancing.
2022-12-20 23:58:47.212 INFO  [main]o.s.security.web.DefaultSecurityFilterChain.<init>:55 -Will secure Or [Ant [pattern='/oauth/token'], Ant [pattern='/oauth/token_key'], Ant [pattern='/oauth/check_token']] with [org.springframework.security.web.session.DisableEncodeUrlFilter@21dea711, org.springframework.security.web.context.request.async.WebAsyncManagerIntegrationFilter@7772d266, org.springframework.security.web.context.SecurityContextPersistenceFilter@17216605, org.springframework.security.web.header.HeaderWriterFilter@21d9cd04, org.springframework.security.web.authentication.logout.LogoutFilter@29bd85db, org.springframework.security.web.authentication.www.BasicAuthenticationFilter@7282af25, org.springframework.security.web.savedrequest.RequestCacheAwareFilter@59b492ec, org.springframework.security.web.servletapi.SecurityContextHolderAwareRequestFilter@1a88c4f5, org.springframework.security.web.authentication.AnonymousAuthenticationFilter@a21c74, org.springframework.security.web.session.SessionManagementFilter@3ace6346, org.springframework.security.web.access.ExceptionTranslationFilter@514377fc, org.springframework.security.web.access.intercept.FilterSecurityInterceptor@2094bf3d]
2022-12-20 23:58:47.214 INFO  [main]o.s.security.web.DefaultSecurityFilterChain.<init>:55 -Will secure any request with [org.springframework.security.web.session.DisableEncodeUrlFilter@24a04257, org.springframework.security.web.context.request.async.WebAsyncManagerIntegrationFilter@6615237, org.springframework.security.web.context.SecurityContextPersistenceFilter@150d6eaf, org.springframework.security.web.header.HeaderWriterFilter@3751acd7, org.springframework.security.web.authentication.logout.LogoutFilter@55421b8d, org.springframework.security.web.savedrequest.RequestCacheAwareFilter@63124022, org.springframework.security.web.servletapi.SecurityContextHolderAwareRequestFilter@591f6f83, org.springframework.security.web.authentication.AnonymousAuthenticationFilter@eaf8427, org.springframework.security.web.session.SessionManagementFilter@6b832551, org.springframework.security.web.access.ExceptionTranslationFilter@66020d69]
2022-12-20 23:58:47.836 WARN  [main]o.s.c.l.c.LoadBalancerCacheAutoConfiguration$LoadBalancerCaffeineWarnLogger.logWarning:82 -Spring Cloud LoadBalancer is currently working with the default cache. While this cache implementation is useful for development and tests, it's recommended to use Caffeine cache in production.You can switch to using Caffeine cache, by adding it and org.springframework.cache.caffeine.CaffeineCacheManager to the classpath.
2022-12-20 23:58:47.837 WARN  [main]o.s.c.s.oauth2.SpringCloudSecurityAutoConfiguration.<init>:38 -All Spring Cloud Security modules and starters are deprecated. They will be moved to individual projects in the next major release.
2022-12-20 23:58:47.840 INFO  [main]o.s.boot.actuate.endpoint.web.EndpointLinksResolver.<init>:58 -Exposing 1 endpoint(s) beneath base path '/actuator'
2022-12-20 23:58:48.000 INFO  [main]org.apache.coyote.http11.Http11NioProtocol.log:173 -Starting ProtocolHandler ["http-nio-8002"]
2022-12-20 23:58:48.012 INFO  [main]o.s.boot.web.embedded.tomcat.TomcatWebServer.start:220 -Tomcat started on port(s): 8002 (http) with context path ''
2022-12-20 23:58:48.096 INFO  [main]com.alibaba.cloud.nacos.registry.NacosServiceRegistry.register:75 -nacos registry, DEFAULT_GROUP coder-auth 192.168.0.103:8002 register finished
2022-12-20 23:58:48.114 INFO  [main]com.knowledge.auth.AuthServerApplication.logStarted:61 -Started AuthServerApplication in 4.1 seconds (JVM running for 4.381)
2022-12-20 23:58:48.552 INFO  [RMI TCP Connection(2)-127.0.0.1]o.a.catalina.core.ContainerBase.[Tomcat].[localhost].[/].log:173 -Initializing Spring DispatcherServlet 'dispatcherServlet'
2022-12-20 23:58:48.553 INFO  [RMI TCP Connection(2)-127.0.0.1]org.springframework.web.servlet.DispatcherServlet.initServletBean:525 -Initializing Servlet 'dispatcherServlet'
2022-12-20 23:58:48.554 INFO  [RMI TCP Connection(2)-127.0.0.1]org.springframework.web.servlet.DispatcherServlet.initServletBean:547 -Completed initialization in 1 ms
2022-12-20 23:58:48.589 INFO  [RMI TCP Connection(1)-127.0.0.1]com.zaxxer.hikari.HikariDataSource.getConnection:110 -HikariPool-1 - Starting...
2022-12-20 23:58:49.266 INFO  [RMI TCP Connection(1)-127.0.0.1]com.zaxxer.hikari.HikariDataSource.getConnection:123 -HikariPool-1 - Start completed.
