2022-12-22 00:04:38.296 WARN  [HikariPool-1 housekeeper]com.zaxxer.hikari.pool.HikariPool.run:788 -HikariPool-1 - Thread starvation or clock leap detected (housekeeper delta=5m28s968ms).
2022-12-22 00:10:36.554 WARN  [HikariPool-1 housekeeper]com.zaxxer.hikari.pool.HikariPool.run:788 -HikariPool-1 - Thread starvation or clock leap detected (housekeeper delta=5m28s242ms).
2022-12-22 00:16:34.567 WARN  [HikariPool-1 housekeeper]com.zaxxer.hikari.pool.HikariPool.run:788 -HikariPool-1 - Thread starvation or clock leap detected (housekeeper delta=5m28s9ms).
2022-12-22 00:23:03.501 WARN  [HikariPool-1 housekeeper]com.zaxxer.hikari.pool.HikariPool.run:788 -HikariPool-1 - Thread starvation or clock leap detected (housekeeper delta=5m28s921ms).
2022-12-22 00:29:01.598 WARN  [HikariPool-1 housekeeper]com.zaxxer.hikari.pool.HikariPool.run:788 -HikariPool-1 - Thread starvation or clock leap detected (housekeeper delta=5m28s85ms).
2022-12-22 00:34:29.602 WARN  [HikariPool-1 housekeeper]com.zaxxer.hikari.pool.HikariPool.run:788 -HikariPool-1 - Thread starvation or clock leap detected (housekeeper delta=5m28s3ms).
2022-12-22 00:40:28.416 WARN  [HikariPool-1 housekeeper]com.zaxxer.hikari.pool.HikariPool.run:788 -HikariPool-1 - Thread starvation or clock leap detected (housekeeper delta=5m28s815ms).
2022-12-22 00:46:27.219 WARN  [HikariPool-1 housekeeper]com.zaxxer.hikari.pool.HikariPool.run:788 -HikariPool-1 - Thread starvation or clock leap detected (housekeeper delta=5m28s798ms).
2022-12-22 00:56:55.980 WARN  [HikariPool-1 housekeeper]com.zaxxer.hikari.pool.HikariPool.run:788 -HikariPool-1 - Thread starvation or clock leap detected (housekeeper delta=5m28s704ms).
2022-12-22 01:02:54.069 WARN  [HikariPool-1 housekeeper]com.zaxxer.hikari.pool.HikariPool.run:788 -HikariPool-1 - Thread starvation or clock leap detected (housekeeper delta=5m28s75ms).
2022-12-22 01:08:22.859 WARN  [HikariPool-1 housekeeper]com.zaxxer.hikari.pool.HikariPool.run:788 -HikariPool-1 - Thread starvation or clock leap detected (housekeeper delta=5m28s790ms).
2022-12-22 01:14:20.930 WARN  [HikariPool-1 housekeeper]com.zaxxer.hikari.pool.HikariPool.run:788 -HikariPool-1 - Thread starvation or clock leap detected (housekeeper delta=5m28s58ms).
2022-12-22 01:20:19.737 WARN  [HikariPool-1 housekeeper]com.zaxxer.hikari.pool.HikariPool.run:788 -HikariPool-1 - Thread starvation or clock leap detected (housekeeper delta=5m28s799ms).
2022-12-22 01:25:47.704 WARN  [HikariPool-1 housekeeper]com.zaxxer.hikari.pool.HikariPool.run:788 -HikariPool-1 - Thread starvation or clock leap detected (housekeeper delta=5m27s967ms).
2022-12-22 01:27:12.651 WARN  [HikariPool-1 housekeeper]com.zaxxer.hikari.pool.HikariPool.run:788 -HikariPool-1 - Thread starvation or clock leap detected (housekeeper delta=54s938ms).
2022-12-22 01:34:42.860 WARN  [HikariPool-1 housekeeper]com.zaxxer.hikari.pool.HikariPool.run:788 -HikariPool-1 - Thread starvation or clock leap detected (housekeeper delta=5m28s177ms).
2022-12-22 01:40:40.744 WARN  [HikariPool-1 housekeeper]com.zaxxer.hikari.pool.HikariPool.run:788 -HikariPool-1 - Thread starvation or clock leap detected (housekeeper delta=5m27s868ms).
2022-12-22 01:46:38.843 WARN  [HikariPool-1 housekeeper]com.zaxxer.hikari.pool.HikariPool.run:788 -HikariPool-1 - Thread starvation or clock leap detected (housekeeper delta=5m28s88ms).
2022-12-22 01:52:06.732 WARN  [HikariPool-1 housekeeper]com.zaxxer.hikari.pool.HikariPool.run:788 -HikariPool-1 - Thread starvation or clock leap detected (housekeeper delta=5m27s889ms).
2022-12-22 01:58:04.778 WARN  [HikariPool-1 housekeeper]com.zaxxer.hikari.pool.HikariPool.run:788 -HikariPool-1 - Thread starvation or clock leap detected (housekeeper delta=5m28s35ms).
2022-12-22 02:03:32.828 WARN  [HikariPool-1 housekeeper]com.zaxxer.hikari.pool.HikariPool.run:788 -HikariPool-1 - Thread starvation or clock leap detected (housekeeper delta=5m28s51ms).
2022-12-22 02:09:30.749 WARN  [HikariPool-1 housekeeper]com.zaxxer.hikari.pool.HikariPool.run:788 -HikariPool-1 - Thread starvation or clock leap detected (housekeeper delta=5m27s911ms).
2022-12-22 02:14:58.683 WARN  [HikariPool-1 housekeeper]com.zaxxer.hikari.pool.HikariPool.run:788 -HikariPool-1 - Thread starvation or clock leap detected (housekeeper delta=5m27s934ms).
2022-12-22 02:20:56.796 WARN  [HikariPool-1 housekeeper]com.zaxxer.hikari.pool.HikariPool.run:788 -HikariPool-1 - Thread starvation or clock leap detected (housekeeper delta=5m28s105ms).
2022-12-22 02:26:54.709 WARN  [HikariPool-1 housekeeper]com.zaxxer.hikari.pool.HikariPool.run:788 -HikariPool-1 - Thread starvation or clock leap detected (housekeeper delta=5m27s908ms).
2022-12-22 02:32:22.620 WARN  [HikariPool-1 housekeeper]com.zaxxer.hikari.pool.HikariPool.run:788 -HikariPool-1 - Thread starvation or clock leap detected (housekeeper delta=5m27s911ms).
2022-12-22 02:38:20.526 WARN  [HikariPool-1 housekeeper]com.zaxxer.hikari.pool.HikariPool.run:788 -HikariPool-1 - Thread starvation or clock leap detected (housekeeper delta=5m27s936ms).
2022-12-22 02:44:18.452 WARN  [HikariPool-1 housekeeper]com.zaxxer.hikari.pool.HikariPool.run:788 -HikariPool-1 - Thread starvation or clock leap detected (housekeeper delta=5m27s922ms).
2022-12-22 02:50:16.220 WARN  [HikariPool-1 housekeeper]com.zaxxer.hikari.pool.HikariPool.run:788 -HikariPool-1 - Thread starvation or clock leap detected (housekeeper delta=5m27s756ms).
2022-12-22 02:55:44.288 WARN  [HikariPool-1 housekeeper]com.zaxxer.hikari.pool.HikariPool.run:788 -HikariPool-1 - Thread starvation or clock leap detected (housekeeper delta=5m28s67ms).
2022-12-22 03:01:42.258 WARN  [HikariPool-1 housekeeper]com.zaxxer.hikari.pool.HikariPool.run:788 -HikariPool-1 - Thread starvation or clock leap detected (housekeeper delta=5m27s974ms).
2022-12-22 03:07:10.224 WARN  [HikariPool-1 housekeeper]com.zaxxer.hikari.pool.HikariPool.run:788 -HikariPool-1 - Thread starvation or clock leap detected (housekeeper delta=5m27s966ms).
2022-12-22 03:08:35.145 WARN  [HikariPool-1 housekeeper]com.zaxxer.hikari.pool.HikariPool.run:788 -HikariPool-1 - Thread starvation or clock leap detected (housekeeper delta=54s936ms).
2022-12-22 03:14:33.027 WARN  [HikariPool-1 housekeeper]com.zaxxer.hikari.pool.HikariPool.run:788 -HikariPool-1 - Thread starvation or clock leap detected (housekeeper delta=5m27s876ms).
2022-12-22 03:20:31.113 WARN  [HikariPool-1 housekeeper]com.zaxxer.hikari.pool.HikariPool.run:788 -HikariPool-1 - Thread starvation or clock leap detected (housekeeper delta=5m28s80ms).
2022-12-22 03:25:59.043 WARN  [HikariPool-1 housekeeper]com.zaxxer.hikari.pool.HikariPool.run:788 -HikariPool-1 - Thread starvation or clock leap detected (housekeeper delta=5m27s930ms).
2022-12-22 03:31:57.117 WARN  [HikariPool-1 housekeeper]com.zaxxer.hikari.pool.HikariPool.run:788 -HikariPool-1 - Thread starvation or clock leap detected (housekeeper delta=5m28s68ms).
2022-12-22 03:37:25.095 WARN  [HikariPool-1 housekeeper]com.zaxxer.hikari.pool.HikariPool.run:788 -HikariPool-1 - Thread starvation or clock leap detected (housekeeper delta=5m27s978ms).
2022-12-22 03:43:23.228 WARN  [HikariPool-1 housekeeper]com.zaxxer.hikari.pool.HikariPool.run:788 -HikariPool-1 - Thread starvation or clock leap detected (housekeeper delta=5m28s47ms).
2022-12-22 03:49:21.049 WARN  [HikariPool-1 housekeeper]com.zaxxer.hikari.pool.HikariPool.run:788 -HikariPool-1 - Thread starvation or clock leap detected (housekeeper delta=5m27s813ms).
2022-12-22 03:54:49.079 WARN  [HikariPool-1 housekeeper]com.zaxxer.hikari.pool.HikariPool.run:788 -HikariPool-1 - Thread starvation or clock leap detected (housekeeper delta=5m28s30ms).
2022-12-22 04:00:47.061 WARN  [HikariPool-1 housekeeper]com.zaxxer.hikari.pool.HikariPool.run:788 -HikariPool-1 - Thread starvation or clock leap detected (housekeeper delta=5m27s912ms).
2022-12-22 04:06:45.124 WARN  [HikariPool-1 housekeeper]com.zaxxer.hikari.pool.HikariPool.run:788 -HikariPool-1 - Thread starvation or clock leap detected (housekeeper delta=5m28s53ms).
2022-12-22 04:12:13.040 WARN  [HikariPool-1 housekeeper]com.zaxxer.hikari.pool.HikariPool.run:788 -HikariPool-1 - Thread starvation or clock leap detected (housekeeper delta=5m27s916ms).
2022-12-22 04:18:10.881 WARN  [HikariPool-1 housekeeper]com.zaxxer.hikari.pool.HikariPool.run:788 -HikariPool-1 - Thread starvation or clock leap detected (housekeeper delta=5m27s838ms).
2022-12-22 04:23:38.927 WARN  [HikariPool-1 housekeeper]com.zaxxer.hikari.pool.HikariPool.run:788 -HikariPool-1 - Thread starvation or clock leap detected (housekeeper delta=5m28s45ms).
2022-12-22 04:29:36.895 WARN  [HikariPool-1 housekeeper]com.zaxxer.hikari.pool.HikariPool.run:788 -HikariPool-1 - Thread starvation or clock leap detected (housekeeper delta=5m27s960ms).
2022-12-22 04:35:04.746 WARN  [HikariPool-1 housekeeper]com.zaxxer.hikari.pool.HikariPool.run:788 -HikariPool-1 - Thread starvation or clock leap detected (housekeeper delta=5m27s851ms).
2022-12-22 04:41:03.195 WARN  [HikariPool-1 housekeeper]com.zaxxer.hikari.pool.HikariPool.run:788 -HikariPool-1 - Thread starvation or clock leap detected (housekeeper delta=5m28s449ms).
2022-12-22 04:47:01.067 WARN  [HikariPool-1 housekeeper]com.zaxxer.hikari.pool.HikariPool.run:788 -HikariPool-1 - Thread starvation or clock leap detected (housekeeper delta=5m27s863ms).
2022-12-22 04:52:58.959 WARN  [HikariPool-1 housekeeper]com.zaxxer.hikari.pool.HikariPool.run:788 -HikariPool-1 - Thread starvation or clock leap detected (housekeeper delta=5m27s887ms).
2022-12-22 04:58:27.041 WARN  [HikariPool-1 housekeeper]com.zaxxer.hikari.pool.HikariPool.run:788 -HikariPool-1 - Thread starvation or clock leap detected (housekeeper delta=5m28s82ms).
2022-12-22 05:04:24.966 WARN  [HikariPool-1 housekeeper]com.zaxxer.hikari.pool.HikariPool.run:788 -HikariPool-1 - Thread starvation or clock leap detected (housekeeper delta=5m27s918ms).
2022-12-22 05:09:52.857 WARN  [HikariPool-1 housekeeper]com.zaxxer.hikari.pool.HikariPool.run:788 -HikariPool-1 - Thread starvation or clock leap detected (housekeeper delta=5m27s891ms).
2022-12-22 05:15:50.830 WARN  [HikariPool-1 housekeeper]com.zaxxer.hikari.pool.HikariPool.run:788 -HikariPool-1 - Thread starvation or clock leap detected (housekeeper delta=5m27s984ms).
2022-12-22 05:21:48.779 WARN  [HikariPool-1 housekeeper]com.zaxxer.hikari.pool.HikariPool.run:788 -HikariPool-1 - Thread starvation or clock leap detected (housekeeper delta=5m27s949ms).
2022-12-22 05:27:16.735 WARN  [HikariPool-1 housekeeper]com.zaxxer.hikari.pool.HikariPool.run:788 -HikariPool-1 - Thread starvation or clock leap detected (housekeeper delta=5m27s956ms).
2022-12-22 05:33:14.663 WARN  [HikariPool-1 housekeeper]com.zaxxer.hikari.pool.HikariPool.run:788 -HikariPool-1 - Thread starvation or clock leap detected (housekeeper delta=5m27s924ms).
2022-12-22 05:38:42.775 WARN  [HikariPool-1 housekeeper]com.zaxxer.hikari.pool.HikariPool.run:788 -HikariPool-1 - Thread starvation or clock leap detected (housekeeper delta=5m28s113ms).
2022-12-22 05:44:40.593 WARN  [HikariPool-1 housekeeper]com.zaxxer.hikari.pool.HikariPool.run:788 -HikariPool-1 - Thread starvation or clock leap detected (housekeeper delta=5m27s828ms).
2022-12-22 05:50:38.042 WARN  [HikariPool-1 housekeeper]com.zaxxer.hikari.pool.HikariPool.run:788 -HikariPool-1 - Thread starvation or clock leap detected (housekeeper delta=5m27s437ms).
2022-12-22 05:56:36.035 WARN  [HikariPool-1 housekeeper]com.zaxxer.hikari.pool.HikariPool.run:788 -HikariPool-1 - Thread starvation or clock leap detected (housekeeper delta=5m27s992ms).
2022-12-22 06:02:33.307 WARN  [HikariPool-1 housekeeper]com.zaxxer.hikari.pool.HikariPool.run:788 -HikariPool-1 - Thread starvation or clock leap detected (housekeeper delta=5m27s265ms).
2022-12-22 06:08:02.388 WARN  [HikariPool-1 housekeeper]com.zaxxer.hikari.pool.HikariPool.run:788 -HikariPool-1 - Thread starvation or clock leap detected (housekeeper delta=5m29s81ms).
2022-12-22 06:14:01.419 WARN  [HikariPool-1 housekeeper]com.zaxxer.hikari.pool.HikariPool.run:788 -HikariPool-1 - Thread starvation or clock leap detected (housekeeper delta=5m29s55ms).
2022-12-22 06:15:26.373 WARN  [HikariPool-1 housekeeper]com.zaxxer.hikari.pool.HikariPool.run:788 -HikariPool-1 - Thread starvation or clock leap detected (housekeeper delta=54s950ms).
2022-12-22 06:20:54.331 WARN  [HikariPool-1 housekeeper]com.zaxxer.hikari.pool.HikariPool.run:788 -HikariPool-1 - Thread starvation or clock leap detected (housekeeper delta=5m27s958ms).
2022-12-22 06:26:53.278 WARN  [HikariPool-1 housekeeper]com.zaxxer.hikari.pool.HikariPool.run:788 -HikariPool-1 - Thread starvation or clock leap detected (housekeeper delta=5m28s943ms).
2022-12-22 06:32:22.120 WARN  [HikariPool-1 housekeeper]com.zaxxer.hikari.pool.HikariPool.run:788 -HikariPool-1 - Thread starvation or clock leap detected (housekeeper delta=5m28s842ms).
2022-12-22 06:38:21.188 WARN  [HikariPool-1 housekeeper]com.zaxxer.hikari.pool.HikariPool.run:788 -HikariPool-1 - Thread starvation or clock leap detected (housekeeper delta=5m29s44ms).
2022-12-22 06:43:49.104 WARN  [HikariPool-1 housekeeper]com.zaxxer.hikari.pool.HikariPool.run:788 -HikariPool-1 - Thread starvation or clock leap detected (housekeeper delta=5m27s916ms).
2022-12-22 06:49:46.967 WARN  [HikariPool-1 housekeeper]com.zaxxer.hikari.pool.HikariPool.run:788 -HikariPool-1 - Thread starvation or clock leap detected (housekeeper delta=5m27s854ms).
2022-12-22 06:56:57.048 WARN  [HikariPool-1 housekeeper]com.zaxxer.hikari.pool.HikariPool.run:788 -HikariPool-1 - Thread starvation or clock leap detected (housekeeper delta=5m27s912ms).
2022-12-22 06:57:51.977 WARN  [HikariPool-1 housekeeper]com.zaxxer.hikari.pool.HikariPool.run:788 -HikariPool-1 - Thread starvation or clock leap detected (housekeeper delta=54s929ms).
2022-12-22 07:04:19.409 WARN  [HikariPool-1 housekeeper]com.zaxxer.hikari.pool.HikariPool.run:788 -HikariPool-1 - Thread starvation or clock leap detected (housekeeper delta=5m27s420ms).
2022-12-22 07:10:17.259 WARN  [HikariPool-1 housekeeper]com.zaxxer.hikari.pool.HikariPool.run:788 -HikariPool-1 - Thread starvation or clock leap detected (housekeeper delta=5m27s839ms).
2022-12-22 07:16:15.291 WARN  [HikariPool-1 housekeeper]com.zaxxer.hikari.pool.HikariPool.run:788 -HikariPool-1 - Thread starvation or clock leap detected (housekeeper delta=5m28s28ms).
2022-12-22 07:22:13.238 WARN  [HikariPool-1 housekeeper]com.zaxxer.hikari.pool.HikariPool.run:788 -HikariPool-1 - Thread starvation or clock leap detected (housekeeper delta=5m27s941ms).
2022-12-22 07:28:11.034 WARN  [HikariPool-1 housekeeper]com.zaxxer.hikari.pool.HikariPool.run:788 -HikariPool-1 - Thread starvation or clock leap detected (housekeeper delta=5m27s813ms).
2022-12-22 07:33:39.104 WARN  [HikariPool-1 housekeeper]com.zaxxer.hikari.pool.HikariPool.run:788 -HikariPool-1 - Thread starvation or clock leap detected (housekeeper delta=5m28s70ms).
2022-12-22 07:35:04.026 WARN  [HikariPool-1 housekeeper]com.zaxxer.hikari.pool.HikariPool.run:788 -HikariPool-1 - Thread starvation or clock leap detected (housekeeper delta=54s912ms).
2022-12-22 07:41:02.194 WARN  [HikariPool-1 housekeeper]com.zaxxer.hikari.pool.HikariPool.run:788 -HikariPool-1 - Thread starvation or clock leap detected (housekeeper delta=5m28s162ms).
2022-12-22 07:47:00.014 WARN  [HikariPool-1 housekeeper]com.zaxxer.hikari.pool.HikariPool.run:788 -HikariPool-1 - Thread starvation or clock leap detected (housekeeper delta=5m27s818ms).
2022-12-22 07:52:27.934 WARN  [HikariPool-1 housekeeper]com.zaxxer.hikari.pool.HikariPool.run:788 -HikariPool-1 - Thread starvation or clock leap detected (housekeeper delta=5m27s920ms).
2022-12-22 07:58:26.060 WARN  [HikariPool-1 housekeeper]com.zaxxer.hikari.pool.HikariPool.run:788 -HikariPool-1 - Thread starvation or clock leap detected (housekeeper delta=5m28s118ms).
2022-12-22 08:03:54.059 WARN  [HikariPool-1 housekeeper]com.zaxxer.hikari.pool.HikariPool.run:788 -HikariPool-1 - Thread starvation or clock leap detected (housekeeper delta=5m27s999ms).
2022-12-22 08:09:52.047 WARN  [HikariPool-1 housekeeper]com.zaxxer.hikari.pool.HikariPool.run:788 -HikariPool-1 - Thread starvation or clock leap detected (housekeeper delta=5m27s986ms).
2022-12-22 08:11:16.987 WARN  [HikariPool-1 housekeeper]com.zaxxer.hikari.pool.HikariPool.run:788 -HikariPool-1 - Thread starvation or clock leap detected (housekeeper delta=54s938ms).
2022-12-22 08:16:44.796 WARN  [HikariPool-1 housekeeper]com.zaxxer.hikari.pool.HikariPool.run:788 -HikariPool-1 - Thread starvation or clock leap detected (housekeeper delta=5m27s809ms).
2022-12-22 08:22:42.624 WARN  [HikariPool-1 housekeeper]com.zaxxer.hikari.pool.HikariPool.run:788 -HikariPool-1 - Thread starvation or clock leap detected (housekeeper delta=5m27s841ms).
2022-12-22 08:28:41.627 WARN  [HikariPool-1 housekeeper]com.zaxxer.hikari.pool.HikariPool.run:788 -HikariPool-1 - Thread starvation or clock leap detected (housekeeper delta=5m28s993ms).
2022-12-22 08:34:10.529 WARN  [HikariPool-1 housekeeper]com.zaxxer.hikari.pool.HikariPool.run:788 -HikariPool-1 - Thread starvation or clock leap detected (housekeeper delta=5m28s902ms).
2022-12-22 08:40:09.509 WARN  [HikariPool-1 housekeeper]com.zaxxer.hikari.pool.HikariPool.run:788 -HikariPool-1 - Thread starvation or clock leap detected (housekeeper delta=5m28s971ms).
2022-12-22 08:43:38.135 WARN  [HikariPool-1 housekeeper]com.zaxxer.hikari.pool.HikariPool.run:788 -HikariPool-1 - Thread starvation or clock leap detected (housekeeper delta=2m58s626ms).
2022-12-22 08:44:33.059 WARN  [HikariPool-1 housekeeper]com.zaxxer.hikari.pool.HikariPool.run:788 -HikariPool-1 - Thread starvation or clock leap detected (housekeeper delta=54s924ms).
2022-12-22 08:45:58.002 WARN  [HikariPool-1 housekeeper]com.zaxxer.hikari.pool.HikariPool.run:788 -HikariPool-1 - Thread starvation or clock leap detected (housekeeper delta=54s936ms).
2022-12-22 08:51:26.213 WARN  [HikariPool-1 housekeeper]com.zaxxer.hikari.pool.HikariPool.run:788 -HikariPool-1 - Thread starvation or clock leap detected (housekeeper delta=5m28s211ms).
2022-12-22 08:52:51.145 WARN  [HikariPool-1 housekeeper]com.zaxxer.hikari.pool.HikariPool.run:788 -HikariPool-1 - Thread starvation or clock leap detected (housekeeper delta=54s922ms).
2022-12-22 08:58:50.089 WARN  [HikariPool-1 housekeeper]com.zaxxer.hikari.pool.HikariPool.run:788 -HikariPool-1 - Thread starvation or clock leap detected (housekeeper delta=5m28s942ms).
2022-12-22 09:04:19.024 WARN  [HikariPool-1 housekeeper]com.zaxxer.hikari.pool.HikariPool.run:788 -HikariPool-1 - Thread starvation or clock leap detected (housekeeper delta=5m28s935ms).
2022-12-22 09:10:17.139 WARN  [HikariPool-1 housekeeper]com.zaxxer.hikari.pool.HikariPool.run:788 -HikariPool-1 - Thread starvation or clock leap detected (housekeeper delta=5m28s113ms).
2022-12-22 09:15:46.099 WARN  [HikariPool-1 housekeeper]com.zaxxer.hikari.pool.HikariPool.run:788 -HikariPool-1 - Thread starvation or clock leap detected (housekeeper delta=5m28s960ms).
2022-12-22 09:21:44.960 WARN  [HikariPool-1 housekeeper]com.zaxxer.hikari.pool.HikariPool.run:788 -HikariPool-1 - Thread starvation or clock leap detected (housekeeper delta=5m28s854ms).
2022-12-22 09:23:10.649 WARN  [HikariPool-1 housekeeper]com.zaxxer.hikari.pool.HikariPool.run:788 -HikariPool-1 - Thread starvation or clock leap detected (housekeeper delta=1m25s689ms).
2022-12-22 11:54:24.722 WARN  [HikariPool-1 housekeeper]com.zaxxer.hikari.pool.HikariPool.run:788 -HikariPool-1 - Thread starvation or clock leap detected (housekeeper delta=3m43s122ms).
2022-12-22 15:29:56.823 WARN  [Thread-12]com.alibaba.nacos.common.http.HttpClientBeanHolder.shutdown:108 -[HttpClientBeanHolder] Start destroying common HttpClient
2022-12-22 15:29:56.823 WARN  [Thread-19]com.alibaba.nacos.common.notify.NotifyCenter.shutdown:145 -[NotifyCenter] Start destroying Publisher
2022-12-22 15:29:56.825 WARN  [Thread-19]com.alibaba.nacos.common.notify.NotifyCenter.shutdown:162 -[NotifyCenter] Destruction of the end
2022-12-22 15:29:56.826 WARN  [Thread-12]com.alibaba.nacos.common.http.HttpClientBeanHolder.shutdown:114 -[HttpClientBeanHolder] Destruction of the end
2022-12-22 15:29:56.842 INFO  [SpringApplicationShutdownHook]com.alibaba.cloud.nacos.registry.NacosServiceRegistry.deregister:90 -De-registering from Nacos Server now...
2022-12-22 15:29:56.919 INFO  [SpringApplicationShutdownHook]com.alibaba.cloud.nacos.registry.NacosServiceRegistry.deregister:110 -De-registration finished.
2022-12-22 15:30:03.100 WARN  [SpringApplicationShutdownHook]o.s.beans.factory.support.DisposableBeanAdapter.invokeCustomDestroyMethod:329 -Custom destroy method 'close' on bean with name 'nacosServiceRegistry' threw an exception: java.lang.NullPointerException
2022-12-22 15:30:03.114 INFO  [SpringApplicationShutdownHook]com.zaxxer.hikari.HikariDataSource.close:350 -HikariPool-1 - Shutdown initiated...
2022-12-22 15:30:03.121 INFO  [SpringApplicationShutdownHook]com.zaxxer.hikari.HikariDataSource.close:352 -HikariPool-1 - Shutdown completed.
