2022-12-20 11:35:34.591 WARN  [main]o.s.c.l.c.LoadBalancerCacheAutoConfiguration$LoadBalancerCaffeineWarnLogger.logWarning:82 -Spring Cloud LoadBalancer is currently working with the default cache. While this cache implementation is useful for development and tests, it's recommended to use Caffeine cache in production.You can switch to using Caffeine cache, by adding it and org.springframework.cache.caffeine.CaffeineCacheManager to the classpath.
2022-12-20 11:35:34.592 WARN  [main]o.s.c.s.oauth2.SpringCloudSecurityAutoConfiguration.<init>:38 -All Spring Cloud Security modules and starters are deprecated. They will be moved to individual projects in the next major release.
2022-12-20 11:36:22.106 WARN  [http-nio-8002-exec-3]o.s.security.oauth2.provider.endpoint.TokenEndpoint.handleException:169 -Handling error: InternalAuthenticationServiceException, 用户不存在
2022-12-20 11:41:24.735 WARN  [Thread-17]com.alibaba.nacos.common.notify.NotifyCenter.shutdown:145 -[NotifyCenter] Start destroying Publisher
2022-12-20 11:41:24.735 WARN  [Thread-11]com.alibaba.nacos.common.http.HttpClientBeanHolder.shutdown:108 -[HttpClientBeanHolder] Start destroying common HttpClient
2022-12-20 11:41:24.735 WARN  [Thread-17]com.alibaba.nacos.common.notify.NotifyCenter.shutdown:162 -[NotifyCenter] Destruction of the end
2022-12-20 11:41:24.736 WARN  [Thread-11]com.alibaba.nacos.common.http.HttpClientBeanHolder.shutdown:114 -[HttpClientBeanHolder] Destruction of the end
2022-12-20 11:41:33.058 WARN  [SpringApplicationShutdownHook]o.s.beans.factory.support.DisposableBeanAdapter.invokeCustomDestroyMethod:329 -Custom destroy method 'close' on bean with name 'nacosServiceRegistry' threw an exception: java.lang.NullPointerException
2022-12-20 11:42:20.811 WARN  [main]o.s.c.l.c.LoadBalancerCacheAutoConfiguration$LoadBalancerCaffeineWarnLogger.logWarning:82 -Spring Cloud LoadBalancer is currently working with the default cache. While this cache implementation is useful for development and tests, it's recommended to use Caffeine cache in production.You can switch to using Caffeine cache, by adding it and org.springframework.cache.caffeine.CaffeineCacheManager to the classpath.
2022-12-20 11:42:20.812 WARN  [main]o.s.c.s.oauth2.SpringCloudSecurityAutoConfiguration.<init>:38 -All Spring Cloud Security modules and starters are deprecated. They will be moved to individual projects in the next major release.
2022-12-20 11:42:42.880 WARN  [http-nio-8002-exec-1]o.s.security.oauth2.provider.endpoint.TokenEndpoint.handleException:169 -Handling error: InternalAuthenticationServiceException, 用户不存在
2022-12-20 11:56:26.277 WARN  [http-nio-8002-exec-3]com.zaxxer.hikari.pool.PoolBase.isConnectionAlive:184 -HikariPool-1 - Failed to validate connection com.mysql.cj.jdbc.ConnectionImpl@9b20a61 (No operations allowed after connection closed.). Possibly consider using a shorter maxLifetime value.
2022-12-20 11:56:31.287 WARN  [http-nio-8002-exec-3]com.zaxxer.hikari.pool.PoolBase.isConnectionAlive:184 -HikariPool-1 - Failed to validate connection com.mysql.cj.jdbc.ConnectionImpl@5d560b69 (No operations allowed after connection closed.). Possibly consider using a shorter maxLifetime value.
2022-12-20 11:56:36.293 WARN  [http-nio-8002-exec-3]com.zaxxer.hikari.pool.PoolBase.isConnectionAlive:184 -HikariPool-1 - Failed to validate connection com.mysql.cj.jdbc.ConnectionImpl@57c40be8 (No operations allowed after connection closed.). Possibly consider using a shorter maxLifetime value.
2022-12-20 11:56:41.302 WARN  [http-nio-8002-exec-3]com.zaxxer.hikari.pool.PoolBase.isConnectionAlive:184 -HikariPool-1 - Failed to validate connection com.mysql.cj.jdbc.ConnectionImpl@4b701179 (No operations allowed after connection closed.). Possibly consider using a shorter maxLifetime value.
2022-12-20 11:56:46.315 WARN  [http-nio-8002-exec-3]com.zaxxer.hikari.pool.PoolBase.isConnectionAlive:184 -HikariPool-1 - Failed to validate connection com.mysql.cj.jdbc.ConnectionImpl@f9c97e9 (No operations allowed after connection closed.). Possibly consider using a shorter maxLifetime value.
2022-12-20 11:56:51.323 WARN  [http-nio-8002-exec-3]com.zaxxer.hikari.pool.PoolBase.isConnectionAlive:184 -HikariPool-1 - Failed to validate connection com.mysql.cj.jdbc.ConnectionImpl@60443e16 (No operations allowed after connection closed.). Possibly consider using a shorter maxLifetime value.
2022-12-20 11:57:07.116 WARN  [http-nio-8002-exec-4]com.zaxxer.hikari.pool.PoolBase.isConnectionAlive:184 -HikariPool-1 - Failed to validate connection com.mysql.cj.jdbc.ConnectionImpl@58ee2a30 (No operations allowed after connection closed.). Possibly consider using a shorter maxLifetime value.
2022-12-20 11:57:12.123 WARN  [http-nio-8002-exec-4]com.zaxxer.hikari.pool.PoolBase.isConnectionAlive:184 -HikariPool-1 - Failed to validate connection com.mysql.cj.jdbc.ConnectionImpl@52164140 (No operations allowed after connection closed.). Possibly consider using a shorter maxLifetime value.
2022-12-20 11:57:12.155 WARN  [http-nio-8002-exec-4]com.zaxxer.hikari.pool.PoolBase.isConnectionAlive:184 -HikariPool-1 - Failed to validate connection com.mysql.cj.jdbc.ConnectionImpl@3e82d21e (No operations allowed after connection closed.). Possibly consider using a shorter maxLifetime value.
2022-12-20 11:57:17.162 WARN  [http-nio-8002-exec-4]com.zaxxer.hikari.pool.PoolBase.isConnectionAlive:184 -HikariPool-1 - Failed to validate connection com.mysql.cj.jdbc.ConnectionImpl@26c921a4 (No operations allowed after connection closed.). Possibly consider using a shorter maxLifetime value.
2022-12-20 12:25:01.686 WARN  [http-nio-8002-exec-6]com.zaxxer.hikari.pool.PoolBase.isConnectionAlive:184 -HikariPool-1 - Failed to validate connection com.mysql.cj.jdbc.ConnectionImpl@7e334ca1 (No operations allowed after connection closed.). Possibly consider using a shorter maxLifetime value.
2022-12-20 12:25:06.693 WARN  [http-nio-8002-exec-6]com.zaxxer.hikari.pool.PoolBase.isConnectionAlive:184 -HikariPool-1 - Failed to validate connection com.mysql.cj.jdbc.ConnectionImpl@74cb27d1 (No operations allowed after connection closed.). Possibly consider using a shorter maxLifetime value.
2022-12-20 12:25:11.699 WARN  [http-nio-8002-exec-6]com.zaxxer.hikari.pool.PoolBase.isConnectionAlive:184 -HikariPool-1 - Failed to validate connection com.mysql.cj.jdbc.ConnectionImpl@55fbb3f0 (No operations allowed after connection closed.). Possibly consider using a shorter maxLifetime value.
2022-12-20 12:25:16.704 WARN  [http-nio-8002-exec-6]com.zaxxer.hikari.pool.PoolBase.isConnectionAlive:184 -HikariPool-1 - Failed to validate connection com.mysql.cj.jdbc.ConnectionImpl@2d6a7a25 (No operations allowed after connection closed.). Possibly consider using a shorter maxLifetime value.
2022-12-20 12:25:21.711 WARN  [http-nio-8002-exec-6]com.zaxxer.hikari.pool.PoolBase.isConnectionAlive:184 -HikariPool-1 - Failed to validate connection com.mysql.cj.jdbc.ConnectionImpl@590a159c (No operations allowed after connection closed.). Possibly consider using a shorter maxLifetime value.
2022-12-20 12:25:26.719 WARN  [http-nio-8002-exec-6]com.zaxxer.hikari.pool.PoolBase.isConnectionAlive:184 -HikariPool-1 - Failed to validate connection com.mysql.cj.jdbc.ConnectionImpl@55a8e534 (No operations allowed after connection closed.). Possibly consider using a shorter maxLifetime value.
2022-12-20 12:25:42.932 WARN  [http-nio-8002-exec-7]com.zaxxer.hikari.pool.PoolBase.isConnectionAlive:184 -HikariPool-1 - Failed to validate connection com.mysql.cj.jdbc.ConnectionImpl@4da9e95a (No operations allowed after connection closed.). Possibly consider using a shorter maxLifetime value.
2022-12-20 12:25:47.939 WARN  [http-nio-8002-exec-7]com.zaxxer.hikari.pool.PoolBase.isConnectionAlive:184 -HikariPool-1 - Failed to validate connection com.mysql.cj.jdbc.ConnectionImpl@4751822a (No operations allowed after connection closed.). Possibly consider using a shorter maxLifetime value.
2022-12-20 12:25:52.946 WARN  [http-nio-8002-exec-7]com.zaxxer.hikari.pool.PoolBase.isConnectionAlive:184 -HikariPool-1 - Failed to validate connection com.mysql.cj.jdbc.ConnectionImpl@32de8d (No operations allowed after connection closed.). Possibly consider using a shorter maxLifetime value.
2022-12-20 12:25:57.956 WARN  [http-nio-8002-exec-7]com.zaxxer.hikari.pool.PoolBase.isConnectionAlive:184 -HikariPool-1 - Failed to validate connection com.mysql.cj.jdbc.ConnectionImpl@7890a679 (No operations allowed after connection closed.). Possibly consider using a shorter maxLifetime value.
2022-12-20 12:26:00.275 WARN  [http-nio-8002-exec-7]o.s.security.oauth2.provider.endpoint.TokenEndpoint.handleException:169 -Handling error: InternalAuthenticationServiceException, 用户不存在
2022-12-20 12:40:36.541 WARN  [Thread-19]com.alibaba.nacos.common.notify.NotifyCenter.shutdown:145 -[NotifyCenter] Start destroying Publisher
2022-12-20 12:40:36.542 WARN  [Thread-12]com.alibaba.nacos.common.http.HttpClientBeanHolder.shutdown:108 -[HttpClientBeanHolder] Start destroying common HttpClient
2022-12-20 12:40:36.544 WARN  [Thread-19]com.alibaba.nacos.common.notify.NotifyCenter.shutdown:162 -[NotifyCenter] Destruction of the end
2022-12-20 12:40:36.545 WARN  [Thread-12]com.alibaba.nacos.common.http.HttpClientBeanHolder.shutdown:114 -[HttpClientBeanHolder] Destruction of the end
2022-12-20 12:40:45.651 WARN  [SpringApplicationShutdownHook]o.s.beans.factory.support.DisposableBeanAdapter.invokeCustomDestroyMethod:329 -Custom destroy method 'close' on bean with name 'nacosServiceRegistry' threw an exception: java.lang.NullPointerException
2022-12-20 23:44:29.965 WARN  [main]o.s.c.l.c.LoadBalancerCacheAutoConfiguration$LoadBalancerCaffeineWarnLogger.logWarning:82 -Spring Cloud LoadBalancer is currently working with the default cache. While this cache implementation is useful for development and tests, it's recommended to use Caffeine cache in production.You can switch to using Caffeine cache, by adding it and org.springframework.cache.caffeine.CaffeineCacheManager to the classpath.
2022-12-20 23:44:29.967 WARN  [main]o.s.c.s.oauth2.SpringCloudSecurityAutoConfiguration.<init>:38 -All Spring Cloud Security modules and starters are deprecated. They will be moved to individual projects in the next major release.
2022-12-20 23:51:59.624 WARN  [Thread-19]com.alibaba.nacos.common.notify.NotifyCenter.shutdown:145 -[NotifyCenter] Start destroying Publisher
2022-12-20 23:51:59.624 WARN  [Thread-12]com.alibaba.nacos.common.http.HttpClientBeanHolder.shutdown:108 -[HttpClientBeanHolder] Start destroying common HttpClient
2022-12-20 23:51:59.625 WARN  [Thread-19]com.alibaba.nacos.common.notify.NotifyCenter.shutdown:162 -[NotifyCenter] Destruction of the end
2022-12-20 23:51:59.625 WARN  [Thread-12]com.alibaba.nacos.common.http.HttpClientBeanHolder.shutdown:114 -[HttpClientBeanHolder] Destruction of the end
2022-12-20 23:52:08.749 WARN  [SpringApplicationShutdownHook]o.s.beans.factory.support.DisposableBeanAdapter.invokeCustomDestroyMethod:329 -Custom destroy method 'close' on bean with name 'nacosServiceRegistry' threw an exception: java.lang.NullPointerException
2022-12-20 23:52:16.464 WARN  [main]o.s.c.l.c.LoadBalancerCacheAutoConfiguration$LoadBalancerCaffeineWarnLogger.logWarning:82 -Spring Cloud LoadBalancer is currently working with the default cache. While this cache implementation is useful for development and tests, it's recommended to use Caffeine cache in production.You can switch to using Caffeine cache, by adding it and org.springframework.cache.caffeine.CaffeineCacheManager to the classpath.
2022-12-20 23:52:16.465 WARN  [main]o.s.c.s.oauth2.SpringCloudSecurityAutoConfiguration.<init>:38 -All Spring Cloud Security modules and starters are deprecated. They will be moved to individual projects in the next major release.
2022-12-20 23:58:29.728 WARN  [Thread-19]com.alibaba.nacos.common.notify.NotifyCenter.shutdown:145 -[NotifyCenter] Start destroying Publisher
2022-12-20 23:58:29.729 WARN  [Thread-12]com.alibaba.nacos.common.http.HttpClientBeanHolder.shutdown:108 -[HttpClientBeanHolder] Start destroying common HttpClient
2022-12-20 23:58:29.730 WARN  [Thread-19]com.alibaba.nacos.common.notify.NotifyCenter.shutdown:162 -[NotifyCenter] Destruction of the end
2022-12-20 23:58:29.731 WARN  [Thread-12]com.alibaba.nacos.common.http.HttpClientBeanHolder.shutdown:114 -[HttpClientBeanHolder] Destruction of the end
2022-12-20 23:58:38.852 WARN  [SpringApplicationShutdownHook]o.s.beans.factory.support.DisposableBeanAdapter.invokeCustomDestroyMethod:329 -Custom destroy method 'close' on bean with name 'nacosServiceRegistry' threw an exception: java.lang.NullPointerException
2022-12-20 23:58:47.836 WARN  [main]o.s.c.l.c.LoadBalancerCacheAutoConfiguration$LoadBalancerCaffeineWarnLogger.logWarning:82 -Spring Cloud LoadBalancer is currently working with the default cache. While this cache implementation is useful for development and tests, it's recommended to use Caffeine cache in production.You can switch to using Caffeine cache, by adding it and org.springframework.cache.caffeine.CaffeineCacheManager to the classpath.
2022-12-20 23:58:47.837 WARN  [main]o.s.c.s.oauth2.SpringCloudSecurityAutoConfiguration.<init>:38 -All Spring Cloud Security modules and starters are deprecated. They will be moved to individual projects in the next major release.
