2022-12-19 22:00:49.999 INFO  [main]com.knowledge.server.ServerApplication.logStartupProfileInfo:634 -No active profile set, falling back to 1 default profile: "default"
2022-12-19 22:00:50.717 INFO  [main]o.s.d.repository.config.RepositoryConfigurationDelegate.multipleStoresDetected:262 -Multiple Spring Data modules found, entering strict repository configuration mode!
2022-12-19 22:00:50.717 INFO  [main]o.s.d.repository.config.RepositoryConfigurationDelegate.registerRepositoriesIn:132 -Bootstrapping Spring Data Redis repositories in DEFAULT mode.
2022-12-19 22:00:50.732 INFO  [main]o.s.d.repository.config.RepositoryConfigurationDelegate.registerRepositoriesIn:201 -Finished Spring Data repository scanning in 5 ms. Found 0 Redis repository interfaces.
2022-12-19 22:00:51.215 INFO  [main]o.s.d.repository.config.RepositoryConfigurationDelegate.multipleStoresDetected:262 -Multiple Spring Data modules found, entering strict repository configuration mode!
2022-12-19 22:00:51.215 INFO  [main]o.s.d.repository.config.RepositoryConfigurationDelegate.registerRepositoriesIn:132 -Bootstrapping Spring Data Redis repositories in DEFAULT mode.
2022-12-19 22:00:51.223 INFO  [main]o.s.d.repository.config.RepositoryConfigurationDelegate.registerRepositoriesIn:201 -Finished Spring Data repository scanning in 7 ms. Found 0 Redis repository interfaces.
2022-12-19 22:00:51.446 INFO  [main]org.springframework.cloud.context.scope.GenericScope.setSerializationId:283 -BeanFactory id=9732e111-eb07-3ead-a64b-e5dc9da794c3
2022-12-19 22:00:52.046 INFO  [main]o.s.boot.web.embedded.tomcat.TomcatWebServer.initialize:108 -Tomcat initialized with port(s): 8003 (http)
2022-12-19 22:00:52.054 INFO  [main]org.apache.coyote.http11.Http11NioProtocol.log:173 -Initializing ProtocolHandler ["http-nio-8003"]
2022-12-19 22:00:52.055 INFO  [main]org.apache.catalina.core.StandardService.log:173 -Starting service [Tomcat]
2022-12-19 22:00:52.055 INFO  [main]org.apache.catalina.core.StandardEngine.log:173 -Starting Servlet engine: [Apache Tomcat/9.0.63]
2022-12-19 22:00:52.123 INFO  [main]o.a.catalina.core.ContainerBase.[Tomcat].[localhost].[/].log:173 -Initializing Spring embedded WebApplicationContext
2022-12-19 22:00:52.123 INFO  [main]o.s.b.w.s.context.ServletWebServerApplicationContext.prepareWebApplicationContext:292 -Root WebApplicationContext: initialization completed in 2095 ms
2022-12-19 22:00:52.391 INFO  [main]c.a.d.s.boot.autoconfigure.DruidDataSourceAutoConfigure.dataSource:56 -Init DruidDataSource
2022-12-19 22:00:55.905 INFO  [main]com.alibaba.druid.pool.DruidDataSource.init:985 -{dataSource-1} inited
2022-12-19 22:00:56.300 INFO  [main]o.springframework.cloud.openfeign.FeignClientFactoryBean.getTarget:418 -For 'coder-user' URL not provided. Will try picking an instance via load-balancing.
2022-12-19 22:00:57.736 INFO  [main]o.s.security.web.DefaultSecurityFilterChain.<init>:55 -Will secure any request with [org.springframework.security.web.session.DisableEncodeUrlFilter@45f0038, org.springframework.security.web.context.request.async.WebAsyncManagerIntegrationFilter@289a4b90, org.springframework.security.web.context.SecurityContextPersistenceFilter@24e1e90a, org.springframework.security.web.header.HeaderWriterFilter@20a946d9, org.springframework.security.web.authentication.logout.LogoutFilter@69a76b74, org.springframework.security.oauth2.provider.authentication.OAuth2AuthenticationProcessingFilter@12421766, org.springframework.security.web.savedrequest.RequestCacheAwareFilter@18b3db6e, org.springframework.security.web.servletapi.SecurityContextHolderAwareRequestFilter@5cd701e4, org.springframework.security.web.authentication.AnonymousAuthenticationFilter@1a3c4b3e, org.springframework.security.web.session.SessionManagementFilter@300aa927, org.springframework.security.web.access.ExceptionTranslationFilter@1c2cdc67, org.springframework.security.web.access.intercept.FilterSecurityInterceptor@41404aa2]
2022-12-19 22:00:57.831 INFO  [main]o.s.boot.actuate.endpoint.web.EndpointLinksResolver.<init>:58 -Exposing 1 endpoint(s) beneath base path '/actuator'
2022-12-19 22:00:58.058 INFO  [main]org.apache.coyote.http11.Http11NioProtocol.log:173 -Starting ProtocolHandler ["http-nio-8003"]
2022-12-19 22:00:58.071 INFO  [main]o.s.boot.web.embedded.tomcat.TomcatWebServer.start:220 -Tomcat started on port(s): 8003 (http) with context path ''
2022-12-19 22:00:58.243 INFO  [main]com.alibaba.cloud.nacos.registry.NacosServiceRegistry.register:75 -nacos registry, DEFAULT_GROUP coder-server 192.168.0.103:8003 register finished
2022-12-19 22:00:58.256 INFO  [main]com.knowledge.server.ServerApplication.logStarted:61 -Started ServerApplication in 9.296 seconds (JVM running for 9.973)
2022-12-19 22:00:58.712 INFO  [RMI TCP Connection(3)-192.168.0.103]o.a.catalina.core.ContainerBase.[Tomcat].[localhost].[/].log:173 -Initializing Spring DispatcherServlet 'dispatcherServlet'
2022-12-19 22:00:58.713 INFO  [RMI TCP Connection(3)-192.168.0.103]org.springframework.web.servlet.DispatcherServlet.initServletBean:525 -Initializing Servlet 'dispatcherServlet'
2022-12-19 22:00:58.714 INFO  [RMI TCP Connection(3)-192.168.0.103]org.springframework.web.servlet.DispatcherServlet.initServletBean:547 -Completed initialization in 1 ms
2022-12-19 22:04:52.312 INFO  [SpringApplicationShutdownHook]com.alibaba.cloud.nacos.registry.NacosServiceRegistry.deregister:90 -De-registering from Nacos Server now...
2022-12-19 22:04:52.488 INFO  [SpringApplicationShutdownHook]com.alibaba.cloud.nacos.registry.NacosServiceRegistry.deregister:110 -De-registration finished.
2022-12-19 22:05:01.529 INFO  [SpringApplicationShutdownHook]com.alibaba.druid.pool.DruidDataSource.close:2032 -{dataSource-1} closing ...
2022-12-19 22:05:01.535 INFO  [SpringApplicationShutdownHook]com.alibaba.druid.pool.DruidDataSource.close:2104 -{dataSource-1} closed
2022-12-19 22:05:12.516 INFO  [main]com.knowledge.server.ServerApplication.logStartupProfileInfo:634 -No active profile set, falling back to 1 default profile: "default"
2022-12-19 22:05:12.904 INFO  [main]o.s.d.repository.config.RepositoryConfigurationDelegate.multipleStoresDetected:262 -Multiple Spring Data modules found, entering strict repository configuration mode!
2022-12-19 22:05:12.904 INFO  [main]o.s.d.repository.config.RepositoryConfigurationDelegate.registerRepositoriesIn:132 -Bootstrapping Spring Data Redis repositories in DEFAULT mode.
2022-12-19 22:05:12.912 INFO  [main]o.s.d.repository.config.RepositoryConfigurationDelegate.registerRepositoriesIn:201 -Finished Spring Data repository scanning in 2 ms. Found 0 Redis repository interfaces.
2022-12-19 22:05:13.072 INFO  [main]o.s.d.repository.config.RepositoryConfigurationDelegate.multipleStoresDetected:262 -Multiple Spring Data modules found, entering strict repository configuration mode!
2022-12-19 22:05:13.073 INFO  [main]o.s.d.repository.config.RepositoryConfigurationDelegate.registerRepositoriesIn:132 -Bootstrapping Spring Data Redis repositories in DEFAULT mode.
2022-12-19 22:05:13.078 INFO  [main]o.s.d.repository.config.RepositoryConfigurationDelegate.registerRepositoriesIn:201 -Finished Spring Data repository scanning in 5 ms. Found 0 Redis repository interfaces.
2022-12-19 22:05:13.239 INFO  [main]org.springframework.cloud.context.scope.GenericScope.setSerializationId:283 -BeanFactory id=9732e111-eb07-3ead-a64b-e5dc9da794c3
2022-12-19 22:05:13.544 INFO  [main]o.s.boot.web.embedded.tomcat.TomcatWebServer.initialize:108 -Tomcat initialized with port(s): 8003 (http)
2022-12-19 22:05:13.551 INFO  [main]org.apache.coyote.http11.Http11NioProtocol.log:173 -Initializing ProtocolHandler ["http-nio-8003"]
2022-12-19 22:05:13.551 INFO  [main]org.apache.catalina.core.StandardService.log:173 -Starting service [Tomcat]
2022-12-19 22:05:13.551 INFO  [main]org.apache.catalina.core.StandardEngine.log:173 -Starting Servlet engine: [Apache Tomcat/9.0.63]
2022-12-19 22:05:13.612 INFO  [main]o.a.catalina.core.ContainerBase.[Tomcat].[localhost].[/].log:173 -Initializing Spring embedded WebApplicationContext
2022-12-19 22:05:13.612 INFO  [main]o.s.b.w.s.context.ServletWebServerApplicationContext.prepareWebApplicationContext:292 -Root WebApplicationContext: initialization completed in 1086 ms
2022-12-19 22:05:13.786 INFO  [main]c.a.d.s.boot.autoconfigure.DruidDataSourceAutoConfigure.dataSource:56 -Init DruidDataSource
2022-12-19 22:05:17.567 INFO  [main]com.alibaba.druid.pool.DruidDataSource.init:985 -{dataSource-1} inited
2022-12-19 22:05:17.939 INFO  [main]o.springframework.cloud.openfeign.FeignClientFactoryBean.getTarget:418 -For 'coder-user' URL not provided. Will try picking an instance via load-balancing.
2022-12-19 22:05:19.472 INFO  [main]o.s.security.web.DefaultSecurityFilterChain.<init>:55 -Will secure any request with [org.springframework.security.web.session.DisableEncodeUrlFilter@21698e5a, org.springframework.security.web.context.request.async.WebAsyncManagerIntegrationFilter@3dc2f14, org.springframework.security.web.context.SecurityContextPersistenceFilter@52eca410, org.springframework.security.web.header.HeaderWriterFilter@4331be30, org.springframework.security.web.authentication.logout.LogoutFilter@41026e5c, org.springframework.security.oauth2.provider.authentication.OAuth2AuthenticationProcessingFilter@2fafa7b5, org.springframework.security.web.savedrequest.RequestCacheAwareFilter@69a76b74, org.springframework.security.web.servletapi.SecurityContextHolderAwareRequestFilter@7e691624, org.springframework.security.web.authentication.AnonymousAuthenticationFilter@2e8986b6, org.springframework.security.web.session.SessionManagementFilter@48f4f03e, org.springframework.security.web.access.ExceptionTranslationFilter@6c9151c1, org.springframework.security.web.access.intercept.FilterSecurityInterceptor@308c65e0]
2022-12-19 22:05:19.576 INFO  [main]o.s.boot.actuate.endpoint.web.EndpointLinksResolver.<init>:58 -Exposing 1 endpoint(s) beneath base path '/actuator'
2022-12-19 22:05:19.800 INFO  [main]org.apache.coyote.http11.Http11NioProtocol.log:173 -Starting ProtocolHandler ["http-nio-8003"]
2022-12-19 22:05:19.815 INFO  [main]o.s.boot.web.embedded.tomcat.TomcatWebServer.start:220 -Tomcat started on port(s): 8003 (http) with context path ''
2022-12-19 22:05:19.916 INFO  [main]com.alibaba.cloud.nacos.registry.NacosServiceRegistry.register:75 -nacos registry, DEFAULT_GROUP coder-server 192.168.0.103:8003 register finished
2022-12-19 22:05:19.930 INFO  [main]com.knowledge.server.ServerApplication.logStarted:61 -Started ServerApplication in 7.978 seconds (JVM running for 8.496)
2022-12-19 22:05:20.316 INFO  [RMI TCP Connection(2)-192.168.0.103]o.a.catalina.core.ContainerBase.[Tomcat].[localhost].[/].log:173 -Initializing Spring DispatcherServlet 'dispatcherServlet'
2022-12-19 22:05:20.316 INFO  [RMI TCP Connection(2)-192.168.0.103]org.springframework.web.servlet.DispatcherServlet.initServletBean:525 -Initializing Servlet 'dispatcherServlet'
2022-12-19 22:05:20.318 INFO  [RMI TCP Connection(2)-192.168.0.103]org.springframework.web.servlet.DispatcherServlet.initServletBean:547 -Completed initialization in 2 ms
2022-12-19 22:07:02.719 INFO  [SpringApplicationShutdownHook]com.alibaba.cloud.nacos.registry.NacosServiceRegistry.deregister:90 -De-registering from Nacos Server now...
2022-12-19 22:07:02.762 INFO  [SpringApplicationShutdownHook]com.alibaba.cloud.nacos.registry.NacosServiceRegistry.deregister:110 -De-registration finished.
2022-12-19 22:07:11.815 INFO  [SpringApplicationShutdownHook]com.alibaba.druid.pool.DruidDataSource.close:2032 -{dataSource-1} closing ...
2022-12-19 22:07:11.826 INFO  [SpringApplicationShutdownHook]com.alibaba.druid.pool.DruidDataSource.close:2104 -{dataSource-1} closed
2022-12-19 22:07:18.542 INFO  [main]com.knowledge.server.ServerApplication.logStartupProfileInfo:634 -No active profile set, falling back to 1 default profile: "default"
2022-12-19 22:07:19.159 INFO  [main]o.s.d.repository.config.RepositoryConfigurationDelegate.multipleStoresDetected:262 -Multiple Spring Data modules found, entering strict repository configuration mode!
2022-12-19 22:07:19.160 INFO  [main]o.s.d.repository.config.RepositoryConfigurationDelegate.registerRepositoriesIn:132 -Bootstrapping Spring Data Redis repositories in DEFAULT mode.
2022-12-19 22:07:19.171 INFO  [main]o.s.d.repository.config.RepositoryConfigurationDelegate.registerRepositoriesIn:201 -Finished Spring Data repository scanning in 3 ms. Found 0 Redis repository interfaces.
2022-12-19 22:07:19.415 INFO  [main]o.s.d.repository.config.RepositoryConfigurationDelegate.multipleStoresDetected:262 -Multiple Spring Data modules found, entering strict repository configuration mode!
2022-12-19 22:07:19.416 INFO  [main]o.s.d.repository.config.RepositoryConfigurationDelegate.registerRepositoriesIn:132 -Bootstrapping Spring Data Redis repositories in DEFAULT mode.
2022-12-19 22:07:19.422 INFO  [main]o.s.d.repository.config.RepositoryConfigurationDelegate.registerRepositoriesIn:201 -Finished Spring Data repository scanning in 5 ms. Found 0 Redis repository interfaces.
2022-12-19 22:07:19.759 INFO  [main]org.springframework.cloud.context.scope.GenericScope.setSerializationId:283 -BeanFactory id=9732e111-eb07-3ead-a64b-e5dc9da794c3
2022-12-19 22:07:20.237 INFO  [main]o.s.boot.web.embedded.tomcat.TomcatWebServer.initialize:108 -Tomcat initialized with port(s): 8003 (http)
2022-12-19 22:07:20.244 INFO  [main]org.apache.coyote.http11.Http11NioProtocol.log:173 -Initializing ProtocolHandler ["http-nio-8003"]
2022-12-19 22:07:20.245 INFO  [main]org.apache.catalina.core.StandardService.log:173 -Starting service [Tomcat]
2022-12-19 22:07:20.245 INFO  [main]org.apache.catalina.core.StandardEngine.log:173 -Starting Servlet engine: [Apache Tomcat/9.0.63]
2022-12-19 22:07:20.314 INFO  [main]o.a.catalina.core.ContainerBase.[Tomcat].[localhost].[/].log:173 -Initializing Spring embedded WebApplicationContext
2022-12-19 22:07:20.314 INFO  [main]o.s.b.w.s.context.ServletWebServerApplicationContext.prepareWebApplicationContext:292 -Root WebApplicationContext: initialization completed in 1757 ms
2022-12-19 22:07:20.475 INFO  [main]c.a.d.s.boot.autoconfigure.DruidDataSourceAutoConfigure.dataSource:56 -Init DruidDataSource
2022-12-19 22:07:22.525 INFO  [main]com.alibaba.druid.pool.DruidDataSource.init:985 -{dataSource-1} inited
2022-12-19 22:07:22.876 INFO  [main]o.springframework.cloud.openfeign.FeignClientFactoryBean.getTarget:418 -For 'coder-user' URL not provided. Will try picking an instance via load-balancing.
2022-12-19 22:07:24.803 INFO  [main]o.s.security.web.DefaultSecurityFilterChain.<init>:55 -Will secure any request with [org.springframework.security.web.session.DisableEncodeUrlFilter@41d877bb, org.springframework.security.web.context.request.async.WebAsyncManagerIntegrationFilter@39c5a105, org.springframework.security.web.context.SecurityContextPersistenceFilter@611a2d82, org.springframework.security.web.header.HeaderWriterFilter@396f2724, org.springframework.security.web.authentication.logout.LogoutFilter@29532e91, org.springframework.security.oauth2.provider.authentication.OAuth2AuthenticationProcessingFilter@2bd2430f, org.springframework.security.web.savedrequest.RequestCacheAwareFilter@2299f6d7, org.springframework.security.web.servletapi.SecurityContextHolderAwareRequestFilter@4331be30, org.springframework.security.web.authentication.AnonymousAuthenticationFilter@492fa72a, org.springframework.security.web.session.SessionManagementFilter@1feb586d, org.springframework.security.web.access.ExceptionTranslationFilter@2b41b8bb, org.springframework.security.web.access.intercept.FilterSecurityInterceptor@799971ac]
2022-12-19 22:07:24.891 INFO  [main]o.s.boot.actuate.endpoint.web.EndpointLinksResolver.<init>:58 -Exposing 1 endpoint(s) beneath base path '/actuator'
2022-12-19 22:07:25.088 INFO  [main]org.apache.coyote.http11.Http11NioProtocol.log:173 -Starting ProtocolHandler ["http-nio-8003"]
2022-12-19 22:07:25.101 INFO  [main]o.s.boot.web.embedded.tomcat.TomcatWebServer.start:220 -Tomcat started on port(s): 8003 (http) with context path ''
2022-12-19 22:07:25.164 INFO  [main]com.alibaba.cloud.nacos.registry.NacosServiceRegistry.register:75 -nacos registry, DEFAULT_GROUP coder-server 192.168.0.103:8003 register finished
2022-12-19 22:07:25.181 INFO  [main]com.knowledge.server.ServerApplication.logStarted:61 -Started ServerApplication in 7.483 seconds (JVM running for 7.858)
2022-12-19 22:07:25.278 INFO  [RMI TCP Connection(5)-192.168.0.103]o.a.catalina.core.ContainerBase.[Tomcat].[localhost].[/].log:173 -Initializing Spring DispatcherServlet 'dispatcherServlet'
2022-12-19 22:07:25.278 INFO  [RMI TCP Connection(5)-192.168.0.103]org.springframework.web.servlet.DispatcherServlet.initServletBean:525 -Initializing Servlet 'dispatcherServlet'
2022-12-19 22:07:25.280 INFO  [RMI TCP Connection(5)-192.168.0.103]org.springframework.web.servlet.DispatcherServlet.initServletBean:547 -Completed initialization in 2 ms
2022-12-19 22:09:17.939 INFO  [SpringApplicationShutdownHook]com.alibaba.cloud.nacos.registry.NacosServiceRegistry.deregister:90 -De-registering from Nacos Server now...
2022-12-19 22:09:18.076 INFO  [SpringApplicationShutdownHook]com.alibaba.cloud.nacos.registry.NacosServiceRegistry.deregister:110 -De-registration finished.
2022-12-19 22:09:27.122 INFO  [SpringApplicationShutdownHook]com.alibaba.druid.pool.DruidDataSource.close:2032 -{dataSource-1} closing ...
2022-12-19 22:09:27.131 INFO  [SpringApplicationShutdownHook]com.alibaba.druid.pool.DruidDataSource.close:2104 -{dataSource-1} closed
2022-12-19 22:10:07.400 INFO  [main]com.knowledge.server.ServerApplication.logStartupProfileInfo:634 -No active profile set, falling back to 1 default profile: "default"
2022-12-19 22:10:07.965 INFO  [main]o.s.d.repository.config.RepositoryConfigurationDelegate.multipleStoresDetected:262 -Multiple Spring Data modules found, entering strict repository configuration mode!
2022-12-19 22:10:07.967 INFO  [main]o.s.d.repository.config.RepositoryConfigurationDelegate.registerRepositoriesIn:132 -Bootstrapping Spring Data Redis repositories in DEFAULT mode.
2022-12-19 22:10:07.986 INFO  [main]o.s.d.repository.config.RepositoryConfigurationDelegate.registerRepositoriesIn:201 -Finished Spring Data repository scanning in 7 ms. Found 0 Redis repository interfaces.
2022-12-19 22:10:08.213 INFO  [main]o.s.d.repository.config.RepositoryConfigurationDelegate.multipleStoresDetected:262 -Multiple Spring Data modules found, entering strict repository configuration mode!
2022-12-19 22:10:08.214 INFO  [main]o.s.d.repository.config.RepositoryConfigurationDelegate.registerRepositoriesIn:132 -Bootstrapping Spring Data Redis repositories in DEFAULT mode.
2022-12-19 22:10:08.220 INFO  [main]o.s.d.repository.config.RepositoryConfigurationDelegate.registerRepositoriesIn:201 -Finished Spring Data repository scanning in 6 ms. Found 0 Redis repository interfaces.
2022-12-19 22:10:08.429 INFO  [main]org.springframework.cloud.context.scope.GenericScope.setSerializationId:283 -BeanFactory id=9732e111-eb07-3ead-a64b-e5dc9da794c3
2022-12-19 22:10:08.913 INFO  [main]o.s.boot.web.embedded.tomcat.TomcatWebServer.initialize:108 -Tomcat initialized with port(s): 8003 (http)
2022-12-19 22:10:08.926 INFO  [main]org.apache.coyote.http11.Http11NioProtocol.log:173 -Initializing ProtocolHandler ["http-nio-8003"]
2022-12-19 22:10:08.926 INFO  [main]org.apache.catalina.core.StandardService.log:173 -Starting service [Tomcat]
2022-12-19 22:10:08.927 INFO  [main]org.apache.catalina.core.StandardEngine.log:173 -Starting Servlet engine: [Apache Tomcat/9.0.63]
2022-12-19 22:10:09.004 INFO  [main]o.a.catalina.core.ContainerBase.[Tomcat].[localhost].[/].log:173 -Initializing Spring embedded WebApplicationContext
2022-12-19 22:10:09.004 INFO  [main]o.s.b.w.s.context.ServletWebServerApplicationContext.prepareWebApplicationContext:292 -Root WebApplicationContext: initialization completed in 1582 ms
2022-12-19 22:10:09.202 INFO  [main]c.a.d.s.boot.autoconfigure.DruidDataSourceAutoConfigure.dataSource:56 -Init DruidDataSource
2022-12-19 22:10:11.336 INFO  [main]com.alibaba.druid.pool.DruidDataSource.init:985 -{dataSource-1} inited
2022-12-19 22:10:11.681 INFO  [main]o.springframework.cloud.openfeign.FeignClientFactoryBean.getTarget:418 -For 'coder-user' URL not provided. Will try picking an instance via load-balancing.
2022-12-19 22:10:13.234 INFO  [main]o.s.security.web.DefaultSecurityFilterChain.<init>:55 -Will secure any request with [org.springframework.security.web.session.DisableEncodeUrlFilter@65da4a5d, org.springframework.security.web.context.request.async.WebAsyncManagerIntegrationFilter@fbe8fd3, org.springframework.security.web.context.SecurityContextPersistenceFilter@2f8f40cc, org.springframework.security.web.header.HeaderWriterFilter@d180961, org.springframework.security.web.authentication.logout.LogoutFilter@6e0d058a, org.springframework.security.oauth2.provider.authentication.OAuth2AuthenticationProcessingFilter@34695b23, org.springframework.security.web.savedrequest.RequestCacheAwareFilter@5dd3727c, org.springframework.security.web.servletapi.SecurityContextHolderAwareRequestFilter@bb5f9d, org.springframework.security.web.authentication.AnonymousAuthenticationFilter@1ab268bd, org.springframework.security.web.session.SessionManagementFilter@252d8df6, org.springframework.security.web.access.ExceptionTranslationFilter@6f65a203, org.springframework.security.web.access.intercept.FilterSecurityInterceptor@1dbc607d]
2022-12-19 22:10:13.321 INFO  [main]o.s.boot.actuate.endpoint.web.EndpointLinksResolver.<init>:58 -Exposing 1 endpoint(s) beneath base path '/actuator'
2022-12-19 22:10:13.516 INFO  [main]org.apache.coyote.http11.Http11NioProtocol.log:173 -Starting ProtocolHandler ["http-nio-8003"]
2022-12-19 22:10:13.535 INFO  [main]o.s.boot.web.embedded.tomcat.TomcatWebServer.start:220 -Tomcat started on port(s): 8003 (http) with context path ''
2022-12-19 22:10:13.602 INFO  [main]com.alibaba.cloud.nacos.registry.NacosServiceRegistry.register:75 -nacos registry, DEFAULT_GROUP coder-server 192.168.0.103:8003 register finished
2022-12-19 22:10:13.616 INFO  [main]com.knowledge.server.ServerApplication.logStarted:61 -Started ServerApplication in 7.265 seconds (JVM running for 7.629)
2022-12-19 22:10:13.841 INFO  [RMI TCP Connection(5)-192.168.0.103]o.a.catalina.core.ContainerBase.[Tomcat].[localhost].[/].log:173 -Initializing Spring DispatcherServlet 'dispatcherServlet'
2022-12-19 22:10:13.842 INFO  [RMI TCP Connection(5)-192.168.0.103]org.springframework.web.servlet.DispatcherServlet.initServletBean:525 -Initializing Servlet 'dispatcherServlet'
2022-12-19 22:10:13.844 INFO  [RMI TCP Connection(5)-192.168.0.103]org.springframework.web.servlet.DispatcherServlet.initServletBean:547 -Completed initialization in 2 ms
2022-12-19 22:36:50.155 INFO  [SpringApplicationShutdownHook]com.alibaba.cloud.nacos.registry.NacosServiceRegistry.deregister:90 -De-registering from Nacos Server now...
2022-12-19 22:36:50.193 INFO  [SpringApplicationShutdownHook]com.alibaba.cloud.nacos.registry.NacosServiceRegistry.deregister:110 -De-registration finished.
2022-12-19 22:37:32.817 INFO  [main]com.knowledge.server.ServerApplication.logStartupProfileInfo:634 -No active profile set, falling back to 1 default profile: "default"
2022-12-19 22:37:33.408 INFO  [main]o.s.d.repository.config.RepositoryConfigurationDelegate.multipleStoresDetected:262 -Multiple Spring Data modules found, entering strict repository configuration mode!
2022-12-19 22:37:33.411 INFO  [main]o.s.d.repository.config.RepositoryConfigurationDelegate.registerRepositoriesIn:132 -Bootstrapping Spring Data Redis repositories in DEFAULT mode.
2022-12-19 22:37:33.449 INFO  [main]o.s.d.repository.config.RepositoryConfigurationDelegate.registerRepositoriesIn:201 -Finished Spring Data repository scanning in 13 ms. Found 0 Redis repository interfaces.
2022-12-19 22:37:33.880 INFO  [main]o.s.d.repository.config.RepositoryConfigurationDelegate.multipleStoresDetected:262 -Multiple Spring Data modules found, entering strict repository configuration mode!
2022-12-19 22:37:33.880 INFO  [main]o.s.d.repository.config.RepositoryConfigurationDelegate.registerRepositoriesIn:132 -Bootstrapping Spring Data Redis repositories in DEFAULT mode.
2022-12-19 22:37:33.886 INFO  [main]o.s.d.repository.config.RepositoryConfigurationDelegate.registerRepositoriesIn:201 -Finished Spring Data repository scanning in 5 ms. Found 0 Redis repository interfaces.
2022-12-19 22:37:34.064 INFO  [main]org.springframework.cloud.context.scope.GenericScope.setSerializationId:283 -BeanFactory id=9732e111-eb07-3ead-a64b-e5dc9da794c3
2022-12-19 22:37:34.418 INFO  [main]o.s.boot.web.embedded.tomcat.TomcatWebServer.initialize:108 -Tomcat initialized with port(s): 8003 (http)
2022-12-19 22:37:34.424 INFO  [main]org.apache.coyote.http11.Http11NioProtocol.log:173 -Initializing ProtocolHandler ["http-nio-8003"]
2022-12-19 22:37:34.424 INFO  [main]org.apache.catalina.core.StandardService.log:173 -Starting service [Tomcat]
2022-12-19 22:37:34.424 INFO  [main]org.apache.catalina.core.StandardEngine.log:173 -Starting Servlet engine: [Apache Tomcat/9.0.63]
2022-12-19 22:37:34.501 INFO  [main]o.a.catalina.core.ContainerBase.[Tomcat].[localhost].[/].log:173 -Initializing Spring embedded WebApplicationContext
2022-12-19 22:37:34.502 INFO  [main]o.s.b.w.s.context.ServletWebServerApplicationContext.prepareWebApplicationContext:292 -Root WebApplicationContext: initialization completed in 1669 ms
2022-12-19 22:37:34.683 INFO  [main]c.a.d.s.boot.autoconfigure.DruidDataSourceAutoConfigure.dataSource:56 -Init DruidDataSource
2022-12-19 22:37:37.043 INFO  [main]com.alibaba.druid.pool.DruidDataSource.init:985 -{dataSource-1} inited
2022-12-19 22:37:37.421 INFO  [main]o.springframework.cloud.openfeign.FeignClientFactoryBean.getTarget:418 -For 'coder-user' URL not provided. Will try picking an instance via load-balancing.
2022-12-19 22:37:38.804 INFO  [main]o.s.security.web.DefaultSecurityFilterChain.<init>:55 -Will secure any request with [org.springframework.security.web.session.DisableEncodeUrlFilter@6f9a3325, org.springframework.security.web.context.request.async.WebAsyncManagerIntegrationFilter@72ceafeb, org.springframework.security.web.context.SecurityContextPersistenceFilter@2bd2430f, org.springframework.security.web.header.HeaderWriterFilter@6408be5, org.springframework.security.web.authentication.logout.LogoutFilter@5e020dd1, org.springframework.security.oauth2.provider.authentication.OAuth2AuthenticationProcessingFilter@7507d96c, org.springframework.security.web.savedrequest.RequestCacheAwareFilter@6eb00cbe, org.springframework.security.web.servletapi.SecurityContextHolderAwareRequestFilter@2a984952, org.springframework.security.web.authentication.AnonymousAuthenticationFilter@65b2ee36, org.springframework.security.web.session.SessionManagementFilter@213ceb4e, org.springframework.security.web.access.ExceptionTranslationFilter@13aa54f1, org.springframework.security.web.access.intercept.FilterSecurityInterceptor@1bea7b0]
2022-12-19 22:37:38.888 INFO  [main]o.s.boot.actuate.endpoint.web.EndpointLinksResolver.<init>:58 -Exposing 1 endpoint(s) beneath base path '/actuator'
2022-12-19 22:37:39.077 INFO  [main]org.apache.coyote.http11.Http11NioProtocol.log:173 -Starting ProtocolHandler ["http-nio-8003"]
2022-12-19 22:37:39.091 INFO  [main]o.s.boot.web.embedded.tomcat.TomcatWebServer.start:220 -Tomcat started on port(s): 8003 (http) with context path ''
2022-12-19 22:37:39.151 INFO  [main]com.alibaba.cloud.nacos.registry.NacosServiceRegistry.register:75 -nacos registry, DEFAULT_GROUP coder-server 192.168.0.103:8003 register finished
2022-12-19 22:37:39.168 INFO  [main]com.knowledge.server.ServerApplication.logStarted:61 -Started ServerApplication in 7.129 seconds (JVM running for 7.615)
2022-12-19 22:37:39.521 INFO  [RMI TCP Connection(1)-192.168.0.103]o.a.catalina.core.ContainerBase.[Tomcat].[localhost].[/].log:173 -Initializing Spring DispatcherServlet 'dispatcherServlet'
2022-12-19 22:37:39.522 INFO  [RMI TCP Connection(1)-192.168.0.103]org.springframework.web.servlet.DispatcherServlet.initServletBean:525 -Initializing Servlet 'dispatcherServlet'
2022-12-19 22:37:39.524 INFO  [RMI TCP Connection(1)-192.168.0.103]org.springframework.web.servlet.DispatcherServlet.initServletBean:547 -Completed initialization in 2 ms
2022-12-19 23:02:59.085 INFO  [SpringApplicationShutdownHook]com.alibaba.cloud.nacos.registry.NacosServiceRegistry.deregister:90 -De-registering from Nacos Server now...
2022-12-19 23:02:59.144 INFO  [SpringApplicationShutdownHook]com.alibaba.cloud.nacos.registry.NacosServiceRegistry.deregister:110 -De-registration finished.
2022-12-19 23:03:07.293 INFO  [SpringApplicationShutdownHook]com.alibaba.druid.pool.DruidDataSource.close:2032 -{dataSource-1} closing ...
2022-12-19 23:03:07.309 INFO  [SpringApplicationShutdownHook]com.alibaba.druid.pool.DruidDataSource.close:2104 -{dataSource-1} closed
2022-12-19 23:04:28.631 INFO  [main]com.knowledge.server.ServerApplication.logStartupProfileInfo:634 -No active profile set, falling back to 1 default profile: "default"
2022-12-19 23:04:29.232 INFO  [main]o.s.d.repository.config.RepositoryConfigurationDelegate.multipleStoresDetected:262 -Multiple Spring Data modules found, entering strict repository configuration mode!
2022-12-19 23:04:29.233 INFO  [main]o.s.d.repository.config.RepositoryConfigurationDelegate.registerRepositoriesIn:132 -Bootstrapping Spring Data Redis repositories in DEFAULT mode.
2022-12-19 23:04:29.244 INFO  [main]o.s.d.repository.config.RepositoryConfigurationDelegate.registerRepositoriesIn:201 -Finished Spring Data repository scanning in 3 ms. Found 0 Redis repository interfaces.
2022-12-19 23:04:29.474 INFO  [main]o.s.d.repository.config.RepositoryConfigurationDelegate.multipleStoresDetected:262 -Multiple Spring Data modules found, entering strict repository configuration mode!
2022-12-19 23:04:29.474 INFO  [main]o.s.d.repository.config.RepositoryConfigurationDelegate.registerRepositoriesIn:132 -Bootstrapping Spring Data Redis repositories in DEFAULT mode.
2022-12-19 23:04:29.482 INFO  [main]o.s.d.repository.config.RepositoryConfigurationDelegate.registerRepositoriesIn:201 -Finished Spring Data repository scanning in 7 ms. Found 0 Redis repository interfaces.
2022-12-19 23:04:29.745 INFO  [main]org.springframework.cloud.context.scope.GenericScope.setSerializationId:283 -BeanFactory id=9732e111-eb07-3ead-a64b-e5dc9da794c3
2022-12-19 23:04:30.212 INFO  [main]o.s.boot.web.embedded.tomcat.TomcatWebServer.initialize:108 -Tomcat initialized with port(s): 8003 (http)
2022-12-19 23:04:30.223 INFO  [main]org.apache.coyote.http11.Http11NioProtocol.log:173 -Initializing ProtocolHandler ["http-nio-8003"]
2022-12-19 23:04:30.223 INFO  [main]org.apache.catalina.core.StandardService.log:173 -Starting service [Tomcat]
2022-12-19 23:04:30.223 INFO  [main]org.apache.catalina.core.StandardEngine.log:173 -Starting Servlet engine: [Apache Tomcat/9.0.63]
2022-12-19 23:04:30.321 INFO  [main]o.a.catalina.core.ContainerBase.[Tomcat].[localhost].[/].log:173 -Initializing Spring embedded WebApplicationContext
2022-12-19 23:04:30.321 INFO  [main]o.s.b.w.s.context.ServletWebServerApplicationContext.prepareWebApplicationContext:292 -Root WebApplicationContext: initialization completed in 1669 ms
2022-12-19 23:04:30.511 INFO  [main]c.a.d.s.boot.autoconfigure.DruidDataSourceAutoConfigure.dataSource:56 -Init DruidDataSource
2022-12-19 23:04:33.120 INFO  [main]com.alibaba.druid.pool.DruidDataSource.init:985 -{dataSource-1} inited
2022-12-19 23:04:33.484 INFO  [main]o.springframework.cloud.openfeign.FeignClientFactoryBean.getTarget:418 -For 'coder-user' URL not provided. Will try picking an instance via load-balancing.
2022-12-19 23:04:34.881 INFO  [main]o.s.security.web.DefaultSecurityFilterChain.<init>:55 -Will secure any request with [org.springframework.security.web.session.DisableEncodeUrlFilter@26d7cb0d, org.springframework.security.web.context.request.async.WebAsyncManagerIntegrationFilter@23e9dd78, org.springframework.security.web.context.SecurityContextPersistenceFilter@5cb8580, org.springframework.security.web.header.HeaderWriterFilter@2cacb445, org.springframework.security.web.authentication.logout.LogoutFilter@86377d5, org.springframework.security.oauth2.provider.authentication.OAuth2AuthenticationProcessingFilter@7ebc5be6, org.springframework.security.web.savedrequest.RequestCacheAwareFilter@1aee6d14, org.springframework.security.web.servletapi.SecurityContextHolderAwareRequestFilter@3c3cd13a, org.springframework.security.web.authentication.AnonymousAuthenticationFilter@470c4229, org.springframework.security.web.session.SessionManagementFilter@2168def, org.springframework.security.web.access.ExceptionTranslationFilter@6b0ba697, org.springframework.security.web.access.intercept.FilterSecurityInterceptor@6d0a14c2]
2022-12-19 23:04:34.972 INFO  [main]o.s.boot.actuate.endpoint.web.EndpointLinksResolver.<init>:58 -Exposing 1 endpoint(s) beneath base path '/actuator'
2022-12-19 23:04:35.162 INFO  [main]org.apache.coyote.http11.Http11NioProtocol.log:173 -Starting ProtocolHandler ["http-nio-8003"]
2022-12-19 23:04:35.175 INFO  [main]o.s.boot.web.embedded.tomcat.TomcatWebServer.start:220 -Tomcat started on port(s): 8003 (http) with context path ''
2022-12-19 23:04:35.244 INFO  [main]com.alibaba.cloud.nacos.registry.NacosServiceRegistry.register:75 -nacos registry, DEFAULT_GROUP coder-server 192.168.0.103:8003 register finished
2022-12-19 23:04:35.261 INFO  [main]com.knowledge.server.ServerApplication.logStarted:61 -Started ServerApplication in 7.533 seconds (JVM running for 7.953)
2022-12-19 23:04:35.616 INFO  [RMI TCP Connection(1)-127.0.0.1]o.a.catalina.core.ContainerBase.[Tomcat].[localhost].[/].log:173 -Initializing Spring DispatcherServlet 'dispatcherServlet'
2022-12-19 23:04:35.617 INFO  [RMI TCP Connection(1)-127.0.0.1]org.springframework.web.servlet.DispatcherServlet.initServletBean:525 -Initializing Servlet 'dispatcherServlet'
2022-12-19 23:04:35.619 INFO  [RMI TCP Connection(1)-127.0.0.1]org.springframework.web.servlet.DispatcherServlet.initServletBean:547 -Completed initialization in 2 ms
2022-12-19 23:21:12.133 INFO  [SpringApplicationShutdownHook]com.alibaba.cloud.nacos.registry.NacosServiceRegistry.deregister:90 -De-registering from Nacos Server now...
2022-12-19 23:21:12.195 INFO  [SpringApplicationShutdownHook]com.alibaba.cloud.nacos.registry.NacosServiceRegistry.deregister:110 -De-registration finished.
2022-12-19 23:21:18.229 INFO  [SpringApplicationShutdownHook]com.alibaba.druid.pool.DruidDataSource.close:2032 -{dataSource-1} closing ...
2022-12-19 23:21:18.237 INFO  [SpringApplicationShutdownHook]com.alibaba.druid.pool.DruidDataSource.close:2104 -{dataSource-1} closed
2022-12-19 23:22:08.928 INFO  [main]com.knowledge.server.ServerApplication.logStartupProfileInfo:634 -No active profile set, falling back to 1 default profile: "default"
2022-12-19 23:22:09.358 INFO  [main]o.s.d.repository.config.RepositoryConfigurationDelegate.multipleStoresDetected:262 -Multiple Spring Data modules found, entering strict repository configuration mode!
2022-12-19 23:22:09.359 INFO  [main]o.s.d.repository.config.RepositoryConfigurationDelegate.registerRepositoriesIn:132 -Bootstrapping Spring Data Redis repositories in DEFAULT mode.
2022-12-19 23:22:09.368 INFO  [main]o.s.d.repository.config.RepositoryConfigurationDelegate.registerRepositoriesIn:201 -Finished Spring Data repository scanning in 2 ms. Found 0 Redis repository interfaces.
2022-12-19 23:22:09.558 INFO  [main]o.s.d.repository.config.RepositoryConfigurationDelegate.multipleStoresDetected:262 -Multiple Spring Data modules found, entering strict repository configuration mode!
2022-12-19 23:22:09.558 INFO  [main]o.s.d.repository.config.RepositoryConfigurationDelegate.registerRepositoriesIn:132 -Bootstrapping Spring Data Redis repositories in DEFAULT mode.
2022-12-19 23:22:09.564 INFO  [main]o.s.d.repository.config.RepositoryConfigurationDelegate.registerRepositoriesIn:201 -Finished Spring Data repository scanning in 6 ms. Found 0 Redis repository interfaces.
2022-12-19 23:22:09.744 INFO  [main]org.springframework.cloud.context.scope.GenericScope.setSerializationId:283 -BeanFactory id=9732e111-eb07-3ead-a64b-e5dc9da794c3
2022-12-19 23:22:10.096 INFO  [main]o.s.boot.web.embedded.tomcat.TomcatWebServer.initialize:108 -Tomcat initialized with port(s): 8003 (http)
2022-12-19 23:22:10.102 INFO  [main]org.apache.coyote.http11.Http11NioProtocol.log:173 -Initializing ProtocolHandler ["http-nio-8003"]
2022-12-19 23:22:10.102 INFO  [main]org.apache.catalina.core.StandardService.log:173 -Starting service [Tomcat]
2022-12-19 23:22:10.102 INFO  [main]org.apache.catalina.core.StandardEngine.log:173 -Starting Servlet engine: [Apache Tomcat/9.0.63]
2022-12-19 23:22:10.174 INFO  [main]o.a.catalina.core.ContainerBase.[Tomcat].[localhost].[/].log:173 -Initializing Spring embedded WebApplicationContext
2022-12-19 23:22:10.174 INFO  [main]o.s.b.w.s.context.ServletWebServerApplicationContext.prepareWebApplicationContext:292 -Root WebApplicationContext: initialization completed in 1229 ms
2022-12-19 23:22:10.297 INFO  [main]c.a.d.s.boot.autoconfigure.DruidDataSourceAutoConfigure.dataSource:56 -Init DruidDataSource
2022-12-19 23:22:12.664 INFO  [main]com.alibaba.druid.pool.DruidDataSource.init:985 -{dataSource-1} inited
2022-12-19 23:22:13.036 INFO  [main]o.springframework.cloud.openfeign.FeignClientFactoryBean.getTarget:418 -For 'coder-user' URL not provided. Will try picking an instance via load-balancing.
2022-12-19 23:22:14.799 INFO  [main]org.springframework.cloud.commons.util.InetUtils.convertAddress:170 -Cannot determine local hostname
2022-12-19 23:22:15.504 INFO  [main]o.s.security.web.DefaultSecurityFilterChain.<init>:55 -Will secure any request with [org.springframework.security.web.session.DisableEncodeUrlFilter@2bc59ab7, org.springframework.security.web.context.request.async.WebAsyncManagerIntegrationFilter@410f53b2, org.springframework.security.web.context.SecurityContextPersistenceFilter@1c2cdc67, org.springframework.security.web.header.HeaderWriterFilter@7ebc5be6, org.springframework.security.web.authentication.logout.LogoutFilter@41f40dfa, org.springframework.security.oauth2.provider.authentication.OAuth2AuthenticationProcessingFilter@5b64f771, org.springframework.security.web.savedrequest.RequestCacheAwareFilter@21d8da75, org.springframework.security.web.servletapi.SecurityContextHolderAwareRequestFilter@1f4dd016, org.springframework.security.web.authentication.AnonymousAuthenticationFilter@265287ec, org.springframework.security.web.session.SessionManagementFilter@4e647f39, org.springframework.security.web.access.ExceptionTranslationFilter@174b8d0e, org.springframework.security.web.access.intercept.FilterSecurityInterceptor@72e36677]
2022-12-19 23:22:16.530 INFO  [main]org.springframework.cloud.commons.util.InetUtils.convertAddress:170 -Cannot determine local hostname
2022-12-19 23:22:16.638 INFO  [main]o.s.boot.actuate.endpoint.web.EndpointLinksResolver.<init>:58 -Exposing 1 endpoint(s) beneath base path '/actuator'
2022-12-19 23:22:16.924 INFO  [main]org.apache.coyote.http11.Http11NioProtocol.log:173 -Starting ProtocolHandler ["http-nio-8003"]
2022-12-19 23:22:16.938 INFO  [main]o.s.boot.web.embedded.tomcat.TomcatWebServer.start:220 -Tomcat started on port(s): 8003 (http) with context path ''
2022-12-19 23:22:17.013 INFO  [main]com.alibaba.cloud.nacos.registry.NacosServiceRegistry.register:75 -nacos registry, DEFAULT_GROUP coder-server 192.168.0.103:8003 register finished
2022-12-19 23:22:18.015 INFO  [main]org.springframework.cloud.commons.util.InetUtils.convertAddress:170 -Cannot determine local hostname
2022-12-19 23:22:18.032 INFO  [main]com.knowledge.server.ServerApplication.logStarted:61 -Started ServerApplication in 11.898 seconds (JVM running for 12.271)
2022-12-19 23:22:18.154 INFO  [RMI TCP Connection(5)-127.0.0.1]o.a.catalina.core.ContainerBase.[Tomcat].[localhost].[/].log:173 -Initializing Spring DispatcherServlet 'dispatcherServlet'
2022-12-19 23:22:18.155 INFO  [RMI TCP Connection(5)-127.0.0.1]org.springframework.web.servlet.DispatcherServlet.initServletBean:525 -Initializing Servlet 'dispatcherServlet'
2022-12-19 23:22:18.159 INFO  [RMI TCP Connection(5)-127.0.0.1]org.springframework.web.servlet.DispatcherServlet.initServletBean:547 -Completed initialization in 4 ms
2022-12-19 23:31:54.715 INFO  [SpringApplicationShutdownHook]com.alibaba.cloud.nacos.registry.NacosServiceRegistry.deregister:90 -De-registering from Nacos Server now...
2022-12-19 23:31:54.783 INFO  [SpringApplicationShutdownHook]com.alibaba.cloud.nacos.registry.NacosServiceRegistry.deregister:110 -De-registration finished.
2022-12-19 23:32:03.504 INFO  [SpringApplicationShutdownHook]com.alibaba.druid.pool.DruidDataSource.close:2032 -{dataSource-1} closing ...
2022-12-19 23:32:03.518 INFO  [SpringApplicationShutdownHook]com.alibaba.druid.pool.DruidDataSource.close:2104 -{dataSource-1} closed
2022-12-19 23:32:10.679 INFO  [main]com.knowledge.server.ServerApplication.logStartupProfileInfo:634 -No active profile set, falling back to 1 default profile: "default"
2022-12-19 23:32:11.227 INFO  [main]o.s.d.repository.config.RepositoryConfigurationDelegate.multipleStoresDetected:262 -Multiple Spring Data modules found, entering strict repository configuration mode!
2022-12-19 23:32:11.227 INFO  [main]o.s.d.repository.config.RepositoryConfigurationDelegate.registerRepositoriesIn:132 -Bootstrapping Spring Data Redis repositories in DEFAULT mode.
2022-12-19 23:32:11.244 INFO  [main]o.s.d.repository.config.RepositoryConfigurationDelegate.registerRepositoriesIn:201 -Finished Spring Data repository scanning in 7 ms. Found 0 Redis repository interfaces.
2022-12-19 23:32:11.583 INFO  [main]o.s.d.repository.config.RepositoryConfigurationDelegate.multipleStoresDetected:262 -Multiple Spring Data modules found, entering strict repository configuration mode!
2022-12-19 23:32:11.584 INFO  [main]o.s.d.repository.config.RepositoryConfigurationDelegate.registerRepositoriesIn:132 -Bootstrapping Spring Data Redis repositories in DEFAULT mode.
2022-12-19 23:32:11.591 INFO  [main]o.s.d.repository.config.RepositoryConfigurationDelegate.registerRepositoriesIn:201 -Finished Spring Data repository scanning in 6 ms. Found 0 Redis repository interfaces.
2022-12-19 23:32:11.819 INFO  [main]org.springframework.cloud.context.scope.GenericScope.setSerializationId:283 -BeanFactory id=9732e111-eb07-3ead-a64b-e5dc9da794c3
2022-12-19 23:32:12.323 INFO  [main]o.s.boot.web.embedded.tomcat.TomcatWebServer.initialize:108 -Tomcat initialized with port(s): 8003 (http)
2022-12-19 23:32:12.329 INFO  [main]org.apache.coyote.http11.Http11NioProtocol.log:173 -Initializing ProtocolHandler ["http-nio-8003"]
2022-12-19 23:32:12.329 INFO  [main]org.apache.catalina.core.StandardService.log:173 -Starting service [Tomcat]
2022-12-19 23:32:12.330 INFO  [main]org.apache.catalina.core.StandardEngine.log:173 -Starting Servlet engine: [Apache Tomcat/9.0.63]
2022-12-19 23:32:12.394 INFO  [main]o.a.catalina.core.ContainerBase.[Tomcat].[localhost].[/].log:173 -Initializing Spring embedded WebApplicationContext
2022-12-19 23:32:12.394 INFO  [main]o.s.b.w.s.context.ServletWebServerApplicationContext.prepareWebApplicationContext:292 -Root WebApplicationContext: initialization completed in 1700 ms
2022-12-19 23:32:12.566 INFO  [main]c.a.d.s.boot.autoconfigure.DruidDataSourceAutoConfigure.dataSource:56 -Init DruidDataSource
2022-12-19 23:32:16.859 INFO  [main]com.alibaba.druid.pool.DruidDataSource.init:985 -{dataSource-1} inited
2022-12-19 23:32:17.229 INFO  [main]o.springframework.cloud.openfeign.FeignClientFactoryBean.getTarget:418 -For 'coder-user' URL not provided. Will try picking an instance via load-balancing.
2022-12-19 23:32:19.102 INFO  [main]org.springframework.cloud.commons.util.InetUtils.convertAddress:170 -Cannot determine local hostname
2022-12-19 23:32:19.750 INFO  [main]o.s.security.web.DefaultSecurityFilterChain.<init>:55 -Will secure any request with [org.springframework.security.web.session.DisableEncodeUrlFilter@308c65e0, org.springframework.security.web.context.request.async.WebAsyncManagerIntegrationFilter@50fa5938, org.springframework.security.web.context.SecurityContextPersistenceFilter@75add13c, org.springframework.security.web.header.HeaderWriterFilter@6774f264, org.springframework.security.web.authentication.logout.LogoutFilter@470c4229, org.springframework.security.oauth2.provider.authentication.OAuth2AuthenticationProcessingFilter@3ef46749, org.springframework.security.web.savedrequest.RequestCacheAwareFilter@450d10cb, org.springframework.security.web.servletapi.SecurityContextHolderAwareRequestFilter@63d0e8d, org.springframework.security.web.authentication.AnonymousAuthenticationFilter@1e482ecd, org.springframework.security.web.session.SessionManagementFilter@5f67181f, org.springframework.security.web.access.ExceptionTranslationFilter@18b3db6e, org.springframework.security.web.access.intercept.FilterSecurityInterceptor@7323dce7]
2022-12-19 23:32:20.779 INFO  [main]org.springframework.cloud.commons.util.InetUtils.convertAddress:170 -Cannot determine local hostname
2022-12-19 23:32:20.895 INFO  [main]o.s.boot.actuate.endpoint.web.EndpointLinksResolver.<init>:58 -Exposing 1 endpoint(s) beneath base path '/actuator'
2022-12-19 23:32:21.092 INFO  [main]org.apache.coyote.http11.Http11NioProtocol.log:173 -Starting ProtocolHandler ["http-nio-8003"]
2022-12-19 23:32:21.105 INFO  [main]o.s.boot.web.embedded.tomcat.TomcatWebServer.start:220 -Tomcat started on port(s): 8003 (http) with context path ''
2022-12-19 23:32:21.179 INFO  [main]com.alibaba.cloud.nacos.registry.NacosServiceRegistry.register:75 -nacos registry, DEFAULT_GROUP coder-server 192.168.0.103:8003 register finished
2022-12-19 23:32:22.186 INFO  [main]org.springframework.cloud.commons.util.InetUtils.convertAddress:170 -Cannot determine local hostname
2022-12-19 23:32:22.210 INFO  [main]com.knowledge.server.ServerApplication.logStarted:61 -Started ServerApplication in 14.214 seconds (JVM running for 14.612)
2022-12-19 23:32:22.686 INFO  [RMI TCP Connection(3)-127.0.0.1]o.a.catalina.core.ContainerBase.[Tomcat].[localhost].[/].log:173 -Initializing Spring DispatcherServlet 'dispatcherServlet'
2022-12-19 23:32:22.686 INFO  [RMI TCP Connection(3)-127.0.0.1]org.springframework.web.servlet.DispatcherServlet.initServletBean:525 -Initializing Servlet 'dispatcherServlet'
2022-12-19 23:32:22.688 INFO  [RMI TCP Connection(3)-127.0.0.1]org.springframework.web.servlet.DispatcherServlet.initServletBean:547 -Completed initialization in 2 ms
2022-12-19 23:36:56.754 INFO  [SpringApplicationShutdownHook]com.alibaba.cloud.nacos.registry.NacosServiceRegistry.deregister:90 -De-registering from Nacos Server now...
2022-12-19 23:36:56.835 INFO  [SpringApplicationShutdownHook]com.alibaba.cloud.nacos.registry.NacosServiceRegistry.deregister:110 -De-registration finished.
2022-12-19 23:38:10.863 INFO  [main]com.knowledge.server.ServerApplication.logStartupProfileInfo:634 -No active profile set, falling back to 1 default profile: "default"
2022-12-19 23:38:11.729 INFO  [main]o.s.d.repository.config.RepositoryConfigurationDelegate.multipleStoresDetected:262 -Multiple Spring Data modules found, entering strict repository configuration mode!
2022-12-19 23:38:11.730 INFO  [main]o.s.d.repository.config.RepositoryConfigurationDelegate.registerRepositoriesIn:132 -Bootstrapping Spring Data Redis repositories in DEFAULT mode.
2022-12-19 23:38:11.747 INFO  [main]o.s.d.repository.config.RepositoryConfigurationDelegate.registerRepositoriesIn:201 -Finished Spring Data repository scanning in 7 ms. Found 0 Redis repository interfaces.
2022-12-19 23:38:12.011 INFO  [main]o.s.d.repository.config.RepositoryConfigurationDelegate.multipleStoresDetected:262 -Multiple Spring Data modules found, entering strict repository configuration mode!
2022-12-19 23:38:12.011 INFO  [main]o.s.d.repository.config.RepositoryConfigurationDelegate.registerRepositoriesIn:132 -Bootstrapping Spring Data Redis repositories in DEFAULT mode.
2022-12-19 23:38:12.018 INFO  [main]o.s.d.repository.config.RepositoryConfigurationDelegate.registerRepositoriesIn:201 -Finished Spring Data repository scanning in 6 ms. Found 0 Redis repository interfaces.
2022-12-19 23:38:12.297 INFO  [main]org.springframework.cloud.context.scope.GenericScope.setSerializationId:283 -BeanFactory id=9732e111-eb07-3ead-a64b-e5dc9da794c3
2022-12-19 23:38:12.818 INFO  [main]o.s.boot.web.embedded.tomcat.TomcatWebServer.initialize:108 -Tomcat initialized with port(s): 8003 (http)
2022-12-19 23:38:12.826 INFO  [main]org.apache.coyote.http11.Http11NioProtocol.log:173 -Initializing ProtocolHandler ["http-nio-8003"]
2022-12-19 23:38:12.826 INFO  [main]org.apache.catalina.core.StandardService.log:173 -Starting service [Tomcat]
2022-12-19 23:38:12.826 INFO  [main]org.apache.catalina.core.StandardEngine.log:173 -Starting Servlet engine: [Apache Tomcat/9.0.63]
2022-12-19 23:38:12.906 INFO  [main]o.a.catalina.core.ContainerBase.[Tomcat].[localhost].[/].log:173 -Initializing Spring embedded WebApplicationContext
2022-12-19 23:38:12.906 INFO  [main]o.s.b.w.s.context.ServletWebServerApplicationContext.prepareWebApplicationContext:292 -Root WebApplicationContext: initialization completed in 2021 ms
2022-12-19 23:38:13.055 INFO  [main]c.a.d.s.boot.autoconfigure.DruidDataSourceAutoConfigure.dataSource:56 -Init DruidDataSource
2022-12-19 23:38:15.700 INFO  [main]com.alibaba.druid.pool.DruidDataSource.init:985 -{dataSource-1} inited
2022-12-19 23:38:16.163 INFO  [main]o.springframework.cloud.openfeign.FeignClientFactoryBean.getTarget:418 -For 'coder-user' URL not provided. Will try picking an instance via load-balancing.
2022-12-19 23:38:18.021 INFO  [main]org.springframework.cloud.commons.util.InetUtils.convertAddress:170 -Cannot determine local hostname
2022-12-19 23:38:18.688 INFO  [main]o.s.security.web.DefaultSecurityFilterChain.<init>:55 -Will secure any request with [org.springframework.security.web.session.DisableEncodeUrlFilter@41d877bb, org.springframework.security.web.context.request.async.WebAsyncManagerIntegrationFilter@39c5a105, org.springframework.security.web.context.SecurityContextPersistenceFilter@611a2d82, org.springframework.security.web.header.HeaderWriterFilter@396f2724, org.springframework.security.web.authentication.logout.LogoutFilter@29532e91, org.springframework.security.oauth2.provider.authentication.OAuth2AuthenticationProcessingFilter@2bd2430f, org.springframework.security.web.savedrequest.RequestCacheAwareFilter@2299f6d7, org.springframework.security.web.servletapi.SecurityContextHolderAwareRequestFilter@4331be30, org.springframework.security.web.authentication.AnonymousAuthenticationFilter@492fa72a, org.springframework.security.web.session.SessionManagementFilter@1feb586d, org.springframework.security.web.access.ExceptionTranslationFilter@2b41b8bb, org.springframework.security.web.access.intercept.FilterSecurityInterceptor@799971ac]
2022-12-19 23:38:19.716 INFO  [main]org.springframework.cloud.commons.util.InetUtils.convertAddress:170 -Cannot determine local hostname
2022-12-19 23:38:19.780 INFO  [main]o.s.boot.actuate.endpoint.web.EndpointLinksResolver.<init>:58 -Exposing 1 endpoint(s) beneath base path '/actuator'
2022-12-19 23:38:19.999 INFO  [main]org.apache.coyote.http11.Http11NioProtocol.log:173 -Starting ProtocolHandler ["http-nio-8003"]
2022-12-19 23:38:20.016 INFO  [main]o.s.boot.web.embedded.tomcat.TomcatWebServer.start:220 -Tomcat started on port(s): 8003 (http) with context path ''
2022-12-19 23:38:20.085 INFO  [main]com.alibaba.cloud.nacos.registry.NacosServiceRegistry.register:75 -nacos registry, DEFAULT_GROUP coder-server 192.168.0.103:8003 register finished
2022-12-19 23:38:21.087 INFO  [main]org.springframework.cloud.commons.util.InetUtils.convertAddress:170 -Cannot determine local hostname
2022-12-19 23:38:21.110 INFO  [main]com.knowledge.server.ServerApplication.logStarted:61 -Started ServerApplication in 13.2 seconds (JVM running for 13.616)
2022-12-19 23:38:21.419 INFO  [RMI TCP Connection(4)-127.0.0.1]o.a.catalina.core.ContainerBase.[Tomcat].[localhost].[/].log:173 -Initializing Spring DispatcherServlet 'dispatcherServlet'
2022-12-19 23:38:21.419 INFO  [RMI TCP Connection(4)-127.0.0.1]org.springframework.web.servlet.DispatcherServlet.initServletBean:525 -Initializing Servlet 'dispatcherServlet'
2022-12-19 23:38:21.421 INFO  [RMI TCP Connection(4)-127.0.0.1]org.springframework.web.servlet.DispatcherServlet.initServletBean:547 -Completed initialization in 2 ms
2022-12-19 23:40:34.740 INFO  [SpringApplicationShutdownHook]com.alibaba.cloud.nacos.registry.NacosServiceRegistry.deregister:90 -De-registering from Nacos Server now...
2022-12-19 23:40:34.794 INFO  [SpringApplicationShutdownHook]com.alibaba.cloud.nacos.registry.NacosServiceRegistry.deregister:110 -De-registration finished.
2022-12-19 23:40:43.840 INFO  [SpringApplicationShutdownHook]com.alibaba.druid.pool.DruidDataSource.close:2032 -{dataSource-1} closing ...
2022-12-19 23:40:43.848 INFO  [SpringApplicationShutdownHook]com.alibaba.druid.pool.DruidDataSource.close:2104 -{dataSource-1} closed
2022-12-19 23:40:53.143 INFO  [main]com.knowledge.server.ServerApplication.logStartupProfileInfo:634 -No active profile set, falling back to 1 default profile: "default"
2022-12-19 23:40:53.540 INFO  [main]o.s.d.repository.config.RepositoryConfigurationDelegate.multipleStoresDetected:262 -Multiple Spring Data modules found, entering strict repository configuration mode!
2022-12-19 23:40:53.541 INFO  [main]o.s.d.repository.config.RepositoryConfigurationDelegate.registerRepositoriesIn:132 -Bootstrapping Spring Data Redis repositories in DEFAULT mode.
2022-12-19 23:40:53.551 INFO  [main]o.s.d.repository.config.RepositoryConfigurationDelegate.registerRepositoriesIn:201 -Finished Spring Data repository scanning in 3 ms. Found 0 Redis repository interfaces.
2022-12-19 23:40:53.735 INFO  [main]o.s.d.repository.config.RepositoryConfigurationDelegate.multipleStoresDetected:262 -Multiple Spring Data modules found, entering strict repository configuration mode!
2022-12-19 23:40:53.735 INFO  [main]o.s.d.repository.config.RepositoryConfigurationDelegate.registerRepositoriesIn:132 -Bootstrapping Spring Data Redis repositories in DEFAULT mode.
2022-12-19 23:40:53.741 INFO  [main]o.s.d.repository.config.RepositoryConfigurationDelegate.registerRepositoriesIn:201 -Finished Spring Data repository scanning in 5 ms. Found 0 Redis repository interfaces.
2022-12-19 23:40:53.929 INFO  [main]org.springframework.cloud.context.scope.GenericScope.setSerializationId:283 -BeanFactory id=9732e111-eb07-3ead-a64b-e5dc9da794c3
2022-12-19 23:40:54.208 INFO  [main]o.s.boot.web.embedded.tomcat.TomcatWebServer.initialize:108 -Tomcat initialized with port(s): 8003 (http)
2022-12-19 23:40:54.214 INFO  [main]org.apache.coyote.http11.Http11NioProtocol.log:173 -Initializing ProtocolHandler ["http-nio-8003"]
2022-12-19 23:40:54.215 INFO  [main]org.apache.catalina.core.StandardService.log:173 -Starting service [Tomcat]
2022-12-19 23:40:54.215 INFO  [main]org.apache.catalina.core.StandardEngine.log:173 -Starting Servlet engine: [Apache Tomcat/9.0.63]
2022-12-19 23:40:54.280 INFO  [main]o.a.catalina.core.ContainerBase.[Tomcat].[localhost].[/].log:173 -Initializing Spring embedded WebApplicationContext
2022-12-19 23:40:54.280 INFO  [main]o.s.b.w.s.context.ServletWebServerApplicationContext.prepareWebApplicationContext:292 -Root WebApplicationContext: initialization completed in 1126 ms
2022-12-19 23:40:54.439 INFO  [main]c.a.d.s.boot.autoconfigure.DruidDataSourceAutoConfigure.dataSource:56 -Init DruidDataSource
2022-12-19 23:40:57.343 INFO  [main]com.alibaba.druid.pool.DruidDataSource.init:985 -{dataSource-1} inited
2022-12-19 23:40:57.749 INFO  [main]o.springframework.cloud.openfeign.FeignClientFactoryBean.getTarget:418 -For 'coder-user' URL not provided. Will try picking an instance via load-balancing.
2022-12-19 23:40:59.426 INFO  [main]org.springframework.cloud.commons.util.InetUtils.convertAddress:170 -Cannot determine local hostname
2022-12-19 23:41:00.110 INFO  [main]o.s.security.web.DefaultSecurityFilterChain.<init>:55 -Will secure any request with [org.springframework.security.web.session.DisableEncodeUrlFilter@3be46d9c, org.springframework.security.web.context.request.async.WebAsyncManagerIntegrationFilter@41d877bb, org.springframework.security.web.context.SecurityContextPersistenceFilter@34695b23, org.springframework.security.web.header.HeaderWriterFilter@1f4dd016, org.springframework.security.web.authentication.logout.LogoutFilter@1626bddf, org.springframework.security.oauth2.provider.authentication.OAuth2AuthenticationProcessingFilter@23c72128, org.springframework.security.web.savedrequest.RequestCacheAwareFilter@6774f264, org.springframework.security.web.servletapi.SecurityContextHolderAwareRequestFilter@2548fc01, org.springframework.security.web.authentication.AnonymousAuthenticationFilter@39c5a105, org.springframework.security.web.session.SessionManagementFilter@18b3db6e, org.springframework.security.web.access.ExceptionTranslationFilter@20a946d9, org.springframework.security.web.access.intercept.FilterSecurityInterceptor@41bdaa81]
2022-12-19 23:41:01.137 INFO  [main]org.springframework.cloud.commons.util.InetUtils.convertAddress:170 -Cannot determine local hostname
2022-12-19 23:41:01.218 INFO  [main]o.s.boot.actuate.endpoint.web.EndpointLinksResolver.<init>:58 -Exposing 1 endpoint(s) beneath base path '/actuator'
2022-12-19 23:41:01.463 INFO  [main]org.apache.coyote.http11.Http11NioProtocol.log:173 -Starting ProtocolHandler ["http-nio-8003"]
2022-12-19 23:41:01.477 INFO  [main]o.s.boot.web.embedded.tomcat.TomcatWebServer.start:220 -Tomcat started on port(s): 8003 (http) with context path ''
2022-12-19 23:41:01.527 INFO  [main]com.alibaba.cloud.nacos.registry.NacosServiceRegistry.register:75 -nacos registry, DEFAULT_GROUP coder-server 192.168.0.103:8003 register finished
2022-12-19 23:41:02.533 INFO  [main]org.springframework.cloud.commons.util.InetUtils.convertAddress:170 -Cannot determine local hostname
2022-12-19 23:41:02.550 INFO  [main]com.knowledge.server.ServerApplication.logStarted:61 -Started ServerApplication in 12.047 seconds (JVM running for 12.434)
2022-12-19 23:41:02.950 INFO  [RMI TCP Connection(4)-127.0.0.1]o.a.catalina.core.ContainerBase.[Tomcat].[localhost].[/].log:173 -Initializing Spring DispatcherServlet 'dispatcherServlet'
2022-12-19 23:41:02.951 INFO  [RMI TCP Connection(4)-127.0.0.1]org.springframework.web.servlet.DispatcherServlet.initServletBean:525 -Initializing Servlet 'dispatcherServlet'
2022-12-19 23:41:02.953 INFO  [RMI TCP Connection(4)-127.0.0.1]org.springframework.web.servlet.DispatcherServlet.initServletBean:547 -Completed initialization in 2 ms
2022-12-19 23:42:54.083 INFO  [SpringApplicationShutdownHook]com.alibaba.cloud.nacos.registry.NacosServiceRegistry.deregister:90 -De-registering from Nacos Server now...
2022-12-19 23:42:54.146 INFO  [SpringApplicationShutdownHook]com.alibaba.cloud.nacos.registry.NacosServiceRegistry.deregister:110 -De-registration finished.
2022-12-19 23:43:03.194 INFO  [SpringApplicationShutdownHook]com.alibaba.druid.pool.DruidDataSource.close:2032 -{dataSource-1} closing ...
2022-12-19 23:43:03.200 INFO  [SpringApplicationShutdownHook]com.alibaba.druid.pool.DruidDataSource.close:2104 -{dataSource-1} closed
2022-12-19 23:44:17.944 INFO  [main]com.knowledge.server.ServerApplication.logStartupProfileInfo:634 -No active profile set, falling back to 1 default profile: "default"
2022-12-19 23:44:18.554 INFO  [main]o.s.d.repository.config.RepositoryConfigurationDelegate.multipleStoresDetected:262 -Multiple Spring Data modules found, entering strict repository configuration mode!
2022-12-19 23:44:18.554 INFO  [main]o.s.d.repository.config.RepositoryConfigurationDelegate.registerRepositoriesIn:132 -Bootstrapping Spring Data Redis repositories in DEFAULT mode.
2022-12-19 23:44:18.569 INFO  [main]o.s.d.repository.config.RepositoryConfigurationDelegate.registerRepositoriesIn:201 -Finished Spring Data repository scanning in 4 ms. Found 0 Redis repository interfaces.
2022-12-19 23:44:18.893 INFO  [main]o.s.d.repository.config.RepositoryConfigurationDelegate.multipleStoresDetected:262 -Multiple Spring Data modules found, entering strict repository configuration mode!
2022-12-19 23:44:18.893 INFO  [main]o.s.d.repository.config.RepositoryConfigurationDelegate.registerRepositoriesIn:132 -Bootstrapping Spring Data Redis repositories in DEFAULT mode.
2022-12-19 23:44:18.899 INFO  [main]o.s.d.repository.config.RepositoryConfigurationDelegate.registerRepositoriesIn:201 -Finished Spring Data repository scanning in 5 ms. Found 0 Redis repository interfaces.
2022-12-19 23:44:19.061 INFO  [main]org.springframework.cloud.context.scope.GenericScope.setSerializationId:283 -BeanFactory id=9732e111-eb07-3ead-a64b-e5dc9da794c3
2022-12-19 23:44:19.406 INFO  [main]o.s.boot.web.embedded.tomcat.TomcatWebServer.initialize:108 -Tomcat initialized with port(s): 8003 (http)
2022-12-19 23:44:19.411 INFO  [main]org.apache.coyote.http11.Http11NioProtocol.log:173 -Initializing ProtocolHandler ["http-nio-8003"]
2022-12-19 23:44:19.411 INFO  [main]org.apache.catalina.core.StandardService.log:173 -Starting service [Tomcat]
2022-12-19 23:44:19.412 INFO  [main]org.apache.catalina.core.StandardEngine.log:173 -Starting Servlet engine: [Apache Tomcat/9.0.63]
2022-12-19 23:44:19.471 INFO  [main]o.a.catalina.core.ContainerBase.[Tomcat].[localhost].[/].log:173 -Initializing Spring embedded WebApplicationContext
2022-12-19 23:44:19.471 INFO  [main]o.s.b.w.s.context.ServletWebServerApplicationContext.prepareWebApplicationContext:292 -Root WebApplicationContext: initialization completed in 1511 ms
2022-12-19 23:44:19.622 INFO  [main]c.a.d.s.boot.autoconfigure.DruidDataSourceAutoConfigure.dataSource:56 -Init DruidDataSource
2022-12-19 23:44:22.342 INFO  [main]com.alibaba.druid.pool.DruidDataSource.init:985 -{dataSource-1} inited
2022-12-19 23:44:22.764 INFO  [main]o.springframework.cloud.openfeign.FeignClientFactoryBean.getTarget:418 -For 'coder-user' URL not provided. Will try picking an instance via load-balancing.
2022-12-19 23:44:24.670 INFO  [main]org.springframework.cloud.commons.util.InetUtils.convertAddress:170 -Cannot determine local hostname
2022-12-19 23:44:25.412 INFO  [main]o.s.security.web.DefaultSecurityFilterChain.<init>:55 -Will secure any request with [org.springframework.security.web.session.DisableEncodeUrlFilter@32caae19, org.springframework.security.web.context.request.async.WebAsyncManagerIntegrationFilter@60e67c06, org.springframework.security.web.context.SecurityContextPersistenceFilter@1f3361e9, org.springframework.security.web.header.HeaderWriterFilter@7d3bcd3, org.springframework.security.web.authentication.logout.LogoutFilter@7d95166a, org.springframework.security.oauth2.provider.authentication.OAuth2AuthenticationProcessingFilter@69a76b74, org.springframework.security.web.savedrequest.RequestCacheAwareFilter@1214c98b, org.springframework.security.web.servletapi.SecurityContextHolderAwareRequestFilter@4e647f39, org.springframework.security.web.authentication.AnonymousAuthenticationFilter@2bc59ab7, org.springframework.security.web.session.SessionManagementFilter@7ebc5be6, org.springframework.security.web.access.ExceptionTranslationFilter@474619d9, org.springframework.security.web.access.intercept.FilterSecurityInterceptor@45f241df]
2022-12-19 23:44:26.438 INFO  [main]org.springframework.cloud.commons.util.InetUtils.convertAddress:170 -Cannot determine local hostname
2022-12-19 23:44:26.531 INFO  [main]o.s.boot.actuate.endpoint.web.EndpointLinksResolver.<init>:58 -Exposing 1 endpoint(s) beneath base path '/actuator'
2022-12-19 23:44:26.758 INFO  [main]org.apache.coyote.http11.Http11NioProtocol.log:173 -Starting ProtocolHandler ["http-nio-8003"]
2022-12-19 23:44:26.776 INFO  [main]o.s.boot.web.embedded.tomcat.TomcatWebServer.start:220 -Tomcat started on port(s): 8003 (http) with context path ''
2022-12-19 23:44:26.841 INFO  [main]com.alibaba.cloud.nacos.registry.NacosServiceRegistry.register:75 -nacos registry, DEFAULT_GROUP coder-server 192.168.0.103:8003 register finished
2022-12-19 23:44:27.847 INFO  [main]org.springframework.cloud.commons.util.InetUtils.convertAddress:170 -Cannot determine local hostname
2022-12-19 23:44:27.862 INFO  [main]com.knowledge.server.ServerApplication.logStarted:61 -Started ServerApplication in 12.576 seconds (JVM running for 13.038)
2022-12-19 23:44:28.124 INFO  [RMI TCP Connection(5)-127.0.0.1]o.a.catalina.core.ContainerBase.[Tomcat].[localhost].[/].log:173 -Initializing Spring DispatcherServlet 'dispatcherServlet'
2022-12-19 23:44:28.125 INFO  [RMI TCP Connection(5)-127.0.0.1]org.springframework.web.servlet.DispatcherServlet.initServletBean:525 -Initializing Servlet 'dispatcherServlet'
2022-12-19 23:44:28.127 INFO  [RMI TCP Connection(5)-127.0.0.1]org.springframework.web.servlet.DispatcherServlet.initServletBean:547 -Completed initialization in 2 ms
2022-12-19 23:49:56.889 INFO  [SpringApplicationShutdownHook]com.alibaba.cloud.nacos.registry.NacosServiceRegistry.deregister:90 -De-registering from Nacos Server now...
2022-12-19 23:49:56.942 INFO  [SpringApplicationShutdownHook]com.alibaba.cloud.nacos.registry.NacosServiceRegistry.deregister:110 -De-registration finished.
2022-12-19 23:50:04.015 INFO  [SpringApplicationShutdownHook]com.alibaba.druid.pool.DruidDataSource.close:2032 -{dataSource-1} closing ...
2022-12-19 23:50:04.023 INFO  [SpringApplicationShutdownHook]com.alibaba.druid.pool.DruidDataSource.close:2104 -{dataSource-1} closed
2022-12-19 23:50:34.535 INFO  [main]com.knowledge.server.ServerApplication.logStartupProfileInfo:634 -No active profile set, falling back to 1 default profile: "default"
2022-12-19 23:50:34.940 INFO  [main]o.s.d.repository.config.RepositoryConfigurationDelegate.multipleStoresDetected:262 -Multiple Spring Data modules found, entering strict repository configuration mode!
2022-12-19 23:50:34.940 INFO  [main]o.s.d.repository.config.RepositoryConfigurationDelegate.registerRepositoriesIn:132 -Bootstrapping Spring Data Redis repositories in DEFAULT mode.
2022-12-19 23:50:34.949 INFO  [main]o.s.d.repository.config.RepositoryConfigurationDelegate.registerRepositoriesIn:201 -Finished Spring Data repository scanning in 2 ms. Found 0 Redis repository interfaces.
2022-12-19 23:50:35.122 INFO  [main]o.s.d.repository.config.RepositoryConfigurationDelegate.multipleStoresDetected:262 -Multiple Spring Data modules found, entering strict repository configuration mode!
2022-12-19 23:50:35.122 INFO  [main]o.s.d.repository.config.RepositoryConfigurationDelegate.registerRepositoriesIn:132 -Bootstrapping Spring Data Redis repositories in DEFAULT mode.
2022-12-19 23:50:35.128 INFO  [main]o.s.d.repository.config.RepositoryConfigurationDelegate.registerRepositoriesIn:201 -Finished Spring Data repository scanning in 5 ms. Found 0 Redis repository interfaces.
2022-12-19 23:50:35.327 INFO  [main]org.springframework.cloud.context.scope.GenericScope.setSerializationId:283 -BeanFactory id=9732e111-eb07-3ead-a64b-e5dc9da794c3
2022-12-19 23:50:35.639 INFO  [main]o.s.boot.web.embedded.tomcat.TomcatWebServer.initialize:108 -Tomcat initialized with port(s): 8003 (http)
2022-12-19 23:50:35.644 INFO  [main]org.apache.coyote.http11.Http11NioProtocol.log:173 -Initializing ProtocolHandler ["http-nio-8003"]
2022-12-19 23:50:35.644 INFO  [main]org.apache.catalina.core.StandardService.log:173 -Starting service [Tomcat]
2022-12-19 23:50:35.644 INFO  [main]org.apache.catalina.core.StandardEngine.log:173 -Starting Servlet engine: [Apache Tomcat/9.0.63]
2022-12-19 23:50:35.705 INFO  [main]o.a.catalina.core.ContainerBase.[Tomcat].[localhost].[/].log:173 -Initializing Spring embedded WebApplicationContext
2022-12-19 23:50:35.706 INFO  [main]o.s.b.w.s.context.ServletWebServerApplicationContext.prepareWebApplicationContext:292 -Root WebApplicationContext: initialization completed in 1159 ms
2022-12-19 23:50:35.849 INFO  [main]c.a.d.s.boot.autoconfigure.DruidDataSourceAutoConfigure.dataSource:56 -Init DruidDataSource
2022-12-19 23:50:38.239 INFO  [main]com.alibaba.druid.pool.DruidDataSource.init:985 -{dataSource-1} inited
2022-12-19 23:50:38.597 INFO  [main]o.springframework.cloud.openfeign.FeignClientFactoryBean.getTarget:418 -For 'coder-user' URL not provided. Will try picking an instance via load-balancing.
2022-12-19 23:50:40.347 INFO  [main]org.springframework.cloud.commons.util.InetUtils.convertAddress:170 -Cannot determine local hostname
2022-12-19 23:50:40.984 INFO  [main]o.s.security.web.DefaultSecurityFilterChain.<init>:55 -Will secure any request with [org.springframework.security.web.session.DisableEncodeUrlFilter@265287ec, org.springframework.security.web.context.request.async.WebAsyncManagerIntegrationFilter@7507d96c, org.springframework.security.web.context.SecurityContextPersistenceFilter@778197c0, org.springframework.security.web.header.HeaderWriterFilter@355493bf, org.springframework.security.web.authentication.logout.LogoutFilter@2c3679e5, org.springframework.security.oauth2.provider.authentication.OAuth2AuthenticationProcessingFilter@6d0a14c2, org.springframework.security.web.savedrequest.RequestCacheAwareFilter@4c28f97e, org.springframework.security.web.servletapi.SecurityContextHolderAwareRequestFilter@7538cfe6, org.springframework.security.web.authentication.AnonymousAuthenticationFilter@7210f559, org.springframework.security.web.session.SessionManagementFilter@484302ee, org.springframework.security.web.access.ExceptionTranslationFilter@29bd2796, org.springframework.security.web.access.intercept.FilterSecurityInterceptor@f36f34d]
2022-12-19 23:50:42.023 INFO  [main]org.springframework.cloud.commons.util.InetUtils.convertAddress:170 -Cannot determine local hostname
2022-12-19 23:50:42.096 INFO  [main]o.s.boot.actuate.endpoint.web.EndpointLinksResolver.<init>:58 -Exposing 1 endpoint(s) beneath base path '/actuator'
2022-12-19 23:50:42.285 INFO  [main]org.apache.coyote.http11.Http11NioProtocol.log:173 -Starting ProtocolHandler ["http-nio-8003"]
2022-12-19 23:50:42.300 INFO  [main]o.s.boot.web.embedded.tomcat.TomcatWebServer.start:220 -Tomcat started on port(s): 8003 (http) with context path ''
2022-12-19 23:50:42.369 INFO  [main]com.alibaba.cloud.nacos.registry.NacosServiceRegistry.register:75 -nacos registry, DEFAULT_GROUP coder-server 192.168.0.103:8003 register finished
2022-12-19 23:50:43.371 INFO  [main]org.springframework.cloud.commons.util.InetUtils.convertAddress:170 -Cannot determine local hostname
2022-12-19 23:50:43.385 INFO  [main]com.knowledge.server.ServerApplication.logStarted:61 -Started ServerApplication in 11.628 seconds (JVM running for 12.002)
2022-12-19 23:50:43.794 INFO  [RMI TCP Connection(4)-127.0.0.1]o.a.catalina.core.ContainerBase.[Tomcat].[localhost].[/].log:173 -Initializing Spring DispatcherServlet 'dispatcherServlet'
2022-12-19 23:50:43.795 INFO  [RMI TCP Connection(4)-127.0.0.1]org.springframework.web.servlet.DispatcherServlet.initServletBean:525 -Initializing Servlet 'dispatcherServlet'
2022-12-19 23:50:43.796 INFO  [RMI TCP Connection(4)-127.0.0.1]org.springframework.web.servlet.DispatcherServlet.initServletBean:547 -Completed initialization in 1 ms
2022-12-19 23:55:28.380 INFO  [SpringApplicationShutdownHook]com.alibaba.cloud.nacos.registry.NacosServiceRegistry.deregister:90 -De-registering from Nacos Server now...
2022-12-19 23:55:28.427 INFO  [SpringApplicationShutdownHook]com.alibaba.cloud.nacos.registry.NacosServiceRegistry.deregister:110 -De-registration finished.
2022-12-19 23:55:37.476 INFO  [SpringApplicationShutdownHook]com.alibaba.druid.pool.DruidDataSource.close:2032 -{dataSource-1} closing ...
2022-12-19 23:55:37.485 INFO  [SpringApplicationShutdownHook]com.alibaba.druid.pool.DruidDataSource.close:2104 -{dataSource-1} closed
