2022-12-22 15:13:23.732 WARN  [Thread-15]com.alibaba.nacos.common.http.HttpClientBeanHolder.shutdown:108 -[HttpClientBeanHolder] Start destroying common HttpClient
2022-12-22 15:13:23.733 WARN  [Thread-22]com.alibaba.nacos.common.notify.NotifyCenter.shutdown:145 -[NotifyCenter] Start destroying Publisher
2022-12-22 15:13:23.737 WARN  [Thread-22]com.alibaba.nacos.common.notify.NotifyCenter.shutdown:162 -[NotifyCenter] Destruction of the end
2022-12-22 15:13:23.738 WARN  [Thread-15]com.alibaba.nacos.common.http.HttpClientBeanHolder.shutdown:114 -[HttpClientBeanHolder] Destruction of the end
2022-12-22 15:13:23.756 INFO  [SpringApplicationShutdownHook]com.alibaba.cloud.nacos.registry.NacosServiceRegistry.deregister:90 -De-registering from Nacos Server now...
2022-12-22 15:13:24.035 INFO  [SpringApplicationShutdownHook]com.alibaba.cloud.nacos.registry.NacosServiceRegistry.deregister:110 -De-registration finished.
2022-12-22 15:13:30.965 WARN  [SpringApplicationShutdownHook]o.s.beans.factory.support.DisposableBeanAdapter.invokeCustomDestroyMethod:329 -Custom destroy method 'close' on bean with name 'nacosServiceRegistry' threw an exception: java.lang.NullPointerException
2022-12-22 15:13:30.981 INFO  [SpringApplicationShutdownHook]com.alibaba.druid.pool.DruidDataSource.close:2032 -{dataSource-1} closing ...
2022-12-22 15:13:30.983 INFO  [SpringApplicationShutdownHook]com.alibaba.druid.pool.DruidDataSource.close:2104 -{dataSource-1} closed
2022-12-22 15:13:37.065 INFO  [main]com.knowledge.server.ServerApplication.logStartupProfileInfo:634 -No active profile set, falling back to 1 default profile: "default"
2022-12-22 15:13:37.482 INFO  [main]o.s.d.repository.config.RepositoryConfigurationDelegate.multipleStoresDetected:262 -Multiple Spring Data modules found, entering strict repository configuration mode!
2022-12-22 15:13:37.482 INFO  [main]o.s.d.repository.config.RepositoryConfigurationDelegate.registerRepositoriesIn:132 -Bootstrapping Spring Data Redis repositories in DEFAULT mode.
2022-12-22 15:13:37.492 INFO  [main]o.s.d.repository.config.RepositoryConfigurationDelegate.registerRepositoriesIn:201 -Finished Spring Data repository scanning in 2 ms. Found 0 Redis repository interfaces.
2022-12-22 15:13:37.664 INFO  [main]o.s.d.repository.config.RepositoryConfigurationDelegate.multipleStoresDetected:262 -Multiple Spring Data modules found, entering strict repository configuration mode!
2022-12-22 15:13:37.664 INFO  [main]o.s.d.repository.config.RepositoryConfigurationDelegate.registerRepositoriesIn:132 -Bootstrapping Spring Data Redis repositories in DEFAULT mode.
2022-12-22 15:13:37.670 INFO  [main]o.s.d.repository.config.RepositoryConfigurationDelegate.registerRepositoriesIn:201 -Finished Spring Data repository scanning in 5 ms. Found 0 Redis repository interfaces.
2022-12-22 15:13:37.838 INFO  [main]org.springframework.cloud.context.scope.GenericScope.setSerializationId:283 -BeanFactory id=d4065484-9f36-3f3b-978d-225f94fdf1a6
2022-12-22 15:13:38.134 INFO  [main]o.s.boot.web.embedded.tomcat.TomcatWebServer.initialize:108 -Tomcat initialized with port(s): 8003 (http)
2022-12-22 15:13:38.140 INFO  [main]org.apache.coyote.http11.Http11NioProtocol.log:173 -Initializing ProtocolHandler ["http-nio-8003"]
2022-12-22 15:13:38.140 INFO  [main]org.apache.catalina.core.StandardService.log:173 -Starting service [Tomcat]
2022-12-22 15:13:38.140 INFO  [main]org.apache.catalina.core.StandardEngine.log:173 -Starting Servlet engine: [Apache Tomcat/9.0.63]
2022-12-22 15:13:38.204 INFO  [main]o.a.catalina.core.ContainerBase.[Tomcat].[localhost].[/].log:173 -Initializing Spring embedded WebApplicationContext
2022-12-22 15:13:38.204 INFO  [main]o.s.b.w.s.context.ServletWebServerApplicationContext.prepareWebApplicationContext:292 -Root WebApplicationContext: initialization completed in 1127 ms
2022-12-22 15:13:38.342 INFO  [main]c.a.d.s.boot.autoconfigure.DruidDataSourceAutoConfigure.dataSource:56 -Init DruidDataSource
2022-12-22 15:13:54.954 INFO  [main]com.alibaba.druid.pool.DruidDataSource.init:985 -{dataSource-1} inited
2022-12-22 15:13:55.146 WARN  [main]c.baomidou.mybatisplus.core.injector.DefaultSqlInjector.warn:64 -class com.knowledge.server.entity.model.TableFieldModel ,Not found @TableId annotation, Cannot use Mybatis-Plus 'xxById' Method.
2022-12-22 15:13:55.333 INFO  [main]o.springframework.cloud.openfeign.FeignClientFactoryBean.getTarget:418 -For 'coder-user' URL not provided. Will try picking an instance via load-balancing.
2022-12-22 15:13:56.536 WARN  [main]o.s.b.a.s.servlet.UserDetailsServiceAutoConfiguration.getOrDeducePassword:88 -

Using generated security password: f0b22cf4-d76f-4a0b-8ae1-fe76059be7ff

This generated password is for development use only. Your security configuration must be updated before running your application in production.

2022-12-22 15:13:56.682 INFO  [main]o.s.security.web.DefaultSecurityFilterChain.<init>:55 -Will secure any request with [org.springframework.security.web.session.DisableEncodeUrlFilter@53d87b2d, org.springframework.security.web.context.request.async.WebAsyncManagerIntegrationFilter@470135da, org.springframework.security.web.context.SecurityContextPersistenceFilter@5cd701e4, org.springframework.security.web.header.HeaderWriterFilter@598e5cb8, org.springframework.security.web.authentication.logout.LogoutFilter@5d9d8e46, org.springframework.security.oauth2.provider.authentication.OAuth2AuthenticationProcessingFilter@74e4be21, org.springframework.security.web.savedrequest.RequestCacheAwareFilter@2c3679e5, org.springframework.security.web.servletapi.SecurityContextHolderAwareRequestFilter@5f67181f, org.springframework.security.web.authentication.AnonymousAuthenticationFilter@7323dce7, org.springframework.security.web.session.SessionManagementFilter@6774f264, org.springframework.security.web.access.ExceptionTranslationFilter@1f4dd016, org.springframework.security.web.access.intercept.FilterSecurityInterceptor@1a3c4b3e]
2022-12-22 15:13:56.773 WARN  [main]o.s.c.l.c.LoadBalancerCacheAutoConfiguration$LoadBalancerCaffeineWarnLogger.logWarning:82 -Spring Cloud LoadBalancer is currently working with the default cache. While this cache implementation is useful for development and tests, it's recommended to use Caffeine cache in production.You can switch to using Caffeine cache, by adding it and org.springframework.cache.caffeine.CaffeineCacheManager to the classpath.
2022-12-22 15:13:56.774 WARN  [main]o.s.c.s.oauth2.SpringCloudSecurityAutoConfiguration.<init>:38 -All Spring Cloud Security modules and starters are deprecated. They will be moved to individual projects in the next major release.
2022-12-22 15:13:56.777 INFO  [main]o.s.boot.actuate.endpoint.web.EndpointLinksResolver.<init>:58 -Exposing 1 endpoint(s) beneath base path '/actuator'
2022-12-22 15:13:57.106 INFO  [main]org.apache.coyote.http11.Http11NioProtocol.log:173 -Starting ProtocolHandler ["http-nio-8003"]
2022-12-22 15:13:57.119 INFO  [main]o.s.boot.web.embedded.tomcat.TomcatWebServer.start:220 -Tomcat started on port(s): 8003 (http) with context path ''
2022-12-22 15:13:57.186 INFO  [main]com.alibaba.cloud.nacos.registry.NacosServiceRegistry.register:75 -nacos registry, DEFAULT_GROUP coder-server 192.168.0.106:8003 register finished
2022-12-22 15:13:57.202 INFO  [main]com.knowledge.server.ServerApplication.logStarted:61 -Started ServerApplication in 21.762 seconds (JVM running for 22.153)
2022-12-22 15:13:57.395 INFO  [RMI TCP Connection(2)-127.0.0.1]o.a.catalina.core.ContainerBase.[Tomcat].[localhost].[/].log:173 -Initializing Spring DispatcherServlet 'dispatcherServlet'
2022-12-22 15:13:57.395 INFO  [RMI TCP Connection(2)-127.0.0.1]org.springframework.web.servlet.DispatcherServlet.initServletBean:525 -Initializing Servlet 'dispatcherServlet'
2022-12-22 15:13:57.397 INFO  [RMI TCP Connection(2)-127.0.0.1]org.springframework.web.servlet.DispatcherServlet.initServletBean:547 -Completed initialization in 1 ms
2022-12-22 15:29:56.880 WARN  [Thread-46]com.alibaba.nacos.common.http.HttpClientBeanHolder.shutdown:108 -[HttpClientBeanHolder] Start destroying common HttpClient
2022-12-22 15:29:56.880 WARN  [Thread-52]com.alibaba.nacos.common.notify.NotifyCenter.shutdown:145 -[NotifyCenter] Start destroying Publisher
2022-12-22 15:29:56.882 WARN  [Thread-52]com.alibaba.nacos.common.notify.NotifyCenter.shutdown:162 -[NotifyCenter] Destruction of the end
2022-12-22 15:29:56.882 WARN  [Thread-46]com.alibaba.nacos.common.http.HttpClientBeanHolder.shutdown:114 -[HttpClientBeanHolder] Destruction of the end
2022-12-22 15:29:56.900 INFO  [SpringApplicationShutdownHook]com.alibaba.cloud.nacos.registry.NacosServiceRegistry.deregister:90 -De-registering from Nacos Server now...
2022-12-22 15:29:56.963 INFO  [SpringApplicationShutdownHook]com.alibaba.cloud.nacos.registry.NacosServiceRegistry.deregister:110 -De-registration finished.
2022-12-22 15:30:04.877 WARN  [SpringApplicationShutdownHook]o.s.beans.factory.support.DisposableBeanAdapter.invokeCustomDestroyMethod:329 -Custom destroy method 'close' on bean with name 'nacosServiceRegistry' threw an exception: java.lang.NullPointerException
2022-12-22 15:30:04.887 INFO  [SpringApplicationShutdownHook]com.alibaba.druid.pool.DruidDataSource.close:2032 -{dataSource-1} closing ...
2022-12-22 15:30:04.895 INFO  [SpringApplicationShutdownHook]com.alibaba.druid.pool.DruidDataSource.close:2104 -{dataSource-1} closed
