2022-12-14 09:03:18.939 WARN  [Thread-15]com.alibaba.nacos.common.http.HttpClientBeanHolder.shutdown:108 -[HttpClientBeanHolder] Start destroying common HttpClient
2022-12-14 09:03:18.939 WARN  [Thread-22]com.alibaba.nacos.common.notify.NotifyCenter.shutdown:145 -[NotifyCenter] Start destroying Publisher
2022-12-14 09:03:18.942 WARN  [Thread-22]com.alibaba.nacos.common.notify.NotifyCenter.shutdown:162 -[NotifyCenter] Destruction of the end
2022-12-14 09:03:18.942 WARN  [Thread-15]com.alibaba.nacos.common.http.HttpClientBeanHolder.shutdown:114 -[HttpClientBeanHolder] Destruction of the end
2022-12-14 09:03:25.327 WARN  [SpringApplicationShutdownHook]o.s.beans.factory.support.DisposableBeanAdapter.invokeCustomDestroyMethod:329 -Custom destroy method 'close' on bean with name 'nacosServiceRegistry' threw an exception: java.lang.NullPointerException
2022-12-14 09:03:32.720 WARN  [main]c.baomidou.mybatisplus.core.injector.DefaultSqlInjector.warn:64 -class com.knowledge.server.entity.model.TableFieldModel ,Not found @TableId annotation, Cannot use Mybatis-Plus 'xxById' Method.
2022-12-14 09:03:34.806 WARN  [main]o.s.b.a.freemarker.FreeMarkerAutoConfiguration.checkTemplateLocationExists:65 -Cannot find template location(s): [classpath:/templates/] (please add some templates, check your FreeMarker configuration, or set spring.freemarker.checkTemplateLocation=false)
2022-12-14 09:03:34.854 WARN  [main]o.s.b.a.s.servlet.UserDetailsServiceAutoConfiguration.getOrDeducePassword:88 -

Using generated security password: 91c37e5f-8f77-4b77-97ab-ab489b357188

This generated password is for development use only. Your security configuration must be updated before running your application in production.

2022-12-14 09:03:35.144 WARN  [main]o.s.c.l.c.LoadBalancerCacheAutoConfiguration$LoadBalancerCaffeineWarnLogger.logWarning:82 -Spring Cloud LoadBalancer is currently working with the default cache. While this cache implementation is useful for development and tests, it's recommended to use Caffeine cache in production.You can switch to using Caffeine cache, by adding it and org.springframework.cache.caffeine.CaffeineCacheManager to the classpath.
2022-12-14 09:03:35.145 WARN  [main]o.s.c.s.oauth2.SpringCloudSecurityAutoConfiguration.<init>:38 -All Spring Cloud Security modules and starters are deprecated. They will be moved to individual projects in the next major release.
2022-12-14 09:07:25.647 WARN  [Thread-15]com.alibaba.nacos.common.http.HttpClientBeanHolder.shutdown:108 -[HttpClientBeanHolder] Start destroying common HttpClient
2022-12-14 09:07:25.647 WARN  [Thread-21]com.alibaba.nacos.common.notify.NotifyCenter.shutdown:145 -[NotifyCenter] Start destroying Publisher
2022-12-14 09:07:25.647 WARN  [Thread-15]com.alibaba.nacos.common.http.HttpClientBeanHolder.shutdown:114 -[HttpClientBeanHolder] Destruction of the end
2022-12-14 09:07:25.647 WARN  [Thread-21]com.alibaba.nacos.common.notify.NotifyCenter.shutdown:162 -[NotifyCenter] Destruction of the end
2022-12-14 09:07:31.859 WARN  [SpringApplicationShutdownHook]o.s.beans.factory.support.DisposableBeanAdapter.invokeCustomDestroyMethod:329 -Custom destroy method 'close' on bean with name 'nacosServiceRegistry' threw an exception: java.lang.NullPointerException
2022-12-14 09:07:37.449 WARN  [main]c.baomidou.mybatisplus.core.injector.DefaultSqlInjector.warn:64 -class com.knowledge.server.entity.model.TableFieldModel ,Not found @TableId annotation, Cannot use Mybatis-Plus 'xxById' Method.
2022-12-14 09:07:39.226 WARN  [main]o.s.b.a.freemarker.FreeMarkerAutoConfiguration.checkTemplateLocationExists:65 -Cannot find template location(s): [classpath:/templates/] (please add some templates, check your FreeMarker configuration, or set spring.freemarker.checkTemplateLocation=false)
2022-12-14 09:07:39.270 WARN  [main]o.s.b.a.s.servlet.UserDetailsServiceAutoConfiguration.getOrDeducePassword:88 -

Using generated security password: 4be23db6-282d-4d6b-867b-56e77956d5df

This generated password is for development use only. Your security configuration must be updated before running your application in production.

2022-12-14 09:07:39.545 WARN  [main]o.s.c.l.c.LoadBalancerCacheAutoConfiguration$LoadBalancerCaffeineWarnLogger.logWarning:82 -Spring Cloud LoadBalancer is currently working with the default cache. While this cache implementation is useful for development and tests, it's recommended to use Caffeine cache in production.You can switch to using Caffeine cache, by adding it and org.springframework.cache.caffeine.CaffeineCacheManager to the classpath.
2022-12-14 09:07:39.545 WARN  [main]o.s.c.s.oauth2.SpringCloudSecurityAutoConfiguration.<init>:38 -All Spring Cloud Security modules and starters are deprecated. They will be moved to individual projects in the next major release.
2022-12-14 12:59:26.318 WARN  [Thread-14]com.alibaba.nacos.common.http.HttpClientBeanHolder.shutdown:108 -[HttpClientBeanHolder] Start destroying common HttpClient
2022-12-14 12:59:26.317 WARN  [Thread-20]com.alibaba.nacos.common.notify.NotifyCenter.shutdown:145 -[NotifyCenter] Start destroying Publisher
2022-12-14 12:59:26.321 WARN  [Thread-20]com.alibaba.nacos.common.notify.NotifyCenter.shutdown:162 -[NotifyCenter] Destruction of the end
2022-12-14 12:59:26.323 WARN  [Thread-14]com.alibaba.nacos.common.http.HttpClientBeanHolder.shutdown:114 -[HttpClientBeanHolder] Destruction of the end
2022-12-14 12:59:32.973 WARN  [SpringApplicationShutdownHook]o.s.beans.factory.support.DisposableBeanAdapter.invokeCustomDestroyMethod:329 -Custom destroy method 'close' on bean with name 'nacosServiceRegistry' threw an exception: java.lang.NullPointerException
2022-12-14 20:30:37.224 WARN  [main]c.baomidou.mybatisplus.core.injector.DefaultSqlInjector.warn:64 -class com.knowledge.server.entity.model.TableFieldModel ,Not found @TableId annotation, Cannot use Mybatis-Plus 'xxById' Method.
2022-12-14 20:30:39.134 WARN  [main]o.s.b.a.freemarker.FreeMarkerAutoConfiguration.checkTemplateLocationExists:65 -Cannot find template location(s): [classpath:/templates/] (please add some templates, check your FreeMarker configuration, or set spring.freemarker.checkTemplateLocation=false)
2022-12-14 20:30:39.180 WARN  [main]o.s.b.a.s.servlet.UserDetailsServiceAutoConfiguration.getOrDeducePassword:88 -

Using generated security password: 62cf5f7d-35b4-4f4e-b0d7-550fe67ebb1c

This generated password is for development use only. Your security configuration must be updated before running your application in production.

2022-12-14 20:30:39.525 WARN  [main]o.s.c.l.c.LoadBalancerCacheAutoConfiguration$LoadBalancerCaffeineWarnLogger.logWarning:82 -Spring Cloud LoadBalancer is currently working with the default cache. While this cache implementation is useful for development and tests, it's recommended to use Caffeine cache in production.You can switch to using Caffeine cache, by adding it and org.springframework.cache.caffeine.CaffeineCacheManager to the classpath.
2022-12-14 20:30:39.526 WARN  [main]o.s.c.s.oauth2.SpringCloudSecurityAutoConfiguration.<init>:38 -All Spring Cloud Security modules and starters are deprecated. They will be moved to individual projects in the next major release.
