2022-12-20 11:35:44.995 WARN  [main]c.baomidou.mybatisplus.core.injector.DefaultSqlInjector.warn:64 -class com.knowledge.server.entity.model.TableFieldModel ,Not found @TableId annotation, Cannot use Mybatis-Plus 'xxById' Method.
2022-12-20 11:35:46.752 WARN  [main]o.s.b.a.freemarker.FreeMarkerAutoConfiguration.checkTemplateLocationExists:65 -Cannot find template location(s): [classpath:/templates/] (please add some templates, check your FreeMarker configuration, or set spring.freemarker.checkTemplateLocation=false)
2022-12-20 11:35:46.792 WARN  [main]o.s.b.a.s.servlet.UserDetailsServiceAutoConfiguration.getOrDeducePassword:88 -

Using generated security password: e45d491e-469d-4b20-b3fe-747f5fcf4104

This generated password is for development use only. Your security configuration must be updated before running your application in production.

2022-12-20 11:35:47.017 WARN  [main]o.s.c.l.c.LoadBalancerCacheAutoConfiguration$LoadBalancerCaffeineWarnLogger.logWarning:82 -Spring Cloud LoadBalancer is currently working with the default cache. While this cache implementation is useful for development and tests, it's recommended to use Caffeine cache in production.You can switch to using Caffeine cache, by adding it and org.springframework.cache.caffeine.CaffeineCacheManager to the classpath.
2022-12-20 11:35:47.018 WARN  [main]o.s.c.s.oauth2.SpringCloudSecurityAutoConfiguration.<init>:38 -All Spring Cloud Security modules and starters are deprecated. They will be moved to individual projects in the next major release.
2022-12-20 11:41:24.796 WARN  [Thread-17]com.alibaba.nacos.common.http.HttpClientBeanHolder.shutdown:108 -[HttpClientBeanHolder] Start destroying common HttpClient
2022-12-20 11:41:24.797 WARN  [Thread-24]com.alibaba.nacos.common.notify.NotifyCenter.shutdown:145 -[NotifyCenter] Start destroying Publisher
2022-12-20 11:41:24.797 WARN  [Thread-24]com.alibaba.nacos.common.notify.NotifyCenter.shutdown:162 -[NotifyCenter] Destruction of the end
2022-12-20 11:41:24.798 WARN  [Thread-17]com.alibaba.nacos.common.http.HttpClientBeanHolder.shutdown:114 -[HttpClientBeanHolder] Destruction of the end
2022-12-20 11:41:33.931 WARN  [SpringApplicationShutdownHook]o.s.beans.factory.support.DisposableBeanAdapter.invokeCustomDestroyMethod:329 -Custom destroy method 'close' on bean with name 'nacosServiceRegistry' threw an exception: java.lang.NullPointerException
2022-12-20 11:42:25.116 WARN  [main]c.baomidou.mybatisplus.core.injector.DefaultSqlInjector.warn:64 -class com.knowledge.server.entity.model.TableFieldModel ,Not found @TableId annotation, Cannot use Mybatis-Plus 'xxById' Method.
2022-12-20 11:42:26.434 WARN  [main]o.s.b.a.freemarker.FreeMarkerAutoConfiguration.checkTemplateLocationExists:65 -Cannot find template location(s): [classpath:/templates/] (please add some templates, check your FreeMarker configuration, or set spring.freemarker.checkTemplateLocation=false)
2022-12-20 11:42:26.475 WARN  [main]o.s.b.a.s.servlet.UserDetailsServiceAutoConfiguration.getOrDeducePassword:88 -

Using generated security password: ec38004c-59a0-4bc1-93c9-aa86818b9434

This generated password is for development use only. Your security configuration must be updated before running your application in production.

2022-12-20 11:42:26.745 WARN  [main]o.s.c.l.c.LoadBalancerCacheAutoConfiguration$LoadBalancerCaffeineWarnLogger.logWarning:82 -Spring Cloud LoadBalancer is currently working with the default cache. While this cache implementation is useful for development and tests, it's recommended to use Caffeine cache in production.You can switch to using Caffeine cache, by adding it and org.springframework.cache.caffeine.CaffeineCacheManager to the classpath.
2022-12-20 11:42:26.746 WARN  [main]o.s.c.s.oauth2.SpringCloudSecurityAutoConfiguration.<init>:38 -All Spring Cloud Security modules and starters are deprecated. They will be moved to individual projects in the next major release.
2022-12-20 12:40:36.603 WARN  [Thread-17]com.alibaba.nacos.common.http.HttpClientBeanHolder.shutdown:108 -[HttpClientBeanHolder] Start destroying common HttpClient
2022-12-20 12:40:36.603 WARN  [Thread-23]com.alibaba.nacos.common.notify.NotifyCenter.shutdown:145 -[NotifyCenter] Start destroying Publisher
2022-12-20 12:40:36.605 WARN  [Thread-23]com.alibaba.nacos.common.notify.NotifyCenter.shutdown:162 -[NotifyCenter] Destruction of the end
2022-12-20 12:40:36.606 WARN  [Thread-17]com.alibaba.nacos.common.http.HttpClientBeanHolder.shutdown:114 -[HttpClientBeanHolder] Destruction of the end
2022-12-20 12:40:45.988 WARN  [SpringApplicationShutdownHook]o.s.beans.factory.support.DisposableBeanAdapter.invokeCustomDestroyMethod:329 -Custom destroy method 'close' on bean with name 'nacosServiceRegistry' threw an exception: java.lang.NullPointerException
2022-12-20 23:44:37.370 WARN  [main]c.baomidou.mybatisplus.core.injector.DefaultSqlInjector.warn:64 -class com.knowledge.server.entity.model.TableFieldModel ,Not found @TableId annotation, Cannot use Mybatis-Plus 'xxById' Method.
2022-12-20 23:44:39.109 WARN  [main]o.s.b.a.freemarker.FreeMarkerAutoConfiguration.checkTemplateLocationExists:65 -Cannot find template location(s): [classpath:/templates/] (please add some templates, check your FreeMarker configuration, or set spring.freemarker.checkTemplateLocation=false)
2022-12-20 23:44:39.159 WARN  [main]o.s.b.a.s.servlet.UserDetailsServiceAutoConfiguration.getOrDeducePassword:88 -

Using generated security password: 1896fb81-6784-4ab1-8f2b-9e1e8ebdccff

This generated password is for development use only. Your security configuration must be updated before running your application in production.

2022-12-20 23:44:39.409 WARN  [main]o.s.c.l.c.LoadBalancerCacheAutoConfiguration$LoadBalancerCaffeineWarnLogger.logWarning:82 -Spring Cloud LoadBalancer is currently working with the default cache. While this cache implementation is useful for development and tests, it's recommended to use Caffeine cache in production.You can switch to using Caffeine cache, by adding it and org.springframework.cache.caffeine.CaffeineCacheManager to the classpath.
2022-12-20 23:44:39.409 WARN  [main]o.s.c.s.oauth2.SpringCloudSecurityAutoConfiguration.<init>:38 -All Spring Cloud Security modules and starters are deprecated. They will be moved to individual projects in the next major release.
2022-12-20 23:51:59.656 WARN  [Thread-26]com.alibaba.nacos.common.notify.NotifyCenter.shutdown:145 -[NotifyCenter] Start destroying Publisher
2022-12-20 23:51:59.657 WARN  [Thread-19]com.alibaba.nacos.common.http.HttpClientBeanHolder.shutdown:108 -[HttpClientBeanHolder] Start destroying common HttpClient
2022-12-20 23:51:59.658 WARN  [Thread-26]com.alibaba.nacos.common.notify.NotifyCenter.shutdown:162 -[NotifyCenter] Destruction of the end
2022-12-20 23:51:59.658 WARN  [Thread-19]com.alibaba.nacos.common.http.HttpClientBeanHolder.shutdown:114 -[HttpClientBeanHolder] Destruction of the end
2022-12-20 23:52:07.757 WARN  [SpringApplicationShutdownHook]o.s.beans.factory.support.DisposableBeanAdapter.invokeCustomDestroyMethod:329 -Custom destroy method 'close' on bean with name 'nacosServiceRegistry' threw an exception: java.lang.NullPointerException
2022-12-20 23:52:21.398 WARN  [main]c.baomidou.mybatisplus.core.injector.DefaultSqlInjector.warn:64 -class com.knowledge.server.entity.model.TableFieldModel ,Not found @TableId annotation, Cannot use Mybatis-Plus 'xxById' Method.
2022-12-20 23:52:22.969 WARN  [main]o.s.b.a.freemarker.FreeMarkerAutoConfiguration.checkTemplateLocationExists:65 -Cannot find template location(s): [classpath:/templates/] (please add some templates, check your FreeMarker configuration, or set spring.freemarker.checkTemplateLocation=false)
2022-12-20 23:52:23.010 WARN  [main]o.s.b.a.s.servlet.UserDetailsServiceAutoConfiguration.getOrDeducePassword:88 -

Using generated security password: 82077932-aa6b-421e-9f49-83842f24fb64

This generated password is for development use only. Your security configuration must be updated before running your application in production.

2022-12-20 23:52:23.226 WARN  [main]o.s.c.l.c.LoadBalancerCacheAutoConfiguration$LoadBalancerCaffeineWarnLogger.logWarning:82 -Spring Cloud LoadBalancer is currently working with the default cache. While this cache implementation is useful for development and tests, it's recommended to use Caffeine cache in production.You can switch to using Caffeine cache, by adding it and org.springframework.cache.caffeine.CaffeineCacheManager to the classpath.
2022-12-20 23:52:23.227 WARN  [main]o.s.c.s.oauth2.SpringCloudSecurityAutoConfiguration.<init>:38 -All Spring Cloud Security modules and starters are deprecated. They will be moved to individual projects in the next major release.
2022-12-20 23:58:29.761 WARN  [Thread-16]com.alibaba.nacos.common.http.HttpClientBeanHolder.shutdown:108 -[HttpClientBeanHolder] Start destroying common HttpClient
2022-12-20 23:58:29.761 WARN  [Thread-23]com.alibaba.nacos.common.notify.NotifyCenter.shutdown:145 -[NotifyCenter] Start destroying Publisher
2022-12-20 23:58:29.761 WARN  [Thread-23]com.alibaba.nacos.common.notify.NotifyCenter.shutdown:162 -[NotifyCenter] Destruction of the end
2022-12-20 23:58:29.761 WARN  [Thread-16]com.alibaba.nacos.common.http.HttpClientBeanHolder.shutdown:114 -[HttpClientBeanHolder] Destruction of the end
2022-12-20 23:58:38.894 WARN  [SpringApplicationShutdownHook]o.s.beans.factory.support.DisposableBeanAdapter.invokeCustomDestroyMethod:329 -Custom destroy method 'close' on bean with name 'nacosServiceRegistry' threw an exception: java.lang.NullPointerException
2022-12-20 23:58:50.643 WARN  [main]c.baomidou.mybatisplus.core.injector.DefaultSqlInjector.warn:64 -class com.knowledge.server.entity.model.TableFieldModel ,Not found @TableId annotation, Cannot use Mybatis-Plus 'xxById' Method.
2022-12-20 23:58:52.026 WARN  [main]o.s.b.a.freemarker.FreeMarkerAutoConfiguration.checkTemplateLocationExists:65 -Cannot find template location(s): [classpath:/templates/] (please add some templates, check your FreeMarker configuration, or set spring.freemarker.checkTemplateLocation=false)
2022-12-20 23:58:52.072 WARN  [main]o.s.b.a.s.servlet.UserDetailsServiceAutoConfiguration.getOrDeducePassword:88 -

Using generated security password: 76ef97f4-7769-4c29-928d-acc63de88986

This generated password is for development use only. Your security configuration must be updated before running your application in production.

2022-12-20 23:58:52.299 WARN  [main]o.s.c.l.c.LoadBalancerCacheAutoConfiguration$LoadBalancerCaffeineWarnLogger.logWarning:82 -Spring Cloud LoadBalancer is currently working with the default cache. While this cache implementation is useful for development and tests, it's recommended to use Caffeine cache in production.You can switch to using Caffeine cache, by adding it and org.springframework.cache.caffeine.CaffeineCacheManager to the classpath.
2022-12-20 23:58:52.300 WARN  [main]o.s.c.s.oauth2.SpringCloudSecurityAutoConfiguration.<init>:38 -All Spring Cloud Security modules and starters are deprecated. They will be moved to individual projects in the next major release.
