2022-12-13 22:04:45.194 WARN  [main]c.baomidou.mybatisplus.core.injector.DefaultSqlInjector.warn:64 -class com.knowledge.server.entity.model.TableFieldModel ,Not found @TableId annotation, Cannot use Mybatis-Plus 'xxById' Method.
2022-12-13 22:04:46.963 WARN  [main]o.s.b.a.freemarker.FreeMarkerAutoConfiguration.checkTemplateLocationExists:65 -Cannot find template location(s): [classpath:/templates/] (please add some templates, check your FreeMarker configuration, or set spring.freemarker.checkTemplateLocation=false)
2022-12-13 22:04:47.010 WARN  [main]o.s.b.a.s.servlet.UserDetailsServiceAutoConfiguration.getOrDeducePassword:88 -

Using generated security password: 007eba8b-1ba1-42cd-985f-d03ec0932531

This generated password is for development use only. Your security configuration must be updated before running your application in production.

2022-12-13 22:04:47.596 WARN  [main]o.s.c.l.c.LoadBalancerCacheAutoConfiguration$LoadBalancerCaffeineWarnLogger.logWarning:82 -Spring Cloud LoadBalancer is currently working with the default cache. While this cache implementation is useful for development and tests, it's recommended to use Caffeine cache in production.You can switch to using Caffeine cache, by adding it and org.springframework.cache.caffeine.CaffeineCacheManager to the classpath.
2022-12-13 22:04:47.598 WARN  [main]o.s.c.s.oauth2.SpringCloudSecurityAutoConfiguration.<init>:38 -All Spring Cloud Security modules and starters are deprecated. They will be moved to individual projects in the next major release.
2022-12-13 22:15:00.222 WARN  [http-nio-8003-exec-2]com.alibaba.druid.pool.DruidAbstractDataSource.testConnectionInternal:1489 -discard long time none received connection. , jdbcUrl : jdbc:mysql://localhost:3306/code_generator?serverTimezone=GMT%2B8&useUnicode=true&characterEncoding=UTF-8&autoReconnect=true, version : 1.2.4, lastPacketReceivedIdleMillis : 615264
2022-12-13 22:15:00.223 WARN  [http-nio-8003-exec-2]com.alibaba.druid.pool.DruidAbstractDataSource.testConnectionInternal:1489 -discard long time none received connection. , jdbcUrl : jdbc:mysql://localhost:3306/code_generator?serverTimezone=GMT%2B8&useUnicode=true&characterEncoding=UTF-8&autoReconnect=true, version : 1.2.4, lastPacketReceivedIdleMillis : 615288
2022-12-13 22:15:00.224 WARN  [http-nio-8003-exec-2]com.alibaba.druid.pool.DruidAbstractDataSource.testConnectionInternal:1489 -discard long time none received connection. , jdbcUrl : jdbc:mysql://localhost:3306/code_generator?serverTimezone=GMT%2B8&useUnicode=true&characterEncoding=UTF-8&autoReconnect=true, version : 1.2.4, lastPacketReceivedIdleMillis : 615306
2022-12-13 22:15:00.225 WARN  [http-nio-8003-exec-2]com.alibaba.druid.pool.DruidAbstractDataSource.testConnectionInternal:1489 -discard long time none received connection. , jdbcUrl : jdbc:mysql://localhost:3306/code_generator?serverTimezone=GMT%2B8&useUnicode=true&characterEncoding=UTF-8&autoReconnect=true, version : 1.2.4, lastPacketReceivedIdleMillis : 615326
2022-12-13 22:15:00.225 WARN  [http-nio-8003-exec-2]com.alibaba.druid.pool.DruidAbstractDataSource.testConnectionInternal:1489 -discard long time none received connection. , jdbcUrl : jdbc:mysql://localhost:3306/code_generator?serverTimezone=GMT%2B8&useUnicode=true&characterEncoding=UTF-8&autoReconnect=true, version : 1.2.4, lastPacketReceivedIdleMillis : 615347
2022-12-13 22:21:58.809 WARN  [Thread-14]com.alibaba.nacos.common.http.HttpClientBeanHolder.shutdown:108 -[HttpClientBeanHolder] Start destroying common HttpClient
2022-12-13 22:21:58.809 WARN  [Thread-21]com.alibaba.nacos.common.notify.NotifyCenter.shutdown:145 -[NotifyCenter] Start destroying Publisher
2022-12-13 22:21:58.810 WARN  [Thread-21]com.alibaba.nacos.common.notify.NotifyCenter.shutdown:162 -[NotifyCenter] Destruction of the end
2022-12-13 22:21:58.810 WARN  [Thread-14]com.alibaba.nacos.common.http.HttpClientBeanHolder.shutdown:114 -[HttpClientBeanHolder] Destruction of the end
2022-12-13 22:22:05.440 WARN  [SpringApplicationShutdownHook]o.s.beans.factory.support.DisposableBeanAdapter.invokeCustomDestroyMethod:329 -Custom destroy method 'close' on bean with name 'nacosServiceRegistry' threw an exception: java.lang.NullPointerException
2022-12-13 22:29:31.964 WARN  [main]c.baomidou.mybatisplus.core.injector.DefaultSqlInjector.warn:64 -class com.knowledge.server.entity.model.TableFieldModel ,Not found @TableId annotation, Cannot use Mybatis-Plus 'xxById' Method.
2022-12-13 22:29:33.419 WARN  [main]o.s.b.a.freemarker.FreeMarkerAutoConfiguration.checkTemplateLocationExists:65 -Cannot find template location(s): [classpath:/templates/] (please add some templates, check your FreeMarker configuration, or set spring.freemarker.checkTemplateLocation=false)
2022-12-13 22:29:33.459 WARN  [main]o.s.b.a.s.servlet.UserDetailsServiceAutoConfiguration.getOrDeducePassword:88 -

Using generated security password: 58f99f44-9ec1-40f4-8294-c88d06d07041

This generated password is for development use only. Your security configuration must be updated before running your application in production.

2022-12-13 22:29:33.696 WARN  [main]o.s.c.l.c.LoadBalancerCacheAutoConfiguration$LoadBalancerCaffeineWarnLogger.logWarning:82 -Spring Cloud LoadBalancer is currently working with the default cache. While this cache implementation is useful for development and tests, it's recommended to use Caffeine cache in production.You can switch to using Caffeine cache, by adding it and org.springframework.cache.caffeine.CaffeineCacheManager to the classpath.
2022-12-13 22:29:33.697 WARN  [main]o.s.c.s.oauth2.SpringCloudSecurityAutoConfiguration.<init>:38 -All Spring Cloud Security modules and starters are deprecated. They will be moved to individual projects in the next major release.
2022-12-13 22:31:42.963 WARN  [Thread-13]com.alibaba.nacos.common.http.HttpClientBeanHolder.shutdown:108 -[HttpClientBeanHolder] Start destroying common HttpClient
2022-12-13 22:31:42.964 WARN  [Thread-19]com.alibaba.nacos.common.notify.NotifyCenter.shutdown:145 -[NotifyCenter] Start destroying Publisher
2022-12-13 22:31:42.964 WARN  [Thread-19]com.alibaba.nacos.common.notify.NotifyCenter.shutdown:162 -[NotifyCenter] Destruction of the end
2022-12-13 22:31:42.964 WARN  [Thread-13]com.alibaba.nacos.common.http.HttpClientBeanHolder.shutdown:114 -[HttpClientBeanHolder] Destruction of the end
2022-12-13 22:31:49.258 WARN  [SpringApplicationShutdownHook]o.s.beans.factory.support.DisposableBeanAdapter.invokeCustomDestroyMethod:329 -Custom destroy method 'close' on bean with name 'nacosServiceRegistry' threw an exception: java.lang.NullPointerException
2022-12-13 22:31:54.761 WARN  [main]c.baomidou.mybatisplus.core.injector.DefaultSqlInjector.warn:64 -class com.knowledge.server.entity.model.TableFieldModel ,Not found @TableId annotation, Cannot use Mybatis-Plus 'xxById' Method.
2022-12-13 22:31:56.521 WARN  [main]o.s.b.a.freemarker.FreeMarkerAutoConfiguration.checkTemplateLocationExists:65 -Cannot find template location(s): [classpath:/templates/] (please add some templates, check your FreeMarker configuration, or set spring.freemarker.checkTemplateLocation=false)
2022-12-13 22:31:56.576 WARN  [main]o.s.b.a.s.servlet.UserDetailsServiceAutoConfiguration.getOrDeducePassword:88 -

Using generated security password: 2c8a9bc0-2917-46f6-888e-4436a79a68b3

This generated password is for development use only. Your security configuration must be updated before running your application in production.

2022-12-13 22:31:56.917 WARN  [main]o.s.c.l.c.LoadBalancerCacheAutoConfiguration$LoadBalancerCaffeineWarnLogger.logWarning:82 -Spring Cloud LoadBalancer is currently working with the default cache. While this cache implementation is useful for development and tests, it's recommended to use Caffeine cache in production.You can switch to using Caffeine cache, by adding it and org.springframework.cache.caffeine.CaffeineCacheManager to the classpath.
2022-12-13 22:31:56.918 WARN  [main]o.s.c.s.oauth2.SpringCloudSecurityAutoConfiguration.<init>:38 -All Spring Cloud Security modules and starters are deprecated. They will be moved to individual projects in the next major release.
2022-12-13 22:34:55.340 WARN  [Thread-20]com.alibaba.nacos.common.notify.NotifyCenter.shutdown:145 -[NotifyCenter] Start destroying Publisher
2022-12-13 22:34:55.341 WARN  [Thread-14]com.alibaba.nacos.common.http.HttpClientBeanHolder.shutdown:108 -[HttpClientBeanHolder] Start destroying common HttpClient
2022-12-13 22:34:55.341 WARN  [Thread-20]com.alibaba.nacos.common.notify.NotifyCenter.shutdown:162 -[NotifyCenter] Destruction of the end
2022-12-13 22:34:55.342 WARN  [Thread-14]com.alibaba.nacos.common.http.HttpClientBeanHolder.shutdown:114 -[HttpClientBeanHolder] Destruction of the end
2022-12-13 22:35:03.064 WARN  [SpringApplicationShutdownHook]o.s.beans.factory.support.DisposableBeanAdapter.invokeCustomDestroyMethod:329 -Custom destroy method 'close' on bean with name 'nacosServiceRegistry' threw an exception: java.lang.NullPointerException
2022-12-13 22:51:50.165 WARN  [main]c.baomidou.mybatisplus.core.injector.DefaultSqlInjector.warn:64 -class com.knowledge.server.entity.model.TableFieldModel ,Not found @TableId annotation, Cannot use Mybatis-Plus 'xxById' Method.
2022-12-13 22:51:51.648 WARN  [main]o.s.b.a.freemarker.FreeMarkerAutoConfiguration.checkTemplateLocationExists:65 -Cannot find template location(s): [classpath:/templates/] (please add some templates, check your FreeMarker configuration, or set spring.freemarker.checkTemplateLocation=false)
2022-12-13 22:51:51.685 WARN  [main]o.s.b.a.s.servlet.UserDetailsServiceAutoConfiguration.getOrDeducePassword:88 -

Using generated security password: ef170987-6591-47e5-b931-7f7b90fbb719

This generated password is for development use only. Your security configuration must be updated before running your application in production.

2022-12-13 22:51:51.940 WARN  [main]o.s.c.l.c.LoadBalancerCacheAutoConfiguration$LoadBalancerCaffeineWarnLogger.logWarning:82 -Spring Cloud LoadBalancer is currently working with the default cache. While this cache implementation is useful for development and tests, it's recommended to use Caffeine cache in production.You can switch to using Caffeine cache, by adding it and org.springframework.cache.caffeine.CaffeineCacheManager to the classpath.
2022-12-13 22:51:51.941 WARN  [main]o.s.c.s.oauth2.SpringCloudSecurityAutoConfiguration.<init>:38 -All Spring Cloud Security modules and starters are deprecated. They will be moved to individual projects in the next major release.
2022-12-13 22:55:50.788 WARN  [http-nio-8003-exec-1]com.alibaba.druid.pool.DruidAbstractDataSource.testConnectionInternal:1489 -discard long time none received connection. , jdbcUrl : jdbc:mysql://localhost:3306/code_generator?serverTimezone=GMT%2B8&useUnicode=true&characterEncoding=UTF-8&autoReconnect=true, version : 1.2.4, lastPacketReceivedIdleMillis : 240811
2022-12-13 22:55:50.789 WARN  [http-nio-8003-exec-1]com.alibaba.druid.pool.DruidAbstractDataSource.testConnectionInternal:1489 -discard long time none received connection. , jdbcUrl : jdbc:mysql://localhost:3306/code_generator?serverTimezone=GMT%2B8&useUnicode=true&characterEncoding=UTF-8&autoReconnect=true, version : 1.2.4, lastPacketReceivedIdleMillis : 240844
2022-12-13 22:55:50.790 WARN  [http-nio-8003-exec-1]com.alibaba.druid.pool.DruidAbstractDataSource.testConnectionInternal:1489 -discard long time none received connection. , jdbcUrl : jdbc:mysql://localhost:3306/code_generator?serverTimezone=GMT%2B8&useUnicode=true&characterEncoding=UTF-8&autoReconnect=true, version : 1.2.4, lastPacketReceivedIdleMillis : 240865
2022-12-13 22:55:50.791 WARN  [http-nio-8003-exec-1]com.alibaba.druid.pool.DruidAbstractDataSource.testConnectionInternal:1489 -discard long time none received connection. , jdbcUrl : jdbc:mysql://localhost:3306/code_generator?serverTimezone=GMT%2B8&useUnicode=true&characterEncoding=UTF-8&autoReconnect=true, version : 1.2.4, lastPacketReceivedIdleMillis : 240889
2022-12-13 22:55:50.791 WARN  [http-nio-8003-exec-1]com.alibaba.druid.pool.DruidAbstractDataSource.testConnectionInternal:1489 -discard long time none received connection. , jdbcUrl : jdbc:mysql://localhost:3306/code_generator?serverTimezone=GMT%2B8&useUnicode=true&characterEncoding=UTF-8&autoReconnect=true, version : 1.2.4, lastPacketReceivedIdleMillis : 240916
2022-12-13 23:09:27.191 WARN  [http-nio-8003-exec-3]com.alibaba.druid.pool.DruidAbstractDataSource.testConnectionInternal:1489 -discard long time none received connection. , jdbcUrl : jdbc:mysql://localhost:3306/code_generator?serverTimezone=GMT%2B8&useUnicode=true&characterEncoding=UTF-8&autoReconnect=true, version : 1.2.4, lastPacketReceivedIdleMillis : 816274
2022-12-13 23:12:04.758 WARN  [http-nio-8003-exec-7]com.alibaba.druid.pool.DruidAbstractDataSource.testConnectionInternal:1489 -discard long time none received connection. , jdbcUrl : jdbc:mysql://localhost:3306/code_generator?serverTimezone=GMT%2B8&useUnicode=true&characterEncoding=UTF-8&autoReconnect=true, version : 1.2.4, lastPacketReceivedIdleMillis : 155796
2022-12-13 23:18:48.190 WARN  [Thread-21]com.alibaba.nacos.common.notify.NotifyCenter.shutdown:145 -[NotifyCenter] Start destroying Publisher
2022-12-13 23:18:48.190 WARN  [Thread-15]com.alibaba.nacos.common.http.HttpClientBeanHolder.shutdown:108 -[HttpClientBeanHolder] Start destroying common HttpClient
2022-12-13 23:18:48.191 WARN  [Thread-21]com.alibaba.nacos.common.notify.NotifyCenter.shutdown:162 -[NotifyCenter] Destruction of the end
2022-12-13 23:18:48.192 WARN  [Thread-15]com.alibaba.nacos.common.http.HttpClientBeanHolder.shutdown:114 -[HttpClientBeanHolder] Destruction of the end
2022-12-13 23:18:54.948 WARN  [SpringApplicationShutdownHook]o.s.beans.factory.support.DisposableBeanAdapter.invokeCustomDestroyMethod:329 -Custom destroy method 'close' on bean with name 'nacosServiceRegistry' threw an exception: java.lang.NullPointerException
2022-12-13 23:19:42.788 WARN  [main]c.baomidou.mybatisplus.core.injector.DefaultSqlInjector.warn:64 -class com.knowledge.server.entity.model.TableFieldModel ,Not found @TableId annotation, Cannot use Mybatis-Plus 'xxById' Method.
2022-12-13 23:19:44.720 WARN  [main]o.s.b.a.freemarker.FreeMarkerAutoConfiguration.checkTemplateLocationExists:65 -Cannot find template location(s): [classpath:/templates/] (please add some templates, check your FreeMarker configuration, or set spring.freemarker.checkTemplateLocation=false)
2022-12-13 23:19:44.761 WARN  [main]o.s.b.a.s.servlet.UserDetailsServiceAutoConfiguration.getOrDeducePassword:88 -

Using generated security password: 2c06124a-aedf-467b-87e7-0254f3ffc0e8

This generated password is for development use only. Your security configuration must be updated before running your application in production.

2022-12-13 23:19:45.019 WARN  [main]o.s.c.l.c.LoadBalancerCacheAutoConfiguration$LoadBalancerCaffeineWarnLogger.logWarning:82 -Spring Cloud LoadBalancer is currently working with the default cache. While this cache implementation is useful for development and tests, it's recommended to use Caffeine cache in production.You can switch to using Caffeine cache, by adding it and org.springframework.cache.caffeine.CaffeineCacheManager to the classpath.
2022-12-13 23:19:45.020 WARN  [main]o.s.c.s.oauth2.SpringCloudSecurityAutoConfiguration.<init>:38 -All Spring Cloud Security modules and starters are deprecated. They will be moved to individual projects in the next major release.
2022-12-13 23:22:22.224 WARN  [http-nio-8003-exec-1]com.alibaba.druid.pool.DruidAbstractDataSource.testConnectionInternal:1489 -discard long time none received connection. , jdbcUrl : jdbc:mysql://localhost:3306/code_generator?serverTimezone=GMT%2B8&useUnicode=true&characterEncoding=UTF-8&autoReconnect=true, version : 1.2.4, lastPacketReceivedIdleMillis : 76104
2022-12-13 23:22:22.227 WARN  [http-nio-8003-exec-1]com.alibaba.druid.pool.DruidAbstractDataSource.testConnectionInternal:1489 -discard long time none received connection. , jdbcUrl : jdbc:mysql://localhost:3306/code_generator?serverTimezone=GMT%2B8&useUnicode=true&characterEncoding=UTF-8&autoReconnect=true, version : 1.2.4, lastPacketReceivedIdleMillis : 159657
2022-12-13 23:22:22.227 WARN  [http-nio-8003-exec-1]com.alibaba.druid.pool.DruidAbstractDataSource.testConnectionInternal:1489 -discard long time none received connection. , jdbcUrl : jdbc:mysql://localhost:3306/code_generator?serverTimezone=GMT%2B8&useUnicode=true&characterEncoding=UTF-8&autoReconnect=true, version : 1.2.4, lastPacketReceivedIdleMillis : 159681
2022-12-13 23:22:22.228 WARN  [http-nio-8003-exec-1]com.alibaba.druid.pool.DruidAbstractDataSource.testConnectionInternal:1489 -discard long time none received connection. , jdbcUrl : jdbc:mysql://localhost:3306/code_generator?serverTimezone=GMT%2B8&useUnicode=true&characterEncoding=UTF-8&autoReconnect=true, version : 1.2.4, lastPacketReceivedIdleMillis : 159700
2022-12-13 23:22:22.229 WARN  [http-nio-8003-exec-1]com.alibaba.druid.pool.DruidAbstractDataSource.testConnectionInternal:1489 -discard long time none received connection. , jdbcUrl : jdbc:mysql://localhost:3306/code_generator?serverTimezone=GMT%2B8&useUnicode=true&characterEncoding=UTF-8&autoReconnect=true, version : 1.2.4, lastPacketReceivedIdleMillis : 159725
2022-12-13 23:24:44.226 WARN  [http-nio-8003-exec-3]com.alibaba.druid.pool.DruidAbstractDataSource.testConnectionInternal:1489 -discard long time none received connection. , jdbcUrl : jdbc:mysql://localhost:3306/code_generator?serverTimezone=GMT%2B8&useUnicode=true&characterEncoding=UTF-8&autoReconnect=true, version : 1.2.4, lastPacketReceivedIdleMillis : 141983
2022-12-13 23:27:19.653 WARN  [http-nio-8003-exec-5]com.alibaba.druid.pool.DruidAbstractDataSource.testConnectionInternal:1489 -discard long time none received connection. , jdbcUrl : jdbc:mysql://localhost:3306/code_generator?serverTimezone=GMT%2B8&useUnicode=true&characterEncoding=UTF-8&autoReconnect=true, version : 1.2.4, lastPacketReceivedIdleMillis : 155404
