2022-12-15 09:10:08.604 WARN  [Thread-16]com.alibaba.nacos.common.http.HttpClientBeanHolder.shutdown:108 -[HttpClientBeanHolder] Start destroying common HttpClient
2022-12-15 09:10:08.604 WARN  [Thread-22]com.alibaba.nacos.common.notify.NotifyCenter.shutdown:145 -[NotifyCenter] Start destroying Publisher
2022-12-15 09:10:08.607 WARN  [Thread-22]com.alibaba.nacos.common.notify.NotifyCenter.shutdown:162 -[NotifyCenter] Destruction of the end
2022-12-15 09:10:08.608 WARN  [Thread-16]com.alibaba.nacos.common.http.HttpClientBeanHolder.shutdown:114 -[HttpClientBeanHolder] Destruction of the end
2022-12-15 09:10:08.627 INFO  [SpringApplicationShutdownHook]com.alibaba.cloud.nacos.registry.NacosServiceRegistry.deregister:90 -De-registering from Nacos Server now...
2022-12-15 09:10:08.827 INFO  [SpringApplicationShutdownHook]com.alibaba.cloud.nacos.registry.NacosServiceRegistry.deregister:110 -De-registration finished.
2022-12-15 09:10:16.758 WARN  [SpringApplicationShutdownHook]o.s.beans.factory.support.DisposableBeanAdapter.invokeCustomDestroyMethod:329 -Custom destroy method 'close' on bean with name 'nacosServiceRegistry' threw an exception: java.lang.NullPointerException
2022-12-15 09:10:16.779 INFO  [SpringApplicationShutdownHook]com.alibaba.druid.pool.DruidDataSource.close:2032 -{dataSource-1} closing ...
2022-12-15 09:10:16.780 INFO  [SpringApplicationShutdownHook]com.alibaba.druid.pool.DruidDataSource.close:2104 -{dataSource-1} closed
2022-12-15 09:10:28.533 INFO  [main]com.knowledge.server.ServerApplication.logStartupProfileInfo:634 -No active profile set, falling back to 1 default profile: "default"
2022-12-15 09:10:28.998 INFO  [main]o.s.d.repository.config.RepositoryConfigurationDelegate.multipleStoresDetected:262 -Multiple Spring Data modules found, entering strict repository configuration mode!
2022-12-15 09:10:28.999 INFO  [main]o.s.d.repository.config.RepositoryConfigurationDelegate.registerRepositoriesIn:132 -Bootstrapping Spring Data Redis repositories in DEFAULT mode.
2022-12-15 09:10:29.010 INFO  [main]o.s.d.repository.config.RepositoryConfigurationDelegate.registerRepositoriesIn:201 -Finished Spring Data repository scanning in 4 ms. Found 0 Redis repository interfaces.
2022-12-15 09:10:29.218 INFO  [main]o.s.d.repository.config.RepositoryConfigurationDelegate.multipleStoresDetected:262 -Multiple Spring Data modules found, entering strict repository configuration mode!
2022-12-15 09:10:29.218 INFO  [main]o.s.d.repository.config.RepositoryConfigurationDelegate.registerRepositoriesIn:132 -Bootstrapping Spring Data Redis repositories in DEFAULT mode.
2022-12-15 09:10:29.224 INFO  [main]o.s.d.repository.config.RepositoryConfigurationDelegate.registerRepositoriesIn:201 -Finished Spring Data repository scanning in 5 ms. Found 0 Redis repository interfaces.
2022-12-15 09:10:29.404 INFO  [main]org.springframework.cloud.context.scope.GenericScope.setSerializationId:283 -BeanFactory id=9732e111-eb07-3ead-a64b-e5dc9da794c3
2022-12-15 09:10:29.684 INFO  [main]o.s.boot.web.embedded.tomcat.TomcatWebServer.initialize:108 -Tomcat initialized with port(s): 8003 (http)
2022-12-15 09:10:29.689 INFO  [main]org.apache.coyote.http11.Http11NioProtocol.log:173 -Initializing ProtocolHandler ["http-nio-8003"]
2022-12-15 09:10:29.690 INFO  [main]org.apache.catalina.core.StandardService.log:173 -Starting service [Tomcat]
2022-12-15 09:10:29.690 INFO  [main]org.apache.catalina.core.StandardEngine.log:173 -Starting Servlet engine: [Apache Tomcat/9.0.63]
2022-12-15 09:10:29.760 INFO  [main]o.a.catalina.core.ContainerBase.[Tomcat].[localhost].[/].log:173 -Initializing Spring embedded WebApplicationContext
2022-12-15 09:10:29.760 INFO  [main]o.s.b.w.s.context.ServletWebServerApplicationContext.prepareWebApplicationContext:292 -Root WebApplicationContext: initialization completed in 1209 ms
2022-12-15 09:10:29.894 INFO  [main]c.a.d.s.boot.autoconfigure.DruidDataSourceAutoConfigure.dataSource:56 -Init DruidDataSource
2022-12-15 09:10:32.530 INFO  [main]com.alibaba.druid.pool.DruidDataSource.init:985 -{dataSource-1} inited
2022-12-15 09:10:32.735 WARN  [main]c.baomidou.mybatisplus.core.injector.DefaultSqlInjector.warn:64 -class com.knowledge.server.entity.model.TableFieldModel ,Not found @TableId annotation, Cannot use Mybatis-Plus 'xxById' Method.
2022-12-15 09:10:32.920 INFO  [main]o.springframework.cloud.openfeign.FeignClientFactoryBean.getTarget:418 -For 'coder-user' URL not provided. Will try picking an instance via load-balancing.
2022-12-15 09:10:34.207 WARN  [main]o.s.b.a.freemarker.FreeMarkerAutoConfiguration.checkTemplateLocationExists:65 -Cannot find template location(s): [classpath:/templates/] (please add some templates, check your FreeMarker configuration, or set spring.freemarker.checkTemplateLocation=false)
2022-12-15 09:10:34.244 WARN  [main]o.s.b.a.s.servlet.UserDetailsServiceAutoConfiguration.getOrDeducePassword:88 -

Using generated security password: 3aaa0f67-c885-4454-ad6f-608a804f32aa

This generated password is for development use only. Your security configuration must be updated before running your application in production.

2022-12-15 09:10:34.377 INFO  [main]o.s.security.web.DefaultSecurityFilterChain.<init>:55 -Will secure any request with [org.springframework.security.web.session.DisableEncodeUrlFilter@452ec287, org.springframework.security.web.context.request.async.WebAsyncManagerIntegrationFilter@41404aa2, org.springframework.security.web.context.SecurityContextPersistenceFilter@1f4dd016, org.springframework.security.web.header.HeaderWriterFilter@adc3344, org.springframework.security.web.authentication.logout.LogoutFilter@224d537d, org.springframework.security.oauth2.provider.authentication.OAuth2AuthenticationProcessingFilter@470c4229, org.springframework.security.web.savedrequest.RequestCacheAwareFilter@1b465fa9, org.springframework.security.web.servletapi.SecurityContextHolderAwareRequestFilter@24e1e90a, org.springframework.security.web.authentication.AnonymousAuthenticationFilter@b267745, org.springframework.security.web.session.SessionManagementFilter@4cadd4d4, org.springframework.security.web.access.ExceptionTranslationFilter@1214c98b, org.springframework.security.web.access.intercept.FilterSecurityInterceptor@410f53b2]
2022-12-15 09:10:34.461 WARN  [main]o.s.c.l.c.LoadBalancerCacheAutoConfiguration$LoadBalancerCaffeineWarnLogger.logWarning:82 -Spring Cloud LoadBalancer is currently working with the default cache. While this cache implementation is useful for development and tests, it's recommended to use Caffeine cache in production.You can switch to using Caffeine cache, by adding it and org.springframework.cache.caffeine.CaffeineCacheManager to the classpath.
2022-12-15 09:10:34.462 WARN  [main]o.s.c.s.oauth2.SpringCloudSecurityAutoConfiguration.<init>:38 -All Spring Cloud Security modules and starters are deprecated. They will be moved to individual projects in the next major release.
2022-12-15 09:10:34.466 INFO  [main]o.s.boot.actuate.endpoint.web.EndpointLinksResolver.<init>:58 -Exposing 1 endpoint(s) beneath base path '/actuator'
2022-12-15 09:10:34.662 INFO  [main]org.apache.coyote.http11.Http11NioProtocol.log:173 -Starting ProtocolHandler ["http-nio-8003"]
2022-12-15 09:10:34.675 INFO  [main]o.s.boot.web.embedded.tomcat.TomcatWebServer.start:220 -Tomcat started on port(s): 8003 (http) with context path ''
2022-12-15 09:10:34.728 INFO  [main]com.alibaba.cloud.nacos.registry.NacosServiceRegistry.register:75 -nacos registry, DEFAULT_GROUP coder-server 10.10.9.9:8003 register finished
2022-12-15 09:10:34.743 INFO  [main]com.knowledge.server.ServerApplication.logStarted:61 -Started ServerApplication in 7.418 seconds (JVM running for 7.853)
2022-12-15 09:10:35.087 INFO  [RMI TCP Connection(3)-127.0.0.1]o.a.catalina.core.ContainerBase.[Tomcat].[localhost].[/].log:173 -Initializing Spring DispatcherServlet 'dispatcherServlet'
2022-12-15 09:10:35.087 INFO  [RMI TCP Connection(3)-127.0.0.1]org.springframework.web.servlet.DispatcherServlet.initServletBean:525 -Initializing Servlet 'dispatcherServlet'
2022-12-15 09:10:35.091 INFO  [RMI TCP Connection(3)-127.0.0.1]org.springframework.web.servlet.DispatcherServlet.initServletBean:547 -Completed initialization in 3 ms
2022-12-15 09:11:37.993 WARN  [http-nio-8003-exec-1]com.alibaba.druid.pool.DruidAbstractDataSource.testConnectionInternal:1489 -discard long time none received connection. , jdbcUrl : jdbc:mysql://119.91.236.24:3306/code_generator?serverTimezone=GMT%2B8&useUnicode=true&characterEncoding=UTF-8&autoReconnect=true, version : 1.2.4, lastPacketReceivedIdleMillis : 65542
2022-12-15 09:11:38.009 WARN  [http-nio-8003-exec-1]com.alibaba.druid.pool.DruidAbstractDataSource.testConnectionInternal:1489 -discard long time none received connection. , jdbcUrl : jdbc:mysql://119.91.236.24:3306/code_generator?serverTimezone=GMT%2B8&useUnicode=true&characterEncoding=UTF-8&autoReconnect=true, version : 1.2.4, lastPacketReceivedIdleMillis : 65941
2022-12-15 09:11:38.024 WARN  [http-nio-8003-exec-1]com.alibaba.druid.pool.DruidAbstractDataSource.testConnectionInternal:1489 -discard long time none received connection. , jdbcUrl : jdbc:mysql://119.91.236.24:3306/code_generator?serverTimezone=GMT%2B8&useUnicode=true&characterEncoding=UTF-8&autoReconnect=true, version : 1.2.4, lastPacketReceivedIdleMillis : 66951
2022-12-15 09:11:38.039 WARN  [http-nio-8003-exec-1]com.alibaba.druid.pool.DruidAbstractDataSource.testConnectionInternal:1489 -discard long time none received connection. , jdbcUrl : jdbc:mysql://119.91.236.24:3306/code_generator?serverTimezone=GMT%2B8&useUnicode=true&characterEncoding=UTF-8&autoReconnect=true, version : 1.2.4, lastPacketReceivedIdleMillis : 67191
2022-12-15 09:11:38.084 WARN  [http-nio-8003-exec-1]com.alibaba.druid.pool.DruidAbstractDataSource.testConnectionInternal:1489 -discard long time none received connection. , jdbcUrl : jdbc:mysql://119.91.236.24:3306/code_generator?serverTimezone=GMT%2B8&useUnicode=true&characterEncoding=UTF-8&autoReconnect=true, version : 1.2.4, lastPacketReceivedIdleMillis : 67625
2022-12-15 13:16:38.864 WARN  [Thread-24]com.alibaba.nacos.common.notify.NotifyCenter.shutdown:145 -[NotifyCenter] Start destroying Publisher
2022-12-15 13:16:38.865 WARN  [Thread-18]com.alibaba.nacos.common.http.HttpClientBeanHolder.shutdown:108 -[HttpClientBeanHolder] Start destroying common HttpClient
2022-12-15 13:16:38.867 WARN  [Thread-24]com.alibaba.nacos.common.notify.NotifyCenter.shutdown:162 -[NotifyCenter] Destruction of the end
2022-12-15 13:16:38.867 WARN  [Thread-18]com.alibaba.nacos.common.http.HttpClientBeanHolder.shutdown:114 -[HttpClientBeanHolder] Destruction of the end
2022-12-15 13:16:38.888 INFO  [SpringApplicationShutdownHook]com.alibaba.cloud.nacos.registry.NacosServiceRegistry.deregister:90 -De-registering from Nacos Server now...
2022-12-15 13:16:38.938 INFO  [SpringApplicationShutdownHook]com.alibaba.cloud.nacos.registry.NacosServiceRegistry.deregister:110 -De-registration finished.
2022-12-15 13:16:47.843 WARN  [SpringApplicationShutdownHook]o.s.beans.factory.support.DisposableBeanAdapter.invokeCustomDestroyMethod:329 -Custom destroy method 'close' on bean with name 'nacosServiceRegistry' threw an exception: java.lang.NullPointerException
2022-12-15 13:16:47.863 INFO  [SpringApplicationShutdownHook]com.alibaba.druid.pool.DruidDataSource.close:2032 -{dataSource-1} closing ...
2022-12-15 13:16:47.875 INFO  [SpringApplicationShutdownHook]com.alibaba.druid.pool.DruidDataSource.close:2104 -{dataSource-1} closed
2022-12-15 13:16:56.081 INFO  [main]com.knowledge.server.ServerApplication.logStartupProfileInfo:634 -No active profile set, falling back to 1 default profile: "default"
2022-12-15 13:16:56.583 INFO  [main]o.s.d.repository.config.RepositoryConfigurationDelegate.multipleStoresDetected:262 -Multiple Spring Data modules found, entering strict repository configuration mode!
2022-12-15 13:16:56.583 INFO  [main]o.s.d.repository.config.RepositoryConfigurationDelegate.registerRepositoriesIn:132 -Bootstrapping Spring Data Redis repositories in DEFAULT mode.
2022-12-15 13:16:56.593 INFO  [main]o.s.d.repository.config.RepositoryConfigurationDelegate.registerRepositoriesIn:201 -Finished Spring Data repository scanning in 2 ms. Found 0 Redis repository interfaces.
2022-12-15 13:16:56.774 INFO  [main]o.s.d.repository.config.RepositoryConfigurationDelegate.multipleStoresDetected:262 -Multiple Spring Data modules found, entering strict repository configuration mode!
2022-12-15 13:16:56.775 INFO  [main]o.s.d.repository.config.RepositoryConfigurationDelegate.registerRepositoriesIn:132 -Bootstrapping Spring Data Redis repositories in DEFAULT mode.
2022-12-15 13:16:56.780 INFO  [main]o.s.d.repository.config.RepositoryConfigurationDelegate.registerRepositoriesIn:201 -Finished Spring Data repository scanning in 5 ms. Found 0 Redis repository interfaces.
2022-12-15 13:16:56.991 INFO  [main]org.springframework.cloud.context.scope.GenericScope.setSerializationId:283 -BeanFactory id=9732e111-eb07-3ead-a64b-e5dc9da794c3
2022-12-15 13:16:57.301 INFO  [main]o.s.boot.web.embedded.tomcat.TomcatWebServer.initialize:108 -Tomcat initialized with port(s): 8003 (http)
2022-12-15 13:16:57.308 INFO  [main]org.apache.coyote.http11.Http11NioProtocol.log:173 -Initializing ProtocolHandler ["http-nio-8003"]
2022-12-15 13:16:57.308 INFO  [main]org.apache.catalina.core.StandardService.log:173 -Starting service [Tomcat]
2022-12-15 13:16:57.309 INFO  [main]org.apache.catalina.core.StandardEngine.log:173 -Starting Servlet engine: [Apache Tomcat/9.0.63]
2022-12-15 13:16:57.374 INFO  [main]o.a.catalina.core.ContainerBase.[Tomcat].[localhost].[/].log:173 -Initializing Spring embedded WebApplicationContext
2022-12-15 13:16:57.374 INFO  [main]o.s.b.w.s.context.ServletWebServerApplicationContext.prepareWebApplicationContext:292 -Root WebApplicationContext: initialization completed in 1275 ms
2022-12-15 13:16:57.507 INFO  [main]c.a.d.s.boot.autoconfigure.DruidDataSourceAutoConfigure.dataSource:56 -Init DruidDataSource
2022-12-15 13:16:58.784 INFO  [main]com.alibaba.druid.pool.DruidDataSource.init:985 -{dataSource-1} inited
2022-12-15 13:16:58.974 WARN  [main]c.baomidou.mybatisplus.core.injector.DefaultSqlInjector.warn:64 -class com.knowledge.server.entity.model.TableFieldModel ,Not found @TableId annotation, Cannot use Mybatis-Plus 'xxById' Method.
2022-12-15 13:16:59.165 INFO  [main]o.springframework.cloud.openfeign.FeignClientFactoryBean.getTarget:418 -For 'coder-user' URL not provided. Will try picking an instance via load-balancing.
2022-12-15 13:17:00.261 WARN  [main]o.s.b.a.freemarker.FreeMarkerAutoConfiguration.checkTemplateLocationExists:65 -Cannot find template location(s): [classpath:/templates/] (please add some templates, check your FreeMarker configuration, or set spring.freemarker.checkTemplateLocation=false)
2022-12-15 13:17:00.300 WARN  [main]o.s.b.a.s.servlet.UserDetailsServiceAutoConfiguration.getOrDeducePassword:88 -

Using generated security password: 30f9f8c7-caf1-492c-a99d-dfbb5c72ad25

This generated password is for development use only. Your security configuration must be updated before running your application in production.

2022-12-15 13:17:00.432 INFO  [main]o.s.security.web.DefaultSecurityFilterChain.<init>:55 -Will secure any request with [org.springframework.security.web.session.DisableEncodeUrlFilter@39c5a105, org.springframework.security.web.context.request.async.WebAsyncManagerIntegrationFilter@492fa72a, org.springframework.security.web.context.SecurityContextPersistenceFilter@6774f264, org.springframework.security.web.header.HeaderWriterFilter@1b465fa9, org.springframework.security.web.authentication.logout.LogoutFilter@7e691624, org.springframework.security.oauth2.provider.authentication.OAuth2AuthenticationProcessingFilter@2890e479, org.springframework.security.web.savedrequest.RequestCacheAwareFilter@5cd701e4, org.springframework.security.web.servletapi.SecurityContextHolderAwareRequestFilter@5cd71ee2, org.springframework.security.web.authentication.AnonymousAuthenticationFilter@513fab1e, org.springframework.security.web.session.SessionManagementFilter@34695b23, org.springframework.security.web.access.ExceptionTranslationFilter@4cadd4d4, org.springframework.security.web.access.intercept.FilterSecurityInterceptor@59c08cf1]
2022-12-15 13:17:00.516 WARN  [main]o.s.c.l.c.LoadBalancerCacheAutoConfiguration$LoadBalancerCaffeineWarnLogger.logWarning:82 -Spring Cloud LoadBalancer is currently working with the default cache. While this cache implementation is useful for development and tests, it's recommended to use Caffeine cache in production.You can switch to using Caffeine cache, by adding it and org.springframework.cache.caffeine.CaffeineCacheManager to the classpath.
2022-12-15 13:17:00.517 WARN  [main]o.s.c.s.oauth2.SpringCloudSecurityAutoConfiguration.<init>:38 -All Spring Cloud Security modules and starters are deprecated. They will be moved to individual projects in the next major release.
2022-12-15 13:17:00.520 INFO  [main]o.s.boot.actuate.endpoint.web.EndpointLinksResolver.<init>:58 -Exposing 1 endpoint(s) beneath base path '/actuator'
2022-12-15 13:17:00.723 INFO  [main]org.apache.coyote.http11.Http11NioProtocol.log:173 -Starting ProtocolHandler ["http-nio-8003"]
2022-12-15 13:17:00.737 INFO  [main]o.s.boot.web.embedded.tomcat.TomcatWebServer.start:220 -Tomcat started on port(s): 8003 (http) with context path ''
2022-12-15 13:17:00.792 INFO  [main]com.alibaba.cloud.nacos.registry.NacosServiceRegistry.register:75 -nacos registry, DEFAULT_GROUP coder-server 192.168.50.210:8003 register finished
2022-12-15 13:17:00.806 INFO  [main]com.knowledge.server.ServerApplication.logStarted:61 -Started ServerApplication in 5.46 seconds (JVM running for 5.853)
2022-12-15 13:17:01.148 INFO  [RMI TCP Connection(3)-192.168.50.210]o.a.catalina.core.ContainerBase.[Tomcat].[localhost].[/].log:173 -Initializing Spring DispatcherServlet 'dispatcherServlet'
2022-12-15 13:17:01.149 INFO  [RMI TCP Connection(3)-192.168.50.210]org.springframework.web.servlet.DispatcherServlet.initServletBean:525 -Initializing Servlet 'dispatcherServlet'
2022-12-15 13:17:01.151 INFO  [RMI TCP Connection(3)-192.168.50.210]org.springframework.web.servlet.DispatcherServlet.initServletBean:547 -Completed initialization in 1 ms
2022-12-15 17:18:28.690 WARN  [Thread-20]com.alibaba.nacos.common.notify.NotifyCenter.shutdown:145 -[NotifyCenter] Start destroying Publisher
2022-12-15 17:18:28.690 WARN  [Thread-14]com.alibaba.nacos.common.http.HttpClientBeanHolder.shutdown:108 -[HttpClientBeanHolder] Start destroying common HttpClient
2022-12-15 17:18:28.692 WARN  [Thread-20]com.alibaba.nacos.common.notify.NotifyCenter.shutdown:162 -[NotifyCenter] Destruction of the end
2022-12-15 17:18:28.693 WARN  [Thread-14]com.alibaba.nacos.common.http.HttpClientBeanHolder.shutdown:114 -[HttpClientBeanHolder] Destruction of the end
2022-12-15 17:18:28.741 INFO  [SpringApplicationShutdownHook]com.alibaba.cloud.nacos.registry.NacosServiceRegistry.deregister:90 -De-registering from Nacos Server now...
2022-12-15 17:18:28.905 INFO  [SpringApplicationShutdownHook]com.alibaba.cloud.nacos.registry.NacosServiceRegistry.deregister:110 -De-registration finished.
