2022-12-23 17:46:10.809 INFO  [main]com.knowledge.server.ServerApplication.logStartupProfileInfo:634 -No active profile set, falling back to 1 default profile: "default"
2022-12-23 17:46:11.219 INFO  [main]o.s.d.repository.config.RepositoryConfigurationDelegate.multipleStoresDetected:262 -Multiple Spring Data modules found, entering strict repository configuration mode!
2022-12-23 17:46:11.220 INFO  [main]o.s.d.repository.config.RepositoryConfigurationDelegate.registerRepositoriesIn:132 -Bootstrapping Spring Data Redis repositories in DEFAULT mode.
2022-12-23 17:46:11.231 INFO  [main]o.s.d.repository.config.RepositoryConfigurationDelegate.registerRepositoriesIn:201 -Finished Spring Data repository scanning in 5 ms. Found 0 Redis repository interfaces.
2022-12-23 17:46:11.457 INFO  [main]o.s.d.repository.config.RepositoryConfigurationDelegate.multipleStoresDetected:262 -Multiple Spring Data modules found, entering strict repository configuration mode!
2022-12-23 17:46:11.457 INFO  [main]o.s.d.repository.config.RepositoryConfigurationDelegate.registerRepositoriesIn:132 -Bootstrapping Spring Data Redis repositories in DEFAULT mode.
2022-12-23 17:46:11.465 INFO  [main]o.s.d.repository.config.RepositoryConfigurationDelegate.registerRepositoriesIn:201 -Finished Spring Data repository scanning in 7 ms. Found 0 Redis repository interfaces.
2022-12-23 17:46:11.647 INFO  [main]org.springframework.cloud.context.scope.GenericScope.setSerializationId:283 -BeanFactory id=d4065484-9f36-3f3b-978d-225f94fdf1a6
2022-12-23 17:46:12.019 INFO  [main]o.s.boot.web.embedded.tomcat.TomcatWebServer.initialize:108 -Tomcat initialized with port(s): 8003 (http)
2022-12-23 17:46:12.026 INFO  [main]org.apache.coyote.http11.Http11NioProtocol.log:173 -Initializing ProtocolHandler ["http-nio-8003"]
2022-12-23 17:46:12.027 INFO  [main]org.apache.catalina.core.StandardService.log:173 -Starting service [Tomcat]
2022-12-23 17:46:12.027 INFO  [main]org.apache.catalina.core.StandardEngine.log:173 -Starting Servlet engine: [Apache Tomcat/9.0.63]
2022-12-23 17:46:12.096 INFO  [main]o.a.catalina.core.ContainerBase.[Tomcat].[localhost].[/].log:173 -Initializing Spring embedded WebApplicationContext
2022-12-23 17:46:12.097 INFO  [main]o.s.b.w.s.context.ServletWebServerApplicationContext.prepareWebApplicationContext:292 -Root WebApplicationContext: initialization completed in 1277 ms
2022-12-23 17:46:12.247 INFO  [main]c.a.d.s.boot.autoconfigure.DruidDataSourceAutoConfigure.dataSource:56 -Init DruidDataSource
2022-12-23 17:46:15.879 INFO  [main]com.alibaba.druid.pool.DruidDataSource.init:985 -{dataSource-1} inited
2022-12-23 17:46:16.301 INFO  [main]o.springframework.cloud.openfeign.FeignClientFactoryBean.getTarget:418 -For 'coder-user' URL not provided. Will try picking an instance via load-balancing.
2022-12-23 17:46:17.619 INFO  [main]o.s.security.web.DefaultSecurityFilterChain.<init>:55 -Will secure any request with [org.springframework.security.web.session.DisableEncodeUrlFilter@c87787d, org.springframework.security.web.context.request.async.WebAsyncManagerIntegrationFilter@1bea7b0, org.springframework.security.web.context.SecurityContextPersistenceFilter@5600a278, org.springframework.security.web.header.HeaderWriterFilter@5b64f771, org.springframework.security.web.authentication.logout.LogoutFilter@fbe8fd3, org.springframework.security.oauth2.provider.authentication.OAuth2AuthenticationProcessingFilter@6b86826a, org.springframework.security.web.savedrequest.RequestCacheAwareFilter@77d54a41, org.springframework.security.web.servletapi.SecurityContextHolderAwareRequestFilter@23c72128, org.springframework.security.web.authentication.AnonymousAuthenticationFilter@31433df9, org.springframework.security.web.session.SessionManagementFilter@1e57b783, org.springframework.security.web.access.ExceptionTranslationFilter@7e691624, org.springframework.security.web.access.intercept.FilterSecurityInterceptor@31b650e9]
2022-12-23 17:46:17.709 INFO  [main]o.s.boot.actuate.endpoint.web.EndpointLinksResolver.<init>:58 -Exposing 1 endpoint(s) beneath base path '/actuator'
2022-12-23 17:46:17.877 INFO  [main]org.apache.coyote.http11.Http11NioProtocol.log:173 -Starting ProtocolHandler ["http-nio-8003"]
2022-12-23 17:46:17.890 INFO  [main]o.s.boot.web.embedded.tomcat.TomcatWebServer.start:220 -Tomcat started on port(s): 8003 (http) with context path ''
2022-12-23 17:46:17.948 INFO  [main]com.alibaba.cloud.nacos.registry.NacosServiceRegistry.register:75 -nacos registry, DEFAULT_GROUP coder-server 192.168.0.106:8003 register finished
2022-12-23 17:46:17.963 INFO  [main]com.knowledge.server.ServerApplication.logStarted:61 -Started ServerApplication in 7.79 seconds (JVM running for 8.089)
2022-12-23 17:46:18.115 INFO  [RMI TCP Connection(3)-192.168.0.106]o.a.catalina.core.ContainerBase.[Tomcat].[localhost].[/].log:173 -Initializing Spring DispatcherServlet 'dispatcherServlet'
2022-12-23 17:46:18.115 INFO  [RMI TCP Connection(3)-192.168.0.106]org.springframework.web.servlet.DispatcherServlet.initServletBean:525 -Initializing Servlet 'dispatcherServlet'
2022-12-23 17:46:18.117 INFO  [RMI TCP Connection(3)-192.168.0.106]org.springframework.web.servlet.DispatcherServlet.initServletBean:547 -Completed initialization in 1 ms
2022-12-23 17:49:39.551 INFO  [SpringApplicationShutdownHook]com.alibaba.cloud.nacos.registry.NacosServiceRegistry.deregister:90 -De-registering from Nacos Server now...
2022-12-23 17:49:39.606 INFO  [SpringApplicationShutdownHook]com.alibaba.cloud.nacos.registry.NacosServiceRegistry.deregister:110 -De-registration finished.
2022-12-23 17:49:46.065 INFO  [SpringApplicationShutdownHook]com.alibaba.druid.pool.DruidDataSource.close:2032 -{dataSource-1} closing ...
2022-12-23 17:49:46.071 INFO  [SpringApplicationShutdownHook]com.alibaba.druid.pool.DruidDataSource.close:2104 -{dataSource-1} closed
2022-12-23 17:49:50.235 INFO  [main]com.knowledge.server.ServerApplication.logStartupProfileInfo:634 -No active profile set, falling back to 1 default profile: "default"
2022-12-23 17:49:50.569 INFO  [main]o.s.d.repository.config.RepositoryConfigurationDelegate.multipleStoresDetected:262 -Multiple Spring Data modules found, entering strict repository configuration mode!
2022-12-23 17:49:50.569 INFO  [main]o.s.d.repository.config.RepositoryConfigurationDelegate.registerRepositoriesIn:132 -Bootstrapping Spring Data Redis repositories in DEFAULT mode.
2022-12-23 17:49:50.576 INFO  [main]o.s.d.repository.config.RepositoryConfigurationDelegate.registerRepositoriesIn:201 -Finished Spring Data repository scanning in 2 ms. Found 0 Redis repository interfaces.
2022-12-23 17:49:50.736 INFO  [main]o.s.d.repository.config.RepositoryConfigurationDelegate.multipleStoresDetected:262 -Multiple Spring Data modules found, entering strict repository configuration mode!
2022-12-23 17:49:50.736 INFO  [main]o.s.d.repository.config.RepositoryConfigurationDelegate.registerRepositoriesIn:132 -Bootstrapping Spring Data Redis repositories in DEFAULT mode.
2022-12-23 17:49:50.742 INFO  [main]o.s.d.repository.config.RepositoryConfigurationDelegate.registerRepositoriesIn:201 -Finished Spring Data repository scanning in 5 ms. Found 0 Redis repository interfaces.
2022-12-23 17:49:50.886 INFO  [main]org.springframework.cloud.context.scope.GenericScope.setSerializationId:283 -BeanFactory id=d4065484-9f36-3f3b-978d-225f94fdf1a6
2022-12-23 17:49:51.149 INFO  [main]o.s.boot.web.embedded.tomcat.TomcatWebServer.initialize:108 -Tomcat initialized with port(s): 8003 (http)
2022-12-23 17:49:51.154 INFO  [main]org.apache.coyote.http11.Http11NioProtocol.log:173 -Initializing ProtocolHandler ["http-nio-8003"]
2022-12-23 17:49:51.154 INFO  [main]org.apache.catalina.core.StandardService.log:173 -Starting service [Tomcat]
2022-12-23 17:49:51.155 INFO  [main]org.apache.catalina.core.StandardEngine.log:173 -Starting Servlet engine: [Apache Tomcat/9.0.63]
2022-12-23 17:49:51.210 INFO  [main]o.a.catalina.core.ContainerBase.[Tomcat].[localhost].[/].log:173 -Initializing Spring embedded WebApplicationContext
2022-12-23 17:49:51.210 INFO  [main]o.s.b.w.s.context.ServletWebServerApplicationContext.prepareWebApplicationContext:292 -Root WebApplicationContext: initialization completed in 966 ms
2022-12-23 17:49:51.330 INFO  [main]c.a.d.s.boot.autoconfigure.DruidDataSourceAutoConfigure.dataSource:56 -Init DruidDataSource
2022-12-23 17:49:55.097 INFO  [main]com.alibaba.druid.pool.DruidDataSource.init:985 -{dataSource-1} inited
2022-12-23 17:49:55.446 INFO  [main]o.springframework.cloud.openfeign.FeignClientFactoryBean.getTarget:418 -For 'coder-user' URL not provided. Will try picking an instance via load-balancing.
2022-12-23 17:49:56.704 INFO  [main]o.s.security.web.DefaultSecurityFilterChain.<init>:55 -Will secure any request with [org.springframework.security.web.session.DisableEncodeUrlFilter@31e22365, org.springframework.security.web.context.request.async.WebAsyncManagerIntegrationFilter@2ebf524, org.springframework.security.web.context.SecurityContextPersistenceFilter@1b465fa9, org.springframework.security.web.header.HeaderWriterFilter@4e647f39, org.springframework.security.web.authentication.logout.LogoutFilter@1bd59b82, org.springframework.security.oauth2.provider.authentication.OAuth2AuthenticationProcessingFilter@1e57b783, org.springframework.security.web.savedrequest.RequestCacheAwareFilter@598e5cb8, org.springframework.security.web.servletapi.SecurityContextHolderAwareRequestFilter@18b3db6e, org.springframework.security.web.authentication.AnonymousAuthenticationFilter@41bdaa81, org.springframework.security.web.session.SessionManagementFilter@1f4dd016, org.springframework.security.web.access.ExceptionTranslationFilter@6e0d058a, org.springframework.security.web.access.intercept.FilterSecurityInterceptor@7210f559]
2022-12-23 17:49:56.778 INFO  [main]o.s.boot.actuate.endpoint.web.EndpointLinksResolver.<init>:58 -Exposing 1 endpoint(s) beneath base path '/actuator'
2022-12-23 17:49:57.005 INFO  [main]org.apache.coyote.http11.Http11NioProtocol.log:173 -Starting ProtocolHandler ["http-nio-8003"]
2022-12-23 17:49:57.018 INFO  [main]o.s.boot.web.embedded.tomcat.TomcatWebServer.start:220 -Tomcat started on port(s): 8003 (http) with context path ''
2022-12-23 17:49:57.072 INFO  [main]com.alibaba.cloud.nacos.registry.NacosServiceRegistry.register:75 -nacos registry, DEFAULT_GROUP coder-server 192.168.0.106:8003 register finished
2022-12-23 17:49:57.089 INFO  [main]com.knowledge.server.ServerApplication.logStarted:61 -Started ServerApplication in 7.399 seconds (JVM running for 7.719)
2022-12-23 17:49:57.293 INFO  [RMI TCP Connection(2)-192.168.0.106]o.a.catalina.core.ContainerBase.[Tomcat].[localhost].[/].log:173 -Initializing Spring DispatcherServlet 'dispatcherServlet'
2022-12-23 17:49:57.293 INFO  [RMI TCP Connection(2)-192.168.0.106]org.springframework.web.servlet.DispatcherServlet.initServletBean:525 -Initializing Servlet 'dispatcherServlet'
2022-12-23 17:49:57.295 INFO  [RMI TCP Connection(2)-192.168.0.106]org.springframework.web.servlet.DispatcherServlet.initServletBean:547 -Completed initialization in 2 ms
2022-12-23 17:51:29.804 INFO  [http-nio-8003-exec-1]c.k.server.domain.generate.generator.BaseGenerator.download:153 -rootPath:/Users/suyuzhou/project/test/root/1606225975737315329
2022-12-23 17:53:52.965 INFO  [SpringApplicationShutdownHook]com.alibaba.cloud.nacos.registry.NacosServiceRegistry.deregister:90 -De-registering from Nacos Server now...
2022-12-23 17:53:53.109 INFO  [SpringApplicationShutdownHook]com.alibaba.cloud.nacos.registry.NacosServiceRegistry.deregister:110 -De-registration finished.
2022-12-23 17:54:01.798 INFO  [SpringApplicationShutdownHook]com.alibaba.druid.pool.DruidDataSource.close:2032 -{dataSource-1} closing ...
2022-12-23 17:54:01.800 INFO  [SpringApplicationShutdownHook]com.alibaba.druid.pool.DruidDataSource.close:2104 -{dataSource-1} closed
2022-12-23 17:54:05.098 INFO  [main]com.knowledge.server.ServerApplication.logStartupProfileInfo:634 -No active profile set, falling back to 1 default profile: "default"
2022-12-23 17:54:05.477 INFO  [main]o.s.d.repository.config.RepositoryConfigurationDelegate.multipleStoresDetected:262 -Multiple Spring Data modules found, entering strict repository configuration mode!
2022-12-23 17:54:05.478 INFO  [main]o.s.d.repository.config.RepositoryConfigurationDelegate.registerRepositoriesIn:132 -Bootstrapping Spring Data Redis repositories in DEFAULT mode.
2022-12-23 17:54:05.488 INFO  [main]o.s.d.repository.config.RepositoryConfigurationDelegate.registerRepositoriesIn:201 -Finished Spring Data repository scanning in 2 ms. Found 0 Redis repository interfaces.
2022-12-23 17:54:05.649 INFO  [main]o.s.d.repository.config.RepositoryConfigurationDelegate.multipleStoresDetected:262 -Multiple Spring Data modules found, entering strict repository configuration mode!
2022-12-23 17:54:05.649 INFO  [main]o.s.d.repository.config.RepositoryConfigurationDelegate.registerRepositoriesIn:132 -Bootstrapping Spring Data Redis repositories in DEFAULT mode.
2022-12-23 17:54:05.654 INFO  [main]o.s.d.repository.config.RepositoryConfigurationDelegate.registerRepositoriesIn:201 -Finished Spring Data repository scanning in 5 ms. Found 0 Redis repository interfaces.
2022-12-23 17:54:05.816 INFO  [main]org.springframework.cloud.context.scope.GenericScope.setSerializationId:283 -BeanFactory id=d4065484-9f36-3f3b-978d-225f94fdf1a6
2022-12-23 17:54:06.103 INFO  [main]o.s.boot.web.embedded.tomcat.TomcatWebServer.initialize:108 -Tomcat initialized with port(s): 8003 (http)
2022-12-23 17:54:06.108 INFO  [main]org.apache.coyote.http11.Http11NioProtocol.log:173 -Initializing ProtocolHandler ["http-nio-8003"]
2022-12-23 17:54:06.108 INFO  [main]org.apache.catalina.core.StandardService.log:173 -Starting service [Tomcat]
2022-12-23 17:54:06.108 INFO  [main]org.apache.catalina.core.StandardEngine.log:173 -Starting Servlet engine: [Apache Tomcat/9.0.63]
2022-12-23 17:54:06.173 INFO  [main]o.a.catalina.core.ContainerBase.[Tomcat].[localhost].[/].log:173 -Initializing Spring embedded WebApplicationContext
2022-12-23 17:54:06.173 INFO  [main]o.s.b.w.s.context.ServletWebServerApplicationContext.prepareWebApplicationContext:292 -Root WebApplicationContext: initialization completed in 1064 ms
2022-12-23 17:54:06.305 INFO  [main]c.a.d.s.boot.autoconfigure.DruidDataSourceAutoConfigure.dataSource:56 -Init DruidDataSource
2022-12-23 17:54:08.358 INFO  [main]com.alibaba.druid.pool.DruidDataSource.init:985 -{dataSource-1} inited
2022-12-23 17:54:08.754 INFO  [main]o.springframework.cloud.openfeign.FeignClientFactoryBean.getTarget:418 -For 'coder-user' URL not provided. Will try picking an instance via load-balancing.
2022-12-23 17:54:10.365 INFO  [main]o.s.security.web.DefaultSecurityFilterChain.<init>:55 -Will secure any request with [org.springframework.security.web.session.DisableEncodeUrlFilter@5bad555b, org.springframework.security.web.context.request.async.WebAsyncManagerIntegrationFilter@41ec4271, org.springframework.security.web.context.SecurityContextPersistenceFilter@181098bf, org.springframework.security.web.header.HeaderWriterFilter@16944b58, org.springframework.security.web.authentication.logout.LogoutFilter@32caae19, org.springframework.security.oauth2.provider.authentication.OAuth2AuthenticationProcessingFilter@513fab1e, org.springframework.security.web.savedrequest.RequestCacheAwareFilter@6a552721, org.springframework.security.web.servletapi.SecurityContextHolderAwareRequestFilter@f0c1ae1, org.springframework.security.web.authentication.AnonymousAuthenticationFilter@70aa58e1, org.springframework.security.web.session.SessionManagementFilter@1ab268bd, org.springframework.security.web.access.ExceptionTranslationFilter@628bd77e, org.springframework.security.web.access.intercept.FilterSecurityInterceptor@31183ee2]
2022-12-23 17:54:10.454 INFO  [main]o.s.boot.actuate.endpoint.web.EndpointLinksResolver.<init>:58 -Exposing 1 endpoint(s) beneath base path '/actuator'
2022-12-23 17:54:10.673 INFO  [main]org.apache.coyote.http11.Http11NioProtocol.log:173 -Starting ProtocolHandler ["http-nio-8003"]
2022-12-23 17:54:10.690 INFO  [main]o.s.boot.web.embedded.tomcat.TomcatWebServer.start:220 -Tomcat started on port(s): 8003 (http) with context path ''
2022-12-23 17:54:10.768 INFO  [main]com.alibaba.cloud.nacos.registry.NacosServiceRegistry.register:75 -nacos registry, DEFAULT_GROUP coder-server 192.168.0.106:8003 register finished
2022-12-23 17:54:10.785 INFO  [main]com.knowledge.server.ServerApplication.logStarted:61 -Started ServerApplication in 6.246 seconds (JVM running for 7.337)
2022-12-23 17:54:10.987 INFO  [RMI TCP Connection(5)-192.168.0.106]o.a.catalina.core.ContainerBase.[Tomcat].[localhost].[/].log:173 -Initializing Spring DispatcherServlet 'dispatcherServlet'
2022-12-23 17:54:10.988 INFO  [RMI TCP Connection(5)-192.168.0.106]org.springframework.web.servlet.DispatcherServlet.initServletBean:525 -Initializing Servlet 'dispatcherServlet'
2022-12-23 17:54:10.989 INFO  [RMI TCP Connection(5)-192.168.0.106]org.springframework.web.servlet.DispatcherServlet.initServletBean:547 -Completed initialization in 1 ms
2022-12-23 17:55:04.397 INFO  [http-nio-8003-exec-1]c.k.server.domain.generate.generator.BaseGenerator.download:153 -rootPath:/Users/suyuzhou/project/test/root/1606226715633479681
2022-12-23 17:55:04.464 INFO  [SpringApplicationShutdownHook]com.alibaba.cloud.nacos.registry.NacosServiceRegistry.deregister:90 -De-registering from Nacos Server now...
2022-12-23 17:55:04.526 INFO  [SpringApplicationShutdownHook]com.alibaba.cloud.nacos.registry.NacosServiceRegistry.deregister:110 -De-registration finished.
2022-12-23 17:55:13.620 INFO  [SpringApplicationShutdownHook]com.alibaba.druid.pool.DruidDataSource.close:2032 -{dataSource-1} closing ...
2022-12-23 17:55:13.626 INFO  [SpringApplicationShutdownHook]com.alibaba.druid.pool.DruidDataSource.close:2104 -{dataSource-1} closed
2022-12-23 17:55:22.047 INFO  [main]com.knowledge.server.ServerApplication.logStartupProfileInfo:634 -No active profile set, falling back to 1 default profile: "default"
2022-12-23 17:55:22.419 INFO  [main]o.s.d.repository.config.RepositoryConfigurationDelegate.multipleStoresDetected:262 -Multiple Spring Data modules found, entering strict repository configuration mode!
2022-12-23 17:55:22.419 INFO  [main]o.s.d.repository.config.RepositoryConfigurationDelegate.registerRepositoriesIn:132 -Bootstrapping Spring Data Redis repositories in DEFAULT mode.
2022-12-23 17:55:22.427 INFO  [main]o.s.d.repository.config.RepositoryConfigurationDelegate.registerRepositoriesIn:201 -Finished Spring Data repository scanning in 2 ms. Found 0 Redis repository interfaces.
2022-12-23 17:55:22.592 INFO  [main]o.s.d.repository.config.RepositoryConfigurationDelegate.multipleStoresDetected:262 -Multiple Spring Data modules found, entering strict repository configuration mode!
2022-12-23 17:55:22.592 INFO  [main]o.s.d.repository.config.RepositoryConfigurationDelegate.registerRepositoriesIn:132 -Bootstrapping Spring Data Redis repositories in DEFAULT mode.
2022-12-23 17:55:22.597 INFO  [main]o.s.d.repository.config.RepositoryConfigurationDelegate.registerRepositoriesIn:201 -Finished Spring Data repository scanning in 4 ms. Found 0 Redis repository interfaces.
2022-12-23 17:55:22.761 INFO  [main]org.springframework.cloud.context.scope.GenericScope.setSerializationId:283 -BeanFactory id=d4065484-9f36-3f3b-978d-225f94fdf1a6
2022-12-23 17:55:23.053 INFO  [main]o.s.boot.web.embedded.tomcat.TomcatWebServer.initialize:108 -Tomcat initialized with port(s): 8003 (http)
2022-12-23 17:55:23.058 INFO  [main]org.apache.coyote.http11.Http11NioProtocol.log:173 -Initializing ProtocolHandler ["http-nio-8003"]
2022-12-23 17:55:23.059 INFO  [main]org.apache.catalina.core.StandardService.log:173 -Starting service [Tomcat]
2022-12-23 17:55:23.059 INFO  [main]org.apache.catalina.core.StandardEngine.log:173 -Starting Servlet engine: [Apache Tomcat/9.0.63]
2022-12-23 17:55:23.123 INFO  [main]o.a.catalina.core.ContainerBase.[Tomcat].[localhost].[/].log:173 -Initializing Spring embedded WebApplicationContext
2022-12-23 17:55:23.123 INFO  [main]o.s.b.w.s.context.ServletWebServerApplicationContext.prepareWebApplicationContext:292 -Root WebApplicationContext: initialization completed in 1066 ms
2022-12-23 17:55:23.253 INFO  [main]c.a.d.s.boot.autoconfigure.DruidDataSourceAutoConfigure.dataSource:56 -Init DruidDataSource
2022-12-23 17:55:25.756 INFO  [main]com.alibaba.druid.pool.DruidDataSource.init:985 -{dataSource-1} inited
2022-12-23 17:55:26.139 INFO  [main]o.springframework.cloud.openfeign.FeignClientFactoryBean.getTarget:418 -For 'coder-user' URL not provided. Will try picking an instance via load-balancing.
2022-12-23 17:55:27.549 INFO  [main]o.s.security.web.DefaultSecurityFilterChain.<init>:55 -Will secure any request with [org.springframework.security.web.session.DisableEncodeUrlFilter@4a41caed, org.springframework.security.web.context.request.async.WebAsyncManagerIntegrationFilter@6b4fd7d, org.springframework.security.web.context.SecurityContextPersistenceFilter@3a988299, org.springframework.security.web.header.HeaderWriterFilter@3dc2f14, org.springframework.security.web.authentication.logout.LogoutFilter@3a1a0bc, org.springframework.security.oauth2.provider.authentication.OAuth2AuthenticationProcessingFilter@71eff6a3, org.springframework.security.web.savedrequest.RequestCacheAwareFilter@1818390b, org.springframework.security.web.servletapi.SecurityContextHolderAwareRequestFilter@93fb44, org.springframework.security.web.authentication.AnonymousAuthenticationFilter@7404aff2, org.springframework.security.web.session.SessionManagementFilter@31443680, org.springframework.security.web.access.ExceptionTranslationFilter@bc52a41, org.springframework.security.web.access.intercept.FilterSecurityInterceptor@8ce3f27]
2022-12-23 17:55:27.634 INFO  [main]o.s.boot.actuate.endpoint.web.EndpointLinksResolver.<init>:58 -Exposing 1 endpoint(s) beneath base path '/actuator'
2022-12-23 17:55:27.834 INFO  [main]org.apache.coyote.http11.Http11NioProtocol.log:173 -Starting ProtocolHandler ["http-nio-8003"]
2022-12-23 17:55:27.851 INFO  [main]o.s.boot.web.embedded.tomcat.TomcatWebServer.start:220 -Tomcat started on port(s): 8003 (http) with context path ''
2022-12-23 17:55:27.903 INFO  [main]com.alibaba.cloud.nacos.registry.NacosServiceRegistry.register:75 -nacos registry, DEFAULT_GROUP coder-server 192.168.0.106:8003 register finished
2022-12-23 17:55:27.919 INFO  [main]com.knowledge.server.ServerApplication.logStarted:61 -Started ServerApplication in 6.6 seconds (JVM running for 7.025)
2022-12-23 17:55:28.474 INFO  [RMI TCP Connection(2)-192.168.0.106]o.a.catalina.core.ContainerBase.[Tomcat].[localhost].[/].log:173 -Initializing Spring DispatcherServlet 'dispatcherServlet'
2022-12-23 17:55:28.474 INFO  [RMI TCP Connection(2)-192.168.0.106]org.springframework.web.servlet.DispatcherServlet.initServletBean:525 -Initializing Servlet 'dispatcherServlet'
2022-12-23 17:55:28.476 INFO  [RMI TCP Connection(2)-192.168.0.106]org.springframework.web.servlet.DispatcherServlet.initServletBean:547 -Completed initialization in 1 ms
2022-12-23 17:58:44.124 INFO  [http-nio-8003-exec-1]c.k.server.domain.generate.generator.BaseGenerator.download:153 -rootPath:/Users/suyuzhou/project/test/root/1606227606272974849
2022-12-23 17:59:29.344 INFO  [SpringApplicationShutdownHook]com.alibaba.cloud.nacos.registry.NacosServiceRegistry.deregister:90 -De-registering from Nacos Server now...
2022-12-23 17:59:29.450 INFO  [SpringApplicationShutdownHook]com.alibaba.cloud.nacos.registry.NacosServiceRegistry.deregister:110 -De-registration finished.
2022-12-23 18:00:56.331 INFO  [main]com.knowledge.server.ServerApplication.logStartupProfileInfo:634 -No active profile set, falling back to 1 default profile: "default"
2022-12-23 18:00:56.659 INFO  [main]o.s.d.repository.config.RepositoryConfigurationDelegate.multipleStoresDetected:262 -Multiple Spring Data modules found, entering strict repository configuration mode!
2022-12-23 18:00:56.659 INFO  [main]o.s.d.repository.config.RepositoryConfigurationDelegate.registerRepositoriesIn:132 -Bootstrapping Spring Data Redis repositories in DEFAULT mode.
2022-12-23 18:00:56.667 INFO  [main]o.s.d.repository.config.RepositoryConfigurationDelegate.registerRepositoriesIn:201 -Finished Spring Data repository scanning in 2 ms. Found 0 Redis repository interfaces.
2022-12-23 18:00:56.820 INFO  [main]o.s.d.repository.config.RepositoryConfigurationDelegate.multipleStoresDetected:262 -Multiple Spring Data modules found, entering strict repository configuration mode!
2022-12-23 18:00:56.820 INFO  [main]o.s.d.repository.config.RepositoryConfigurationDelegate.registerRepositoriesIn:132 -Bootstrapping Spring Data Redis repositories in DEFAULT mode.
2022-12-23 18:00:56.825 INFO  [main]o.s.d.repository.config.RepositoryConfigurationDelegate.registerRepositoriesIn:201 -Finished Spring Data repository scanning in 5 ms. Found 0 Redis repository interfaces.
2022-12-23 18:00:56.971 INFO  [main]org.springframework.cloud.context.scope.GenericScope.setSerializationId:283 -BeanFactory id=d4065484-9f36-3f3b-978d-225f94fdf1a6
2022-12-23 18:00:57.239 INFO  [main]o.s.boot.web.embedded.tomcat.TomcatWebServer.initialize:108 -Tomcat initialized with port(s): 8003 (http)
2022-12-23 18:00:57.243 INFO  [main]org.apache.coyote.http11.Http11NioProtocol.log:173 -Initializing ProtocolHandler ["http-nio-8003"]
2022-12-23 18:00:57.244 INFO  [main]org.apache.catalina.core.StandardService.log:173 -Starting service [Tomcat]
2022-12-23 18:00:57.244 INFO  [main]org.apache.catalina.core.StandardEngine.log:173 -Starting Servlet engine: [Apache Tomcat/9.0.63]
2022-12-23 18:00:57.302 INFO  [main]o.a.catalina.core.ContainerBase.[Tomcat].[localhost].[/].log:173 -Initializing Spring embedded WebApplicationContext
2022-12-23 18:00:57.302 INFO  [main]o.s.b.w.s.context.ServletWebServerApplicationContext.prepareWebApplicationContext:292 -Root WebApplicationContext: initialization completed in 962 ms
2022-12-23 18:00:57.416 INFO  [main]c.a.d.s.boot.autoconfigure.DruidDataSourceAutoConfigure.dataSource:56 -Init DruidDataSource
2022-12-23 18:00:59.848 INFO  [main]com.alibaba.druid.pool.DruidDataSource.init:985 -{dataSource-1} inited
2022-12-23 18:01:00.193 INFO  [main]o.springframework.cloud.openfeign.FeignClientFactoryBean.getTarget:418 -For 'coder-user' URL not provided. Will try picking an instance via load-balancing.
2022-12-23 18:01:01.443 INFO  [main]o.s.security.web.DefaultSecurityFilterChain.<init>:55 -Will secure any request with [org.springframework.security.web.session.DisableEncodeUrlFilter@7805478c, org.springframework.security.web.context.request.async.WebAsyncManagerIntegrationFilter@6807989e, org.springframework.security.web.context.SecurityContextPersistenceFilter@62b42406, org.springframework.security.web.header.HeaderWriterFilter@23c72128, org.springframework.security.web.authentication.logout.LogoutFilter@39ae6408, org.springframework.security.oauth2.provider.authentication.OAuth2AuthenticationProcessingFilter@799971ac, org.springframework.security.web.savedrequest.RequestCacheAwareFilter@3ef46749, org.springframework.security.web.servletapi.SecurityContextHolderAwareRequestFilter@1ab268bd, org.springframework.security.web.authentication.AnonymousAuthenticationFilter@c2e33, org.springframework.security.web.session.SessionManagementFilter@16944b58, org.springframework.security.web.access.ExceptionTranslationFilter@12421766, org.springframework.security.web.access.intercept.FilterSecurityInterceptor@11e24688]
2022-12-23 18:01:01.517 INFO  [main]o.s.boot.actuate.endpoint.web.EndpointLinksResolver.<init>:58 -Exposing 1 endpoint(s) beneath base path '/actuator'
2022-12-23 18:01:01.702 INFO  [main]org.apache.coyote.http11.Http11NioProtocol.log:173 -Starting ProtocolHandler ["http-nio-8003"]
2022-12-23 18:01:01.714 INFO  [main]o.s.boot.web.embedded.tomcat.TomcatWebServer.start:220 -Tomcat started on port(s): 8003 (http) with context path ''
2022-12-23 18:01:01.891 INFO  [main]com.alibaba.cloud.nacos.registry.NacosServiceRegistry.register:75 -nacos registry, DEFAULT_GROUP coder-server 192.168.0.106:8003 register finished
2022-12-23 18:01:01.919 INFO  [main]com.knowledge.server.ServerApplication.logStarted:61 -Started ServerApplication in 6.074 seconds (JVM running for 6.415)
2022-12-23 18:01:02.402 INFO  [RMI TCP Connection(2)-192.168.0.106]o.a.catalina.core.ContainerBase.[Tomcat].[localhost].[/].log:173 -Initializing Spring DispatcherServlet 'dispatcherServlet'
2022-12-23 18:01:02.402 INFO  [RMI TCP Connection(2)-192.168.0.106]org.springframework.web.servlet.DispatcherServlet.initServletBean:525 -Initializing Servlet 'dispatcherServlet'
2022-12-23 18:01:02.405 INFO  [RMI TCP Connection(2)-192.168.0.106]org.springframework.web.servlet.DispatcherServlet.initServletBean:547 -Completed initialization in 2 ms
2022-12-23 18:01:31.911 INFO  [http-nio-8003-exec-1]c.k.server.domain.generate.generator.BaseGenerator.download:153 -rootPath:/Users/suyuzhou/project/test/root/1606228501844946945
2022-12-23 18:01:32.014 INFO  [http-nio-8003-exec-1]c.k.server.domain.generate.generator.BaseGenerator.download:153 -rootPath:/Users/suyuzhou/project/test/root/1606228501844946945
2022-12-23 18:01:32.015 INFO  [http-nio-8003-exec-1]c.k.server.domain.generate.generator.BaseGenerator.download:153 -rootPath:/Users/suyuzhou/project/test/root/1606228501844946945
2022-12-23 18:03:52.885 INFO  [SpringApplicationShutdownHook]com.alibaba.cloud.nacos.registry.NacosServiceRegistry.deregister:90 -De-registering from Nacos Server now...
2022-12-23 18:03:53.089 INFO  [SpringApplicationShutdownHook]com.alibaba.cloud.nacos.registry.NacosServiceRegistry.deregister:110 -De-registration finished.
2022-12-23 18:04:00.134 INFO  [SpringApplicationShutdownHook]com.alibaba.druid.pool.DruidDataSource.close:2032 -{dataSource-1} closing ...
2022-12-23 18:04:00.138 INFO  [SpringApplicationShutdownHook]com.alibaba.druid.pool.DruidDataSource.close:2104 -{dataSource-1} closed
2022-12-23 18:04:04.297 INFO  [main]com.knowledge.server.ServerApplication.logStartupProfileInfo:634 -No active profile set, falling back to 1 default profile: "default"
2022-12-23 18:04:04.630 INFO  [main]o.s.d.repository.config.RepositoryConfigurationDelegate.multipleStoresDetected:262 -Multiple Spring Data modules found, entering strict repository configuration mode!
2022-12-23 18:04:04.631 INFO  [main]o.s.d.repository.config.RepositoryConfigurationDelegate.registerRepositoriesIn:132 -Bootstrapping Spring Data Redis repositories in DEFAULT mode.
2022-12-23 18:04:04.639 INFO  [main]o.s.d.repository.config.RepositoryConfigurationDelegate.registerRepositoriesIn:201 -Finished Spring Data repository scanning in 2 ms. Found 0 Redis repository interfaces.
2022-12-23 18:04:04.806 INFO  [main]o.s.d.repository.config.RepositoryConfigurationDelegate.multipleStoresDetected:262 -Multiple Spring Data modules found, entering strict repository configuration mode!
2022-12-23 18:04:04.806 INFO  [main]o.s.d.repository.config.RepositoryConfigurationDelegate.registerRepositoriesIn:132 -Bootstrapping Spring Data Redis repositories in DEFAULT mode.
2022-12-23 18:04:04.812 INFO  [main]o.s.d.repository.config.RepositoryConfigurationDelegate.registerRepositoriesIn:201 -Finished Spring Data repository scanning in 5 ms. Found 0 Redis repository interfaces.
2022-12-23 18:04:04.972 INFO  [main]org.springframework.cloud.context.scope.GenericScope.setSerializationId:283 -BeanFactory id=d4065484-9f36-3f3b-978d-225f94fdf1a6
2022-12-23 18:04:05.317 INFO  [main]o.s.boot.web.embedded.tomcat.TomcatWebServer.initialize:108 -Tomcat initialized with port(s): 8003 (http)
2022-12-23 18:04:05.323 INFO  [main]org.apache.coyote.http11.Http11NioProtocol.log:173 -Initializing ProtocolHandler ["http-nio-8003"]
2022-12-23 18:04:05.323 INFO  [main]org.apache.catalina.core.StandardService.log:173 -Starting service [Tomcat]
2022-12-23 18:04:05.323 INFO  [main]org.apache.catalina.core.StandardEngine.log:173 -Starting Servlet engine: [Apache Tomcat/9.0.63]
2022-12-23 18:04:05.384 INFO  [main]o.a.catalina.core.ContainerBase.[Tomcat].[localhost].[/].log:173 -Initializing Spring embedded WebApplicationContext
2022-12-23 18:04:05.384 INFO  [main]o.s.b.w.s.context.ServletWebServerApplicationContext.prepareWebApplicationContext:292 -Root WebApplicationContext: initialization completed in 1078 ms
2022-12-23 18:04:05.518 INFO  [main]c.a.d.s.boot.autoconfigure.DruidDataSourceAutoConfigure.dataSource:56 -Init DruidDataSource
2022-12-23 18:04:09.390 INFO  [main]com.alibaba.druid.pool.DruidDataSource.init:985 -{dataSource-1} inited
2022-12-23 18:04:09.728 INFO  [main]o.springframework.cloud.openfeign.FeignClientFactoryBean.getTarget:418 -For 'coder-user' URL not provided. Will try picking an instance via load-balancing.
2022-12-23 18:04:10.950 INFO  [main]o.s.security.web.DefaultSecurityFilterChain.<init>:55 -Will secure any request with [org.springframework.security.web.session.DisableEncodeUrlFilter@3a1a0bc, org.springframework.security.web.context.request.async.WebAsyncManagerIntegrationFilter@35d114f4, org.springframework.security.web.context.SecurityContextPersistenceFilter@c30f26d, org.springframework.security.web.header.HeaderWriterFilter@41026e5c, org.springframework.security.web.authentication.logout.LogoutFilter@722b3ba2, org.springframework.security.oauth2.provider.authentication.OAuth2AuthenticationProcessingFilter@41404aa2, org.springframework.security.web.savedrequest.RequestCacheAwareFilter@2a984952, org.springframework.security.web.servletapi.SecurityContextHolderAwareRequestFilter@40b54762, org.springframework.security.web.authentication.AnonymousAuthenticationFilter@3684d2c0, org.springframework.security.web.session.SessionManagementFilter@4d174189, org.springframework.security.web.access.ExceptionTranslationFilter@73b8ab2c, org.springframework.security.web.access.intercept.FilterSecurityInterceptor@6f9a3325]
2022-12-23 18:04:11.025 INFO  [main]o.s.boot.actuate.endpoint.web.EndpointLinksResolver.<init>:58 -Exposing 1 endpoint(s) beneath base path '/actuator'
2022-12-23 18:04:11.202 INFO  [main]org.apache.coyote.http11.Http11NioProtocol.log:173 -Starting ProtocolHandler ["http-nio-8003"]
2022-12-23 18:04:11.214 INFO  [main]o.s.boot.web.embedded.tomcat.TomcatWebServer.start:220 -Tomcat started on port(s): 8003 (http) with context path ''
2022-12-23 18:04:11.260 INFO  [main]com.alibaba.cloud.nacos.registry.NacosServiceRegistry.register:75 -nacos registry, DEFAULT_GROUP coder-server 192.168.0.106:8003 register finished
2022-12-23 18:04:11.275 INFO  [main]com.knowledge.server.ServerApplication.logStarted:61 -Started ServerApplication in 7.491 seconds (JVM running for 7.853)
2022-12-23 18:04:11.410 INFO  [RMI TCP Connection(5)-192.168.0.106]o.a.catalina.core.ContainerBase.[Tomcat].[localhost].[/].log:173 -Initializing Spring DispatcherServlet 'dispatcherServlet'
2022-12-23 18:04:11.410 INFO  [RMI TCP Connection(5)-192.168.0.106]org.springframework.web.servlet.DispatcherServlet.initServletBean:525 -Initializing Servlet 'dispatcherServlet'
2022-12-23 18:04:11.412 INFO  [RMI TCP Connection(5)-192.168.0.106]org.springframework.web.servlet.DispatcherServlet.initServletBean:547 -Completed initialization in 2 ms
2022-12-23 18:04:25.970 INFO  [http-nio-8003-exec-1]c.k.server.domain.generate.generator.BaseGenerator.download:153 -rootPath:/Users/suyuzhou/project/test/root/1606229232060678144
2022-12-23 18:04:26.039 INFO  [http-nio-8003-exec-1]c.k.server.domain.generate.generator.BaseGenerator.download:153 -rootPath:/Users/suyuzhou/project/test/root/1606229232060678144
2022-12-23 18:04:26.041 INFO  [http-nio-8003-exec-1]c.k.server.domain.generate.generator.BaseGenerator.download:153 -rootPath:/Users/suyuzhou/project/test/root/1606229232060678144
2022-12-23 18:32:44.547 INFO  [SpringApplicationShutdownHook]com.alibaba.cloud.nacos.registry.NacosServiceRegistry.deregister:90 -De-registering from Nacos Server now...
2022-12-23 18:32:44.649 INFO  [SpringApplicationShutdownHook]com.alibaba.cloud.nacos.registry.NacosServiceRegistry.deregister:110 -De-registration finished.
2022-12-23 18:32:53.699 INFO  [SpringApplicationShutdownHook]com.alibaba.druid.pool.DruidDataSource.close:2032 -{dataSource-1} closing ...
2022-12-23 18:32:53.708 INFO  [SpringApplicationShutdownHook]com.alibaba.druid.pool.DruidDataSource.close:2104 -{dataSource-1} closed
