2022-12-23 17:56:01.388 ERROR [commons-pool-evictor]redis.clients.jedis.JedisFactory.validateObject:216 -Error while validating pooled Jedis object.
redis.clients.jedis.exceptions.JedisConnectionException: java.net.SocketTimeoutException: Read timed out
	at redis.clients.jedis.util.RedisInputStream.ensureFill(RedisInputStream.java:205)
	at redis.clients.jedis.util.RedisInputStream.readByte(RedisInputStream.java:43)
	at redis.clients.jedis.Protocol.process(Protocol.java:165)
	at redis.clients.jedis.Protocol.read(Protocol.java:230)
	at redis.clients.jedis.Connection.readProtocolWithCheckingBroken(Connection.java:352)
	at redis.clients.jedis.Connection.getStatusCodeReply(Connection.java:270)
	at redis.clients.jedis.BinaryJedis.ping(BinaryJedis.java:384)
	at redis.clients.jedis.JedisFactory.validateObject(JedisFactory.java:214)
	at org.apache.commons.pool2.impl.GenericObjectPool.evict(GenericObjectPool.java:745)
	at org.apache.commons.pool2.impl.BaseGenericObjectPool$Evictor.run(BaseGenericObjectPool.java:160)
	at org.apache.commons.pool2.impl.EvictionTimer$WeakRunner.run(EvictionTimer.java:113)
	at java.util.concurrent.Executors$RunnableAdapter.call(Executors.java:511)
	at java.util.concurrent.FutureTask.runAndReset$$$capture(FutureTask.java:308)
	at java.util.concurrent.FutureTask.runAndReset(FutureTask.java)
	at java.util.concurrent.ScheduledThreadPoolExecutor$ScheduledFutureTask.access$301(ScheduledThreadPoolExecutor.java:180)
	at java.util.concurrent.ScheduledThreadPoolExecutor$ScheduledFutureTask.run(ScheduledThreadPoolExecutor.java:294)
	at java.util.concurrent.ThreadPoolExecutor.runWorker(ThreadPoolExecutor.java:1149)
	at java.util.concurrent.ThreadPoolExecutor$Worker.run(ThreadPoolExecutor.java:624)
	at java.lang.Thread.run(Thread.java:748)
Caused by: java.net.SocketTimeoutException: Read timed out
	at java.net.SocketInputStream.socketRead0(Native Method)
	at java.net.SocketInputStream.socketRead(SocketInputStream.java:116)
	at java.net.SocketInputStream.read(SocketInputStream.java:171)
	at java.net.SocketInputStream.read(SocketInputStream.java:141)
	at java.net.SocketInputStream.read(SocketInputStream.java:127)
	at redis.clients.jedis.util.RedisInputStream.ensureFill(RedisInputStream.java:199)
	... 18 common frames omitted
