2022-12-23 17:46:08.154 WARN  [main]o.s.c.l.c.LoadBalancerCacheAutoConfiguration$LoadBalancerCaffeineWarnLogger.logWarning:82 -Spring Cloud LoadBalancer is currently working with the default cache. While this cache implementation is useful for development and tests, it's recommended to use Caffeine cache in production.You can switch to using Caffeine cache, by adding it and org.springframework.cache.caffeine.CaffeineCacheManager to the classpath.
2022-12-23 17:54:12.885 WARN  [boundedElastic-4]o.s.cloud.loadbalancer.core.RoundRobinLoadBalancer.getInstanceResponse:98 -No servers available for service: coder-server
2022-12-23 17:54:16.513 WARN  [boundedElastic-4]o.s.cloud.loadbalancer.core.RoundRobinLoadBalancer.getInstanceResponse:98 -No servers available for service: coder-server
2022-12-23 17:54:17.699 WARN  [boundedElastic-4]o.s.cloud.loadbalancer.core.RoundRobinLoadBalancer.getInstanceResponse:98 -No servers available for service: coder-server
2022-12-23 17:54:18.462 WARN  [boundedElastic-4]o.s.cloud.loadbalancer.core.RoundRobinLoadBalancer.getInstanceResponse:98 -No servers available for service: coder-server
2022-12-23 17:54:19.132 WARN  [boundedElastic-4]o.s.cloud.loadbalancer.core.RoundRobinLoadBalancer.getInstanceResponse:98 -No servers available for service: coder-server
2022-12-23 17:54:19.822 WARN  [boundedElastic-4]o.s.cloud.loadbalancer.core.RoundRobinLoadBalancer.getInstanceResponse:98 -No servers available for service: coder-server
2022-12-23 17:54:21.450 WARN  [boundedElastic-4]o.s.cloud.loadbalancer.core.RoundRobinLoadBalancer.getInstanceResponse:98 -No servers available for service: coder-server
2022-12-23 17:54:22.391 WARN  [boundedElastic-4]o.s.cloud.loadbalancer.core.RoundRobinLoadBalancer.getInstanceResponse:98 -No servers available for service: coder-server
2022-12-23 17:54:23.139 WARN  [boundedElastic-4]o.s.cloud.loadbalancer.core.RoundRobinLoadBalancer.getInstanceResponse:98 -No servers available for service: coder-server
2022-12-23 17:54:23.841 WARN  [boundedElastic-4]o.s.cloud.loadbalancer.core.RoundRobinLoadBalancer.getInstanceResponse:98 -No servers available for service: coder-server
2022-12-23 18:01:06.765 WARN  [boundedElastic-5]o.s.cloud.loadbalancer.core.RoundRobinLoadBalancer.getInstanceResponse:98 -No servers available for service: coder-server
2022-12-23 18:01:09.035 WARN  [boundedElastic-1]o.s.cloud.loadbalancer.core.RoundRobinLoadBalancer.getInstanceResponse:98 -No servers available for service: coder-server
2022-12-23 18:01:09.752 WARN  [boundedElastic-1]o.s.cloud.loadbalancer.core.RoundRobinLoadBalancer.getInstanceResponse:98 -No servers available for service: coder-server
2022-12-23 18:01:10.450 WARN  [boundedElastic-1]o.s.cloud.loadbalancer.core.RoundRobinLoadBalancer.getInstanceResponse:98 -No servers available for service: coder-server
2022-12-23 18:01:11.169 WARN  [boundedElastic-1]o.s.cloud.loadbalancer.core.RoundRobinLoadBalancer.getInstanceResponse:98 -No servers available for service: coder-server
2022-12-23 18:01:11.884 WARN  [boundedElastic-1]o.s.cloud.loadbalancer.core.RoundRobinLoadBalancer.getInstanceResponse:98 -No servers available for service: coder-server
2022-12-23 18:01:12.499 WARN  [boundedElastic-1]o.s.cloud.loadbalancer.core.RoundRobinLoadBalancer.getInstanceResponse:98 -No servers available for service: coder-server
2022-12-23 18:01:13.148 WARN  [boundedElastic-1]o.s.cloud.loadbalancer.core.RoundRobinLoadBalancer.getInstanceResponse:98 -No servers available for service: coder-server
2022-12-23 18:01:13.880 WARN  [boundedElastic-1]o.s.cloud.loadbalancer.core.RoundRobinLoadBalancer.getInstanceResponse:98 -No servers available for service: coder-server
2022-12-23 18:01:14.567 WARN  [boundedElastic-1]o.s.cloud.loadbalancer.core.RoundRobinLoadBalancer.getInstanceResponse:98 -No servers available for service: coder-server
2022-12-23 18:01:15.264 WARN  [boundedElastic-1]o.s.cloud.loadbalancer.core.RoundRobinLoadBalancer.getInstanceResponse:98 -No servers available for service: coder-server
2022-12-23 18:01:16.184 WARN  [boundedElastic-1]o.s.cloud.loadbalancer.core.RoundRobinLoadBalancer.getInstanceResponse:98 -No servers available for service: coder-server
2022-12-23 18:01:16.993 WARN  [boundedElastic-1]o.s.cloud.loadbalancer.core.RoundRobinLoadBalancer.getInstanceResponse:98 -No servers available for service: coder-server
2022-12-23 18:01:18.107 WARN  [boundedElastic-1]o.s.cloud.loadbalancer.core.RoundRobinLoadBalancer.getInstanceResponse:98 -No servers available for service: coder-server
2022-12-23 18:01:19.073 WARN  [boundedElastic-1]o.s.cloud.loadbalancer.core.RoundRobinLoadBalancer.getInstanceResponse:98 -No servers available for service: coder-server
2022-12-23 18:01:19.938 WARN  [boundedElastic-1]o.s.cloud.loadbalancer.core.RoundRobinLoadBalancer.getInstanceResponse:98 -No servers available for service: coder-server
2022-12-23 18:01:21.372 WARN  [boundedElastic-1]o.s.cloud.loadbalancer.core.RoundRobinLoadBalancer.getInstanceResponse:98 -No servers available for service: coder-server
2022-12-23 18:01:22.896 WARN  [boundedElastic-1]o.s.cloud.loadbalancer.core.RoundRobinLoadBalancer.getInstanceResponse:98 -No servers available for service: coder-server
2022-12-23 18:01:25.136 WARN  [boundedElastic-1]o.s.cloud.loadbalancer.core.RoundRobinLoadBalancer.getInstanceResponse:98 -No servers available for service: coder-server
2022-12-23 18:32:44.503 WARN  [Thread-8]com.alibaba.nacos.common.http.HttpClientBeanHolder.shutdown:108 -[HttpClientBeanHolder] Start destroying common HttpClient
2022-12-23 18:32:44.503 WARN  [Thread-14]com.alibaba.nacos.common.notify.NotifyCenter.shutdown:145 -[NotifyCenter] Start destroying Publisher
2022-12-23 18:32:44.504 WARN  [Thread-14]com.alibaba.nacos.common.notify.NotifyCenter.shutdown:162 -[NotifyCenter] Destruction of the end
2022-12-23 18:32:44.504 WARN  [Thread-8]com.alibaba.nacos.common.http.HttpClientBeanHolder.shutdown:114 -[HttpClientBeanHolder] Destruction of the end
2022-12-23 18:32:52.044 WARN  [SpringApplicationShutdownHook]o.s.beans.factory.support.DisposableBeanAdapter.invokeCustomDestroyMethod:329 -Custom destroy method 'close' on bean with name 'nacosServiceRegistry' threw an exception: java.lang.NullPointerException
