2022-12-23 17:46:06.895 INFO  [main]com.knowledge.gateway.GatewayApplication.logStartupProfileInfo:634 -No active profile set, falling back to 1 default profile: "default"
2022-12-23 17:46:07.151 INFO  [main]o.s.d.repository.config.RepositoryConfigurationDelegate.multipleStoresDetected:262 -Multiple Spring Data modules found, entering strict repository configuration mode!
2022-12-23 17:46:07.152 INFO  [main]o.s.d.repository.config.RepositoryConfigurationDelegate.registerRepositoriesIn:132 -Bootstrapping Spring Data Redis repositories in DEFAULT mode.
2022-12-23 17:46:07.161 INFO  [main]o.s.d.repository.config.RepositoryConfigurationDelegate.registerRepositoriesIn:201 -Finished Spring Data repository scanning in 2 ms. Found 0 Redis repository interfaces.
2022-12-23 17:46:07.276 INFO  [main]o.s.d.repository.config.RepositoryConfigurationDelegate.multipleStoresDetected:262 -Multiple Spring Data modules found, entering strict repository configuration mode!
2022-12-23 17:46:07.277 INFO  [main]o.s.d.repository.config.RepositoryConfigurationDelegate.registerRepositoriesIn:132 -Bootstrapping Spring Data Redis repositories in DEFAULT mode.
2022-12-23 17:46:07.278 INFO  [main]o.s.d.repository.config.RepositoryConfigurationDelegate.registerRepositoriesIn:201 -Finished Spring Data repository scanning in 1 ms. Found 0 Redis repository interfaces.
2022-12-23 17:46:07.364 INFO  [main]org.springframework.cloud.context.scope.GenericScope.setSerializationId:283 -BeanFactory id=d021922b-eb4e-34da-8c2a-c51eb0880cef
2022-12-23 17:46:07.405 INFO  [main]o.s.c.s.PostProcessorRegistrationDelegate$BeanPostProcessorChecker.postProcessAfterInitialization:376 -Bean 'org.springframework.cloud.client.loadbalancer.reactive.LoadBalancerBeanPostProcessorAutoConfiguration' of type [org.springframework.cloud.client.loadbalancer.reactive.LoadBalancerBeanPostProcessorAutoConfiguration] is not eligible for getting processed by all BeanPostProcessors (for example: not eligible for auto-proxying)
2022-12-23 17:46:07.406 INFO  [main]o.s.c.s.PostProcessorRegistrationDelegate$BeanPostProcessorChecker.postProcessAfterInitialization:376 -Bean 'org.springframework.cloud.client.loadbalancer.reactive.LoadBalancerBeanPostProcessorAutoConfiguration$ReactorDeferringLoadBalancerFilterConfig' of type [org.springframework.cloud.client.loadbalancer.reactive.LoadBalancerBeanPostProcessorAutoConfiguration$ReactorDeferringLoadBalancerFilterConfig] is not eligible for getting processed by all BeanPostProcessors (for example: not eligible for auto-proxying)
2022-12-23 17:46:07.407 INFO  [main]o.s.c.s.PostProcessorRegistrationDelegate$BeanPostProcessorChecker.postProcessAfterInitialization:376 -Bean 'reactorDeferringLoadBalancerExchangeFilterFunction' of type [org.springframework.cloud.client.loadbalancer.reactive.DeferringLoadBalancerExchangeFilterFunction] is not eligible for getting processed by all BeanPostProcessors (for example: not eligible for auto-proxying)
2022-12-23 17:46:08.038 INFO  [main]o.s.cloud.gateway.route.RouteDefinitionRouteLocator.lambda$initFactories$1:88 -Loaded RoutePredicateFactory [After]
2022-12-23 17:46:08.038 INFO  [main]o.s.cloud.gateway.route.RouteDefinitionRouteLocator.lambda$initFactories$1:88 -Loaded RoutePredicateFactory [Before]
2022-12-23 17:46:08.038 INFO  [main]o.s.cloud.gateway.route.RouteDefinitionRouteLocator.lambda$initFactories$1:88 -Loaded RoutePredicateFactory [Between]
2022-12-23 17:46:08.038 INFO  [main]o.s.cloud.gateway.route.RouteDefinitionRouteLocator.lambda$initFactories$1:88 -Loaded RoutePredicateFactory [Cookie]
2022-12-23 17:46:08.038 INFO  [main]o.s.cloud.gateway.route.RouteDefinitionRouteLocator.lambda$initFactories$1:88 -Loaded RoutePredicateFactory [Header]
2022-12-23 17:46:08.039 INFO  [main]o.s.cloud.gateway.route.RouteDefinitionRouteLocator.lambda$initFactories$1:88 -Loaded RoutePredicateFactory [Host]
2022-12-23 17:46:08.039 INFO  [main]o.s.cloud.gateway.route.RouteDefinitionRouteLocator.lambda$initFactories$1:88 -Loaded RoutePredicateFactory [Method]
2022-12-23 17:46:08.039 INFO  [main]o.s.cloud.gateway.route.RouteDefinitionRouteLocator.lambda$initFactories$1:88 -Loaded RoutePredicateFactory [Path]
2022-12-23 17:46:08.039 INFO  [main]o.s.cloud.gateway.route.RouteDefinitionRouteLocator.lambda$initFactories$1:88 -Loaded RoutePredicateFactory [Query]
2022-12-23 17:46:08.039 INFO  [main]o.s.cloud.gateway.route.RouteDefinitionRouteLocator.lambda$initFactories$1:88 -Loaded RoutePredicateFactory [ReadBody]
2022-12-23 17:46:08.039 INFO  [main]o.s.cloud.gateway.route.RouteDefinitionRouteLocator.lambda$initFactories$1:88 -Loaded RoutePredicateFactory [RemoteAddr]
2022-12-23 17:46:08.039 INFO  [main]o.s.cloud.gateway.route.RouteDefinitionRouteLocator.lambda$initFactories$1:88 -Loaded RoutePredicateFactory [XForwardedRemoteAddr]
2022-12-23 17:46:08.039 INFO  [main]o.s.cloud.gateway.route.RouteDefinitionRouteLocator.lambda$initFactories$1:88 -Loaded RoutePredicateFactory [Weight]
2022-12-23 17:46:08.039 INFO  [main]o.s.cloud.gateway.route.RouteDefinitionRouteLocator.lambda$initFactories$1:88 -Loaded RoutePredicateFactory [CloudFoundryRouteService]
2022-12-23 17:46:08.126 INFO  [main]o.s.b.a.s.r.ReactiveUserDetailsServiceAutoConfiguration.getOrDeducePassword:87 -

Using generated security password: 69089876-d28b-43e8-9c52-ed573e73e0fa

2022-12-23 17:46:08.582 INFO  [main]o.springframework.boot.web.embedded.netty.NettyWebServer.start:111 -Netty started on port 8000
2022-12-23 17:46:08.658 INFO  [main]com.alibaba.cloud.nacos.registry.NacosServiceRegistry.register:75 -nacos registry, DEFAULT_GROUP coder-gateway 192.168.0.106:8000 register finished
2022-12-23 17:46:08.673 INFO  [main]com.knowledge.gateway.GatewayApplication.logStarted:61 -Started GatewayApplication in 2.419 seconds (JVM running for 2.752)
2022-12-23 18:32:44.510 INFO  [SpringApplicationShutdownHook]com.alibaba.cloud.nacos.registry.NacosServiceRegistry.deregister:90 -De-registering from Nacos Server now...
2022-12-23 18:32:44.652 INFO  [SpringApplicationShutdownHook]com.alibaba.cloud.nacos.registry.NacosServiceRegistry.deregister:110 -De-registration finished.
