2022-12-23 17:46:06.895 INFO  [main]com.knowledge.gateway.GatewayApplication.logStartupProfileInfo:634 -No active profile set, falling back to 1 default profile: "default"
2022-12-23 17:46:07.151 INFO  [main]o.s.d.repository.config.RepositoryConfigurationDelegate.multipleStoresDetected:262 -Multiple Spring Data modules found, entering strict repository configuration mode!
2022-12-23 17:46:07.152 INFO  [main]o.s.d.repository.config.RepositoryConfigurationDelegate.registerRepositoriesIn:132 -Bootstrapping Spring Data Redis repositories in DEFAULT mode.
2022-12-23 17:46:07.161 INFO  [main]o.s.d.repository.config.RepositoryConfigurationDelegate.registerRepositoriesIn:201 -Finished Spring Data repository scanning in 2 ms. Found 0 Redis repository interfaces.
2022-12-23 17:46:07.276 INFO  [main]o.s.d.repository.config.RepositoryConfigurationDelegate.multipleStoresDetected:262 -Multiple Spring Data modules found, entering strict repository configuration mode!
2022-12-23 17:46:07.277 INFO  [main]o.s.d.repository.config.RepositoryConfigurationDelegate.registerRepositoriesIn:132 -Bootstrapping Spring Data Redis repositories in DEFAULT mode.
2022-12-23 17:46:07.278 INFO  [main]o.s.d.repository.config.RepositoryConfigurationDelegate.registerRepositoriesIn:201 -Finished Spring Data repository scanning in 1 ms. Found 0 Redis repository interfaces.
2022-12-23 17:46:07.364 INFO  [main]org.springframework.cloud.context.scope.GenericScope.setSerializationId:283 -BeanFactory id=d021922b-eb4e-34da-8c2a-c51eb0880cef
2022-12-23 17:46:07.405 INFO  [main]o.s.c.s.PostProcessorRegistrationDelegate$BeanPostProcessorChecker.postProcessAfterInitialization:376 -Bean 'org.springframework.cloud.client.loadbalancer.reactive.LoadBalancerBeanPostProcessorAutoConfiguration' of type [org.springframework.cloud.client.loadbalancer.reactive.LoadBalancerBeanPostProcessorAutoConfiguration] is not eligible for getting processed by all BeanPostProcessors (for example: not eligible for auto-proxying)
2022-12-23 17:46:07.406 INFO  [main]o.s.c.s.PostProcessorRegistrationDelegate$BeanPostProcessorChecker.postProcessAfterInitialization:376 -Bean 'org.springframework.cloud.client.loadbalancer.reactive.LoadBalancerBeanPostProcessorAutoConfiguration$ReactorDeferringLoadBalancerFilterConfig' of type [org.springframework.cloud.client.loadbalancer.reactive.LoadBalancerBeanPostProcessorAutoConfiguration$ReactorDeferringLoadBalancerFilterConfig] is not eligible for getting processed by all BeanPostProcessors (for example: not eligible for auto-proxying)
2022-12-23 17:46:07.407 INFO  [main]o.s.c.s.PostProcessorRegistrationDelegate$BeanPostProcessorChecker.postProcessAfterInitialization:376 -Bean 'reactorDeferringLoadBalancerExchangeFilterFunction' of type [org.springframework.cloud.client.loadbalancer.reactive.DeferringLoadBalancerExchangeFilterFunction] is not eligible for getting processed by all BeanPostProcessors (for example: not eligible for auto-proxying)
2022-12-23 17:46:07.522 ERROR [main]io.netty.resolver.dns.DnsServerAddressStreamProviders.<clinit>:73 -Unable to load io.netty.resolver.dns.macos.MacOSDnsServerAddressStreamProvider, fallback to system defaults. This may result in incorrect DNS resolutions on MacOS.
java.lang.reflect.InvocationTargetException: null
	at sun.reflect.NativeConstructorAccessorImpl.newInstance0(Native Method)
	at sun.reflect.NativeConstructorAccessorImpl.newInstance(NativeConstructorAccessorImpl.java:62)
	at sun.reflect.DelegatingConstructorAccessorImpl.newInstance(DelegatingConstructorAccessorImpl.java:45)
	at java.lang.reflect.Constructor.newInstance(Constructor.java:423)
	at io.netty.resolver.dns.DnsServerAddressStreamProviders.<clinit>(DnsServerAddressStreamProviders.java:64)
	at io.netty.resolver.dns.DnsNameResolverBuilder.<init>(DnsNameResolverBuilder.java:60)
	at io.lettuce.core.resource.AddressResolverGroupProvider$DefaultDnsAddressResolverGroupWrapper.<clinit>(AddressResolverGroupProvider.java:56)
	at io.lettuce.core.resource.AddressResolverGroupProvider.<clinit>(AddressResolverGroupProvider.java:35)
	at io.lettuce.core.resource.DefaultClientResources.<clinit>(DefaultClientResources.java:112)
	at org.springframework.boot.autoconfigure.data.redis.LettuceConnectionConfiguration.lettuceClientResources(LettuceConnectionConfiguration.java:71)
	at sun.reflect.NativeMethodAccessorImpl.invoke0(Native Method)
	at sun.reflect.NativeMethodAccessorImpl.invoke(NativeMethodAccessorImpl.java:62)
	at sun.reflect.DelegatingMethodAccessorImpl.invoke(DelegatingMethodAccessorImpl.java:43)
	at java.lang.reflect.Method.invoke(Method.java:498)
	at org.springframework.beans.factory.support.SimpleInstantiationStrategy.instantiate(SimpleInstantiationStrategy.java:154)
	at org.springframework.beans.factory.support.ConstructorResolver.instantiate(ConstructorResolver.java:653)
	at org.springframework.beans.factory.support.ConstructorResolver.instantiateUsingFactoryMethod(ConstructorResolver.java:638)
	at org.springframework.beans.factory.support.AbstractAutowireCapableBeanFactory.instantiateUsingFactoryMethod(AbstractAutowireCapableBeanFactory.java:1352)
	at org.springframework.beans.factory.support.AbstractAutowireCapableBeanFactory.createBeanInstance(AbstractAutowireCapableBeanFactory.java:1195)
	at org.springframework.beans.factory.support.AbstractAutowireCapableBeanFactory.doCreateBean(AbstractAutowireCapableBeanFactory.java:582)
	at org.springframework.beans.factory.support.AbstractAutowireCapableBeanFactory.createBean(AbstractAutowireCapableBeanFactory.java:542)
	at org.springframework.beans.factory.support.AbstractBeanFactory.lambda$doGetBean$0(AbstractBeanFactory.java:335)
	at org.springframework.beans.factory.support.DefaultSingletonBeanRegistry.getSingleton(DefaultSingletonBeanRegistry.java:234)
	at org.springframework.beans.factory.support.AbstractBeanFactory.doGetBean(AbstractBeanFactory.java:333)
	at org.springframework.beans.factory.support.AbstractBeanFactory.getBean(AbstractBeanFactory.java:208)
	at org.springframework.beans.factory.config.DependencyDescriptor.resolveCandidate(DependencyDescriptor.java:276)
	at org.springframework.beans.factory.support.DefaultListableBeanFactory.doResolveDependency(DefaultListableBeanFactory.java:1389)
	at org.springframework.beans.factory.support.DefaultListableBeanFactory.resolveDependency(DefaultListableBeanFactory.java:1309)
	at org.springframework.beans.factory.support.ConstructorResolver.resolveAutowiredArgument(ConstructorResolver.java:887)
	at org.springframework.beans.factory.support.ConstructorResolver.createArgumentArray(ConstructorResolver.java:791)
	at org.springframework.beans.factory.support.ConstructorResolver.instantiateUsingFactoryMethod(ConstructorResolver.java:541)
	at org.springframework.beans.factory.support.AbstractAutowireCapableBeanFactory.instantiateUsingFactoryMethod(AbstractAutowireCapableBeanFactory.java:1352)
	at org.springframework.beans.factory.support.AbstractAutowireCapableBeanFactory.createBeanInstance(AbstractAutowireCapableBeanFactory.java:1195)
	at org.springframework.beans.factory.support.AbstractAutowireCapableBeanFactory.doCreateBean(AbstractAutowireCapableBeanFactory.java:582)
	at org.springframework.beans.factory.support.AbstractAutowireCapableBeanFactory.createBean(AbstractAutowireCapableBeanFactory.java:542)
	at org.springframework.beans.factory.support.AbstractBeanFactory.lambda$doGetBean$0(AbstractBeanFactory.java:335)
	at org.springframework.beans.factory.support.DefaultSingletonBeanRegistry.getSingleton(DefaultSingletonBeanRegistry.java:234)
	at org.springframework.beans.factory.support.AbstractBeanFactory.doGetBean(AbstractBeanFactory.java:333)
	at org.springframework.beans.factory.support.AbstractBeanFactory.getBean(AbstractBeanFactory.java:208)
	at org.springframework.beans.factory.config.DependencyDescriptor.resolveCandidate(DependencyDescriptor.java:276)
	at org.springframework.beans.factory.support.DefaultListableBeanFactory.doResolveDependency(DefaultListableBeanFactory.java:1389)
	at org.springframework.beans.factory.support.DefaultListableBeanFactory.resolveDependency(DefaultListableBeanFactory.java:1309)
	at org.springframework.beans.factory.support.ConstructorResolver.resolveAutowiredArgument(ConstructorResolver.java:887)
	at org.springframework.beans.factory.support.ConstructorResolver.createArgumentArray(ConstructorResolver.java:791)
	at org.springframework.beans.factory.support.ConstructorResolver.instantiateUsingFactoryMethod(ConstructorResolver.java:541)
	at org.springframework.beans.factory.support.AbstractAutowireCapableBeanFactory.instantiateUsingFactoryMethod(AbstractAutowireCapableBeanFactory.java:1352)
	at org.springframework.beans.factory.support.AbstractAutowireCapableBeanFactory.createBeanInstance(AbstractAutowireCapableBeanFactory.java:1195)
	at org.springframework.beans.factory.support.AbstractAutowireCapableBeanFactory.doCreateBean(AbstractAutowireCapableBeanFactory.java:582)
	at org.springframework.beans.factory.support.AbstractAutowireCapableBeanFactory.createBean(AbstractAutowireCapableBeanFactory.java:542)
	at org.springframework.beans.factory.support.AbstractBeanFactory.lambda$doGetBean$0(AbstractBeanFactory.java:335)
	at org.springframework.beans.factory.support.DefaultSingletonBeanRegistry.getSingleton(DefaultSingletonBeanRegistry.java:234)
	at org.springframework.beans.factory.support.AbstractBeanFactory.doGetBean(AbstractBeanFactory.java:333)
	at org.springframework.beans.factory.support.AbstractBeanFactory.getBean(AbstractBeanFactory.java:213)
	at org.springframework.beans.factory.support.AbstractAutowireCapableBeanFactory.resolveBeanByName(AbstractAutowireCapableBeanFactory.java:479)
	at org.springframework.context.annotation.CommonAnnotationBeanPostProcessor.autowireResource(CommonAnnotationBeanPostProcessor.java:550)
	at org.springframework.context.annotation.CommonAnnotationBeanPostProcessor.getResource(CommonAnnotationBeanPostProcessor.java:520)
	at org.springframework.context.annotation.CommonAnnotationBeanPostProcessor$ResourceElement.getResourceToInject(CommonAnnotationBeanPostProcessor.java:673)
	at org.springframework.beans.factory.annotation.InjectionMetadata$InjectedElement.inject(InjectionMetadata.java:228)
	at org.springframework.beans.factory.annotation.InjectionMetadata.inject(InjectionMetadata.java:119)
	at org.springframework.context.annotation.CommonAnnotationBeanPostProcessor.postProcessProperties(CommonAnnotationBeanPostProcessor.java:329)
	at org.springframework.beans.factory.support.AbstractAutowireCapableBeanFactory.populateBean(AbstractAutowireCapableBeanFactory.java:1431)
	at org.springframework.beans.factory.support.AbstractAutowireCapableBeanFactory.doCreateBean(AbstractAutowireCapableBeanFactory.java:619)
	at org.springframework.beans.factory.support.AbstractAutowireCapableBeanFactory.createBean(AbstractAutowireCapableBeanFactory.java:542)
	at org.springframework.beans.factory.support.AbstractBeanFactory.lambda$doGetBean$0(AbstractBeanFactory.java:335)
	at org.springframework.beans.factory.support.DefaultSingletonBeanRegistry.getSingleton(DefaultSingletonBeanRegistry.java:234)
	at org.springframework.beans.factory.support.AbstractBeanFactory.doGetBean(AbstractBeanFactory.java:333)
	at org.springframework.beans.factory.support.AbstractBeanFactory.getBean(AbstractBeanFactory.java:208)
	at org.springframework.beans.factory.support.DefaultListableBeanFactory.preInstantiateSingletons(DefaultListableBeanFactory.java:953)
	at org.springframework.context.support.AbstractApplicationContext.finishBeanFactoryInitialization(AbstractApplicationContext.java:918)
	at org.springframework.context.support.AbstractApplicationContext.refresh(AbstractApplicationContext.java:583)
	at org.springframework.boot.web.reactive.context.ReactiveWebServerApplicationContext.refresh(ReactiveWebServerApplicationContext.java:66)
	at org.springframework.boot.SpringApplication.refresh(SpringApplication.java:734)
	at org.springframework.boot.SpringApplication.refreshContext(SpringApplication.java:408)
	at org.springframework.boot.SpringApplication.run(SpringApplication.java:308)
	at org.springframework.boot.SpringApplication.run(SpringApplication.java:1306)
	at org.springframework.boot.SpringApplication.run(SpringApplication.java:1295)
	at com.knowledge.gateway.GatewayApplication.main(GatewayApplication.java:11)
Caused by: java.lang.UnsatisfiedLinkError: failed to load the required native library
	at io.netty.resolver.dns.macos.MacOSDnsServerAddressStreamProvider.ensureAvailability(MacOSDnsServerAddressStreamProvider.java:110)
	at io.netty.resolver.dns.macos.MacOSDnsServerAddressStreamProvider.<init>(MacOSDnsServerAddressStreamProvider.java:120)
	... 77 common frames omitted
Caused by: java.lang.UnsatisfiedLinkError: could not load a native library: netty_resolver_dns_native_macos_aarch_64
	at io.netty.util.internal.NativeLibraryLoader.load(NativeLibraryLoader.java:239)
	at io.netty.resolver.dns.macos.MacOSDnsServerAddressStreamProvider.loadNativeLibrary(MacOSDnsServerAddressStreamProvider.java:92)
	at io.netty.resolver.dns.macos.MacOSDnsServerAddressStreamProvider.<clinit>(MacOSDnsServerAddressStreamProvider.java:77)
	at java.lang.Class.forName0(Native Method)
	at java.lang.Class.forName(Class.java:348)
	at io.netty.resolver.dns.DnsServerAddressStreamProviders$1.run(DnsServerAddressStreamProviders.java:50)
	at java.security.AccessController.doPrivileged(Native Method)
	at io.netty.resolver.dns.DnsServerAddressStreamProviders.<clinit>(DnsServerAddressStreamProviders.java:46)
	... 72 common frames omitted
	Suppressed: java.lang.UnsatisfiedLinkError: could not load a native library: netty_resolver_dns_native_macos
		at io.netty.util.internal.NativeLibraryLoader.load(NativeLibraryLoader.java:239)
		at io.netty.resolver.dns.macos.MacOSDnsServerAddressStreamProvider.loadNativeLibrary(MacOSDnsServerAddressStreamProvider.java:95)
		... 78 common frames omitted
	Caused by: java.io.FileNotFoundException: META-INF/native/libnetty_resolver_dns_native_macos.jnilib
		at io.netty.util.internal.NativeLibraryLoader.load(NativeLibraryLoader.java:181)
		... 79 common frames omitted
		Suppressed: java.lang.UnsatisfiedLinkError: no netty_resolver_dns_native_macos in java.library.path
			at java.lang.ClassLoader.loadLibrary(ClassLoader.java:1875)
			at java.lang.Runtime.loadLibrary0(Runtime.java:872)
			at java.lang.System.loadLibrary(System.java:1124)
			at io.netty.util.internal.NativeLibraryUtil.loadLibrary(NativeLibraryUtil.java:38)
			at io.netty.util.internal.NativeLibraryLoader.loadLibrary(NativeLibraryLoader.java:391)
			at io.netty.util.internal.NativeLibraryLoader.load(NativeLibraryLoader.java:161)
			... 79 common frames omitted
			Suppressed: java.lang.UnsatisfiedLinkError: no netty_resolver_dns_native_macos in java.library.path
				at java.lang.ClassLoader.loadLibrary(ClassLoader.java:1875)
				at java.lang.Runtime.loadLibrary0(Runtime.java:872)
				at java.lang.System.loadLibrary(System.java:1124)
				at io.netty.util.internal.NativeLibraryUtil.loadLibrary(NativeLibraryUtil.java:38)
				at sun.reflect.NativeMethodAccessorImpl.invoke0(Native Method)
				at sun.reflect.NativeMethodAccessorImpl.invoke(NativeMethodAccessorImpl.java:62)
				at sun.reflect.DelegatingMethodAccessorImpl.invoke(DelegatingMethodAccessorImpl.java:43)
				at java.lang.reflect.Method.invoke(Method.java:498)
				at io.netty.util.internal.NativeLibraryLoader$1.run(NativeLibraryLoader.java:425)
				at java.security.AccessController.doPrivileged(Native Method)
				at io.netty.util.internal.NativeLibraryLoader.loadLibraryByHelper(NativeLibraryLoader.java:417)
				at io.netty.util.internal.NativeLibraryLoader.loadLibrary(NativeLibraryLoader.java:383)
				... 80 common frames omitted
Caused by: java.io.FileNotFoundException: META-INF/native/libnetty_resolver_dns_native_macos_aarch_64.jnilib
	at io.netty.util.internal.NativeLibraryLoader.load(NativeLibraryLoader.java:181)
	... 79 common frames omitted
	Suppressed: java.lang.UnsatisfiedLinkError: no netty_resolver_dns_native_macos_aarch_64 in java.library.path
		at java.lang.ClassLoader.loadLibrary(ClassLoader.java:1875)
		at java.lang.Runtime.loadLibrary0(Runtime.java:872)
		at java.lang.System.loadLibrary(System.java:1124)
		at io.netty.util.internal.NativeLibraryUtil.loadLibrary(NativeLibraryUtil.java:38)
		at io.netty.util.internal.NativeLibraryLoader.loadLibrary(NativeLibraryLoader.java:391)
		at io.netty.util.internal.NativeLibraryLoader.load(NativeLibraryLoader.java:161)
		... 79 common frames omitted
		Suppressed: java.lang.UnsatisfiedLinkError: no netty_resolver_dns_native_macos_aarch_64 in java.library.path
			at java.lang.ClassLoader.loadLibrary(ClassLoader.java:1875)
			at java.lang.Runtime.loadLibrary0(Runtime.java:872)
			at java.lang.System.loadLibrary(System.java:1124)
			at io.netty.util.internal.NativeLibraryUtil.loadLibrary(NativeLibraryUtil.java:38)
			at sun.reflect.NativeMethodAccessorImpl.invoke0(Native Method)
			at sun.reflect.NativeMethodAccessorImpl.invoke(NativeMethodAccessorImpl.java:62)
			at sun.reflect.DelegatingMethodAccessorImpl.invoke(DelegatingMethodAccessorImpl.java:43)
			at java.lang.reflect.Method.invoke(Method.java:498)
			at io.netty.util.internal.NativeLibraryLoader$1.run(NativeLibraryLoader.java:425)
			at java.security.AccessController.doPrivileged(Native Method)
			at io.netty.util.internal.NativeLibraryLoader.loadLibraryByHelper(NativeLibraryLoader.java:417)
			at io.netty.util.internal.NativeLibraryLoader.loadLibrary(NativeLibraryLoader.java:383)
			... 80 common frames omitted
2022-12-23 17:46:08.038 INFO  [main]o.s.cloud.gateway.route.RouteDefinitionRouteLocator.lambda$initFactories$1:88 -Loaded RoutePredicateFactory [After]
2022-12-23 17:46:08.038 INFO  [main]o.s.cloud.gateway.route.RouteDefinitionRouteLocator.lambda$initFactories$1:88 -Loaded RoutePredicateFactory [Before]
2022-12-23 17:46:08.038 INFO  [main]o.s.cloud.gateway.route.RouteDefinitionRouteLocator.lambda$initFactories$1:88 -Loaded RoutePredicateFactory [Between]
2022-12-23 17:46:08.038 INFO  [main]o.s.cloud.gateway.route.RouteDefinitionRouteLocator.lambda$initFactories$1:88 -Loaded RoutePredicateFactory [Cookie]
2022-12-23 17:46:08.038 INFO  [main]o.s.cloud.gateway.route.RouteDefinitionRouteLocator.lambda$initFactories$1:88 -Loaded RoutePredicateFactory [Header]
2022-12-23 17:46:08.039 INFO  [main]o.s.cloud.gateway.route.RouteDefinitionRouteLocator.lambda$initFactories$1:88 -Loaded RoutePredicateFactory [Host]
2022-12-23 17:46:08.039 INFO  [main]o.s.cloud.gateway.route.RouteDefinitionRouteLocator.lambda$initFactories$1:88 -Loaded RoutePredicateFactory [Method]
2022-12-23 17:46:08.039 INFO  [main]o.s.cloud.gateway.route.RouteDefinitionRouteLocator.lambda$initFactories$1:88 -Loaded RoutePredicateFactory [Path]
2022-12-23 17:46:08.039 INFO  [main]o.s.cloud.gateway.route.RouteDefinitionRouteLocator.lambda$initFactories$1:88 -Loaded RoutePredicateFactory [Query]
2022-12-23 17:46:08.039 INFO  [main]o.s.cloud.gateway.route.RouteDefinitionRouteLocator.lambda$initFactories$1:88 -Loaded RoutePredicateFactory [ReadBody]
2022-12-23 17:46:08.039 INFO  [main]o.s.cloud.gateway.route.RouteDefinitionRouteLocator.lambda$initFactories$1:88 -Loaded RoutePredicateFactory [RemoteAddr]
2022-12-23 17:46:08.039 INFO  [main]o.s.cloud.gateway.route.RouteDefinitionRouteLocator.lambda$initFactories$1:88 -Loaded RoutePredicateFactory [XForwardedRemoteAddr]
2022-12-23 17:46:08.039 INFO  [main]o.s.cloud.gateway.route.RouteDefinitionRouteLocator.lambda$initFactories$1:88 -Loaded RoutePredicateFactory [Weight]
2022-12-23 17:46:08.039 INFO  [main]o.s.cloud.gateway.route.RouteDefinitionRouteLocator.lambda$initFactories$1:88 -Loaded RoutePredicateFactory [CloudFoundryRouteService]
2022-12-23 17:46:08.126 INFO  [main]o.s.b.a.s.r.ReactiveUserDetailsServiceAutoConfiguration.getOrDeducePassword:87 -

Using generated security password: 69089876-d28b-43e8-9c52-ed573e73e0fa

2022-12-23 17:46:08.154 WARN  [main]o.s.c.l.c.LoadBalancerCacheAutoConfiguration$LoadBalancerCaffeineWarnLogger.logWarning:82 -Spring Cloud LoadBalancer is currently working with the default cache. While this cache implementation is useful for development and tests, it's recommended to use Caffeine cache in production.You can switch to using Caffeine cache, by adding it and org.springframework.cache.caffeine.CaffeineCacheManager to the classpath.
2022-12-23 17:46:08.582 INFO  [main]o.springframework.boot.web.embedded.netty.NettyWebServer.start:111 -Netty started on port 8000
2022-12-23 17:46:08.658 INFO  [main]com.alibaba.cloud.nacos.registry.NacosServiceRegistry.register:75 -nacos registry, DEFAULT_GROUP coder-gateway 192.168.0.106:8000 register finished
2022-12-23 17:46:08.673 INFO  [main]com.knowledge.gateway.GatewayApplication.logStarted:61 -Started GatewayApplication in 2.419 seconds (JVM running for 2.752)
2022-12-23 17:54:12.885 WARN  [boundedElastic-4]o.s.cloud.loadbalancer.core.RoundRobinLoadBalancer.getInstanceResponse:98 -No servers available for service: coder-server
2022-12-23 17:54:16.513 WARN  [boundedElastic-4]o.s.cloud.loadbalancer.core.RoundRobinLoadBalancer.getInstanceResponse:98 -No servers available for service: coder-server
2022-12-23 17:54:17.699 WARN  [boundedElastic-4]o.s.cloud.loadbalancer.core.RoundRobinLoadBalancer.getInstanceResponse:98 -No servers available for service: coder-server
2022-12-23 17:54:18.462 WARN  [boundedElastic-4]o.s.cloud.loadbalancer.core.RoundRobinLoadBalancer.getInstanceResponse:98 -No servers available for service: coder-server
2022-12-23 17:54:19.132 WARN  [boundedElastic-4]o.s.cloud.loadbalancer.core.RoundRobinLoadBalancer.getInstanceResponse:98 -No servers available for service: coder-server
2022-12-23 17:54:19.822 WARN  [boundedElastic-4]o.s.cloud.loadbalancer.core.RoundRobinLoadBalancer.getInstanceResponse:98 -No servers available for service: coder-server
2022-12-23 17:54:21.450 WARN  [boundedElastic-4]o.s.cloud.loadbalancer.core.RoundRobinLoadBalancer.getInstanceResponse:98 -No servers available for service: coder-server
2022-12-23 17:54:22.391 WARN  [boundedElastic-4]o.s.cloud.loadbalancer.core.RoundRobinLoadBalancer.getInstanceResponse:98 -No servers available for service: coder-server
2022-12-23 17:54:23.139 WARN  [boundedElastic-4]o.s.cloud.loadbalancer.core.RoundRobinLoadBalancer.getInstanceResponse:98 -No servers available for service: coder-server
2022-12-23 17:54:23.841 WARN  [boundedElastic-4]o.s.cloud.loadbalancer.core.RoundRobinLoadBalancer.getInstanceResponse:98 -No servers available for service: coder-server
2022-12-23 18:01:06.765 WARN  [boundedElastic-5]o.s.cloud.loadbalancer.core.RoundRobinLoadBalancer.getInstanceResponse:98 -No servers available for service: coder-server
2022-12-23 18:01:09.035 WARN  [boundedElastic-1]o.s.cloud.loadbalancer.core.RoundRobinLoadBalancer.getInstanceResponse:98 -No servers available for service: coder-server
2022-12-23 18:01:09.752 WARN  [boundedElastic-1]o.s.cloud.loadbalancer.core.RoundRobinLoadBalancer.getInstanceResponse:98 -No servers available for service: coder-server
2022-12-23 18:01:10.450 WARN  [boundedElastic-1]o.s.cloud.loadbalancer.core.RoundRobinLoadBalancer.getInstanceResponse:98 -No servers available for service: coder-server
2022-12-23 18:01:11.169 WARN  [boundedElastic-1]o.s.cloud.loadbalancer.core.RoundRobinLoadBalancer.getInstanceResponse:98 -No servers available for service: coder-server
2022-12-23 18:01:11.884 WARN  [boundedElastic-1]o.s.cloud.loadbalancer.core.RoundRobinLoadBalancer.getInstanceResponse:98 -No servers available for service: coder-server
2022-12-23 18:01:12.499 WARN  [boundedElastic-1]o.s.cloud.loadbalancer.core.RoundRobinLoadBalancer.getInstanceResponse:98 -No servers available for service: coder-server
2022-12-23 18:01:13.148 WARN  [boundedElastic-1]o.s.cloud.loadbalancer.core.RoundRobinLoadBalancer.getInstanceResponse:98 -No servers available for service: coder-server
2022-12-23 18:01:13.880 WARN  [boundedElastic-1]o.s.cloud.loadbalancer.core.RoundRobinLoadBalancer.getInstanceResponse:98 -No servers available for service: coder-server
2022-12-23 18:01:14.567 WARN  [boundedElastic-1]o.s.cloud.loadbalancer.core.RoundRobinLoadBalancer.getInstanceResponse:98 -No servers available for service: coder-server
2022-12-23 18:01:15.264 WARN  [boundedElastic-1]o.s.cloud.loadbalancer.core.RoundRobinLoadBalancer.getInstanceResponse:98 -No servers available for service: coder-server
2022-12-23 18:01:16.184 WARN  [boundedElastic-1]o.s.cloud.loadbalancer.core.RoundRobinLoadBalancer.getInstanceResponse:98 -No servers available for service: coder-server
2022-12-23 18:01:16.993 WARN  [boundedElastic-1]o.s.cloud.loadbalancer.core.RoundRobinLoadBalancer.getInstanceResponse:98 -No servers available for service: coder-server
2022-12-23 18:01:18.107 WARN  [boundedElastic-1]o.s.cloud.loadbalancer.core.RoundRobinLoadBalancer.getInstanceResponse:98 -No servers available for service: coder-server
2022-12-23 18:01:19.073 WARN  [boundedElastic-1]o.s.cloud.loadbalancer.core.RoundRobinLoadBalancer.getInstanceResponse:98 -No servers available for service: coder-server
2022-12-23 18:01:19.938 WARN  [boundedElastic-1]o.s.cloud.loadbalancer.core.RoundRobinLoadBalancer.getInstanceResponse:98 -No servers available for service: coder-server
2022-12-23 18:01:21.372 WARN  [boundedElastic-1]o.s.cloud.loadbalancer.core.RoundRobinLoadBalancer.getInstanceResponse:98 -No servers available for service: coder-server
2022-12-23 18:01:22.896 WARN  [boundedElastic-1]o.s.cloud.loadbalancer.core.RoundRobinLoadBalancer.getInstanceResponse:98 -No servers available for service: coder-server
2022-12-23 18:01:25.136 WARN  [boundedElastic-1]o.s.cloud.loadbalancer.core.RoundRobinLoadBalancer.getInstanceResponse:98 -No servers available for service: coder-server
2022-12-23 18:32:44.503 WARN  [Thread-8]com.alibaba.nacos.common.http.HttpClientBeanHolder.shutdown:108 -[HttpClientBeanHolder] Start destroying common HttpClient
2022-12-23 18:32:44.503 WARN  [Thread-14]com.alibaba.nacos.common.notify.NotifyCenter.shutdown:145 -[NotifyCenter] Start destroying Publisher
2022-12-23 18:32:44.504 WARN  [Thread-14]com.alibaba.nacos.common.notify.NotifyCenter.shutdown:162 -[NotifyCenter] Destruction of the end
2022-12-23 18:32:44.504 WARN  [Thread-8]com.alibaba.nacos.common.http.HttpClientBeanHolder.shutdown:114 -[HttpClientBeanHolder] Destruction of the end
2022-12-23 18:32:44.510 INFO  [SpringApplicationShutdownHook]com.alibaba.cloud.nacos.registry.NacosServiceRegistry.deregister:90 -De-registering from Nacos Server now...
2022-12-23 18:32:44.652 INFO  [SpringApplicationShutdownHook]com.alibaba.cloud.nacos.registry.NacosServiceRegistry.deregister:110 -De-registration finished.
2022-12-23 18:32:52.044 WARN  [SpringApplicationShutdownHook]o.s.beans.factory.support.DisposableBeanAdapter.invokeCustomDestroyMethod:329 -Custom destroy method 'close' on bean with name 'nacosServiceRegistry' threw an exception: java.lang.NullPointerException
